[20:56:05.034] [INFO   ] thread bguspl.set.Main.main() starting.
[20:56:05.047] [SEVERE ] cannot read configuration file config.properties trying from resources.
[20:56:05.057] [SEVERE ] configuration file was loaded from resources directory.
[20:56:06.795] [INFO   ] thread dealer starting.
[20:56:06.798] [INFO   ] thread dealer starting.
[20:56:06.800] [INFO   ] thread Thread-1 starting.
[20:56:06.800] [INFO   ] thread Thread-4 starting.
[20:56:06.800] [INFO   ] thread Thread-3 starting.
[20:56:06.800] [INFO   ] thread Thread-2 starting.
[20:56:06.802] [INFO   ] thread computer-3 starting.
[20:56:06.802] [INFO   ] im player 4 entering return
[20:56:06.807] [INFO   ] thread computer-2 starting.
[20:56:06.801] [INFO   ] im player 1 entering return
[20:56:06.806] [INFO   ] im player 3 entering return
[20:56:06.805] [INFO   ] im player 2 entering return
[20:56:06.907] [SEVERE ] placing card 31 in slot 0
[20:56:07.008] [SEVERE ] placing card 33 in slot 1
[20:56:07.109] [SEVERE ] placing card 22 in slot 2
[20:56:07.212] [SEVERE ] placing card 30 in slot 3
[20:56:07.313] [SEVERE ] placing card 60 in slot 4
[20:56:07.415] [SEVERE ] placing card 45 in slot 5
[20:56:07.517] [SEVERE ] placing card 78 in slot 6
[20:56:07.619] [SEVERE ] placing card 25 in slot 7
[20:56:07.720] [SEVERE ] placing card 16 in slot 8
[20:56:07.823] [SEVERE ] placing card 13 in slot 9
[20:56:07.924] [SEVERE ] placing card 62 in slot 10
[20:56:08.025] [SEVERE ] placing card 9 in slot 11
[20:56:08.033] [SEVERE ] updating countdown to 19999
[20:56:08.033] [INFO   ] im player 4 exit return
[20:56:08.033] [INFO   ] im player 1 exit return
[20:56:08.033] [INFO   ] im player 3 exit return
[20:56:08.033] [INFO   ] im player 2 exit return
[20:56:08.036] [INFO   ] player 3 waiting for queue 1
[20:56:08.035] [INFO   ] player 1 waiting for queue 0
[20:56:08.035] [INFO   ] dealer have table
[20:56:08.035] [INFO   ] player 4 waiting for queue 1
[20:56:08.037] [INFO   ] player 3 out queue 0
[20:56:08.037] [INFO   ] player 2 waiting for queue 0
[20:56:08.039] [SEVERE ] player 3 placing token on slot 2
[20:56:08.039] [INFO   ] player 4 out queue 0
[20:56:08.041] [SEVERE ] player 4 placing token on slot 6
[20:56:08.042] [INFO   ] im player 4 entering return
[20:56:08.041] [INFO   ] im player 3 entering return
[20:56:08.043] [INFO   ] im player 4 exit return
[20:56:08.044] [INFO   ] player 4 waiting for queue 0
[20:56:08.043] [INFO   ] im player 3 exit return
[20:56:08.046] [INFO   ] player 3 waiting for queue 0
[20:56:09.027] [INFO   ] player 3 out queue 0
[20:56:09.028] [SEVERE ] player 3 placing token on slot 9
[20:56:09.027] [INFO   ] player 4 out queue 0
[20:56:09.031] [SEVERE ] player 4 placing token on slot 0
[20:56:09.030] [INFO   ] im player 3 entering return
[20:56:09.032] [INFO   ] im player 4 entering return
[20:56:09.033] [INFO   ] im player 3 exit return
[20:56:09.034] [INFO   ] im player 4 exit return
[20:56:09.036] [INFO   ] player 3 waiting for queue 0
[20:56:09.037] [INFO   ] player 4 waiting for queue 0
[20:56:09.038] [SEVERE ] updating countdown to 18996
[20:56:09.040] [INFO   ] im dealer i'm checking for sets now and queue size is 0
[20:56:09.041] [INFO   ] dealer have table
[20:56:09.042] [INFO   ] dealer realese table
[20:56:09.044] [INFO   ] dealer have table
[20:56:10.027] [INFO   ] player 3 out queue 0
[20:56:10.027] [INFO   ] player 4 out queue 0
[20:56:10.030] [SEVERE ] removing player 4 token from slot 0
[20:56:10.028] [SEVERE ] player 3 placing token on slot 8
[20:56:10.032] [INFO   ] im player 4 entering return
[20:56:10.033] [INFO   ] player 3 in claims 1
[20:56:10.035] [INFO   ] im player 4 exit return
[20:56:10.036] [INFO   ] player 3 has table
[20:56:10.037] [INFO   ] player 4 waiting for queue 0
[20:56:10.038] [SEVERE ] updating countdown to 17996
[20:56:10.040] [INFO   ] im dealer i'm checking for sets now and queue size is 1
[20:56:10.042] [INFO   ] dealer have table
[20:56:10.043] [INFO   ] took 3out of claims for a check
[20:56:10.043] [INFO   ] dealer realese table
[20:56:10.043] [INFO   ] player 3 wait table
[20:56:10.045] [INFO   ] player 3 realese table
[20:56:10.045] [INFO   ] dealer have table
[20:56:10.045] [SEVERE ] setting player 3 freeze to 3000
[20:56:11.027] [INFO   ] player 4 out queue 0
[20:56:11.029] [SEVERE ] player 4 placing token on slot 7
[20:56:11.031] [INFO   ] im player 4 entering return
[20:56:11.032] [INFO   ] im player 4 exit return
[20:56:11.033] [INFO   ] player 4 waiting for queue 0
[20:56:11.047] [SEVERE ] updating countdown to 16987
[20:56:11.048] [INFO   ] im dealer i'm checking for sets now and queue size is 0
[20:56:11.049] [SEVERE ] setting player 3 freeze to 2000
[20:56:11.049] [INFO   ] dealer have table
[20:56:11.051] [INFO   ] dealer realese table
[20:56:11.052] [INFO   ] dealer have table
[20:56:11.821] [SEVERE ] exit button pressed
[20:56:12.028] [INFO   ] player 4 out queue 0
[20:56:12.028] [SEVERE ] player 4 placing token on slot 8
[20:56:12.029] [INFO   ] player 4 in claims 1
[20:56:12.030] [INFO   ] player 4 has table
[20:56:12.030] [SEVERE ] updating countdown to 16004
[20:56:12.030] [INFO   ] im dealer i'm checking for sets now and queue size is 1
[20:56:12.031] [INFO   ] dealer have table
[20:56:12.031] [INFO   ] took 4out of claims for a check
[20:56:12.032] [INFO   ] dealer realese table
[20:56:12.032] [INFO   ] player 4 wait table
[20:56:12.032] [INFO   ] player 4 realese table
[20:56:12.033] [SEVERE ] setting player 4 freeze to 3000
[20:56:12.050] [SEVERE ] setting player 3 freeze to 1000
[20:56:12.132] [SEVERE ] removing card from slot 0
[20:56:12.133] [SEVERE ] removing tokens from slot 0
[20:56:12.234] [SEVERE ] removing card from slot 1
[20:56:12.235] [SEVERE ] removing tokens from slot 1
[20:56:12.335] [SEVERE ] removing card from slot 2
[20:56:12.336] [SEVERE ] removing tokens from slot 2
[20:56:12.438] [SEVERE ] removing card from slot 3
[20:56:12.439] [SEVERE ] removing tokens from slot 3
[20:56:12.539] [SEVERE ] removing card from slot 4
[20:56:12.540] [SEVERE ] removing tokens from slot 4
[20:56:12.641] [SEVERE ] removing card from slot 5
[20:56:12.641] [SEVERE ] removing tokens from slot 5
[20:56:12.742] [SEVERE ] removing card from slot 6
[20:56:12.743] [SEVERE ] removing tokens from slot 6
[20:56:12.844] [SEVERE ] removing card from slot 7
[20:56:12.845] [SEVERE ] removing tokens from slot 7
[20:56:12.946] [SEVERE ] removing card from slot 8
[20:56:12.947] [SEVERE ] removing tokens from slot 8
[20:56:13.033] [SEVERE ] setting player 4 freeze to 2000
[20:56:13.047] [SEVERE ] removing card from slot 9
[20:56:13.048] [SEVERE ] removing tokens from slot 9
[20:56:13.051] [SEVERE ] setting player 3 freeze to 0
[20:56:13.052] [INFO   ] im player 3 im exiting my loop and mu check is false
[20:56:13.052] [INFO   ] im player 3 entering return
[20:56:13.149] [SEVERE ] removing card from slot 10
[20:56:13.150] [SEVERE ] removing tokens from slot 10
[20:56:13.251] [SEVERE ] removing card from slot 11
[20:56:13.252] [SEVERE ] removing tokens from slot 11
[20:56:13.252] [INFO   ] im player 3 exit return
[20:56:13.253] [INFO   ] player 3 waiting for queue 1
[20:56:13.253] [SEVERE ] announcing winner(s): player 1, player 2, player 3, player 4
[20:56:13.253] [INFO   ] player 3 out queue 0
[20:56:13.254] [SEVERE ] setting player 4 freeze to 1000
[20:56:13.254] [INFO   ] thread computer-3 terminated.
[20:56:13.255] [SEVERE ] setting player 4 freeze to 0
[20:56:13.254] [INFO   ] im player 3 entering return
[20:56:13.256] [INFO   ] im player 4 im exiting my loop and mu check is false
[20:56:13.256] [INFO   ] im player 3 exit return
[20:56:13.257] [INFO   ] thread Thread-4 terminated.
[20:56:13.257] [INFO   ] player 3 waiting for queue 0
[20:56:13.258] [INFO   ] interrupted while waiting for a key
[20:56:13.258] [INFO   ] im player 3 got interrupted
[20:56:13.259] [INFO   ] thread Thread-3 terminated.
[20:56:13.259] [INFO   ] interrupted while waiting for a key
[20:56:13.260] [INFO   ] thread Thread-2 terminated.
[20:56:13.260] [INFO   ] interrupted while waiting for a key
[20:56:13.261] [INFO   ] thread Thread-1 terminated.
[20:56:13.261] [INFO   ] thread dealer terminated.
[20:56:13.261] [INFO   ] thread dealer terminated.
[20:56:13.262] [SEVERE ] thanks for playing... it was fun!
[20:56:13.262] [INFO   ] thread bguspl.set.Main.main() terminated.
