[21:04:18.532] [INFO   ] thread bguspl.set.Main.main() starting.
[21:04:18.548] [SEVERE ] cannot read configuration file config.properties trying from resources.
[21:04:18.560] [SEVERE ] configuration file was loaded from resources directory.
[21:04:20.627] [INFO   ] thread dealer starting.
[21:04:20.628] [INFO   ] thread dealer starting.
[21:04:20.630] [INFO   ] thread Thread-1 starting.
[21:04:20.631] [INFO   ] thread Thread-2 starting.
[21:04:20.631] [INFO   ] thread Thread-3 starting.
[21:04:20.631] [INFO   ] im player 1 entering return
[21:04:20.634] [INFO   ] im player 3 entering return
[21:04:20.632] [INFO   ] thread Thread-4 starting.
[21:04:20.632] [INFO   ] im player 2 entering return
[21:04:20.634] [INFO   ] thread computer-2 starting.
[21:04:20.634] [INFO   ] im player 1 waiting for dealer true
[21:04:20.638] [INFO   ] thread computer-3 starting.
[21:04:20.637] [INFO   ] im player 4 entering return
[21:04:20.741] [SEVERE ] placing card 56 in slot 0
[21:04:20.847] [SEVERE ] placing card 64 in slot 1
[21:04:20.949] [SEVERE ] placing card 19 in slot 2
[21:04:21.050] [SEVERE ] placing card 9 in slot 3
[21:04:21.152] [SEVERE ] placing card 48 in slot 4
[21:04:21.253] [SEVERE ] placing card 41 in slot 5
[21:04:21.354] [SEVERE ] placing card 0 in slot 6
[21:04:21.455] [SEVERE ] placing card 45 in slot 7
[21:04:21.557] [SEVERE ] placing card 79 in slot 8
[21:04:21.658] [SEVERE ] placing card 49 in slot 9
[21:04:21.759] [SEVERE ] placing card 39 in slot 10
[21:04:21.861] [SEVERE ] placing card 14 in slot 11
[21:04:21.871] [INFO   ] im player 2 exit return
[21:04:21.872] [INFO   ] player 2 waiting for queue 0
[21:04:21.871] [INFO   ] im player 4 exit return
[21:04:21.871] [INFO   ] im player 1 exit return
[21:04:21.871] [INFO   ] im player 3 exit return
[21:04:21.871] [SEVERE ] updating countdown to 19999
[21:04:21.875] [INFO   ] player 3 waiting for queue 1
[21:04:21.874] [INFO   ] player 1 waiting for queue 0
[21:04:21.873] [INFO   ] player 4 waiting for queue 1
[21:04:21.876] [INFO   ] dealer have table
[21:04:21.876] [INFO   ] player 3 out queue 0
[21:04:21.877] [INFO   ] player 4 out queue 0
[21:04:21.878] [SEVERE ] player 3 placing token on slot 2
[21:04:21.879] [SEVERE ] player 4 placing token on slot 4
[21:04:21.881] [INFO   ] im player 4 entering return
[21:04:21.881] [INFO   ] im player 3 entering return
[21:04:21.882] [INFO   ] im player 4 exit return
[21:04:21.883] [INFO   ] im player 3 exit return
[21:04:21.883] [INFO   ] player 4 waiting for queue 0
[21:04:21.884] [INFO   ] player 3 waiting for queue 0
[21:04:22.863] [INFO   ] player 3 out queue 0
[21:04:22.863] [INFO   ] player 4 out queue 0
[21:04:22.863] [SEVERE ] player 3 placing token on slot 5
[21:04:22.864] [SEVERE ] player 4 placing token on slot 9
[21:04:22.865] [INFO   ] im player 3 entering return
[21:04:22.865] [INFO   ] im player 4 entering return
[21:04:22.865] [INFO   ] im player 3 exit return
[21:04:22.866] [INFO   ] im player 4 exit return
[21:04:22.866] [INFO   ] player 3 waiting for queue 0
[21:04:22.866] [INFO   ] player 4 waiting for queue 0
[21:04:22.878] [SEVERE ] updating countdown to 18997
[21:04:22.879] [INFO   ] im dealer i'm checking for sets now and queue size is 0
[21:04:22.879] [INFO   ] dealer have table
[21:04:22.880] [INFO   ] dealer realese table
[21:04:22.880] [INFO   ] dealer have table
[21:04:23.863] [INFO   ] player 4 out queue 0
[21:04:23.865] [SEVERE ] player 4 placing token on slot 1
[21:04:23.863] [INFO   ] player 3 out queue 0
[21:04:23.867] [SEVERE ] player 3 placing token on slot 6
[21:04:23.866] [INFO   ] player 4 in claims 1
[21:04:23.868] [INFO   ] player 4 has table
[21:04:23.868] [INFO   ] player 3 in claims 2
[21:04:23.870] [INFO   ] player 3 has table
[21:04:23.869] [SEVERE ] updating countdown to 18006
[21:04:23.871] [INFO   ] player 4 wait table
[21:04:23.872] [INFO   ] im dealer i'm checking for sets now and queue size is 2
[21:04:23.873] [INFO   ] dealer have table
[21:04:23.874] [INFO   ] took 4out of claims for a check
[21:04:23.875] [INFO   ] dealer realese table
[21:04:23.875] [INFO   ] player 3 wait table
[21:04:23.876] [INFO   ] dealer have table
[21:04:23.878] [SEVERE ] updating countdown to 17997
[21:04:23.878] [INFO   ] player 4 wait table
[21:04:23.879] [INFO   ] im dealer i'm checking for sets now and queue size is 1
[21:04:23.879] [INFO   ] player 4 realese table
[21:04:23.880] [INFO   ] dealer have table
[21:04:23.882] [INFO   ] took 3out of claims for a check
[21:04:23.881] [SEVERE ] setting player 4 freeze to 3000
[21:04:23.883] [INFO   ] player 3 wait table
[21:04:23.884] [INFO   ] player 3 realese table
[21:04:23.885] [SEVERE ] setting player 3 freeze to 3000
[21:04:23.883] [INFO   ] dealer realese table
[21:04:23.886] [INFO   ] dealer have table
[21:04:24.883] [SEVERE ] setting player 4 freeze to 2000
[21:04:24.886] [SEVERE ] setting player 3 freeze to 2000
[21:04:24.888] [SEVERE ] updating countdown to 16987
[21:04:24.890] [INFO   ] im dealer i'm checking for sets now and queue size is 0
[21:04:24.891] [INFO   ] dealer have table
[21:04:24.892] [INFO   ] dealer realese table
[21:04:24.893] [INFO   ] dealer have table
[21:04:25.455] [SEVERE ] exit button pressed
[21:04:25.887] [SEVERE ] setting player 4 freeze to 1000
[21:04:25.888] [SEVERE ] setting player 3 freeze to 1000
[21:04:25.894] [SEVERE ] updating countdown to 15981
[21:04:25.894] [INFO   ] im dealer i'm checking for sets now and queue size is 0
[21:04:25.895] [INFO   ] dealer have table
[21:04:25.896] [INFO   ] dealer realese table
[21:04:25.996] [SEVERE ] removing card from slot 0
[21:04:25.997] [SEVERE ] removing tokens from slot 0
[21:04:26.098] [SEVERE ] removing card from slot 1
[21:04:26.100] [SEVERE ] removing tokens from slot 1
[21:04:26.201] [SEVERE ] removing card from slot 2
[21:04:26.202] [SEVERE ] removing tokens from slot 2
[21:04:26.303] [SEVERE ] removing card from slot 3
[21:04:26.304] [SEVERE ] removing tokens from slot 3
[21:04:26.405] [SEVERE ] removing card from slot 4
[21:04:26.406] [SEVERE ] removing tokens from slot 4
[21:04:26.507] [SEVERE ] removing card from slot 5
[21:04:26.508] [SEVERE ] removing tokens from slot 5
[21:04:26.609] [SEVERE ] removing card from slot 6
[21:04:26.610] [SEVERE ] removing tokens from slot 6
[21:04:26.710] [SEVERE ] removing card from slot 7
[21:04:26.711] [SEVERE ] removing tokens from slot 7
[21:04:26.812] [SEVERE ] removing card from slot 8
[21:04:26.812] [SEVERE ] removing tokens from slot 8
[21:04:26.888] [SEVERE ] setting player 4 freeze to 0
[21:04:26.889] [INFO   ] im player 4 im exiting my loop and mu check is false
[21:04:26.889] [INFO   ] im player 4 entering return
[21:04:26.889] [SEVERE ] setting player 3 freeze to 0
[21:04:26.890] [INFO   ] im player 3 im exiting my loop and mu check is false
[21:04:26.891] [INFO   ] im player 3 entering return
[21:04:26.913] [SEVERE ] removing card from slot 9
[21:04:26.914] [SEVERE ] removing tokens from slot 9
[21:04:27.015] [SEVERE ] removing card from slot 10
[21:04:27.016] [SEVERE ] removing tokens from slot 10
[21:04:27.117] [SEVERE ] removing card from slot 11
[21:04:27.117] [SEVERE ] removing tokens from slot 11
[21:04:27.118] [INFO   ] im player 3 exit return
[21:04:27.118] [INFO   ] im player 4 exit return
[21:04:27.119] [INFO   ] player 4 waiting for queue 1
[21:04:27.118] [SEVERE ] announcing winner(s): player 1, player 2, player 3, player 4
[21:04:27.118] [INFO   ] player 3 waiting for queue 1
[21:04:27.120] [INFO   ] player 4 out queue 0
[21:04:27.121] [INFO   ] player 3 out queue 0
[21:04:27.121] [INFO   ] im player 4 got interrupted
[21:04:27.122] [INFO   ] im player 3 entering return
[21:04:27.123] [INFO   ] im player 3 exit return
[21:04:27.122] [INFO   ] thread Thread-4 terminated.
[21:04:27.123] [INFO   ] player 3 waiting for queue 0
[21:04:27.124] [INFO   ] interrupted while waiting for a key
[21:04:27.125] [INFO   ] im player 3 got interrupted
[21:04:27.125] [INFO   ] thread Thread-3 terminated.
[21:04:27.126] [INFO   ] interrupted while waiting for a key
[21:04:27.127] [INFO   ] thread Thread-2 terminated.
[21:04:27.127] [INFO   ] interrupted while waiting for a key
[21:04:27.128] [INFO   ] thread Thread-1 terminated.
[21:04:27.129] [INFO   ] thread dealer terminated.
[21:04:27.129] [INFO   ] thread dealer terminated.
[21:04:27.129] [SEVERE ] thanks for playing... it was fun!
[21:04:27.130] [INFO   ] thread bguspl.set.Main.main() terminated.
