[21:13:09.460] [INFO   ] thread bguspl.set.Main.main() starting.
[21:13:09.480] [SEVERE ] cannot read configuration file config.properties trying from resources.
[21:13:09.493] [SEVERE ] configuration file was loaded from resources directory.
[21:13:11.658] [INFO   ] thread dealer starting.
[21:13:11.660] [INFO   ] thread dealer starting.
[21:13:11.661] [INFO   ] thread Thread-1 starting.
[21:13:11.662] [INFO   ] thread Thread-4 starting.
[21:13:11.662] [INFO   ] thread Thread-3 starting.
[21:13:11.661] [INFO   ] thread Thread-2 starting.
[21:13:11.671] [INFO   ] im player 2 entering return
[21:13:11.670] [INFO   ] thread computer-2 starting.
[21:13:11.670] [INFO   ] im player 3 entering return
[21:13:11.667] [INFO   ] thread computer-3 starting.
[21:13:11.667] [INFO   ] im player 4 entering return
[21:13:11.662] [INFO   ] im player 1 entering return
[21:13:11.768] [SEVERE ] placing card 14 in slot 0
[21:13:11.869] [SEVERE ] placing card 46 in slot 1
[21:13:11.971] [SEVERE ] placing card 35 in slot 2
[21:13:12.072] [SEVERE ] placing card 10 in slot 3
[21:13:12.173] [SEVERE ] placing card 5 in slot 4
[21:13:12.274] [SEVERE ] placing card 32 in slot 5
[21:13:12.376] [SEVERE ] placing card 54 in slot 6
[21:13:12.477] [SEVERE ] placing card 53 in slot 7
[21:13:12.579] [SEVERE ] placing card 76 in slot 8
[21:13:12.681] [SEVERE ] placing card 3 in slot 9
[21:13:12.783] [SEVERE ] placing card 12 in slot 10
[21:13:12.884] [SEVERE ] placing card 69 in slot 11
[21:13:12.898] [INFO   ] im player 1 exit return
[21:13:12.898] [INFO   ] im player 2 exit return
[21:13:12.898] [SEVERE ] updating countdown to 19999
[21:13:12.898] [INFO   ] im player 3 exit return
[21:13:12.898] [INFO   ] im player 4 exit return
[21:13:12.902] [INFO   ] dealer have table
[21:13:12.901] [INFO   ] player 3 waiting for queue 1
[21:13:12.900] [INFO   ] player 2 waiting for queue 0
[21:13:12.899] [INFO   ] player 1 waiting for queue 0
[21:13:12.904] [INFO   ] player 3 out queue 0
[21:13:12.902] [INFO   ] player 4 waiting for queue 1
[21:13:12.906] [SEVERE ] player 3 placing token on slot 10
[21:13:12.907] [INFO   ] player 4 out queue 0
[21:13:12.908] [SEVERE ] player 4 placing token on slot 2
[21:13:12.908] [INFO   ] im player 3 entering return
[21:13:12.910] [INFO   ] im player 4 entering return
[21:13:12.911] [INFO   ] im player 3 exit return
[21:13:12.913] [INFO   ] im player 4 exit return
[21:13:12.915] [INFO   ] player 4 waiting for queue 0
[21:13:12.914] [INFO   ] player 3 waiting for queue 0
[21:13:13.886] [INFO   ] player 4 out queue 0
[21:13:13.886] [INFO   ] player 3 out queue 0
[21:13:13.888] [SEVERE ] player 4 placing token on slot 5
[21:13:13.889] [SEVERE ] removing player 3 token from slot 10
[21:13:13.890] [INFO   ] im player 4 entering return
[21:13:13.892] [INFO   ] im player 4 exit return
[21:13:13.891] [INFO   ] im player 3 entering return
[21:13:13.894] [INFO   ] im player 3 exit return
[21:13:13.894] [INFO   ] player 4 waiting for queue 0
[21:13:13.895] [INFO   ] player 3 waiting for queue 0
[21:13:13.903] [SEVERE ] updating countdown to 18998
[21:13:13.904] [INFO   ] im dealer i'm checking for sets now and queue size is 0
[21:13:13.905] [INFO   ] dealer have table
[21:13:13.906] [INFO   ] dealer realese table
[21:13:13.906] [INFO   ] dealer have table
[21:13:14.887] [INFO   ] player 4 out queue 0
[21:13:14.888] [SEVERE ] player 4 placing token on slot 9
[21:13:14.887] [INFO   ] player 3 out queue 0
[21:13:14.889] [SEVERE ] player 3 placing token on slot 7
[21:13:14.889] [INFO   ] player 4 in claims 1
[21:13:14.890] [INFO   ] im player 3 entering return
[21:13:14.891] [INFO   ] player 4 has table
[21:13:14.891] [INFO   ] im player 3 exit return
[21:13:14.893] [INFO   ] player 3 waiting for queue 0
[21:13:14.892] [SEVERE ] updating countdown to 18009
[21:13:14.894] [INFO   ] im dealer i'm checking for sets now and queue size is 1
[21:13:14.895] [INFO   ] dealer have table
[21:13:14.895] [INFO   ] took 4out of claims for a check
[21:13:14.896] [INFO   ] dealer realese table
[21:13:14.896] [INFO   ] player 4 wait table
[21:13:14.898] [INFO   ] player 4 realese table
[21:13:14.899] [SEVERE ] setting player 4 freeze to 3000
[21:13:14.899] [INFO   ] dealer have table
[21:13:15.887] [INFO   ] player 3 out queue 0
[21:13:15.888] [SEVERE ] player 3 placing token on slot 0
[21:13:15.889] [INFO   ] im player 3 entering return
[21:13:15.890] [INFO   ] im player 3 exit return
[21:13:15.891] [INFO   ] player 3 waiting for queue 0
[21:13:15.900] [SEVERE ] setting player 4 freeze to 2000
[21:13:15.901] [SEVERE ] updating countdown to 17000
[21:13:15.902] [INFO   ] im dealer i'm checking for sets now and queue size is 0
[21:13:15.902] [INFO   ] dealer have table
[21:13:15.903] [INFO   ] dealer realese table
[21:13:15.903] [INFO   ] dealer have table
[21:13:16.887] [INFO   ] player 3 out queue 0
[21:13:16.888] [SEVERE ] removing player 3 token from slot 7
[21:13:16.889] [INFO   ] im player 3 entering return
[21:13:16.889] [INFO   ] im player 3 exit return
[21:13:16.890] [INFO   ] player 3 waiting for queue 0
[21:13:16.902] [SEVERE ] setting player 4 freeze to 1000
[21:13:16.904] [SEVERE ] updating countdown to 15997
[21:13:16.905] [INFO   ] im dealer i'm checking for sets now and queue size is 0
[21:13:16.905] [INFO   ] dealer have table
[21:13:16.906] [INFO   ] dealer realese table
[21:13:16.906] [INFO   ] dealer have table
[21:13:17.888] [INFO   ] player 3 out queue 0
[21:13:17.889] [SEVERE ] player 3 placing token on slot 6
[21:13:17.890] [INFO   ] im player 3 entering return
[21:13:17.890] [INFO   ] im player 3 exit return
[21:13:17.891] [INFO   ] player 3 waiting for queue 0
[21:13:17.903] [SEVERE ] setting player 4 freeze to 0
[21:13:17.904] [INFO   ] im player 4 im exiting my loop and mu check is false
[21:13:17.905] [INFO   ] im player 4 entering return
[21:13:17.905] [INFO   ] im player 4 exit return
[21:13:17.906] [INFO   ] player 4 waiting for queue 1
[21:13:17.906] [INFO   ] player 4 out queue 0
[21:13:17.907] [INFO   ] im player 4 entering return
[21:13:17.907] [SEVERE ] updating countdown to 14994
[21:13:17.907] [INFO   ] im player 4 exit return
[21:13:17.908] [INFO   ] im dealer i'm checking for sets now and queue size is 0
[21:13:17.908] [INFO   ] player 4 waiting for queue 0
[21:13:17.909] [INFO   ] dealer have table
[21:13:17.910] [INFO   ] dealer realese table
[21:13:17.910] [INFO   ] dealer have table
[21:13:18.888] [INFO   ] player 3 out queue 0
[21:13:18.890] [SEVERE ] player 3 placing token on slot 4
[21:13:18.891] [INFO   ] player 3 in claims 1
[21:13:18.899] [INFO   ] player 3 has table
[21:13:18.900] [SEVERE ] updating countdown to 14001
[21:13:18.900] [INFO   ] im dealer i'm checking for sets now and queue size is 1
[21:13:18.901] [INFO   ] dealer have table
[21:13:18.902] [INFO   ] took 3out of claims for a check
[21:13:18.902] [INFO   ] dealer realese table
[21:13:18.902] [INFO   ] player 3 wait table
[21:13:18.904] [INFO   ] player 3 realese table
[21:13:18.905] [SEVERE ] setting player 3 freeze to 3000
[21:13:18.904] [INFO   ] player 4 out queue 0
[21:13:18.905] [INFO   ] dealer have table
[21:13:18.907] [SEVERE ] removing player 4 token from slot 2
[21:13:18.909] [INFO   ] im player 4 entering return
[21:13:18.910] [INFO   ] im player 4 exit return
[21:13:18.910] [INFO   ] player 4 waiting for queue 0
[21:13:19.905] [INFO   ] player 4 out queue 0
[21:13:19.906] [SEVERE ] player 4 placing token on slot 0
[21:13:19.906] [SEVERE ] setting player 3 freeze to 2000
[21:13:19.906] [INFO   ] player 4 in claims 1
[21:13:19.907] [INFO   ] player 4 has table
[21:13:19.908] [SEVERE ] updating countdown to 12993
[21:13:19.909] [INFO   ] im dealer i'm checking for sets now and queue size is 1
[21:13:19.909] [INFO   ] dealer have table
[21:13:19.910] [INFO   ] took 4out of claims for a check
[21:13:19.910] [INFO   ] player 4 wait table
[21:13:19.910] [INFO   ] dealer realese table
[21:13:19.911] [INFO   ] player 4 realese table
[21:13:19.912] [SEVERE ] setting player 4 freeze to 3000
[21:13:19.913] [INFO   ] dealer have table
[21:13:20.907] [SEVERE ] setting player 3 freeze to 1000
[21:13:20.914] [SEVERE ] setting player 4 freeze to 2000
[21:13:20.914] [SEVERE ] updating countdown to 11987
[21:13:20.915] [INFO   ] im dealer i'm checking for sets now and queue size is 0
[21:13:20.916] [INFO   ] dealer have table
[21:13:20.916] [INFO   ] dealer realese table
[21:13:20.917] [INFO   ] dealer have table
[21:13:21.909] [SEVERE ] setting player 3 freeze to 0
[21:13:21.910] [INFO   ] im player 3 im exiting my loop and mu check is false
[21:13:21.910] [INFO   ] im player 3 entering return
[21:13:21.911] [INFO   ] im player 3 exit return
[21:13:21.911] [INFO   ] player 3 waiting for queue 1
[21:13:21.912] [INFO   ] player 3 out queue 0
[21:13:21.913] [INFO   ] im player 3 entering return
[21:13:21.913] [INFO   ] im player 3 exit return
[21:13:21.914] [INFO   ] player 3 waiting for queue 0
[21:13:21.915] [SEVERE ] setting player 4 freeze to 1000
[21:13:21.917] [SEVERE ] updating countdown to 10984
[21:13:21.918] [INFO   ] im dealer i'm checking for sets now and queue size is 0
[21:13:21.918] [INFO   ] dealer have table
[21:13:21.919] [INFO   ] dealer realese table
[21:13:21.920] [INFO   ] dealer have table
[21:13:22.910] [INFO   ] player 3 out queue 0
[21:13:22.911] [INFO   ] im player 3 entering return
[21:13:22.912] [INFO   ] im player 3 exit return
[21:13:22.912] [INFO   ] player 3 waiting for queue 0
[21:13:22.916] [SEVERE ] setting player 4 freeze to 0
[21:13:22.917] [INFO   ] im player 4 im exiting my loop and mu check is false
[21:13:22.918] [INFO   ] im player 4 entering return
[21:13:22.918] [INFO   ] im player 4 exit return
[21:13:22.919] [INFO   ] player 4 waiting for queue 1
[21:13:22.920] [INFO   ] player 4 out queue 0
[21:13:22.920] [SEVERE ] updating countdown to 9981
[21:13:22.921] [INFO   ] im player 4 entering return
[21:13:22.922] [INFO   ] im player 4 exit return
[21:13:22.923] [INFO   ] player 4 waiting for queue 0
[21:13:22.922] [INFO   ] im dealer i'm checking for sets now and queue size is 0
[21:13:22.924] [INFO   ] dealer have table
[21:13:22.925] [INFO   ] dealer realese table
[21:13:22.926] [INFO   ] dealer have table
[21:13:23.910] [INFO   ] player 3 out queue 0
[21:13:23.911] [INFO   ] im player 3 entering return
[21:13:23.912] [INFO   ] im player 3 exit return
[21:13:23.913] [INFO   ] player 3 waiting for queue 0
[21:13:23.918] [INFO   ] player 4 out queue 0
[21:13:23.918] [INFO   ] im player 4 entering return
[21:13:23.919] [INFO   ] im player 4 exit return
[21:13:23.920] [INFO   ] player 4 waiting for queue 0
[21:13:23.927] [SEVERE ] updating countdown to 8974
[21:13:23.928] [INFO   ] im dealer i'm checking for sets now and queue size is 0
[21:13:23.929] [INFO   ] dealer have table
[21:13:23.930] [INFO   ] dealer realese table
[21:13:23.930] [INFO   ] dealer have table
[21:13:24.012] [SEVERE ] exit button pressed
[21:13:24.911] [INFO   ] player 3 out queue 0
[21:13:24.912] [INFO   ] im player 3 entering return
[21:13:24.913] [INFO   ] im player 3 exit return
[21:13:24.914] [INFO   ] player 3 waiting for queue 0
[21:13:24.918] [INFO   ] player 4 out queue 0
[21:13:24.919] [INFO   ] im player 4 entering return
[21:13:24.919] [INFO   ] im player 4 exit return
[21:13:24.920] [INFO   ] player 4 waiting for queue 0
[21:13:24.931] [SEVERE ] updating countdown to 7970
[21:13:24.933] [INFO   ] im dealer i'm checking for sets now and queue size is 0
[21:13:24.934] [INFO   ] dealer have table
[21:13:24.935] [INFO   ] dealer realese table
[21:13:25.036] [SEVERE ] removing card from slot 0
[21:13:25.038] [SEVERE ] removing tokens from slot 0
[21:13:25.140] [SEVERE ] removing card from slot 1
[21:13:25.141] [SEVERE ] removing tokens from slot 1
[21:13:25.243] [SEVERE ] removing card from slot 2
[21:13:25.244] [SEVERE ] removing tokens from slot 2
[21:13:25.345] [SEVERE ] removing card from slot 3
[21:13:25.346] [SEVERE ] removing tokens from slot 3
[21:13:25.447] [SEVERE ] removing card from slot 4
[21:13:25.448] [SEVERE ] removing tokens from slot 4
[21:13:25.549] [SEVERE ] removing card from slot 5
[21:13:25.551] [SEVERE ] removing tokens from slot 5
[21:13:25.652] [SEVERE ] removing card from slot 6
[21:13:25.654] [SEVERE ] removing tokens from slot 6
[21:13:25.755] [SEVERE ] removing card from slot 7
[21:13:25.756] [SEVERE ] removing tokens from slot 7
[21:13:25.858] [SEVERE ] removing card from slot 8
[21:13:25.859] [SEVERE ] removing tokens from slot 8
[21:13:25.961] [SEVERE ] removing card from slot 9
[21:13:25.962] [SEVERE ] removing tokens from slot 9
[21:13:26.062] [SEVERE ] removing card from slot 10
[21:13:26.063] [SEVERE ] removing tokens from slot 10
[21:13:26.164] [SEVERE ] removing card from slot 11
[21:13:26.165] [SEVERE ] removing tokens from slot 11
[21:13:26.166] [INFO   ] player 4 out queue 0
[21:13:26.167] [INFO   ] im player 4 entering return
[21:13:26.167] [INFO   ] im player 4 exit return
[21:13:26.168] [INFO   ] player 4 waiting for queue 0
[21:13:26.167] [SEVERE ] announcing winner(s): player 1, player 2, player 3, player 4
[21:13:26.166] [INFO   ] player 3 out queue 0
[21:13:26.170] [INFO   ] im player 3 entering return
[21:13:26.170] [INFO   ] im player 3 exit return
[21:13:26.170] [INFO   ] interrupted while waiting for a key
[21:13:26.171] [INFO   ] player 3 waiting for queue 0
[21:13:26.171] [INFO   ] im player 4 got interrupted
[21:13:26.172] [INFO   ] thread Thread-4 terminated.
[21:13:26.173] [INFO   ] interrupted while waiting for a key
[21:13:26.174] [INFO   ] im player 3 got interrupted
[21:13:26.174] [INFO   ] thread Thread-3 terminated.
[21:13:26.175] [INFO   ] interrupted while waiting for a key
[21:13:26.176] [INFO   ] thread Thread-2 terminated.
[21:13:26.177] [INFO   ] interrupted while waiting for a key
[21:13:26.178] [INFO   ] thread Thread-1 terminated.
[21:13:26.178] [INFO   ] thread dealer terminated.
[21:13:26.179] [INFO   ] thread dealer terminated.
[21:13:26.180] [SEVERE ] thanks for playing... it was fun!
[21:13:26.181] [INFO   ] thread bguspl.set.Main.main() terminated.
