[14:04:58.119] [INFO   ] thread bguspl.set.Main.main() starting.
[14:04:58.132] [SEVERE ] cannot read configuration file config.properties trying from resources.
[14:04:58.142] [SEVERE ] configuration file was loaded from resources directory.
[14:04:59.924] [INFO   ] thread dealer starting.
[14:04:59.925] [INFO   ] thread dealer starting.
[14:04:59.927] [INFO   ] thread Thread-1 starting.
[14:04:59.928] [INFO   ] im player 1 entering return
[14:04:59.928] [INFO   ] thread Thread-4 starting.
[14:04:59.928] [INFO   ] thread Thread-3 starting.
[14:04:59.928] [INFO   ] thread Thread-2 starting.
[14:04:59.933] [INFO   ] im player 2 entering return
[14:04:59.933] [INFO   ] im player 3 entering return
[14:04:59.931] [INFO   ] thread computer-3 starting.
[14:04:59.931] [INFO   ] im player 4 entering return
[14:04:59.929] [INFO   ] im player 1 waiting for dealer true
[14:04:59.933] [INFO   ] thread computer-2 starting.
[14:04:59.938] [INFO   ] im player 4 waiting for dealer true
[14:04:59.941] [INFO   ] im player 3 waiting for dealer true
[14:05:00.042] [SEVERE ] placing card 70 in slot 0
[14:05:00.186] [SEVERE ] placing card 65 in slot 1
[14:05:00.307] [SEVERE ] placing card 33 in slot 2
[14:05:00.413] [SEVERE ] placing card 1 in slot 3
[14:05:00.514] [SEVERE ] placing card 51 in slot 4
[14:05:00.616] [SEVERE ] placing card 49 in slot 5
[14:05:00.717] [SEVERE ] placing card 27 in slot 6
[14:05:00.818] [SEVERE ] placing card 20 in slot 7
[14:05:00.919] [SEVERE ] placing card 79 in slot 8
[14:05:01.020] [SEVERE ] placing card 7 in slot 9
[14:05:01.121] [SEVERE ] placing card 22 in slot 10
[14:05:01.222] [SEVERE ] placing card 39 in slot 11
[14:05:01.230] [SEVERE ] updating countdown to 19999
[14:05:01.230] [INFO   ] im player 4 exit return
[14:05:01.230] [INFO   ] im player 1 exit return
[14:05:01.230] [INFO   ] im player 3 exit return
[14:05:01.230] [INFO   ] im player 2 exit return
[14:05:01.235] [INFO   ] player 3 waiting for queue 1
[14:05:01.234] [INFO   ] player 1 waiting for queue 0
[14:05:01.233] [INFO   ] player 4 waiting for queue 1
[14:05:01.233] [INFO   ] dealer have table
[14:05:01.238] [INFO   ] player 4 out queue 0
[14:05:01.236] [INFO   ] player 3 out queue 0
[14:05:01.235] [INFO   ] player 2 waiting for queue 0
[14:05:01.240] [SEVERE ] player 3 placing token on slot 9
[14:05:01.239] [SEVERE ] player 4 placing token on slot 2
[14:05:01.241] [INFO   ] im player 3 entering return
[14:05:01.242] [INFO   ] im player 4 entering return
[14:05:01.244] [INFO   ] im player 3 exit return
[14:05:01.246] [INFO   ] im player 4 exit return
[14:05:01.248] [INFO   ] player 3 waiting for queue 0
[14:05:01.248] [INFO   ] player 4 waiting for queue 0
[14:05:02.224] [INFO   ] player 3 out queue 0
[14:05:02.224] [SEVERE ] player 3 placing token on slot 10
[14:05:02.224] [INFO   ] player 4 out queue 0
[14:05:02.226] [SEVERE ] player 4 placing token on slot 8
[14:05:02.225] [INFO   ] im player 3 entering return
[14:05:02.226] [INFO   ] im player 4 entering return
[14:05:02.227] [INFO   ] im player 3 exit return
[14:05:02.227] [INFO   ] im player 4 exit return
[14:05:02.228] [INFO   ] player 3 waiting for queue 0
[14:05:02.228] [INFO   ] player 4 waiting for queue 0
[14:05:02.238] [SEVERE ] updating countdown to 18994
[14:05:02.240] [INFO   ] im dealer i'm checking for sets now and queue size is 0
[14:05:02.241] [INFO   ] dealer have table
[14:05:02.241] [INFO   ] dealer realese table
[14:05:02.242] [INFO   ] dealer have table
[14:05:03.224] [INFO   ] player 3 out queue 0
[14:05:03.224] [INFO   ] player 4 out queue 0
[14:05:03.225] [SEVERE ] player 3 placing token on slot 11
[14:05:03.225] [SEVERE ] player 4 placing token on slot 0
[14:05:03.225] [INFO   ] player 3 in claims 1
[14:05:03.226] [INFO   ] player 4 in claims 2
[14:05:03.226] [INFO   ] player 3 has table
[14:05:03.227] [SEVERE ] updating countdown to 18005
[14:05:03.227] [INFO   ] player 4 has table
[14:05:03.227] [INFO   ] im dealer i'm checking for sets now and queue size is 2
[14:05:03.228] [INFO   ] player 3 wait table
[14:05:03.228] [INFO   ] dealer have table
[14:05:03.229] [INFO   ] took 3out of claims for a check
[14:05:03.229] [INFO   ] dealer realese table
[14:05:03.229] [INFO   ] player 4 wait table
[14:05:03.230] [INFO   ] dealer have table
[14:05:03.230] [SEVERE ] updating countdown to 18002
[14:05:03.230] [INFO   ] player 3 wait table
[14:05:03.231] [INFO   ] im dealer i'm checking for sets now and queue size is 1
[14:05:03.231] [INFO   ] player 3 realese table
[14:05:03.231] [INFO   ] dealer have table
[14:05:03.232] [SEVERE ] setting player 3 freeze to 3000
[14:05:03.232] [INFO   ] took 4out of claims for a check
[14:05:03.233] [INFO   ] dealer realese table
[14:05:03.233] [INFO   ] player 4 wait table
[14:05:03.233] [INFO   ] player 4 realese table
[14:05:03.234] [SEVERE ] setting player 4 freeze to 3000
[14:05:03.234] [INFO   ] dealer have table
[14:05:04.233] [SEVERE ] setting player 3 freeze to 2000
[14:05:04.234] [SEVERE ] setting player 4 freeze to 2000
[14:05:04.235] [SEVERE ] updating countdown to 16997
[14:05:04.236] [INFO   ] im dealer i'm checking for sets now and queue size is 0
[14:05:04.236] [INFO   ] dealer have table
[14:05:04.237] [INFO   ] dealer realese table
[14:05:04.237] [INFO   ] dealer have table
[14:05:05.234] [SEVERE ] setting player 3 freeze to 1000
[14:05:05.235] [SEVERE ] setting player 4 freeze to 1000
[14:05:05.238] [SEVERE ] updating countdown to 15994
[14:05:05.239] [INFO   ] im dealer i'm checking for sets now and queue size is 0
[14:05:05.239] [INFO   ] dealer have table
[14:05:05.240] [INFO   ] dealer realese table
[14:05:05.242] [INFO   ] dealer have table
[14:05:06.235] [SEVERE ] setting player 3 freeze to 0
[14:05:06.236] [INFO   ] im player 3 im exiting my loop and mu check is false
[14:05:06.236] [SEVERE ] setting player 4 freeze to 0
[14:05:06.236] [INFO   ] im player 3 entering return
[14:05:06.237] [INFO   ] im player 4 im exiting my loop and mu check is false
[14:05:06.238] [INFO   ] im player 3 exit return
[14:05:06.238] [INFO   ] im player 4 entering return
[14:05:06.239] [INFO   ] player 3 waiting for queue 1
[14:05:06.240] [INFO   ] player 3 out queue 0
[14:05:06.240] [INFO   ] im player 4 exit return
[14:05:06.242] [INFO   ] player 4 waiting for queue 1
[14:05:06.242] [INFO   ] player 4 out queue 0
[14:05:06.241] [INFO   ] im player 3 entering return
[14:05:06.243] [INFO   ] im player 3 exit return
[14:05:06.244] [INFO   ] player 3 waiting for queue 0
[14:05:06.243] [INFO   ] im player 4 entering return
[14:05:06.245] [INFO   ] im player 4 exit return
[14:05:06.246] [INFO   ] player 4 waiting for queue 0
[14:05:06.243] [SEVERE ] updating countdown to 14989
[14:05:06.247] [INFO   ] im dealer i'm checking for sets now and queue size is 0
[14:05:06.247] [INFO   ] dealer have table
[14:05:06.248] [INFO   ] dealer realese table
[14:05:06.250] [INFO   ] dealer have table
[14:05:07.236] [INFO   ] player 3 out queue 0
[14:05:07.237] [SEVERE ] removing player 3 token from slot 9
[14:05:07.237] [INFO   ] im player 3 entering return
[14:05:07.238] [INFO   ] im player 3 exit return
[14:05:07.238] [INFO   ] player 4 out queue 0
[14:05:07.240] [INFO   ] player 3 waiting for queue 0
[14:05:07.240] [INFO   ] im player 4 entering return
[14:05:07.241] [INFO   ] im player 4 exit return
[14:05:07.241] [INFO   ] player 4 waiting for queue 0
[14:05:07.251] [SEVERE ] updating countdown to 13981
[14:05:07.251] [INFO   ] im dealer i'm checking for sets now and queue size is 0
[14:05:07.252] [INFO   ] dealer have table
[14:05:07.253] [INFO   ] dealer realese table
[14:05:07.253] [INFO   ] dealer have table
[14:05:08.237] [INFO   ] player 3 out queue 0
[14:05:08.237] [SEVERE ] player 3 placing token on slot 0
[14:05:08.238] [INFO   ] player 4 out queue 0
[14:05:08.238] [INFO   ] player 3 in claims 1
[14:05:08.238] [INFO   ] im player 4 entering return
[14:05:08.239] [INFO   ] im player 4 exit return
[14:05:08.239] [INFO   ] player 3 has table
[14:05:08.240] [INFO   ] player 4 waiting for queue 0
[14:05:08.240] [SEVERE ] updating countdown to 12992
[14:05:08.241] [INFO   ] im dealer i'm checking for sets now and queue size is 1
[14:05:08.242] [INFO   ] dealer have table
[14:05:08.242] [INFO   ] took 3out of claims for a check
[14:05:08.243] [INFO   ] dealer realese table
[14:05:08.243] [INFO   ] player 3 wait table
[14:05:08.244] [INFO   ] player 3 realese table
[14:05:08.244] [SEVERE ] setting player 3 freeze to 3000
[14:05:08.244] [INFO   ] dealer have table
[14:05:09.238] [INFO   ] player 4 out queue 0
[14:05:09.239] [INFO   ] im player 4 entering return
[14:05:09.239] [INFO   ] im player 4 exit return
[14:05:09.240] [INFO   ] player 4 waiting for queue 0
[14:05:09.245] [SEVERE ] updating countdown to 11987
[14:05:09.245] [SEVERE ] setting player 3 freeze to 2000
[14:05:09.245] [INFO   ] im dealer i'm checking for sets now and queue size is 0
[14:05:09.246] [INFO   ] dealer have table
[14:05:09.246] [INFO   ] dealer realese table
[14:05:09.247] [INFO   ] dealer have table
[14:05:10.238] [INFO   ] player 4 out queue 0
[14:05:10.239] [SEVERE ] removing player 4 token from slot 0
[14:05:10.240] [INFO   ] im player 4 entering return
[14:05:10.240] [INFO   ] im player 4 exit return
[14:05:10.241] [INFO   ] player 4 waiting for queue 0
[14:05:10.246] [SEVERE ] setting player 3 freeze to 1000
[14:05:10.247] [SEVERE ] updating countdown to 10985
[14:05:10.248] [INFO   ] im dealer i'm checking for sets now and queue size is 0
[14:05:10.249] [INFO   ] dealer have table
[14:05:10.250] [INFO   ] dealer realese table
[14:05:10.250] [INFO   ] dealer have table
[14:05:11.239] [INFO   ] player 4 out queue 0
[14:05:11.239] [SEVERE ] player 4 placing token on slot 3
[14:05:11.240] [INFO   ] player 4 in claims 1
[14:05:11.240] [INFO   ] player 4 has table
[14:05:11.241] [SEVERE ] updating countdown to 9991
[14:05:11.241] [INFO   ] im dealer i'm checking for sets now and queue size is 1
[14:05:11.242] [INFO   ] dealer have table
[14:05:11.242] [INFO   ] took 4out of claims for a check
[14:05:11.242] [INFO   ] dealer realese table
[14:05:11.242] [INFO   ] player 4 wait table
[14:05:11.243] [INFO   ] player 4 realese table
[14:05:11.243] [SEVERE ] setting player 4 freeze to 3000
[14:05:11.244] [INFO   ] dealer have table
[14:05:11.247] [SEVERE ] setting player 3 freeze to 0
[14:05:11.248] [INFO   ] im player 3 im exiting my loop and mu check is false
[14:05:11.249] [INFO   ] im player 3 entering return
[14:05:11.249] [INFO   ] im player 3 exit return
[14:05:11.250] [INFO   ] player 3 waiting for queue 1
[14:05:11.250] [INFO   ] player 3 out queue 0
[14:05:11.251] [INFO   ] im player 3 entering return
[14:05:11.252] [INFO   ] im player 3 exit return
[14:05:11.252] [INFO   ] player 3 waiting for queue 0
[14:05:12.244] [SEVERE ] setting player 4 freeze to 2000
[14:05:12.245] [SEVERE ] updating countdown to 8988
[14:05:12.246] [INFO   ] im dealer i'm checking for sets now and queue size is 0
[14:05:12.246] [INFO   ] dealer have table
[14:05:12.246] [INFO   ] dealer realese table
[14:05:12.247] [INFO   ] dealer have table
[14:05:12.248] [INFO   ] player 3 out queue 0
[14:05:12.249] [SEVERE ] removing player 3 token from slot 11
[14:05:12.250] [INFO   ] im player 3 entering return
[14:05:12.251] [INFO   ] im player 3 exit return
[14:05:12.251] [INFO   ] player 3 waiting for queue 0
[14:05:12.823] [SEVERE ] exit button pressed
[14:05:13.246] [SEVERE ] setting player 4 freeze to 1000
[14:05:13.247] [SEVERE ] updating countdown to 7985
[14:05:13.248] [INFO   ] im dealer i'm checking for sets now and queue size is 0
[14:05:13.249] [INFO   ] player 3 out queue 0
[14:05:13.249] [INFO   ] dealer have table
[14:05:13.249] [SEVERE ] removing player 3 token from slot 10
[14:05:13.249] [INFO   ] dealer realese table
[14:05:13.250] [INFO   ] im player 3 entering return
[14:05:13.351] [SEVERE ] removing card from slot 0
[14:05:13.351] [SEVERE ] removing tokens from slot 0
[14:05:13.452] [SEVERE ] removing card from slot 1
[14:05:13.453] [SEVERE ] removing tokens from slot 1
[14:05:13.553] [SEVERE ] removing card from slot 2
[14:05:13.554] [SEVERE ] removing tokens from slot 2
[14:05:13.655] [SEVERE ] removing card from slot 3
[14:05:13.655] [SEVERE ] removing tokens from slot 3
[14:05:13.756] [SEVERE ] removing card from slot 4
[14:05:13.756] [SEVERE ] removing tokens from slot 4
[14:05:13.857] [SEVERE ] removing card from slot 5
[14:05:13.857] [SEVERE ] removing tokens from slot 5
[14:05:13.958] [SEVERE ] removing card from slot 6
[14:05:13.959] [SEVERE ] removing tokens from slot 6
[14:05:14.060] [SEVERE ] removing card from slot 7
[14:05:14.060] [SEVERE ] removing tokens from slot 7
[14:05:14.161] [SEVERE ] removing card from slot 8
[14:05:14.162] [SEVERE ] removing tokens from slot 8
[14:05:14.246] [SEVERE ] setting player 4 freeze to 0
[14:05:14.247] [INFO   ] im player 4 im exiting my loop and mu check is false
[14:05:14.247] [INFO   ] im player 4 entering return
[14:05:14.262] [SEVERE ] removing card from slot 9
[14:05:14.263] [SEVERE ] removing tokens from slot 9
[14:05:14.364] [SEVERE ] removing card from slot 10
[14:05:14.364] [SEVERE ] removing tokens from slot 10
[14:05:14.465] [SEVERE ] removing card from slot 11
[14:05:14.466] [SEVERE ] removing tokens from slot 11
[14:05:14.466] [INFO   ] im player 4 exit return
[14:05:14.466] [INFO   ] im player 3 exit return
[14:05:14.467] [INFO   ] player 4 waiting for queue 1
[14:05:14.467] [SEVERE ] announcing winner(s): player 1, player 2, player 3, player 4
[14:05:14.468] [INFO   ] player 4 out queue 0
[14:05:14.468] [INFO   ] player 3 waiting for queue 1
[14:05:14.469] [INFO   ] im player 4 entering return
[14:05:14.469] [INFO   ] player 3 out queue 0
[14:05:14.470] [INFO   ] im player 4 exit return
[14:05:14.470] [INFO   ] player 4 is terminate by dealer
[14:05:14.470] [INFO   ] im player 3 entering return
[14:05:14.471] [INFO   ] player 4 is interrup bt dealer
[14:05:14.470] [INFO   ] player 4 waiting for queue 0
[14:05:14.471] [INFO   ] im player 3 exit return
[14:05:14.472] [INFO   ] player4interrupted while waiting for a key
[14:05:14.472] [INFO   ] player 3 waiting for queue 0
[14:05:14.473] [INFO   ] player 4isInterrupted: false
[14:05:14.474] [INFO   ] thread computer-3 terminated.
[14:05:14.474] [INFO   ] thread Thread-4 terminated.
[14:05:14.475] [INFO   ] player 3 is terminate by dealer
[14:05:14.475] [INFO   ] player 3 is interrup bt dealer
[14:05:14.475] [INFO   ] player3interrupted while waiting for a key
[14:05:14.476] [INFO   ] player 3isInterrupted: false
[14:05:14.476] [INFO   ] thread computer-2 terminated.
[14:05:14.477] [INFO   ] thread Thread-3 terminated.
[14:05:14.477] [INFO   ] player 2 is terminate by dealer
[14:05:14.479] [INFO   ] player 2 is interrup bt dealer
[14:05:14.479] [INFO   ] player2interrupted while waiting for a key
[14:05:14.480] [INFO   ] player 2isInterrupted: false
[14:05:14.480] [INFO   ] thread Thread-2 terminated.
[14:05:14.481] [INFO   ] player 1 is terminate by dealer
[14:05:14.481] [INFO   ] player 1 is interrup bt dealer
[14:05:14.481] [INFO   ] player1interrupted while waiting for a key
[14:05:14.482] [INFO   ] player 1isInterrupted: false
[14:05:14.482] [INFO   ] thread Thread-1 terminated.
[14:05:14.483] [INFO   ] thread dealer terminated.
[14:05:14.483] [INFO   ] thread dealer terminated.
[14:05:14.483] [SEVERE ] thanks for playing... it was fun!
[14:05:14.484] [INFO   ] thread bguspl.set.Main.main() terminated.
