[16:52:54.315] [INFO   ] thread bguspl.set.Main.main() starting.
[16:52:54.331] [SEVERE ] cannot read configuration file config.properties trying from resources.
[16:52:54.342] [SEVERE ] configuration file was loaded from resources directory.
[16:52:56.117] [INFO   ] thread dealer starting.
[16:52:56.118] [INFO   ] thread dealer starting.
[16:52:56.120] [INFO   ] thread computer-2 starting.
[16:52:56.121] [INFO   ] thread computer-3 starting.
[16:52:56.224] [SEVERE ] placing card 37 in slot 0
[16:52:56.328] [SEVERE ] placing card 58 in slot 1
[16:52:56.429] [SEVERE ] placing card 17 in slot 2
[16:52:56.530] [SEVERE ] placing card 68 in slot 3
[16:52:56.631] [SEVERE ] placing card 74 in slot 4
[16:52:56.733] [SEVERE ] placing card 33 in slot 5
[16:52:56.834] [SEVERE ] placing card 66 in slot 6
[16:52:56.935] [SEVERE ] placing card 46 in slot 7
[16:52:57.036] [SEVERE ] placing card 59 in slot 8
[16:52:57.138] [SEVERE ] placing card 64 in slot 9
[16:52:57.239] [SEVERE ] placing card 67 in slot 10
[16:52:57.340] [SEVERE ] placing card 53 in slot 11
[16:52:57.346] [SEVERE ] updating countdown to 19999
[16:52:57.350] [SEVERE ] player 3 placing token on slot 3
[16:52:57.350] [SEVERE ] player 4 placing token on slot 11
[16:52:58.341] [SEVERE ] player 4 placing token on slot 9
[16:52:58.343] [SEVERE ] player 3 placing token on slot 9
[16:52:58.350] [SEVERE ] updating countdown to 18999
[16:52:59.342] [SEVERE ] removing player 4 token from slot 9
[16:52:59.342] [SEVERE ] removing player 3 token from slot 3
[16:52:59.351] [SEVERE ] updating countdown to 17998
[16:53:00.342] [SEVERE ] player 4 placing token on slot 9
[16:53:00.342] [SEVERE ] player 3 placing token on slot 10
[16:53:00.352] [SEVERE ] updating countdown to 16997
[16:53:01.342] [SEVERE ] player 4 placing token on slot 4
[16:53:01.343] [SEVERE ] player 3 placing token on slot 8
[16:53:01.344] [SEVERE ] updating countdown to 16005
[16:53:01.345] [SEVERE ] updating countdown to 16004
[16:53:01.346] [SEVERE ] setting player 4 freeze to 3000
[16:53:01.346] [SEVERE ] setting player 3 freeze to 3000
[16:53:02.346] [SEVERE ] updating countdown to 15003
[16:53:02.347] [SEVERE ] setting player 3 freeze to 2000
[16:53:02.347] [SEVERE ] setting player 4 freeze to 2000
[16:53:03.349] [SEVERE ] updating countdown to 14000
[16:53:03.350] [SEVERE ] setting player 3 freeze to 1000
[16:53:03.351] [SEVERE ] setting player 4 freeze to 1000
[16:53:04.350] [SEVERE ] updating countdown to 12999
[16:53:04.352] [SEVERE ] setting player 3 freeze to 0
[16:53:04.352] [SEVERE ] setting player 4 freeze to 0
[16:53:04.352] [SEVERE ] removing player 3 token from slot 10
[16:53:05.351] [SEVERE ] updating countdown to 11998
[16:53:05.353] [SEVERE ] player 3 placing token on slot 11
[16:53:05.353] [SEVERE ] updating countdown to 11996
[16:53:05.354] [SEVERE ] setting player 3 freeze to 3000
[16:53:06.355] [SEVERE ] updating countdown to 10995
[16:53:06.355] [SEVERE ] setting player 3 freeze to 2000
[16:53:07.265] [SEVERE ] exit button pressed
[16:53:07.357] [SEVERE ] setting player 3 freeze to 1000
[16:53:08.266] [SEVERE ] updating countdown to 9083
[16:53:08.358] [SEVERE ] setting player 3 freeze to 0
[16:53:08.367] [SEVERE ] removing card from slot 0
[16:53:08.368] [SEVERE ] removing tokens from slot 0
[16:53:08.469] [SEVERE ] removing card from slot 1
[16:53:08.469] [SEVERE ] removing tokens from slot 1
[16:53:08.570] [SEVERE ] removing card from slot 2
[16:53:08.571] [SEVERE ] removing tokens from slot 2
[16:53:08.671] [SEVERE ] removing card from slot 3
[16:53:08.672] [SEVERE ] removing tokens from slot 3
[16:53:08.773] [SEVERE ] removing card from slot 4
[16:53:08.773] [SEVERE ] removing tokens from slot 4
[16:53:08.874] [SEVERE ] removing card from slot 5
[16:53:08.875] [SEVERE ] removing tokens from slot 5
[16:53:08.975] [SEVERE ] removing card from slot 6
[16:53:08.976] [SEVERE ] removing tokens from slot 6
[16:53:09.076] [SEVERE ] removing card from slot 7
[16:53:09.077] [SEVERE ] removing tokens from slot 7
[16:53:09.178] [SEVERE ] removing card from slot 8
[16:53:09.179] [SEVERE ] removing tokens from slot 8
[16:53:09.279] [SEVERE ] removing card from slot 9
[16:53:09.280] [SEVERE ] removing tokens from slot 9
[16:53:09.381] [SEVERE ] removing card from slot 10
[16:53:09.381] [SEVERE ] removing tokens from slot 10
[16:53:09.482] [SEVERE ] removing card from slot 11
[16:53:09.484] [SEVERE ] removing tokens from slot 11
[16:53:09.488] [SEVERE ] announcing winner(s): player 1, player 2, player 3, player 4
[16:53:09.494] [INFO   ] thread computer-3 terminated.
[16:53:09.497] [INFO   ] thread Thread-4 terminated.
[16:53:09.499] [INFO   ] thread computer-2 terminated.
[16:53:09.501] [INFO   ] thread Thread-3 terminated.
[16:53:09.503] [INFO   ] thread Thread-2 terminated.
[16:53:09.506] [INFO   ] thread Thread-1 terminated.
[16:53:09.507] [INFO   ] thread dealer terminated.
[16:53:09.508] [INFO   ] thread dealer terminated.
[16:53:09.509] [SEVERE ] thanks for playing... it was fun!
[16:53:09.510] [INFO   ] thread bguspl.set.Main.main() terminated.
