[13:52:21.915] [INFO   ] thread bguspl.set.Main.main() starting.
[13:52:21.927] [SEVERE ] cannot read configuration file config.properties trying from resources.
[13:52:21.935] [SEVERE ] configuration file was loaded from resources directory.
[13:52:23.776] [INFO   ] thread dealer starting.
[13:52:23.777] [INFO   ] thread dealer starting.
[13:52:23.778] [INFO   ] thread Thread-1 starting.
[13:52:23.779] [INFO   ] thread Thread-4 starting.
[13:52:23.779] [INFO   ] thread Thread-3 starting.
[13:52:23.779] [INFO   ] thread Thread-2 starting.
[13:52:23.784] [INFO   ] im player 2 entering return
[13:52:23.781] [INFO   ] thread computer-3 starting.
[13:52:23.781] [INFO   ] im player 4 entering return
[13:52:23.779] [INFO   ] im player 1 entering return
[13:52:23.785] [INFO   ] im player 2 waiting for dealer true
[13:52:23.794] [INFO   ] im player 1 waiting for dealer true
[13:52:23.785] [INFO   ] thread computer-2 starting.
[13:52:23.784] [INFO   ] im player 3 entering return
[13:52:23.795] [INFO   ] im player 4 waiting for dealer true
[13:52:23.926] [SEVERE ] placing card 33 in slot 0
[13:52:24.030] [SEVERE ] placing card 62 in slot 1
[13:52:24.131] [SEVERE ] placing card 31 in slot 2
[13:52:24.233] [SEVERE ] placing card 44 in slot 3
[13:52:24.334] [SEVERE ] placing card 49 in slot 4
[13:52:24.435] [SEVERE ] placing card 69 in slot 5
[13:52:24.537] [SEVERE ] placing card 9 in slot 6
[13:52:24.638] [SEVERE ] placing card 50 in slot 7
[13:52:24.738] [SEVERE ] placing card 4 in slot 8
[13:52:24.839] [SEVERE ] placing card 57 in slot 9
[13:52:24.941] [SEVERE ] placing card 24 in slot 10
[13:52:25.042] [SEVERE ] placing card 52 in slot 11
[13:52:25.049] [SEVERE ] updating countdown to 19999
[13:52:25.049] [INFO   ] im player 3 exit return
[13:52:25.049] [INFO   ] im player 1 exit return
[13:52:25.049] [INFO   ] im player 4 exit return
[13:52:25.052] [INFO   ] player 4 waiting for queue 1
[13:52:25.052] [INFO   ] player 4 out queue 0
[13:52:25.049] [INFO   ] im player 2 exit return
[13:52:25.053] [SEVERE ] player 4 placing token on slot 1
[13:52:25.051] [INFO   ] player 1 waiting for queue 0
[13:52:25.051] [INFO   ] dealer have table
[13:52:25.051] [INFO   ] player 3 waiting for queue 1
[13:52:25.054] [INFO   ] im player 4 entering return
[13:52:25.054] [INFO   ] player 2 waiting for queue 0
[13:52:25.056] [INFO   ] im player 4 exit return
[13:52:25.056] [INFO   ] player 3 out queue 0
[13:52:25.058] [INFO   ] player 4 waiting for queue 0
[13:52:25.059] [SEVERE ] player 3 placing token on slot 1
[13:52:25.060] [INFO   ] im player 3 entering return
[13:52:25.061] [INFO   ] im player 3 exit return
[13:52:25.061] [INFO   ] player 3 waiting for queue 0
[13:52:26.043] [INFO   ] player 3 out queue 0
[13:52:26.044] [SEVERE ] player 3 placing token on slot 4
[13:52:26.043] [INFO   ] player 4 out queue 0
[13:52:26.044] [INFO   ] im player 3 entering return
[13:52:26.045] [SEVERE ] player 4 placing token on slot 4
[13:52:26.045] [INFO   ] im player 3 exit return
[13:52:26.045] [INFO   ] player 3 waiting for queue 0
[13:52:26.045] [INFO   ] im player 4 entering return
[13:52:26.046] [INFO   ] im player 4 exit return
[13:52:26.047] [INFO   ] player 4 waiting for queue 0
[13:52:26.055] [SEVERE ] updating countdown to 18995
[13:52:26.056] [INFO   ] im dealer i'm checking for sets now and queue size is 0
[13:52:26.057] [INFO   ] dealer have table
[13:52:26.057] [INFO   ] dealer realese table
[13:52:26.058] [INFO   ] dealer have table
[13:52:27.044] [INFO   ] player 4 out queue 0
[13:52:27.044] [INFO   ] player 3 out queue 0
[13:52:27.045] [SEVERE ] player 4 placing token on slot 8
[13:52:27.045] [SEVERE ] removing player 3 token from slot 1
[13:52:27.046] [INFO   ] player 4 in claims 1
[13:52:27.047] [INFO   ] im player 3 entering return
[13:52:27.048] [INFO   ] im player 3 exit return
[13:52:27.048] [INFO   ] player 3 waiting for queue 0
[13:52:27.048] [INFO   ] player 4 has table
[13:52:27.050] [SEVERE ] updating countdown to 18000
[13:52:27.050] [INFO   ] im dealer i'm checking for sets now and queue size is 1
[13:52:27.051] [INFO   ] dealer have table
[13:52:27.051] [INFO   ] took 4out of claims for a check
[13:52:27.052] [INFO   ] dealer realese table
[13:52:27.052] [INFO   ] player 4 wait table
[13:52:27.053] [INFO   ] player 4 realese table
[13:52:27.053] [SEVERE ] setting player 4 freeze to 3000
[13:52:27.053] [INFO   ] dealer have table
[13:52:28.044] [INFO   ] player 3 out queue 0
[13:52:28.044] [SEVERE ] player 3 placing token on slot 7
[13:52:28.045] [INFO   ] im player 3 entering return
[13:52:28.046] [INFO   ] im player 3 exit return
[13:52:28.047] [INFO   ] player 3 waiting for queue 0
[13:52:28.054] [SEVERE ] setting player 4 freeze to 2000
[13:52:28.055] [SEVERE ] updating countdown to 16996
[13:52:28.055] [INFO   ] im dealer i'm checking for sets now and queue size is 0
[13:52:28.056] [INFO   ] dealer have table
[13:52:28.056] [INFO   ] dealer realese table
[13:52:28.056] [INFO   ] dealer have table
[13:52:29.044] [INFO   ] player 3 out queue 0
[13:52:29.045] [SEVERE ] player 3 placing token on slot 8
[13:52:29.046] [INFO   ] player 3 in claims 1
[13:52:29.046] [INFO   ] player 3 has table
[13:52:29.047] [SEVERE ] updating countdown to 16003
[13:52:29.047] [INFO   ] im dealer i'm checking for sets now and queue size is 1
[13:52:29.048] [INFO   ] dealer have table
[13:52:29.048] [INFO   ] took 3out of claims for a check
[13:52:29.048] [INFO   ] dealer realese table
[13:52:29.048] [INFO   ] player 3 wait table
[13:52:29.049] [INFO   ] player 3 realese table
[13:52:29.049] [SEVERE ] setting player 3 freeze to 3000
[13:52:29.050] [INFO   ] dealer have table
[13:52:29.055] [SEVERE ] setting player 4 freeze to 1000
[13:52:30.050] [SEVERE ] setting player 3 freeze to 2000
[13:52:30.050] [SEVERE ] updating countdown to 15000
[13:52:30.052] [INFO   ] im dealer i'm checking for sets now and queue size is 0
[13:52:30.052] [INFO   ] dealer have table
[13:52:30.052] [INFO   ] dealer realese table
[13:52:30.053] [INFO   ] dealer have table
[13:52:30.056] [SEVERE ] setting player 4 freeze to 0
[13:52:30.057] [INFO   ] im player 4 im exiting my loop and mu check is false
[13:52:30.057] [INFO   ] im player 4 entering return
[13:52:30.058] [INFO   ] im player 4 exit return
[13:52:30.058] [INFO   ] player 4 waiting for queue 1
[13:52:30.058] [INFO   ] player 4 out queue 0
[13:52:30.059] [SEVERE ] removing player 4 token from slot 1
[13:52:30.059] [INFO   ] im player 4 entering return
[13:52:30.060] [INFO   ] im player 4 exit return
[13:52:30.060] [INFO   ] player 4 waiting for queue 0
[13:52:31.052] [SEVERE ] setting player 3 freeze to 1000
[13:52:31.053] [SEVERE ] updating countdown to 13997
[13:52:31.054] [INFO   ] im dealer i'm checking for sets now and queue size is 0
[13:52:31.056] [INFO   ] dealer have table
[13:52:31.057] [INFO   ] dealer realese table
[13:52:31.057] [INFO   ] player 4 out queue 0
[13:52:31.057] [INFO   ] dealer have table
[13:52:31.058] [SEVERE ] player 4 placing token on slot 1
[13:52:31.059] [INFO   ] player 4 in claims 1
[13:52:31.059] [INFO   ] player 4 has table
[13:52:31.060] [SEVERE ] updating countdown to 13990
[13:52:31.061] [INFO   ] im dealer i'm checking for sets now and queue size is 1
[13:52:31.061] [INFO   ] dealer have table
[13:52:31.062] [INFO   ] took 4out of claims for a check
[13:52:31.062] [INFO   ] dealer realese table
[13:52:31.062] [INFO   ] player 4 wait table
[13:52:31.062] [INFO   ] player 4 realese table
[13:52:31.063] [INFO   ] dealer have table
[13:52:31.063] [SEVERE ] setting player 4 freeze to 3000
[13:52:32.052] [SEVERE ] setting player 3 freeze to 0
[13:52:32.053] [INFO   ] im player 3 im exiting my loop and mu check is false
[13:52:32.054] [INFO   ] im player 3 entering return
[13:52:32.054] [INFO   ] im player 3 exit return
[13:52:32.055] [INFO   ] player 3 waiting for queue 1
[13:52:32.055] [INFO   ] player 3 out queue 0
[13:52:32.056] [INFO   ] im player 3 entering return
[13:52:32.056] [INFO   ] im player 3 exit return
[13:52:32.057] [INFO   ] player 3 waiting for queue 0
[13:52:32.063] [SEVERE ] updating countdown to 12987
[13:52:32.064] [SEVERE ] setting player 4 freeze to 2000
[13:52:32.064] [INFO   ] im dealer i'm checking for sets now and queue size is 0
[13:52:32.065] [INFO   ] dealer have table
[13:52:32.065] [INFO   ] dealer realese table
[13:52:32.066] [INFO   ] dealer have table
[13:52:32.218] [SEVERE ] exit button pressed
[13:52:33.054] [INFO   ] player 3 out queue 0
[13:52:33.054] [INFO   ] im player 3 entering return
[13:52:33.055] [INFO   ] im player 3 exit return
[13:52:33.055] [INFO   ] player 3 waiting for queue 0
[13:52:33.065] [SEVERE ] setting player 4 freeze to 1000
[13:52:33.067] [SEVERE ] updating countdown to 11983
[13:52:33.067] [INFO   ] im dealer i'm checking for sets now and queue size is 0
[13:52:33.068] [INFO   ] dealer have table
[13:52:33.068] [INFO   ] dealer realese table
[13:52:33.169] [SEVERE ] removing card from slot 0
[13:52:33.169] [SEVERE ] removing tokens from slot 0
[13:52:33.270] [SEVERE ] removing card from slot 1
[13:52:33.271] [SEVERE ] removing tokens from slot 1
[13:52:33.371] [SEVERE ] removing card from slot 2
[13:52:33.372] [SEVERE ] removing tokens from slot 2
[13:52:33.473] [SEVERE ] removing card from slot 3
[13:52:33.473] [SEVERE ] removing tokens from slot 3
[13:52:33.574] [SEVERE ] removing card from slot 4
[13:52:33.574] [SEVERE ] removing tokens from slot 4
[13:52:33.675] [SEVERE ] removing card from slot 5
[13:52:33.676] [SEVERE ] removing tokens from slot 5
[13:52:33.777] [SEVERE ] removing card from slot 6
[13:52:33.777] [SEVERE ] removing tokens from slot 6
[13:52:33.878] [SEVERE ] removing card from slot 7
[13:52:33.879] [SEVERE ] removing tokens from slot 7
[13:52:33.980] [SEVERE ] removing card from slot 8
[13:52:33.981] [SEVERE ] removing tokens from slot 8
[13:52:34.066] [SEVERE ] setting player 4 freeze to 0
[13:52:34.067] [INFO   ] im player 4 im exiting my loop and mu check is false
[13:52:34.067] [INFO   ] im player 4 entering return
[13:52:34.081] [SEVERE ] removing card from slot 9
[13:52:34.082] [SEVERE ] removing tokens from slot 9
[13:52:34.183] [SEVERE ] removing card from slot 10
[13:52:34.183] [SEVERE ] removing tokens from slot 10
[13:52:34.284] [SEVERE ] removing card from slot 11
[13:52:34.285] [SEVERE ] removing tokens from slot 11
[13:52:34.286] [INFO   ] im player 4 exit return
[13:52:34.286] [INFO   ] player 4 waiting for queue 1
[13:52:34.286] [INFO   ] player 3 out queue 0
[13:52:34.287] [INFO   ] im player 3 entering return
[13:52:34.286] [SEVERE ] announcing winner(s): player 1, player 2, player 3, player 4
[13:52:34.288] [INFO   ] im player 3 exit return
[13:52:34.287] [INFO   ] player 4 out queue 0
[13:52:34.289] [INFO   ] player 3 waiting for queue 0
[13:52:34.289] [INFO   ] im player 4 entering return
[13:52:34.290] [INFO   ] player 4 is terminate by dealer
[13:52:34.291] [INFO   ] im player 4 exit return
[13:52:34.292] [INFO   ] player 4 waiting for queue 0
[13:52:34.291] [INFO   ] player 4 is interrup bt dealer
[13:52:34.292] [INFO   ] player4interrupted while waiting for a key
[13:52:34.293] [INFO   ] player 4isInterrupted: false
[13:52:35.286] [INFO   ] player 3 out queue 0
[13:52:35.287] [INFO   ] im player 3 entering return
[13:52:35.287] [INFO   ] im player 3 exit return
[13:52:35.288] [INFO   ] player 3 waiting for queue 0
[13:52:36.286] [INFO   ] player 3 out queue 0
[13:52:36.287] [INFO   ] im player 3 entering return
[13:52:36.288] [INFO   ] im player 3 exit return
[13:52:36.288] [INFO   ] player 3 waiting for queue 0
[13:52:37.287] [INFO   ] player 3 out queue 0
[13:52:37.287] [INFO   ] im player 3 entering return
[13:52:37.287] [INFO   ] im player 3 exit return
[13:52:37.288] [INFO   ] player 3 waiting for queue 0
[13:52:38.287] [INFO   ] player 3 out queue 0
[13:52:38.287] [INFO   ] im player 3 entering return
[13:52:38.288] [INFO   ] im player 3 exit return
[13:52:38.288] [INFO   ] player 3 waiting for queue 0
[13:52:39.287] [INFO   ] player 3 out queue 0
[13:52:39.288] [INFO   ] im player 3 entering return
[13:52:39.288] [INFO   ] im player 3 exit return
[13:52:39.288] [INFO   ] player 3 waiting for queue 0
