[15:44:31.391] [INFO   ] thread bguspl.set.Main.main() starting.
[15:44:31.400] [SEVERE ] cannot read configuration file config.properties trying from resources.
[15:44:31.410] [SEVERE ] configuration file was loaded from resources directory.
[15:44:32.675] [INFO   ] thread dealer starting.
[15:44:32.676] [INFO   ] thread dealer starting.
[15:44:32.678] [INFO   ] thread computer-3 starting.
[15:44:32.678] [INFO   ] thread computer-2 starting.
[15:44:32.782] [SEVERE ] placing card 27 in slot 0
[15:44:32.890] [SEVERE ] placing card 80 in slot 1
[15:44:32.991] [SEVERE ] placing card 6 in slot 2
[15:44:33.092] [SEVERE ] placing card 35 in slot 3
[15:44:33.193] [SEVERE ] placing card 21 in slot 4
[15:44:33.294] [SEVERE ] placing card 54 in slot 5
[15:44:33.395] [SEVERE ] placing card 53 in slot 6
[15:44:33.496] [SEVERE ] placing card 64 in slot 7
[15:44:33.597] [SEVERE ] placing card 18 in slot 8
[15:44:33.698] [SEVERE ] placing card 0 in slot 9
[15:44:33.799] [SEVERE ] placing card 2 in slot 10
[15:44:33.900] [SEVERE ] placing card 32 in slot 11
[15:44:33.907] [SEVERE ] updating countdown to 19999
[15:44:33.907] [SEVERE ] player 4 placing token on slot 9
[15:44:33.907] [SEVERE ] player 3 placing token on slot 0
[15:44:34.902] [SEVERE ] player 3 placing token on slot 7
[15:44:34.902] [SEVERE ] player 4 placing token on slot 1
[15:44:34.909] [INFO   ] time 19000
[15:44:34.909] [SEVERE ] updating countdown to 19000
[15:44:35.902] [SEVERE ] player 4 placing token on slot 5
[15:44:35.902] [SEVERE ] player 3 placing token on slot 9
[15:44:35.904] [INFO   ] time 18000
[15:44:35.906] [SEVERE ] updating countdown to 18000
[15:44:35.908] [INFO   ] time 18000
[15:44:35.908] [SEVERE ] setting player 4 freeze to 3000
[15:44:35.909] [SEVERE ] updating countdown to 18000
[15:44:35.910] [SEVERE ] setting player 3 freeze to 3000
[15:44:36.913] [SEVERE ] setting player 4 freeze to 2000
[15:44:36.914] [SEVERE ] setting player 3 freeze to 2000
[15:44:36.913] [INFO   ] time 17000
[15:44:36.917] [SEVERE ] updating countdown to 17000
[15:44:37.915] [SEVERE ] setting player 4 freeze to 1000
[15:44:37.916] [SEVERE ] setting player 3 freeze to 1000
[15:44:37.917] [INFO   ] time 16000
[15:44:37.918] [SEVERE ] updating countdown to 16000
[15:44:38.916] [SEVERE ] setting player 4 freeze to 0
[15:44:38.917] [SEVERE ] removing player 4 token from slot 1
[15:44:38.917] [SEVERE ] setting player 3 freeze to 0
[15:44:38.918] [INFO   ] time 15000
[15:44:38.919] [SEVERE ] updating countdown to 15000
[15:44:39.917] [SEVERE ] player 4 placing token on slot 11
[15:44:39.918] [INFO   ] time 14000
[15:44:39.919] [SEVERE ] updating countdown to 14000
[15:44:39.920] [SEVERE ] setting player 4 freeze to 3000
[15:44:40.920] [INFO   ] time 13000
[15:44:40.925] [SEVERE ] updating countdown to 13000
[15:44:40.923] [SEVERE ] setting player 4 freeze to 2000
[15:44:41.919] [SEVERE ] removing player 3 token from slot 7
[15:44:41.926] [INFO   ] time 12000
[15:44:41.927] [SEVERE ] updating countdown to 12000
[15:44:41.927] [SEVERE ] setting player 4 freeze to 1000
[15:44:42.793] [SEVERE ] exit button pressed
[15:44:42.794] [INFO   ] time 11100
[15:44:42.795] [SEVERE ] updating countdown to 11100
[15:44:42.896] [SEVERE ] removing card from slot 0
[15:44:42.896] [SEVERE ] removing tokens from slot 0
[15:44:42.929] [SEVERE ] setting player 4 freeze to 0
[15:44:42.997] [SEVERE ] removing card from slot 1
[15:44:42.998] [SEVERE ] removing tokens from slot 1
[15:44:43.099] [SEVERE ] removing card from slot 2
[15:44:43.099] [SEVERE ] removing tokens from slot 2
[15:44:43.200] [SEVERE ] removing card from slot 3
[15:44:43.200] [SEVERE ] removing tokens from slot 3
[15:44:43.301] [SEVERE ] removing card from slot 4
[15:44:43.301] [SEVERE ] removing tokens from slot 4
[15:44:43.402] [SEVERE ] removing card from slot 5
[15:44:43.403] [SEVERE ] removing tokens from slot 5
[15:44:43.503] [SEVERE ] removing card from slot 6
[15:44:43.504] [SEVERE ] removing tokens from slot 6
[15:44:43.605] [SEVERE ] removing card from slot 7
[15:44:43.605] [SEVERE ] removing tokens from slot 7
[15:44:43.706] [SEVERE ] removing card from slot 8
[15:44:43.707] [SEVERE ] removing tokens from slot 8
[15:44:43.807] [SEVERE ] removing card from slot 9
[15:44:43.808] [SEVERE ] removing tokens from slot 9
[15:44:43.909] [SEVERE ] removing card from slot 10
[15:44:43.910] [SEVERE ] removing tokens from slot 10
[15:44:44.010] [SEVERE ] removing card from slot 11
[15:44:44.011] [SEVERE ] removing tokens from slot 11
[15:44:44.012] [SEVERE ] announcing winner(s): player 1, player 2, player 3, player 4
[15:44:44.014] [INFO   ] thread computer-3 terminated.
[15:44:44.014] [INFO   ] thread Thread-4 terminated.
[15:44:44.015] [INFO   ] thread computer-2 terminated.
[15:44:44.016] [INFO   ] thread Thread-3 terminated.
[15:44:44.016] [INFO   ] thread Thread-2 terminated.
[15:44:44.017] [INFO   ] thread Thread-1 terminated.
[15:44:44.017] [INFO   ] thread dealer terminated.
[15:44:44.018] [INFO   ] thread dealer terminated.
[15:44:44.019] [SEVERE ] thanks for playing... it was fun!
[15:44:44.019] [INFO   ] thread bguspl.set.Main.main() terminated.
