[17:20:50.255] [INFO   ] thread bguspl.set.Main.main() starting.
[17:20:50.273] [SEVERE ] cannot read configuration file config.properties trying from resources.
[17:20:50.292] [SEVERE ] configuration file was loaded from resources directory.
[17:20:52.123] [INFO   ] thread dealer starting.
[17:20:52.124] [INFO   ] thread dealer starting.
[17:20:52.137] [INFO   ] thread computer-2 starting.
[17:20:52.143] [INFO   ] thread computer-3 starting.
[17:20:52.237] [SEVERE ] placing card 68 in slot 0
[17:20:52.341] [SEVERE ] placing card 1 in slot 1
[17:20:52.442] [SEVERE ] placing card 63 in slot 2
[17:20:52.544] [SEVERE ] placing card 28 in slot 3
[17:20:52.646] [SEVERE ] placing card 67 in slot 4
[17:20:52.747] [SEVERE ] placing card 78 in slot 5
[17:20:52.848] [SEVERE ] placing card 55 in slot 6
[17:20:52.950] [SEVERE ] placing card 57 in slot 7
[17:20:53.051] [SEVERE ] placing card 0 in slot 8
[17:20:53.153] [SEVERE ] placing card 25 in slot 9
[17:20:53.254] [SEVERE ] placing card 49 in slot 10
[17:20:53.356] [SEVERE ] placing card 38 in slot 11
[17:20:53.364] [SEVERE ] updating countdown to 19999
[17:20:53.364] [SEVERE ] player 3 placing token on slot 0
[17:20:53.365] [SEVERE ] player 4 placing token on slot 0
[17:20:54.358] [SEVERE ] player 4 placing token on slot 6
[17:20:54.359] [SEVERE ] player 3 placing token on slot 6
[17:20:54.366] [SEVERE ] updating countdown to 18998
[17:20:54.366] [SEVERE ] updating countdown to 18998
[17:20:54.367] [SEVERE ] updating countdown to 18997
[17:20:55.358] [SEVERE ] player 4 placing token on slot 1
[17:20:55.358] [SEVERE ] player 3 placing token on slot 3
[17:20:55.360] [SEVERE ] updating countdown to 18004
[17:20:55.363] [SEVERE ] updating countdown to 18001
[17:20:55.364] [SEVERE ] updating countdown to 18000
[17:20:55.365] [SEVERE ] updating countdown to 17999
[17:20:55.365] [SEVERE ] setting player 4 freeze to 3000
[17:20:55.366] [SEVERE ] updating countdown to 17998
[17:20:55.367] [SEVERE ] updating countdown to 17997
[17:20:55.368] [SEVERE ] updating countdown to 17996
[17:20:55.368] [SEVERE ] updating countdown to 17996
[17:20:55.368] [SEVERE ] setting player 3 freeze to 3000
[17:20:55.369] [SEVERE ] updating countdown to 17995
[17:20:55.370] [SEVERE ] updating countdown to 17994
[17:20:56.367] [SEVERE ] setting player 4 freeze to 2000
[17:20:56.370] [SEVERE ] setting player 3 freeze to 2000
[17:20:56.371] [SEVERE ] updating countdown to 16993
[17:20:56.372] [SEVERE ] updating countdown to 16992
[17:20:56.372] [SEVERE ] updating countdown to 16992
[17:20:57.368] [SEVERE ] setting player 4 freeze to 1000
[17:20:57.371] [SEVERE ] setting player 3 freeze to 1000
[17:20:57.373] [SEVERE ] updating countdown to 15991
[17:20:57.374] [SEVERE ] updating countdown to 15990
[17:20:57.375] [SEVERE ] updating countdown to 15989
[17:20:58.369] [SEVERE ] setting player 4 freeze to 0
[17:20:58.372] [SEVERE ] setting player 3 freeze to 0
[17:20:58.375] [SEVERE ] updating countdown to 14989
[17:20:58.376] [SEVERE ] updating countdown to 14988
[17:20:58.377] [SEVERE ] updating countdown to 14987
[17:20:59.370] [SEVERE ] removing player 4 token from slot 6
[17:20:59.373] [SEVERE ] removing player 3 token from slot 3
[17:20:59.378] [SEVERE ] updating countdown to 13986
[17:20:59.379] [SEVERE ] updating countdown to 13985
[17:20:59.379] [SEVERE ] updating countdown to 13985
[17:21:00.371] [SEVERE ] player 4 placing token on slot 8
[17:21:00.372] [SEVERE ] updating countdown to 12992
[17:21:00.373] [SEVERE ] player 3 placing token on slot 4
[17:21:00.374] [SEVERE ] updating countdown to 12990
[17:21:00.375] [SEVERE ] updating countdown to 12989
[17:21:00.376] [SEVERE ] setting player 4 freeze to 3000
[17:21:00.377] [SEVERE ] updating countdown to 12988
[17:21:00.377] [SEVERE ] updating countdown to 12987
[17:21:00.378] [SEVERE ] updating countdown to 12986
[17:21:00.379] [SEVERE ] updating countdown to 12985
[17:21:00.379] [SEVERE ] updating countdown to 12985
[17:21:00.379] [SEVERE ] setting player 3 freeze to 3000
[17:21:00.380] [SEVERE ] updating countdown to 12984
[17:21:00.381] [SEVERE ] updating countdown to 12983
[17:21:01.377] [SEVERE ] setting player 4 freeze to 2000
[17:21:01.382] [SEVERE ] updating countdown to 11982
[17:21:01.381] [SEVERE ] setting player 3 freeze to 2000
[17:21:01.384] [SEVERE ] updating countdown to 11980
[17:21:01.386] [SEVERE ] updating countdown to 11978
[17:21:02.383] [SEVERE ] setting player 4 freeze to 1000
[17:21:02.384] [SEVERE ] setting player 3 freeze to 1000
[17:21:02.386] [SEVERE ] updating countdown to 10978
[17:21:02.387] [SEVERE ] updating countdown to 10977
[17:21:02.388] [SEVERE ] updating countdown to 10976
[17:21:03.384] [SEVERE ] setting player 4 freeze to 0
[17:21:03.386] [SEVERE ] setting player 3 freeze to 0
[17:21:03.389] [SEVERE ] updating countdown to 9975
[17:21:03.390] [SEVERE ] updating countdown to 9974
[17:21:03.391] [SEVERE ] updating countdown to 9973
[17:21:04.391] [SEVERE ] updating countdown to 8973
[17:21:04.393] [SEVERE ] updating countdown to 8971
[17:21:04.394] [SEVERE ] updating countdown to 8970
[17:21:05.385] [SEVERE ] removing player 4 token from slot 0
[17:21:05.395] [SEVERE ] updating countdown to 7969
[17:21:05.396] [SEVERE ] updating countdown to 7968
[17:21:05.397] [SEVERE ] updating countdown to 7967
[17:21:06.386] [SEVERE ] player 4 placing token on slot 11
[17:21:06.387] [SEVERE ] removing player 3 token from slot 4
[17:21:06.387] [SEVERE ] updating countdown to 6977
[17:21:06.389] [SEVERE ] updating countdown to 6975
[17:21:06.391] [SEVERE ] setting player 4 freeze to 3000
[17:21:06.391] [SEVERE ] updating countdown to 6973
[17:21:06.393] [SEVERE ] updating countdown to 6971
[17:21:06.394] [SEVERE ] updating countdown to 6970
[17:21:07.387] [SEVERE ] player 3 placing token on slot 4
[17:21:07.388] [SEVERE ] updating countdown to 5976
[17:21:07.390] [SEVERE ] updating countdown to 5974
[17:21:07.391] [SEVERE ] updating countdown to 5973
[17:21:07.391] [SEVERE ] setting player 3 freeze to 3000
[17:21:07.391] [SEVERE ] updating countdown to 5973
[17:21:07.392] [SEVERE ] updating countdown to 5972
[17:21:07.392] [SEVERE ] setting player 4 freeze to 2000
[17:21:08.392] [SEVERE ] setting player 3 freeze to 2000
[17:21:08.394] [SEVERE ] setting player 4 freeze to 1000
[17:21:09.393] [SEVERE ] setting player 3 freeze to 1000
[17:21:09.394] [SEVERE ] setting player 4 freeze to 0
[17:21:10.394] [SEVERE ] setting player 3 freeze to 0
[17:21:10.395] [SEVERE ] removing player 4 token from slot 8
[17:21:11.395] [SEVERE ] player 4 placing token on slot 3
[17:21:11.395] [SEVERE ] removing player 3 token from slot 4
[17:21:11.397] [SEVERE ] setting player 4 freeze to 3000
[17:21:12.395] [SEVERE ] player 3 placing token on slot 8
[17:21:12.396] [SEVERE ] setting player 3 freeze to 3000
[17:21:12.398] [SEVERE ] setting player 4 freeze to 2000
[17:21:13.366] [SEVERE ] updating countdown to 0
[17:21:13.367] [SEVERE ] updating countdown to 0
[17:21:13.368] [SEVERE ] updating countdown to 0
[17:21:13.398] [SEVERE ] setting player 3 freeze to 2000
[17:21:13.400] [SEVERE ] setting player 4 freeze to 1000
[17:21:13.470] [SEVERE ] removing card from slot 0
[17:21:13.470] [SEVERE ] removing tokens from slot 0
[17:21:13.571] [SEVERE ] removing card from slot 1
[17:21:13.572] [SEVERE ] removing tokens from slot 1
[17:21:13.672] [SEVERE ] removing card from slot 2
[17:21:13.673] [SEVERE ] removing tokens from slot 2
[17:21:13.774] [SEVERE ] removing card from slot 3
[17:21:13.774] [SEVERE ] removing tokens from slot 3
[17:21:13.875] [SEVERE ] removing card from slot 4
[17:21:13.876] [SEVERE ] removing tokens from slot 4
[17:21:13.977] [SEVERE ] removing card from slot 5
[17:21:13.977] [SEVERE ] removing tokens from slot 5
[17:21:14.078] [SEVERE ] removing card from slot 6
[17:21:14.079] [SEVERE ] removing tokens from slot 6
[17:21:14.181] [SEVERE ] removing card from slot 7
[17:21:14.182] [SEVERE ] removing tokens from slot 7
[17:21:14.283] [SEVERE ] removing card from slot 8
[17:21:14.284] [SEVERE ] removing tokens from slot 8
[17:21:14.384] [SEVERE ] removing card from slot 9
[17:21:14.385] [SEVERE ] removing tokens from slot 9
[17:21:14.399] [SEVERE ] setting player 3 freeze to 1000
[17:21:14.400] [SEVERE ] setting player 4 freeze to 0
[17:21:14.486] [SEVERE ] removing card from slot 10
[17:21:14.487] [SEVERE ] removing tokens from slot 10
[17:21:14.587] [SEVERE ] removing card from slot 11
[17:21:14.588] [SEVERE ] removing tokens from slot 11
[17:21:14.689] [SEVERE ] placing card 57 in slot 0
[17:21:14.790] [SEVERE ] placing card 22 in slot 1
[17:21:14.891] [SEVERE ] placing card 76 in slot 2
[17:21:14.992] [SEVERE ] placing card 80 in slot 3
[17:21:15.093] [SEVERE ] placing card 27 in slot 4
[17:21:15.194] [SEVERE ] placing card 73 in slot 5
[17:21:15.295] [SEVERE ] placing card 71 in slot 6
[17:21:15.396] [SEVERE ] placing card 29 in slot 7
[17:21:15.400] [SEVERE ] setting player 3 freeze to 0
[17:21:15.497] [SEVERE ] placing card 19 in slot 8
[17:21:15.598] [SEVERE ] placing card 12 in slot 9
[17:21:15.699] [SEVERE ] placing card 11 in slot 10
[17:21:15.800] [SEVERE ] placing card 31 in slot 11
[17:21:15.804] [SEVERE ] updating countdown to 19999
[17:21:15.804] [SEVERE ] player 4 placing token on slot 2
[17:21:15.804] [SEVERE ] player 3 placing token on slot 3
[17:21:16.801] [SEVERE ] player 4 placing token on slot 4
[17:21:16.801] [SEVERE ] player 3 placing token on slot 8
[17:21:16.805] [SEVERE ] updating countdown to 18999
[17:21:16.806] [SEVERE ] updating countdown to 18998
[17:21:16.808] [SEVERE ] updating countdown to 18996
[17:21:17.168] [SEVERE ] key 76 was pressed by player 2
[17:21:17.169] [SEVERE ] player 2 placing token on slot 6
[17:21:17.195] [SEVERE ] key 75 was pressed by player 2
[17:21:17.196] [SEVERE ] player 2 placing token on slot 5
[17:21:17.196] [SEVERE ] key 74 was pressed by player 2
[17:21:17.197] [SEVERE ] player 2 placing token on slot 4
[17:21:17.198] [SEVERE ] updating countdown to 18606
[17:21:17.199] [SEVERE ] updating countdown to 18605
[17:21:17.199] [SEVERE ] updating countdown to 18605
[17:21:17.200] [SEVERE ] setting player 2 freeze to 3000
[17:21:17.200] [SEVERE ] updating countdown to 18604
[17:21:17.201] [SEVERE ] updating countdown to 18603
[17:21:17.359] [SEVERE ] key 74 was pressed by player 2
[17:21:17.370] [SEVERE ] key 75 was pressed by player 2
[17:21:17.380] [SEVERE ] key 76 was pressed by player 2
[17:21:17.801] [SEVERE ] player 3 placing token on slot 0
[17:21:17.801] [SEVERE ] player 4 placing token on slot 5
[17:21:17.802] [SEVERE ] updating countdown to 18002
[17:21:17.804] [SEVERE ] updating countdown to 18000
[17:21:17.806] [SEVERE ] updating countdown to 17998
[17:21:17.807] [SEVERE ] updating countdown to 17997
[17:21:17.806] [SEVERE ] setting player 3 freeze to 3000
[17:21:17.808] [SEVERE ] updating countdown to 17996
[17:21:17.809] [SEVERE ] updating countdown to 17995
[17:21:17.810] [SEVERE ] updating countdown to 17994
[17:21:17.811] [SEVERE ] updating countdown to 17993
[17:21:17.811] [SEVERE ] setting player 4 freeze to 3000
[17:21:17.812] [SEVERE ] updating countdown to 17993
[17:21:17.813] [SEVERE ] updating countdown to 17991
[17:21:18.201] [SEVERE ] setting player 2 freeze to 2000
[17:21:18.810] [SEVERE ] setting player 3 freeze to 2000
[17:21:18.813] [SEVERE ] setting player 4 freeze to 2000
[17:21:18.814] [SEVERE ] updating countdown to 16990
[17:21:18.815] [SEVERE ] updating countdown to 16989
[17:21:18.817] [SEVERE ] updating countdown to 16987
[17:21:19.202] [SEVERE ] setting player 2 freeze to 1000
[17:21:19.812] [SEVERE ] setting player 3 freeze to 1000
[17:21:19.813] [SEVERE ] setting player 4 freeze to 1000
[17:21:19.817] [SEVERE ] updating countdown to 15987
[17:21:19.817] [SEVERE ] updating countdown to 15987
[17:21:19.818] [SEVERE ] updating countdown to 15986
[17:21:20.203] [SEVERE ] setting player 2 freeze to 0
[17:21:20.812] [SEVERE ] setting player 3 freeze to 0
[17:21:20.814] [SEVERE ] setting player 4 freeze to 0
[17:21:20.819] [SEVERE ] updating countdown to 14985
[17:21:20.820] [SEVERE ] updating countdown to 14984
[17:21:20.821] [SEVERE ] updating countdown to 14983
[17:21:20.887] [SEVERE ] key 65 was pressed by player 1
[17:21:20.888] [SEVERE ] player 1 placing token on slot 4
[17:21:20.919] [SEVERE ] key 68 was pressed by player 1
[17:21:20.920] [SEVERE ] player 1 placing token on slot 6
[17:21:20.928] [SEVERE ] key 83 was pressed by player 1
[17:21:20.928] [SEVERE ] player 1 placing token on slot 5
[17:21:20.929] [SEVERE ] updating countdown to 14875
[17:21:20.929] [SEVERE ] updating countdown to 14875
[17:21:20.929] [SEVERE ] updating countdown to 14875
[17:21:20.929] [SEVERE ] setting player 1 freeze to 3000
[17:21:20.930] [SEVERE ] updating countdown to 14874
[17:21:20.931] [SEVERE ] updating countdown to 14873
[17:21:21.076] [SEVERE ] key 68 was pressed by player 1
[17:21:21.083] [SEVERE ] key 65 was pressed by player 1
[17:21:21.090] [SEVERE ] key 83 was pressed by player 1
[17:21:21.930] [SEVERE ] setting player 1 freeze to 2000
[17:21:21.931] [SEVERE ] updating countdown to 13873
[17:21:21.933] [SEVERE ] updating countdown to 13871
[17:21:21.936] [SEVERE ] updating countdown to 13868
[17:21:22.932] [SEVERE ] setting player 1 freeze to 1000
[17:21:22.938] [SEVERE ] updating countdown to 12867
[17:21:22.938] [SEVERE ] updating countdown to 12866
[17:21:22.940] [SEVERE ] updating countdown to 12864
[17:21:23.933] [SEVERE ] setting player 1 freeze to 0
[17:21:23.941] [SEVERE ] updating countdown to 11863
[17:21:23.942] [SEVERE ] updating countdown to 11862
[17:21:23.942] [SEVERE ] updating countdown to 11862
[17:21:24.817] [SEVERE ] removing player 4 token from slot 4
[17:21:24.943] [SEVERE ] updating countdown to 10861
[17:21:24.945] [SEVERE ] updating countdown to 10859
[17:21:24.946] [SEVERE ] updating countdown to 10858
[17:21:25.817] [SEVERE ] player 4 placing token on slot 9
[17:21:25.818] [SEVERE ] updating countdown to 9986
[17:21:25.820] [SEVERE ] updating countdown to 9984
[17:21:25.822] [SEVERE ] updating countdown to 9982
[17:21:25.822] [SEVERE ] setting player 4 freeze to 3000
[17:21:25.822] [SEVERE ] updating countdown to 9982
[17:21:25.824] [SEVERE ] updating countdown to 9980
[17:21:26.815] [SEVERE ] removing player 3 token from slot 0
[17:21:26.823] [SEVERE ] setting player 4 freeze to 2000
[17:21:26.825] [SEVERE ] updating countdown to 8979
[17:21:26.825] [SEVERE ] updating countdown to 8979
[17:21:26.826] [SEVERE ] updating countdown to 8978
[17:21:27.815] [SEVERE ] player 3 placing token on slot 11
[17:21:27.816] [SEVERE ] updating countdown to 7988
[17:21:27.817] [SEVERE ] updating countdown to 7987
[17:21:27.818] [SEVERE ] updating countdown to 7986
[17:21:27.818] [SEVERE ] setting player 3 freeze to 3000
[17:21:27.819] [SEVERE ] updating countdown to 7985
[17:21:27.820] [SEVERE ] updating countdown to 7984
[17:21:27.824] [SEVERE ] setting player 4 freeze to 1000
[17:21:28.820] [SEVERE ] setting player 3 freeze to 2000
[17:21:28.820] [SEVERE ] updating countdown to 6984
[17:21:28.821] [SEVERE ] updating countdown to 6983
[17:21:28.822] [SEVERE ] updating countdown to 6982
[17:21:28.825] [SEVERE ] setting player 4 freeze to 0
[17:21:29.821] [SEVERE ] setting player 3 freeze to 1000
[17:21:29.823] [SEVERE ] updating countdown to 5981
[17:21:29.823] [SEVERE ] updating countdown to 5981
[17:21:29.824] [SEVERE ] updating countdown to 5980
[17:21:30.822] [SEVERE ] setting player 3 freeze to 0
[17:21:31.823] [SEVERE ] removing player 3 token from slot 11
[17:21:32.823] [SEVERE ] player 3 placing token on slot 2
[17:21:32.824] [SEVERE ] setting player 3 freeze to 3000
[17:21:33.825] [SEVERE ] setting player 3 freeze to 2000
[17:21:34.826] [SEVERE ] setting player 3 freeze to 1000
[17:21:35.812] [SEVERE ] updating countdown to 0
[17:21:35.812] [SEVERE ] updating countdown to 0
[17:21:35.813] [SEVERE ] updating countdown to 0
[17:21:35.827] [SEVERE ] setting player 3 freeze to 0
[17:21:35.914] [SEVERE ] removing card from slot 0
[17:21:35.914] [SEVERE ] removing tokens from slot 0
[17:21:36.015] [SEVERE ] removing card from slot 1
[17:21:36.015] [SEVERE ] removing tokens from slot 1
[17:21:36.116] [SEVERE ] removing card from slot 2
[17:21:36.117] [SEVERE ] removing tokens from slot 2
[17:21:36.218] [SEVERE ] removing card from slot 3
[17:21:36.218] [SEVERE ] removing tokens from slot 3
[17:21:36.319] [SEVERE ] removing card from slot 4
[17:21:36.320] [SEVERE ] removing tokens from slot 4
[17:21:36.420] [SEVERE ] removing card from slot 5
[17:21:36.421] [SEVERE ] removing tokens from slot 5
[17:21:36.522] [SEVERE ] removing card from slot 6
[17:21:36.522] [SEVERE ] removing tokens from slot 6
[17:21:36.623] [SEVERE ] removing card from slot 7
[17:21:36.624] [SEVERE ] removing tokens from slot 7
[17:21:36.724] [SEVERE ] removing card from slot 8
[17:21:36.725] [SEVERE ] removing tokens from slot 8
[17:21:36.825] [SEVERE ] removing card from slot 9
[17:21:36.826] [SEVERE ] removing tokens from slot 9
[17:21:36.927] [SEVERE ] removing card from slot 10
[17:21:36.928] [SEVERE ] removing tokens from slot 10
[17:21:37.028] [SEVERE ] removing card from slot 11
[17:21:37.029] [SEVERE ] removing tokens from slot 11
[17:21:37.130] [SEVERE ] placing card 76 in slot 0
[17:21:37.231] [SEVERE ] placing card 47 in slot 1
[17:21:37.331] [SEVERE ] placing card 70 in slot 2
[17:21:37.432] [SEVERE ] placing card 0 in slot 3
[17:21:37.533] [SEVERE ] placing card 80 in slot 4
[17:21:37.634] [SEVERE ] placing card 73 in slot 5
[17:21:37.735] [SEVERE ] placing card 61 in slot 6
[17:21:37.836] [SEVERE ] placing card 45 in slot 7
[17:21:37.937] [SEVERE ] placing card 36 in slot 8
[17:21:38.038] [SEVERE ] placing card 63 in slot 9
[17:21:38.139] [SEVERE ] placing card 11 in slot 10
[17:21:38.240] [SEVERE ] placing card 78 in slot 11
[17:21:38.241] [SEVERE ] player 4 placing token on slot 8
[17:21:38.243] [SEVERE ] player 3 placing token on slot 3
[17:21:38.243] [SEVERE ] updating countdown to 19999
[17:21:39.241] [SEVERE ] player 4 placing token on slot 2
[17:21:39.241] [SEVERE ] player 3 placing token on slot 2
[17:21:39.245] [SEVERE ] updating countdown to 18999
[17:21:39.246] [SEVERE ] updating countdown to 18998
[17:21:39.247] [SEVERE ] updating countdown to 18997
[17:21:39.468] [SEVERE ] key 76 was pressed by player 2
[17:21:39.468] [SEVERE ] player 2 placing token on slot 6
[17:21:39.483] [SEVERE ] key 75 was pressed by player 2
[17:21:39.484] [SEVERE ] player 2 placing token on slot 5
[17:21:39.484] [SEVERE ] key 74 was pressed by player 2
[17:21:39.485] [SEVERE ] player 2 placing token on slot 4
[17:21:39.485] [SEVERE ] updating countdown to 18759
[17:21:39.486] [SEVERE ] updating countdown to 18758
[17:21:39.487] [SEVERE ] updating countdown to 18757
[17:21:39.487] [SEVERE ] setting player 2 freeze to 3000
[17:21:39.487] [SEVERE ] updating countdown to 18757
[17:21:39.488] [SEVERE ] updating countdown to 18756
[17:21:39.658] [SEVERE ] key 74 was pressed by player 2
[17:21:39.667] [SEVERE ] key 75 was pressed by player 2
[17:21:39.678] [SEVERE ] key 76 was pressed by player 2
[17:21:40.241] [SEVERE ] player 4 placing token on slot 3
[17:21:40.241] [SEVERE ] player 3 placing token on slot 5
[17:21:40.242] [SEVERE ] updating countdown to 18002
[17:21:40.244] [SEVERE ] updating countdown to 18000
[17:21:40.245] [SEVERE ] updating countdown to 17999
[17:21:40.245] [SEVERE ] setting player 4 freeze to 3000
[17:21:40.245] [SEVERE ] updating countdown to 17999
[17:21:40.247] [SEVERE ] updating countdown to 17997
[17:21:40.247] [SEVERE ] updating countdown to 17997
[17:21:40.247] [SEVERE ] updating countdown to 17997
[17:21:40.248] [SEVERE ] updating countdown to 17996
[17:21:40.248] [SEVERE ] setting player 3 freeze to 3000
[17:21:40.248] [SEVERE ] updating countdown to 17996
[17:21:40.249] [SEVERE ] updating countdown to 17995
[17:21:40.488] [SEVERE ] setting player 2 freeze to 2000
[17:21:41.246] [SEVERE ] setting player 4 freeze to 2000
[17:21:41.249] [SEVERE ] setting player 3 freeze to 2000
[17:21:41.250] [SEVERE ] updating countdown to 16994
[17:21:41.251] [SEVERE ] updating countdown to 16993
[17:21:41.252] [SEVERE ] updating countdown to 16992
[17:21:41.489] [SEVERE ] setting player 2 freeze to 1000
[17:21:41.971] [SEVERE ] key 75 was pressed by player 2
[17:21:41.980] [SEVERE ] key 74 was pressed by player 2
[17:21:41.989] [SEVERE ] key 76 was pressed by player 2
[17:21:42.150] [SEVERE ] key 75 was pressed by player 2
[17:21:42.162] [SEVERE ] key 74 was pressed by player 2
[17:21:42.247] [SEVERE ] setting player 4 freeze to 1000
[17:21:42.250] [SEVERE ] setting player 3 freeze to 1000
[17:21:42.252] [SEVERE ] updating countdown to 15992
[17:21:42.253] [SEVERE ] updating countdown to 15991
[17:21:42.254] [SEVERE ] updating countdown to 15990
[17:21:42.490] [SEVERE ] setting player 2 freeze to 0
[17:21:43.020] [SEVERE ] key 75 was pressed by player 2
[17:21:43.020] [SEVERE ] removing player 2 token from slot 5
[17:21:43.037] [SEVERE ] key 76 was pressed by player 2
[17:21:43.037] [SEVERE ] removing player 2 token from slot 6
[17:21:43.037] [SEVERE ] key 74 was pressed by player 2
[17:21:43.038] [SEVERE ] removing player 2 token from slot 4
[17:21:43.248] [SEVERE ] setting player 4 freeze to 0
[17:21:43.250] [SEVERE ] setting player 3 freeze to 0
[17:21:43.257] [SEVERE ] updating countdown to 14987
[17:21:43.257] [SEVERE ] updating countdown to 14987
[17:21:43.258] [SEVERE ] updating countdown to 14986
[17:21:43.371] [SEVERE ] key 75 was pressed by player 2
[17:21:43.371] [SEVERE ] player 2 placing token on slot 5
[17:21:43.392] [SEVERE ] key 76 was pressed by player 2
[17:21:43.393] [SEVERE ] player 2 placing token on slot 6
[17:21:43.393] [SEVERE ] key 74 was pressed by player 2
[17:21:43.394] [SEVERE ] player 2 placing token on slot 4
[17:21:43.395] [SEVERE ] updating countdown to 14849
[17:21:43.396] [SEVERE ] updating countdown to 14848
[17:21:43.396] [SEVERE ] updating countdown to 14848
[17:21:43.396] [SEVERE ] setting player 2 freeze to 3000
[17:21:43.397] [SEVERE ] updating countdown to 14847
[17:21:43.397] [SEVERE ] updating countdown to 14847
[17:21:44.251] [SEVERE ] removing player 3 token from slot 3
[17:21:44.397] [SEVERE ] setting player 2 freeze to 2000
[17:21:44.398] [SEVERE ] updating countdown to 13846
[17:21:44.398] [SEVERE ] updating countdown to 13846
[17:21:44.399] [SEVERE ] updating countdown to 13845
[17:21:45.249] [SEVERE ] removing player 4 token from slot 3
[17:21:45.251] [SEVERE ] player 3 placing token on slot 6
[17:21:45.252] [SEVERE ] updating countdown to 12992
[17:21:45.255] [SEVERE ] updating countdown to 12989
[17:21:45.256] [SEVERE ] updating countdown to 12988
[17:21:45.256] [SEVERE ] setting player 3 freeze to 3000
[17:21:45.257] [SEVERE ] updating countdown to 12987
[17:21:45.258] [SEVERE ] updating countdown to 12986
[17:21:45.398] [SEVERE ] setting player 2 freeze to 1000
[17:21:46.249] [SEVERE ] player 4 placing token on slot 7
[17:21:46.250] [SEVERE ] updating countdown to 11994
[17:21:46.251] [SEVERE ] updating countdown to 11993
[17:21:46.252] [SEVERE ] updating countdown to 11992
[17:21:46.252] [SEVERE ] setting player 4 freeze to 3000
[17:21:46.252] [SEVERE ] updating countdown to 11992
[17:21:46.253] [SEVERE ] updating countdown to 11991
[17:21:46.257] [SEVERE ] setting player 3 freeze to 2000
[17:21:46.400] [SEVERE ] setting player 2 freeze to 0
[17:21:47.253] [SEVERE ] setting player 4 freeze to 2000
[17:21:47.254] [SEVERE ] updating countdown to 10990
[17:21:47.255] [SEVERE ] updating countdown to 10989
[17:21:47.256] [SEVERE ] updating countdown to 10988
[17:21:47.258] [SEVERE ] setting player 3 freeze to 1000
[17:21:47.736] [SEVERE ] key 65 was pressed by player 1
[17:21:47.737] [SEVERE ] player 1 placing token on slot 4
[17:21:47.752] [SEVERE ] key 83 was pressed by player 1
[17:21:47.753] [SEVERE ] player 1 placing token on slot 5
[17:21:47.764] [SEVERE ] key 68 was pressed by player 1
[17:21:47.764] [SEVERE ] player 1 placing token on slot 6
[17:21:47.765] [SEVERE ] updating countdown to 10479
[17:21:47.765] [SEVERE ] updating countdown to 10479
[17:21:47.766] [SEVERE ] updating countdown to 10478
[17:21:47.766] [SEVERE ] setting player 1 freeze to 3000
[17:21:47.767] [SEVERE ] updating countdown to 10477
[17:21:47.768] [SEVERE ] updating countdown to 10476
[17:21:48.010] [SEVERE ] key 68 was pressed by player 1
[17:21:48.020] [SEVERE ] key 83 was pressed by player 1
[17:21:48.029] [SEVERE ] key 65 was pressed by player 1
[17:21:48.254] [SEVERE ] setting player 4 freeze to 1000
[17:21:48.259] [SEVERE ] setting player 3 freeze to 0
[17:21:48.768] [SEVERE ] setting player 1 freeze to 2000
[17:21:48.769] [SEVERE ] updating countdown to 9475
[17:21:48.769] [SEVERE ] updating countdown to 9475
[17:21:48.769] [SEVERE ] updating countdown to 9475
[17:21:49.255] [SEVERE ] setting player 4 freeze to 0
[17:21:49.769] [SEVERE ] setting player 1 freeze to 1000
[17:21:49.770] [SEVERE ] updating countdown to 8474
[17:21:49.771] [SEVERE ] updating countdown to 8473
[17:21:49.771] [SEVERE ] updating countdown to 8473
[17:21:50.769] [SEVERE ] setting player 1 freeze to 0
[17:21:50.772] [SEVERE ] updating countdown to 7472
[17:21:50.772] [SEVERE ] updating countdown to 7472
[17:21:50.773] [SEVERE ] updating countdown to 7471
[17:21:51.774] [SEVERE ] updating countdown to 6470
[17:21:51.774] [SEVERE ] updating countdown to 6470
[17:21:51.776] [SEVERE ] updating countdown to 6468
[17:21:52.776] [SEVERE ] updating countdown to 5468
[17:21:52.777] [SEVERE ] updating countdown to 5467
[17:21:52.777] [SEVERE ] updating countdown to 5467
[17:21:55.244] [SEVERE ] updating countdown to 3000
[17:21:55.245] [SEVERE ] updating countdown to 3000
[17:21:55.577] [SEVERE ] key 81 was pressed by player 1
[17:21:55.676] [SEVERE ] key 68 was pressed by player 1
[17:21:55.677] [SEVERE ] removing player 1 token from slot 6
[17:21:55.733] [SEVERE ] key 70 was pressed by player 1
[17:21:55.733] [SEVERE ] player 1 placing token on slot 7
[17:21:55.734] [SEVERE ] setting player 1 freeze to 3000
[17:21:56.257] [SEVERE ] removing player 4 token from slot 7
[17:21:56.734] [SEVERE ] setting player 1 freeze to 2000
[17:21:57.244] [SEVERE ] updating countdown to 1000
[17:21:57.257] [SEVERE ] player 4 placing token on slot 10
[17:21:57.257] [SEVERE ] setting player 4 freeze to 3000
[17:21:57.735] [SEVERE ] setting player 1 freeze to 1000
[17:21:58.252] [SEVERE ] updating countdown to 0
[17:21:58.253] [SEVERE ] updating countdown to 0
[17:21:58.253] [SEVERE ] updating countdown to 0
[17:21:58.258] [SEVERE ] setting player 4 freeze to 2000
[17:21:58.354] [SEVERE ] removing card from slot 0
[17:21:58.355] [SEVERE ] removing tokens from slot 0
[17:21:58.455] [SEVERE ] removing card from slot 1
[17:21:58.456] [SEVERE ] removing tokens from slot 1
[17:21:58.556] [SEVERE ] removing card from slot 2
[17:21:58.557] [SEVERE ] removing tokens from slot 2
[17:21:58.657] [SEVERE ] removing card from slot 3
[17:21:58.658] [SEVERE ] removing tokens from slot 3
[17:21:58.736] [SEVERE ] setting player 1 freeze to 0
[17:21:58.758] [SEVERE ] removing card from slot 4
[17:21:58.759] [SEVERE ] removing tokens from slot 4
[17:21:58.860] [SEVERE ] removing card from slot 5
[17:21:58.860] [SEVERE ] removing tokens from slot 5
[17:21:58.961] [SEVERE ] removing card from slot 6
[17:21:58.962] [SEVERE ] removing tokens from slot 6
[17:21:59.062] [SEVERE ] removing card from slot 7
[17:21:59.063] [SEVERE ] removing tokens from slot 7
[17:21:59.163] [SEVERE ] removing card from slot 8
[17:21:59.164] [SEVERE ] removing tokens from slot 8
[17:21:59.259] [SEVERE ] setting player 4 freeze to 1000
[17:21:59.265] [SEVERE ] removing card from slot 9
[17:21:59.265] [SEVERE ] removing tokens from slot 9
[17:21:59.366] [SEVERE ] removing card from slot 10
[17:21:59.367] [SEVERE ] removing tokens from slot 10
[17:21:59.467] [SEVERE ] removing card from slot 11
[17:21:59.468] [SEVERE ] removing tokens from slot 11
[17:21:59.569] [SEVERE ] placing card 50 in slot 0
[17:21:59.670] [SEVERE ] placing card 40 in slot 1
[17:21:59.771] [SEVERE ] placing card 34 in slot 2
[17:21:59.871] [SEVERE ] placing card 39 in slot 3
[17:21:59.972] [SEVERE ] placing card 56 in slot 4
[17:22:00.073] [SEVERE ] placing card 10 in slot 5
[17:22:00.175] [SEVERE ] placing card 58 in slot 6
[17:22:00.260] [SEVERE ] setting player 4 freeze to 0
[17:22:00.276] [SEVERE ] placing card 71 in slot 7
[17:22:00.376] [SEVERE ] placing card 51 in slot 8
[17:22:00.477] [SEVERE ] placing card 11 in slot 9
[17:22:00.578] [SEVERE ] placing card 75 in slot 10
[17:22:00.678] [SEVERE ] placing card 62 in slot 11
[17:22:00.679] [SEVERE ] player 3 placing token on slot 1
[17:22:00.680] [SEVERE ] updating countdown to 19999
[17:22:00.681] [SEVERE ] player 4 placing token on slot 11
[17:22:01.679] [SEVERE ] player 4 placing token on slot 0
[17:22:01.679] [SEVERE ] player 3 placing token on slot 5
[17:22:01.681] [SEVERE ] updating countdown to 18999
[17:22:01.682] [SEVERE ] updating countdown to 18998
[17:22:01.682] [SEVERE ] updating countdown to 18998
[17:22:02.680] [SEVERE ] player 3 placing token on slot 3
[17:22:02.680] [SEVERE ] player 4 placing token on slot 2
[17:22:02.681] [SEVERE ] updating countdown to 17999
[17:22:02.682] [SEVERE ] updating countdown to 17998
[17:22:02.682] [SEVERE ] updating countdown to 17998
[17:22:02.682] [SEVERE ] setting player 3 freeze to 3000
[17:22:02.683] [SEVERE ] updating countdown to 17997
[17:22:02.684] [SEVERE ] updating countdown to 17996
[17:22:02.684] [SEVERE ] updating countdown to 17996
[17:22:02.685] [SEVERE ] updating countdown to 17995
[17:22:02.685] [SEVERE ] updating countdown to 17995
[17:22:02.685] [SEVERE ] setting player 4 freeze to 3000
[17:22:02.686] [SEVERE ] updating countdown to 17994
[17:22:02.687] [SEVERE ] updating countdown to 17993
[17:22:03.684] [SEVERE ] setting player 3 freeze to 2000
[17:22:03.686] [SEVERE ] setting player 4 freeze to 2000
[17:22:03.687] [SEVERE ] updating countdown to 16993
[17:22:03.688] [SEVERE ] updating countdown to 16992
[17:22:03.688] [SEVERE ] updating countdown to 16992
[17:22:04.685] [SEVERE ] setting player 3 freeze to 1000
[17:22:04.687] [SEVERE ] setting player 4 freeze to 1000
[17:22:04.688] [SEVERE ] updating countdown to 15992
[17:22:04.689] [SEVERE ] updating countdown to 15991
[17:22:04.689] [SEVERE ] updating countdown to 15991
[17:22:05.686] [SEVERE ] setting player 3 freeze to 0
[17:22:05.686] [SEVERE ] removing player 3 token from slot 3
[17:22:05.688] [SEVERE ] setting player 4 freeze to 0
[17:22:05.690] [SEVERE ] updating countdown to 14990
[17:22:05.691] [SEVERE ] updating countdown to 14989
[17:22:05.691] [SEVERE ] updating countdown to 14989
[17:22:06.687] [SEVERE ] player 3 placing token on slot 9
[17:22:06.687] [SEVERE ] updating countdown to 13993
[17:22:06.688] [SEVERE ] updating countdown to 13992
[17:22:06.688] [SEVERE ] updating countdown to 13992
[17:22:06.688] [SEVERE ] setting player 3 freeze to 3000
[17:22:06.688] [SEVERE ] updating countdown to 13992
[17:22:06.689] [SEVERE ] updating countdown to 13991
[17:22:07.689] [SEVERE ] setting player 3 freeze to 2000
[17:22:07.690] [SEVERE ] updating countdown to 12990
[17:22:07.691] [SEVERE ] updating countdown to 12989
[17:22:07.692] [SEVERE ] updating countdown to 12988
[17:22:08.690] [SEVERE ] setting player 3 freeze to 1000
[17:22:08.693] [SEVERE ] updating countdown to 11987
[17:22:08.693] [SEVERE ] updating countdown to 11987
[17:22:08.694] [SEVERE ] updating countdown to 11986
[17:22:09.691] [SEVERE ] setting player 3 freeze to 0
[17:22:09.691] [SEVERE ] removing player 3 token from slot 1
[17:22:09.694] [SEVERE ] updating countdown to 10986
[17:22:09.695] [SEVERE ] updating countdown to 10985
[17:22:09.695] [SEVERE ] updating countdown to 10985
[17:22:10.692] [SEVERE ] removing player 3 token from slot 5
[17:22:10.696] [SEVERE ] updating countdown to 9984
[17:22:10.696] [SEVERE ] updating countdown to 9984
[17:22:10.697] [SEVERE ] updating countdown to 9983
[17:22:11.692] [SEVERE ] player 3 placing token on slot 0
[17:22:11.697] [SEVERE ] updating countdown to 8983
[17:22:11.698] [SEVERE ] updating countdown to 8982
[17:22:11.698] [SEVERE ] updating countdown to 8982
[17:22:12.692] [SEVERE ] player 3 placing token on slot 3
[17:22:12.693] [SEVERE ] updating countdown to 7987
[17:22:12.693] [SEVERE ] updating countdown to 7987
[17:22:12.694] [SEVERE ] updating countdown to 7986
[17:22:12.694] [SEVERE ] setting player 3 freeze to 3000
[17:22:12.694] [SEVERE ] updating countdown to 7986
[17:22:12.695] [SEVERE ] updating countdown to 7985
[17:22:13.694] [SEVERE ] setting player 3 freeze to 2000
[17:22:13.695] [SEVERE ] updating countdown to 6985
[17:22:13.696] [SEVERE ] updating countdown to 6984
[17:22:13.697] [SEVERE ] updating countdown to 6983
[17:22:14.653] [SEVERE ] key 83 was pressed by player 1
[17:22:14.653] [SEVERE ] player 1 placing token on slot 5
[17:22:14.691] [SEVERE ] removing player 4 token from slot 2
[17:22:14.695] [SEVERE ] setting player 3 freeze to 1000
[17:22:14.697] [SEVERE ] updating countdown to 5983
[17:22:14.698] [SEVERE ] updating countdown to 5982
[17:22:14.698] [SEVERE ] updating countdown to 5982
[17:22:14.943] [SEVERE ] key 83 was pressed by player 1
[17:22:14.944] [SEVERE ] removing player 1 token from slot 5
[17:22:15.691] [SEVERE ] removing player 4 token from slot 0
[17:22:15.696] [SEVERE ] setting player 3 freeze to 0
[17:22:15.697] [SEVERE ] removing player 3 token from slot 0
[17:22:16.644] [SEVERE ] key 68 was pressed by player 1
[17:22:16.645] [SEVERE ] player 1 placing token on slot 6
[17:22:16.691] [SEVERE ] player 4 placing token on slot 8
[17:22:16.697] [SEVERE ] player 3 placing token on slot 11
[17:22:16.698] [SEVERE ] setting player 3 freeze to 3000
[17:22:17.692] [SEVERE ] player 4 placing token on slot 5
[17:22:17.693] [SEVERE ] setting player 4 freeze to 3000
[17:22:17.699] [SEVERE ] setting player 3 freeze to 2000
[17:22:18.694] [SEVERE ] setting player 4 freeze to 2000
[17:22:18.700] [SEVERE ] setting player 3 freeze to 1000
[17:22:19.695] [SEVERE ] setting player 4 freeze to 1000
[17:22:19.701] [SEVERE ] setting player 3 freeze to 0
[17:22:19.702] [SEVERE ] removing player 3 token from slot 9
[17:22:20.680] [SEVERE ] updating countdown to 0
[17:22:20.680] [SEVERE ] updating countdown to 0
[17:22:20.681] [SEVERE ] updating countdown to 0
[17:22:20.696] [SEVERE ] setting player 4 freeze to 0
[17:22:20.781] [SEVERE ] removing card from slot 0
[17:22:20.782] [SEVERE ] removing tokens from slot 0
[17:22:20.882] [SEVERE ] removing card from slot 1
[17:22:20.883] [SEVERE ] removing tokens from slot 1
[17:22:20.983] [SEVERE ] removing card from slot 2
[17:22:20.984] [SEVERE ] removing tokens from slot 2
[17:22:21.084] [SEVERE ] removing card from slot 3
[17:22:21.085] [SEVERE ] removing tokens from slot 3
[17:22:21.186] [SEVERE ] removing card from slot 4
[17:22:21.186] [SEVERE ] removing tokens from slot 4
[17:22:21.287] [SEVERE ] removing card from slot 5
[17:22:21.288] [SEVERE ] removing tokens from slot 5
[17:22:21.388] [SEVERE ] removing card from slot 6
[17:22:21.389] [SEVERE ] removing tokens from slot 6
[17:22:21.489] [SEVERE ] removing card from slot 7
[17:22:21.490] [SEVERE ] removing tokens from slot 7
[17:22:21.590] [SEVERE ] removing card from slot 8
[17:22:21.591] [SEVERE ] removing tokens from slot 8
[17:22:21.691] [SEVERE ] removing card from slot 9
[17:22:21.692] [SEVERE ] removing tokens from slot 9
[17:22:21.793] [SEVERE ] removing card from slot 10
[17:22:21.793] [SEVERE ] removing tokens from slot 10
[17:22:21.894] [SEVERE ] removing card from slot 11
[17:22:21.894] [SEVERE ] removing tokens from slot 11
[17:22:21.995] [SEVERE ] placing card 28 in slot 0
[17:22:22.096] [SEVERE ] placing card 76 in slot 1
[17:22:22.197] [SEVERE ] placing card 4 in slot 2
[17:22:22.298] [SEVERE ] placing card 7 in slot 3
[17:22:22.398] [SEVERE ] placing card 57 in slot 4
[17:22:22.499] [SEVERE ] placing card 22 in slot 5
[17:22:22.600] [SEVERE ] placing card 52 in slot 6
[17:22:22.700] [SEVERE ] placing card 80 in slot 7
[17:22:22.801] [SEVERE ] placing card 47 in slot 8
[17:22:22.902] [SEVERE ] placing card 79 in slot 9
[17:22:23.002] [SEVERE ] placing card 70 in slot 10
[17:22:23.103] [SEVERE ] placing card 26 in slot 11
[17:22:23.104] [SEVERE ] player 3 placing token on slot 1
[17:22:23.105] [SEVERE ] updating countdown to 19999
[17:22:23.105] [SEVERE ] player 4 placing token on slot 1
[17:22:24.104] [SEVERE ] player 4 placing token on slot 2
[17:22:24.104] [SEVERE ] player 3 placing token on slot 8
[17:22:24.106] [SEVERE ] updating countdown to 18999
[17:22:24.106] [SEVERE ] updating countdown to 18999
[17:22:24.107] [SEVERE ] updating countdown to 18998
[17:22:25.105] [SEVERE ] player 4 placing token on slot 10
[17:22:25.105] [SEVERE ] player 3 placing token on slot 6
[17:22:25.106] [SEVERE ] updating countdown to 17999
[17:22:25.108] [SEVERE ] updating countdown to 17997
[17:22:25.110] [SEVERE ] updating countdown to 17995
[17:22:25.110] [SEVERE ] setting player 4 freeze to 3000
[17:22:25.110] [SEVERE ] updating countdown to 17995
[17:22:25.112] [SEVERE ] updating countdown to 17993
[17:22:25.112] [SEVERE ] updating countdown to 17993
[17:22:25.113] [SEVERE ] updating countdown to 17992
[17:22:25.113] [SEVERE ] updating countdown to 17992
[17:22:25.113] [SEVERE ] setting player 3 freeze to 3000
[17:22:25.113] [SEVERE ] updating countdown to 17992
[17:22:25.115] [SEVERE ] updating countdown to 17990
[17:22:25.839] [SEVERE ] key 81 was pressed by player 1
[17:22:25.839] [SEVERE ] player 1 placing token on slot 0
[17:22:25.939] [SEVERE ] key 69 was pressed by player 1
[17:22:25.939] [SEVERE ] player 1 placing token on slot 2
[17:22:26.111] [SEVERE ] setting player 4 freeze to 2000
[17:22:26.114] [SEVERE ] setting player 3 freeze to 2000
[17:22:26.115] [SEVERE ] updating countdown to 16990
[17:22:26.116] [SEVERE ] updating countdown to 16989
[17:22:26.116] [SEVERE ] updating countdown to 16989
[17:22:27.112] [SEVERE ] setting player 4 freeze to 1000
[17:22:27.114] [SEVERE ] setting player 3 freeze to 1000
[17:22:27.117] [SEVERE ] updating countdown to 15988
[17:22:27.117] [SEVERE ] updating countdown to 15988
[17:22:27.118] [SEVERE ] updating countdown to 15987
[17:22:27.255] [SEVERE ] key 69 was pressed by player 1
[17:22:27.256] [SEVERE ] removing player 1 token from slot 2
[17:22:27.905] [SEVERE ] key 65 was pressed by player 1
[17:22:27.905] [SEVERE ] player 1 placing token on slot 4
[17:22:28.112] [SEVERE ] setting player 4 freeze to 0
[17:22:28.115] [SEVERE ] setting player 3 freeze to 0
[17:22:28.118] [SEVERE ] updating countdown to 14987
[17:22:28.118] [SEVERE ] updating countdown to 14987
[17:22:28.119] [SEVERE ] updating countdown to 14986
[17:22:28.365] [SEVERE ] key 81 was pressed by player 1
[17:22:28.366] [SEVERE ] removing player 1 token from slot 0
[17:22:29.116] [SEVERE ] removing player 3 token from slot 6
[17:22:29.120] [SEVERE ] updating countdown to 13985
[17:22:29.123] [SEVERE ] updating countdown to 13982
[17:22:29.124] [SEVERE ] updating countdown to 13981
[17:22:30.117] [SEVERE ] player 3 placing token on slot 7
[17:22:30.117] [SEVERE ] updating countdown to 12988
[17:22:30.118] [SEVERE ] updating countdown to 12987
[17:22:30.118] [SEVERE ] updating countdown to 12987
[17:22:30.118] [SEVERE ] setting player 3 freeze to 3000
[17:22:30.119] [SEVERE ] updating countdown to 12986
[17:22:30.120] [SEVERE ] updating countdown to 12985
[17:22:30.140] [SEVERE ] key 65 was pressed by player 1
[17:22:30.140] [SEVERE ] removing player 1 token from slot 4
[17:22:30.489] [SEVERE ] key 88 was pressed by player 1
[17:22:30.489] [SEVERE ] player 1 placing token on slot 9
[17:22:31.114] [SEVERE ] removing player 4 token from slot 1
[17:22:31.119] [SEVERE ] setting player 3 freeze to 2000
[17:22:31.121] [SEVERE ] updating countdown to 11984
[17:22:31.122] [SEVERE ] updating countdown to 11983
[17:22:31.123] [SEVERE ] updating countdown to 11982
[17:22:32.114] [SEVERE ] player 4 placing token on slot 3
[17:22:32.115] [SEVERE ] updating countdown to 10990
[17:22:32.117] [SEVERE ] updating countdown to 10988
[17:22:32.118] [SEVERE ] setting player 4 freeze to 3000
[17:22:32.119] [SEVERE ] updating countdown to 10986
[17:22:32.120] [SEVERE ] updating countdown to 10985
[17:22:32.121] [SEVERE ] updating countdown to 10984
[17:22:32.122] [SEVERE ] setting player 3 freeze to 1000
[17:22:32.172] [SEVERE ] key 65 was pressed by player 1
[17:22:32.173] [SEVERE ] player 1 placing token on slot 4
[17:22:32.362] [SEVERE ] key 81 was pressed by player 1
[17:22:32.363] [SEVERE ] player 1 placing token on slot 0
[17:22:32.363] [SEVERE ] updating countdown to 10742
[17:22:32.364] [SEVERE ] updating countdown to 10741
[17:22:32.364] [SEVERE ] updating countdown to 10741
[17:22:32.365] [SEVERE ] updating countdown to 10740
[17:22:32.364] [SEVERE ] setting player 1 freeze to 3000
[17:22:32.365] [SEVERE ] updating countdown to 10740
[17:22:33.119] [SEVERE ] setting player 4 freeze to 2000
[17:22:33.122] [SEVERE ] setting player 3 freeze to 0
[17:22:33.366] [SEVERE ] setting player 1 freeze to 2000
[17:22:33.366] [SEVERE ] updating countdown to 9739
[17:22:33.367] [SEVERE ] updating countdown to 9738
[17:22:33.367] [SEVERE ] updating countdown to 9738
[17:22:34.120] [SEVERE ] setting player 4 freeze to 1000
[17:22:34.367] [SEVERE ] setting player 1 freeze to 1000
[17:22:34.367] [SEVERE ] updating countdown to 8738
[17:22:34.368] [SEVERE ] updating countdown to 8737
[17:22:34.369] [SEVERE ] updating countdown to 8736
[17:22:35.121] [SEVERE ] setting player 4 freeze to 0
[17:22:35.122] [SEVERE ] removing player 4 token from slot 2
[17:22:35.367] [SEVERE ] setting player 1 freeze to 0
[17:22:35.370] [SEVERE ] updating countdown to 7735
[17:22:35.371] [SEVERE ] updating countdown to 7734
[17:22:35.372] [SEVERE ] updating countdown to 7733
[17:22:36.122] [SEVERE ] player 4 placing token on slot 4
[17:22:36.123] [SEVERE ] updating countdown to 6982
[17:22:36.125] [SEVERE ] updating countdown to 6980
[17:22:36.125] [SEVERE ] updating countdown to 6980
[17:22:36.125] [SEVERE ] setting player 4 freeze to 3000
[17:22:36.126] [SEVERE ] updating countdown to 6979
[17:22:36.127] [SEVERE ] updating countdown to 6978
[17:22:37.127] [SEVERE ] setting player 4 freeze to 2000
[17:22:37.128] [SEVERE ] updating countdown to 5977
[17:22:37.128] [SEVERE ] updating countdown to 5977
[17:22:37.128] [SEVERE ] updating countdown to 5977
[17:22:38.128] [SEVERE ] setting player 4 freeze to 1000
[17:22:39.128] [SEVERE ] setting player 4 freeze to 0
[17:22:42.130] [SEVERE ] removing player 4 token from slot 10
[17:22:43.112] [SEVERE ] updating countdown to 0
[17:22:43.113] [SEVERE ] updating countdown to 0
[17:22:43.113] [SEVERE ] updating countdown to 0
[17:22:43.214] [SEVERE ] removing card from slot 0
[17:22:43.214] [SEVERE ] removing tokens from slot 0
[17:22:43.316] [SEVERE ] removing card from slot 1
[17:22:43.316] [SEVERE ] removing tokens from slot 1
[17:22:43.417] [SEVERE ] removing card from slot 2
[17:22:43.417] [SEVERE ] removing tokens from slot 2
[17:22:43.518] [SEVERE ] removing card from slot 3
[17:22:43.518] [SEVERE ] removing tokens from slot 3
[17:22:43.619] [SEVERE ] removing card from slot 4
[17:22:43.619] [SEVERE ] removing tokens from slot 4
[17:22:43.720] [SEVERE ] removing card from slot 5
[17:22:43.720] [SEVERE ] removing tokens from slot 5
[17:22:43.821] [SEVERE ] removing card from slot 6
[17:22:43.821] [SEVERE ] removing tokens from slot 6
[17:22:43.922] [SEVERE ] removing card from slot 7
[17:22:43.922] [SEVERE ] removing tokens from slot 7
[17:22:44.023] [SEVERE ] removing card from slot 8
[17:22:44.024] [SEVERE ] removing tokens from slot 8
[17:22:44.124] [SEVERE ] removing card from slot 9
[17:22:44.125] [SEVERE ] removing tokens from slot 9
[17:22:44.226] [SEVERE ] removing card from slot 10
[17:22:44.226] [SEVERE ] removing tokens from slot 10
[17:22:44.327] [SEVERE ] removing card from slot 11
[17:22:44.327] [SEVERE ] removing tokens from slot 11
[17:22:44.428] [SEVERE ] placing card 7 in slot 0
[17:22:44.529] [SEVERE ] placing card 3 in slot 1
[17:22:44.630] [SEVERE ] placing card 66 in slot 2
[17:22:44.730] [SEVERE ] placing card 17 in slot 3
[17:22:44.831] [SEVERE ] placing card 16 in slot 4
[17:22:44.932] [SEVERE ] placing card 46 in slot 5
[17:22:45.033] [SEVERE ] placing card 24 in slot 6
[17:22:45.134] [SEVERE ] placing card 79 in slot 7
[17:22:45.235] [SEVERE ] placing card 27 in slot 8
[17:22:45.336] [SEVERE ] placing card 9 in slot 9
[17:22:45.436] [SEVERE ] placing card 75 in slot 10
[17:22:45.537] [SEVERE ] placing card 55 in slot 11
[17:22:45.538] [SEVERE ] player 4 placing token on slot 7
[17:22:45.538] [SEVERE ] player 3 placing token on slot 3
[17:22:45.538] [SEVERE ] updating countdown to 19999
[17:22:46.538] [SEVERE ] player 4 placing token on slot 11
[17:22:46.538] [SEVERE ] player 3 placing token on slot 10
[17:22:46.540] [SEVERE ] updating countdown to 18998
[17:22:46.543] [SEVERE ] updating countdown to 18995
[17:22:46.544] [SEVERE ] updating countdown to 18994
[17:22:47.312] [SEVERE ] key 74 was pressed by player 2
[17:22:47.312] [SEVERE ] player 2 placing token on slot 4
[17:22:47.539] [SEVERE ] player 4 placing token on slot 2
[17:22:47.539] [SEVERE ] player 3 placing token on slot 11
[17:22:47.540] [SEVERE ] updating countdown to 17998
[17:22:47.541] [SEVERE ] updating countdown to 17997
[17:22:47.542] [SEVERE ] updating countdown to 17996
[17:22:47.542] [SEVERE ] setting player 4 freeze to 3000
[17:22:47.543] [SEVERE ] updating countdown to 17995
[17:22:47.544] [SEVERE ] updating countdown to 17994
[17:22:47.544] [SEVERE ] updating countdown to 17994
[17:22:47.545] [SEVERE ] updating countdown to 17993
[17:22:47.545] [SEVERE ] updating countdown to 17993
[17:22:47.545] [SEVERE ] setting player 3 freeze to 3000
[17:22:47.546] [SEVERE ] updating countdown to 17992
[17:22:47.546] [SEVERE ] updating countdown to 17992
[17:22:48.237] [SEVERE ] key 69 was pressed by player 1
[17:22:48.238] [SEVERE ] player 1 placing token on slot 2
[17:22:48.359] [SEVERE ] key 74 was pressed by player 2
[17:22:48.359] [SEVERE ] removing player 2 token from slot 4
[17:22:48.544] [SEVERE ] setting player 4 freeze to 2000
[17:22:48.546] [SEVERE ] setting player 3 freeze to 2000
[17:22:48.547] [SEVERE ] updating countdown to 16991
[17:22:48.548] [SEVERE ] updating countdown to 16990
[17:22:48.548] [SEVERE ] updating countdown to 16990
[17:22:48.780] [SEVERE ] key 69 was pressed by player 1
[17:22:48.780] [SEVERE ] removing player 1 token from slot 2
[17:22:48.790] [SEVERE ] key 85 was pressed by player 2
[17:22:48.791] [SEVERE ] player 2 placing token on slot 0
[17:22:49.545] [SEVERE ] setting player 4 freeze to 1000
[17:22:49.547] [SEVERE ] setting player 3 freeze to 1000
[17:22:49.549] [SEVERE ] updating countdown to 15989
[17:22:49.549] [SEVERE ] updating countdown to 15989
[17:22:49.550] [SEVERE ] updating countdown to 15988
[17:22:49.580] [SEVERE ] key 85 was pressed by player 2
[17:22:49.580] [SEVERE ] removing player 2 token from slot 0
[17:22:49.903] [SEVERE ] key 73 was pressed by player 2
[17:22:49.904] [SEVERE ] player 2 placing token on slot 1
[17:22:50.146] [SEVERE ] key 85 was pressed by player 2
[17:22:50.146] [SEVERE ] player 2 placing token on slot 0
[17:22:50.439] [SEVERE ] key 75 was pressed by player 2
[17:22:50.440] [SEVERE ] player 2 placing token on slot 5
[17:22:50.440] [SEVERE ] updating countdown to 15098
[17:22:50.441] [SEVERE ] updating countdown to 15097
[17:22:50.441] [SEVERE ] updating countdown to 15097
[17:22:50.441] [SEVERE ] updating countdown to 15097
[17:22:50.442] [SEVERE ] updating countdown to 15096
[17:22:50.441] [SEVERE ] setting player 2 freeze to 3000
[17:22:50.545] [SEVERE ] setting player 4 freeze to 0
[17:22:50.546] [SEVERE ] removing player 4 token from slot 11
[17:22:50.547] [SEVERE ] setting player 3 freeze to 0
[17:22:51.002] [SEVERE ] key 85 was pressed by player 2
[17:22:51.084] [SEVERE ] key 75 was pressed by player 2
[17:22:51.442] [SEVERE ] updating countdown to 14096
[17:22:51.443] [SEVERE ] updating countdown to 14095
[17:22:51.444] [SEVERE ] updating countdown to 14094
[17:22:51.443] [SEVERE ] setting player 2 freeze to 2000
[17:22:51.546] [SEVERE ] player 4 placing token on slot 11
[17:22:51.547] [SEVERE ] updating countdown to 13991
[17:22:51.548] [SEVERE ] updating countdown to 13990
[17:22:51.549] [SEVERE ] updating countdown to 13989
[17:22:51.550] [SEVERE ] updating countdown to 13988
[17:22:51.550] [SEVERE ] updating countdown to 13988
[17:22:51.549] [SEVERE ] setting player 4 freeze to 3000
[17:22:52.445] [SEVERE ] setting player 2 freeze to 1000
[17:22:52.550] [SEVERE ] updating countdown to 12988
[17:22:52.551] [SEVERE ] setting player 4 freeze to 2000
[17:22:52.551] [SEVERE ] updating countdown to 12987
[17:22:52.552] [SEVERE ] updating countdown to 12986
[17:22:53.446] [SEVERE ] setting player 2 freeze to 0
[17:22:53.551] [SEVERE ] setting player 4 freeze to 1000
[17:22:53.552] [SEVERE ] updating countdown to 11986
[17:22:53.553] [SEVERE ] updating countdown to 11985
[17:22:53.553] [SEVERE ] updating countdown to 11985
[17:22:54.335] [SEVERE ] key 87 was pressed by player 1
[17:22:54.336] [SEVERE ] player 1 placing token on slot 1
[17:22:54.552] [SEVERE ] setting player 4 freeze to 0
[17:22:54.553] [SEVERE ] updating countdown to 10985
[17:22:54.554] [SEVERE ] updating countdown to 10984
[17:22:54.554] [SEVERE ] updating countdown to 10984
[17:22:55.005] [SEVERE ] key 68 was pressed by player 1
[17:22:55.005] [SEVERE ] player 1 placing token on slot 6
[17:22:55.555] [SEVERE ] updating countdown to 9983
[17:22:55.556] [SEVERE ] updating countdown to 9982
[17:22:55.557] [SEVERE ] updating countdown to 9981
[17:22:55.829] [SEVERE ] key 88 was pressed by player 1
[17:22:55.831] [SEVERE ] player 1 placing token on slot 9
[17:22:55.832] [SEVERE ] updating countdown to 9706
[17:22:55.833] [SEVERE ] updating countdown to 9705
[17:22:55.935] [SEVERE ] removing card from slot 1
[17:22:55.935] [SEVERE ] removing tokens from slot 1
[17:22:55.936] [SEVERE ] updating countdown to 19999
[17:22:56.036] [SEVERE ] removing card from slot 6
[17:22:56.037] [SEVERE ] removing tokens from slot 6
[17:22:56.037] [SEVERE ] updating countdown to 19999
[17:22:56.138] [SEVERE ] removing card from slot 9
[17:22:56.139] [SEVERE ] removing tokens from slot 9
[17:22:56.139] [SEVERE ] updating countdown to 19999
[17:22:56.140] [SEVERE ] setting player 1 score to 1
[17:22:56.140] [SEVERE ] updating countdown to 19999
[17:22:56.140] [SEVERE ] setting player 1 freeze to 1000
[17:22:56.142] [SEVERE ] updating countdown to 19997
[17:22:56.243] [SEVERE ] placing card 29 in slot 1
[17:22:56.344] [SEVERE ] placing card 50 in slot 6
[17:22:56.445] [SEVERE ] placing card 2 in slot 9
[17:22:56.447] [SEVERE ] updating countdown to 19692
[17:22:56.553] [SEVERE ] removing player 4 token from slot 7
[17:22:57.143] [SEVERE ] setting player 1 freeze to 0
[17:22:57.448] [SEVERE ] updating countdown to 18691
[17:22:57.449] [SEVERE ] updating countdown to 18690
[17:22:57.449] [SEVERE ] updating countdown to 18690
[17:22:57.554] [SEVERE ] player 4 placing token on slot 1
[17:22:57.555] [SEVERE ] updating countdown to 18584
[17:22:57.556] [SEVERE ] updating countdown to 18583
[17:22:57.557] [SEVERE ] updating countdown to 18582
[17:22:57.557] [SEVERE ] setting player 4 freeze to 3000
[17:22:57.557] [SEVERE ] updating countdown to 18582
[17:22:57.558] [SEVERE ] updating countdown to 18581
[17:22:58.558] [SEVERE ] setting player 4 freeze to 2000
[17:22:58.559] [SEVERE ] updating countdown to 17580
[17:22:58.560] [SEVERE ] updating countdown to 17579
[17:22:58.562] [SEVERE ] updating countdown to 17577
[17:22:59.550] [SEVERE ] removing player 3 token from slot 3
[17:22:59.559] [SEVERE ] setting player 4 freeze to 1000
[17:22:59.563] [SEVERE ] updating countdown to 16576
[17:22:59.563] [SEVERE ] updating countdown to 16576
[17:22:59.564] [SEVERE ] updating countdown to 16575
[17:23:00.550] [SEVERE ] player 3 placing token on slot 1
[17:23:00.551] [SEVERE ] updating countdown to 15588
[17:23:00.551] [SEVERE ] updating countdown to 15588
[17:23:00.552] [SEVERE ] updating countdown to 15588
[17:23:00.552] [SEVERE ] updating countdown to 15587
[17:23:00.552] [SEVERE ] updating countdown to 15587
[17:23:00.552] [SEVERE ] setting player 3 freeze to 3000
[17:23:00.560] [SEVERE ] setting player 4 freeze to 0
[17:23:01.553] [SEVERE ] updating countdown to 14586
[17:23:01.553] [SEVERE ] setting player 3 freeze to 2000
[17:23:01.553] [SEVERE ] updating countdown to 14586
[17:23:01.555] [SEVERE ] updating countdown to 14584
[17:23:01.561] [SEVERE ] removing player 4 token from slot 2
[17:23:02.554] [SEVERE ] setting player 3 freeze to 1000
[17:23:02.556] [SEVERE ] updating countdown to 13583
[17:23:02.556] [SEVERE ] updating countdown to 13583
[17:23:02.556] [SEVERE ] updating countdown to 13583
[17:23:02.561] [SEVERE ] player 4 placing token on slot 2
[17:23:02.561] [SEVERE ] updating countdown to 13578
[17:23:02.562] [SEVERE ] updating countdown to 13577
[17:23:02.562] [SEVERE ] updating countdown to 13577
[17:23:02.562] [SEVERE ] setting player 4 freeze to 3000
[17:23:02.563] [SEVERE ] updating countdown to 13576
[17:23:02.563] [SEVERE ] updating countdown to 13576
[17:23:03.555] [SEVERE ] setting player 3 freeze to 0
[17:23:03.563] [SEVERE ] setting player 4 freeze to 2000
[17:23:03.564] [SEVERE ] updating countdown to 12575
[17:23:03.565] [SEVERE ] updating countdown to 12574
[17:23:03.566] [SEVERE ] updating countdown to 12573
[17:23:04.118] [SEVERE ] key 90 was pressed by player 1
[17:23:04.119] [SEVERE ] player 1 placing token on slot 8
[17:23:04.564] [SEVERE ] setting player 4 freeze to 1000
[17:23:04.567] [SEVERE ] updating countdown to 11572
[17:23:04.568] [SEVERE ] updating countdown to 11571
[17:23:04.569] [SEVERE ] updating countdown to 11570
[17:23:04.711] [SEVERE ] key 88 was pressed by player 1
[17:23:04.712] [SEVERE ] player 1 placing token on slot 9
[17:23:05.564] [SEVERE ] setting player 4 freeze to 0
[17:23:05.570] [SEVERE ] updating countdown to 10569
[17:23:05.570] [SEVERE ] updating countdown to 10569
[17:23:05.571] [SEVERE ] updating countdown to 10568
[17:23:06.184] [SEVERE ] key 86 was pressed by player 1
[17:23:06.185] [SEVERE ] player 1 placing token on slot 11
[17:23:06.185] [SEVERE ] updating countdown to 9954
[17:23:06.185] [SEVERE ] updating countdown to 9954
[17:23:06.286] [SEVERE ] removing card from slot 8
[17:23:06.287] [SEVERE ] removing tokens from slot 8
[17:23:06.287] [SEVERE ] updating countdown to 19999
[17:23:06.388] [SEVERE ] removing card from slot 9
[17:23:06.389] [SEVERE ] removing tokens from slot 9
[17:23:06.390] [SEVERE ] updating countdown to 19999
[17:23:06.492] [SEVERE ] removing card from slot 11
[17:23:06.493] [SEVERE ] removing tokens from slot 11
[17:23:06.493] [SEVERE ] updating countdown to 19999
[17:23:06.494] [SEVERE ] setting player 1 score to 2
[17:23:06.494] [SEVERE ] updating countdown to 19999
[17:23:06.495] [SEVERE ] updating countdown to 19998
[17:23:06.494] [SEVERE ] setting player 1 freeze to 1000
[17:23:06.598] [SEVERE ] placing card 13 in slot 8
[17:23:06.699] [SEVERE ] placing card 35 in slot 9
[17:23:06.800] [SEVERE ] placing card 58 in slot 11
[17:23:06.808] [SEVERE ] updating countdown to 19685
[17:23:07.498] [SEVERE ] setting player 1 freeze to 0
[17:23:07.556] [SEVERE ] player 3 placing token on slot 2
[17:23:07.566] [SEVERE ] player 4 placing token on slot 4
[17:23:07.809] [SEVERE ] updating countdown to 18684
[17:23:07.810] [SEVERE ] updating countdown to 18683
[17:23:07.810] [SEVERE ] updating countdown to 18683
[17:23:08.811] [SEVERE ] updating countdown to 17682
[17:23:08.812] [SEVERE ] updating countdown to 17681
[17:23:08.813] [SEVERE ] updating countdown to 17680
[17:23:09.557] [SEVERE ] removing player 3 token from slot 1
[17:23:09.813] [SEVERE ] updating countdown to 16680
[17:23:09.814] [SEVERE ] updating countdown to 16679
[17:23:09.814] [SEVERE ] updating countdown to 16679
[17:23:10.557] [SEVERE ] player 3 placing token on slot 7
[17:23:10.558] [SEVERE ] updating countdown to 15935
[17:23:10.559] [SEVERE ] updating countdown to 15934
[17:23:10.559] [SEVERE ] updating countdown to 15934
[17:23:10.560] [SEVERE ] updating countdown to 15933
[17:23:10.559] [SEVERE ] setting player 3 freeze to 3000
[17:23:10.560] [SEVERE ] updating countdown to 15933
[17:23:11.561] [SEVERE ] setting player 3 freeze to 2000
[17:23:11.561] [SEVERE ] updating countdown to 14932
[17:23:11.564] [SEVERE ] updating countdown to 14929
[17:23:11.565] [SEVERE ] updating countdown to 14928
[17:23:11.567] [SEVERE ] removing player 4 token from slot 1
[17:23:12.561] [SEVERE ] setting player 3 freeze to 1000
[17:23:12.567] [SEVERE ] player 4 placing token on slot 7
[17:23:12.567] [SEVERE ] updating countdown to 13926
[17:23:12.567] [SEVERE ] updating countdown to 13926
[17:23:12.568] [SEVERE ] updating countdown to 13925
[17:23:12.568] [SEVERE ] setting player 4 freeze to 3000
[17:23:12.569] [SEVERE ] updating countdown to 13924
[17:23:12.569] [SEVERE ] updating countdown to 13924
[17:23:13.562] [SEVERE ] setting player 3 freeze to 0
[17:23:13.569] [SEVERE ] setting player 4 freeze to 2000
[17:23:13.570] [SEVERE ] updating countdown to 12923
[17:23:13.571] [SEVERE ] updating countdown to 12922
[17:23:13.572] [SEVERE ] updating countdown to 12921
[17:23:14.563] [SEVERE ] removing player 3 token from slot 2
[17:23:14.570] [SEVERE ] setting player 4 freeze to 1000
[17:23:14.573] [SEVERE ] updating countdown to 11920
[17:23:14.574] [SEVERE ] updating countdown to 11919
[17:23:14.574] [SEVERE ] updating countdown to 11919
[17:23:15.564] [SEVERE ] player 3 placing token on slot 0
[17:23:15.564] [SEVERE ] updating countdown to 10929
[17:23:15.565] [SEVERE ] updating countdown to 10928
[17:23:15.566] [SEVERE ] updating countdown to 10927
[17:23:15.566] [SEVERE ] updating countdown to 10927
[17:23:15.566] [SEVERE ] updating countdown to 10927
[17:23:15.566] [SEVERE ] setting player 3 freeze to 3000
[17:23:15.571] [SEVERE ] setting player 4 freeze to 0
[17:23:15.571] [SEVERE ] removing player 4 token from slot 7
[17:23:16.567] [SEVERE ] updating countdown to 9926
[17:23:16.568] [SEVERE ] updating countdown to 9925
[17:23:16.570] [SEVERE ] updating countdown to 9923
[17:23:16.567] [SEVERE ] setting player 3 freeze to 2000
[17:23:16.572] [SEVERE ] removing player 4 token from slot 4
[17:23:17.571] [SEVERE ] updating countdown to 8922
[17:23:17.571] [SEVERE ] setting player 3 freeze to 1000
[17:23:17.571] [SEVERE ] updating countdown to 8922
[17:23:17.572] [SEVERE ] player 4 placing token on slot 5
[17:23:17.572] [SEVERE ] updating countdown to 8921
[17:23:18.572] [SEVERE ] setting player 3 freeze to 0
[17:23:18.572] [SEVERE ] removing player 4 token from slot 2
[17:23:18.573] [SEVERE ] updating countdown to 7920
[17:23:18.573] [SEVERE ] updating countdown to 7920
[17:23:18.574] [SEVERE ] updating countdown to 7919
[17:23:19.572] [SEVERE ] player 4 placing token on slot 6
[17:23:19.574] [SEVERE ] updating countdown to 6919
[17:23:19.575] [SEVERE ] updating countdown to 6918
[17:23:19.575] [SEVERE ] updating countdown to 6918
[17:23:20.573] [SEVERE ] player 4 placing token on slot 9
[17:23:20.573] [SEVERE ] updating countdown to 5920
[17:23:20.574] [SEVERE ] updating countdown to 5919
[17:23:20.575] [SEVERE ] updating countdown to 5918
[17:23:20.575] [SEVERE ] setting player 4 freeze to 3000
[17:23:20.575] [SEVERE ] updating countdown to 5918
[17:23:20.576] [SEVERE ] updating countdown to 5917
[17:23:21.576] [SEVERE ] setting player 4 freeze to 2000
[17:23:22.577] [SEVERE ] setting player 4 freeze to 1000
[17:23:23.577] [SEVERE ] setting player 4 freeze to 0
[17:23:24.493] [SEVERE ] updating countdown to 2000
[17:23:24.852] [SEVERE ] key 75 was pressed by player 2
[17:23:24.853] [SEVERE ] removing player 2 token from slot 5
[17:23:24.853] [SEVERE ] key 76 was pressed by player 2
[17:23:24.853] [SEVERE ] player 2 placing token on slot 6
[17:23:24.853] [SEVERE ] key 74 was pressed by player 2
[17:23:24.854] [SEVERE ] player 2 placing token on slot 4
[17:23:24.854] [SEVERE ] setting player 2 freeze to 3000
[17:23:25.058] [SEVERE ] key 74 was pressed by player 2
[17:23:25.059] [SEVERE ] key 75 was pressed by player 2
[17:23:25.059] [SEVERE ] key 76 was pressed by player 2
[17:23:25.493] [SEVERE ] updating countdown to 1000
[17:23:25.493] [SEVERE ] updating countdown to 1000
[17:23:25.494] [SEVERE ] updating countdown to 1000
[17:23:25.855] [SEVERE ] setting player 2 freeze to 2000
[17:23:26.493] [SEVERE ] updating countdown to 0
[17:23:26.493] [SEVERE ] updating countdown to 0
[17:23:26.494] [SEVERE ] updating countdown to 0
[17:23:26.594] [SEVERE ] removing card from slot 0
[17:23:26.595] [SEVERE ] removing tokens from slot 0
[17:23:26.695] [SEVERE ] removing card from slot 1
[17:23:26.696] [SEVERE ] removing tokens from slot 1
[17:23:26.796] [SEVERE ] removing card from slot 2
[17:23:26.797] [SEVERE ] removing tokens from slot 2
[17:23:26.856] [SEVERE ] setting player 2 freeze to 1000
[17:23:26.897] [SEVERE ] removing card from slot 3
[17:23:26.898] [SEVERE ] removing tokens from slot 3
[17:23:26.998] [SEVERE ] removing card from slot 4
[17:23:26.999] [SEVERE ] removing tokens from slot 4
[17:23:27.100] [SEVERE ] removing card from slot 5
[17:23:27.100] [SEVERE ] removing tokens from slot 5
[17:23:27.201] [SEVERE ] removing card from slot 6
[17:23:27.201] [SEVERE ] removing tokens from slot 6
[17:23:27.302] [SEVERE ] removing card from slot 7
[17:23:27.302] [SEVERE ] removing tokens from slot 7
[17:23:27.403] [SEVERE ] removing card from slot 8
[17:23:27.404] [SEVERE ] removing tokens from slot 8
[17:23:27.504] [SEVERE ] removing card from slot 9
[17:23:27.504] [SEVERE ] removing tokens from slot 9
[17:23:27.605] [SEVERE ] removing card from slot 10
[17:23:27.606] [SEVERE ] removing tokens from slot 10
[17:23:27.706] [SEVERE ] removing card from slot 11
[17:23:27.707] [SEVERE ] removing tokens from slot 11
[17:23:27.808] [SEVERE ] placing card 46 in slot 0
[17:23:27.856] [SEVERE ] setting player 2 freeze to 0
[17:23:27.908] [SEVERE ] placing card 58 in slot 1
[17:23:28.009] [SEVERE ] placing card 39 in slot 2
[17:23:28.110] [SEVERE ] placing card 44 in slot 3
[17:23:28.210] [SEVERE ] placing card 6 in slot 4
[17:23:28.311] [SEVERE ] placing card 30 in slot 5
[17:23:28.412] [SEVERE ] placing card 75 in slot 6
[17:23:28.512] [SEVERE ] placing card 37 in slot 7
[17:23:28.613] [SEVERE ] placing card 21 in slot 8
[17:23:28.714] [SEVERE ] placing card 23 in slot 9
[17:23:28.815] [SEVERE ] placing card 69 in slot 10
[17:23:28.916] [SEVERE ] placing card 43 in slot 11
[17:23:28.916] [SEVERE ] player 3 placing token on slot 0
[17:23:28.919] [SEVERE ] updating countdown to 19999
[17:23:28.916] [SEVERE ] player 4 placing token on slot 11
[17:23:29.332] [SEVERE ] exit button pressed
[17:23:29.917] [SEVERE ] player 4 placing token on slot 10
[17:23:29.917] [SEVERE ] player 3 placing token on slot 6
[17:23:30.333] [SEVERE ] updating countdown to 18587
[17:23:30.334] [SEVERE ] updating countdown to 18586
[17:23:30.335] [SEVERE ] updating countdown to 18585
[17:23:30.436] [SEVERE ] removing card from slot 0
[17:23:30.437] [SEVERE ] removing tokens from slot 0
[17:23:30.538] [SEVERE ] removing card from slot 1
[17:23:30.539] [SEVERE ] removing tokens from slot 1
[17:23:30.640] [SEVERE ] removing card from slot 2
[17:23:30.642] [SEVERE ] removing tokens from slot 2
[17:23:30.743] [SEVERE ] removing card from slot 3
[17:23:30.744] [SEVERE ] removing tokens from slot 3
[17:23:30.844] [SEVERE ] removing card from slot 4
[17:23:30.845] [SEVERE ] removing tokens from slot 4
[17:23:30.946] [SEVERE ] removing card from slot 5
[17:23:30.947] [SEVERE ] removing tokens from slot 5
[17:23:31.047] [SEVERE ] removing card from slot 6
[17:23:31.048] [SEVERE ] removing tokens from slot 6
[17:23:31.148] [SEVERE ] removing card from slot 7
[17:23:31.149] [SEVERE ] removing tokens from slot 7
[17:23:31.249] [SEVERE ] removing card from slot 8
[17:23:31.250] [SEVERE ] removing tokens from slot 8
[17:23:31.350] [SEVERE ] removing card from slot 9
[17:23:31.350] [SEVERE ] removing tokens from slot 9
[17:23:31.451] [SEVERE ] removing card from slot 10
[17:23:31.451] [SEVERE ] removing tokens from slot 10
[17:23:31.552] [SEVERE ] removing card from slot 11
[17:23:31.553] [SEVERE ] removing tokens from slot 11
[17:23:31.555] [SEVERE ] announcing winner(s): player 1
[17:23:31.560] [INFO   ] thread computer-3 terminated.
[17:23:31.560] [INFO   ] thread Thread-4 terminated.
[17:23:31.561] [INFO   ] thread computer-2 terminated.
[17:23:31.562] [INFO   ] thread Thread-3 terminated.
[17:23:31.562] [INFO   ] thread Thread-2 terminated.
[17:23:31.563] [INFO   ] thread Thread-1 terminated.
[17:23:31.563] [INFO   ] thread dealer terminated.
[17:23:31.564] [INFO   ] thread dealer terminated.
[17:23:31.564] [SEVERE ] thanks for playing... it was fun!
[17:23:31.564] [INFO   ] thread bguspl.set.Main.main() terminated.
