[15:19:58.060] [INFO   ] thread bguspl.set.Main.main() starting.
[15:19:58.070] [SEVERE ] cannot read configuration file config.properties trying from resources.
[15:19:58.077] [SEVERE ] configuration file was loaded from resources directory.
[15:19:59.299] [INFO   ] thread dealer starting.
[15:19:59.300] [INFO   ] thread dealer starting.
[15:19:59.303] [INFO   ] thread computer-3 starting.
[15:19:59.303] [INFO   ] thread computer-2 starting.
[15:19:59.407] [SEVERE ] placing card 35 in slot 0
[15:19:59.509] [SEVERE ] placing card 31 in slot 1
[15:19:59.610] [SEVERE ] placing card 21 in slot 2
[15:19:59.711] [SEVERE ] placing card 26 in slot 3
[15:19:59.812] [SEVERE ] placing card 57 in slot 4
[15:19:59.913] [SEVERE ] placing card 65 in slot 5
[15:20:00.014] [SEVERE ] placing card 34 in slot 6
[15:20:00.116] [SEVERE ] placing card 50 in slot 7
[15:20:00.217] [SEVERE ] placing card 8 in slot 8
[15:20:00.318] [SEVERE ] placing card 17 in slot 9
[15:20:00.420] [SEVERE ] placing card 3 in slot 10
[15:20:00.521] [SEVERE ] placing card 69 in slot 11
[15:20:00.528] [SEVERE ] updating countdown to 19999
[15:20:00.528] [SEVERE ] player 3 placing token on slot 8
[15:20:00.528] [SEVERE ] player 4 placing token on slot 6
[15:20:01.519] [INFO   ] time 19009
[15:20:01.520] [SEVERE ] updating countdown to 19009
[15:20:01.522] [SEVERE ] player 3 placing token on slot 4
[15:20:01.522] [SEVERE ] player 4 placing token on slot 5
[15:20:02.511] [INFO   ] time 18017
[15:20:02.512] [SEVERE ] updating countdown to 18017
[15:20:02.523] [SEVERE ] player 4 placing token on slot 10
[15:20:02.523] [SEVERE ] removing player 3 token from slot 4
[15:20:02.524] [INFO   ] time 18004
[15:20:02.525] [SEVERE ] updating countdown to 18004
[15:20:02.526] [SEVERE ] setting player 4 freeze to 3000
[15:20:03.516] [INFO   ] time 17012
[15:20:03.517] [SEVERE ] updating countdown to 17012
[15:20:03.523] [SEVERE ] player 3 placing token on slot 3
[15:20:03.527] [SEVERE ] setting player 4 freeze to 2000
[15:20:04.508] [INFO   ] time 16021
[15:20:04.508] [SEVERE ] updating countdown to 16021
[15:20:04.523] [SEVERE ] player 3 placing token on slot 11
[15:20:04.524] [INFO   ] time 16004
[15:20:04.525] [SEVERE ] updating countdown to 16004
[15:20:04.525] [SEVERE ] setting player 3 freeze to 3000
[15:20:04.528] [SEVERE ] setting player 4 freeze to 1000
[15:20:05.515] [INFO   ] time 15013
[15:20:05.516] [SEVERE ] updating countdown to 15013
[15:20:05.526] [SEVERE ] setting player 3 freeze to 2000
[15:20:05.529] [SEVERE ] setting player 4 freeze to 0
[15:20:06.507] [INFO   ] time 14021
[15:20:06.507] [SEVERE ] updating countdown to 14021
[15:20:06.528] [SEVERE ] setting player 3 freeze to 1000
[15:20:07.498] [INFO   ] time 13030
[15:20:07.499] [SEVERE ] updating countdown to 13030
[15:20:07.529] [SEVERE ] setting player 3 freeze to 0
[15:20:08.490] [INFO   ] time 12038
[15:20:08.491] [SEVERE ] updating countdown to 12038
[15:20:08.531] [SEVERE ] removing player 4 token from slot 10
[15:20:09.484] [INFO   ] time 11045
[15:20:09.485] [SEVERE ] updating countdown to 11045
[15:20:09.531] [SEVERE ] player 4 placing token on slot 8
[15:20:09.532] [INFO   ] time 10996
[15:20:09.533] [SEVERE ] updating countdown to 10996
[15:20:09.533] [SEVERE ] setting player 4 freeze to 3000
[15:20:10.524] [INFO   ] time 10004
[15:20:10.525] [SEVERE ] updating countdown to 10004
[15:20:10.531] [SEVERE ] removing player 3 token from slot 8
[15:20:10.534] [SEVERE ] setting player 4 freeze to 2000
[15:20:11.516] [INFO   ] time 9012
[15:20:11.517] [SEVERE ] updating countdown to 9012
[15:20:11.531] [SEVERE ] player 3 placing token on slot 10
[15:20:11.532] [INFO   ] time 8996
[15:20:11.532] [SEVERE ] updating countdown to 8996
[15:20:11.533] [SEVERE ] setting player 3 freeze to 3000
[15:20:11.535] [SEVERE ] setting player 4 freeze to 1000
[15:20:12.523] [INFO   ] time 8005
[15:20:12.524] [SEVERE ] updating countdown to 8005
[15:20:12.534] [SEVERE ] setting player 3 freeze to 2000
[15:20:12.536] [SEVERE ] setting player 4 freeze to 0
[15:20:13.515] [INFO   ] time 7013
[15:20:13.515] [SEVERE ] updating countdown to 7013
[15:20:13.535] [SEVERE ] setting player 3 freeze to 1000
[15:20:13.537] [SEVERE ] removing player 4 token from slot 5
[15:20:14.345] [SEVERE ] exit button pressed
[15:20:14.346] [INFO   ] time 6182
[15:20:14.346] [SEVERE ] updating countdown to 6182
[15:20:14.447] [SEVERE ] removing card from slot 0
[15:20:14.448] [SEVERE ] removing tokens from slot 0
[15:20:14.536] [SEVERE ] setting player 3 freeze to 0
[15:20:14.549] [SEVERE ] removing card from slot 1
[15:20:14.549] [SEVERE ] removing tokens from slot 1
[15:20:14.650] [SEVERE ] removing card from slot 2
[15:20:14.650] [SEVERE ] removing tokens from slot 2
[15:20:14.751] [SEVERE ] removing card from slot 3
[15:20:14.752] [SEVERE ] removing tokens from slot 3
[15:20:14.852] [SEVERE ] removing card from slot 4
[15:20:14.853] [SEVERE ] removing tokens from slot 4
[15:20:14.954] [SEVERE ] removing card from slot 5
[15:20:14.954] [SEVERE ] removing tokens from slot 5
[15:20:15.055] [SEVERE ] removing card from slot 6
[15:20:15.055] [SEVERE ] removing tokens from slot 6
[15:20:15.156] [SEVERE ] removing card from slot 7
[15:20:15.157] [SEVERE ] removing tokens from slot 7
[15:20:15.257] [SEVERE ] removing card from slot 8
[15:20:15.258] [SEVERE ] removing tokens from slot 8
[15:20:15.359] [SEVERE ] removing card from slot 9
[15:20:15.360] [SEVERE ] removing tokens from slot 9
[15:20:15.461] [SEVERE ] removing card from slot 10
[15:20:15.461] [SEVERE ] removing tokens from slot 10
[15:20:15.562] [SEVERE ] removing card from slot 11
[15:20:15.564] [SEVERE ] removing tokens from slot 11
[15:20:15.565] [SEVERE ] announcing winner(s): player 1, player 2, player 3, player 4
[15:20:15.568] [INFO   ] thread computer-3 terminated.
[15:20:15.569] [INFO   ] thread Thread-4 terminated.
[15:20:15.570] [INFO   ] thread computer-2 terminated.
[15:20:15.571] [INFO   ] thread Thread-3 terminated.
[15:20:15.572] [INFO   ] thread Thread-2 terminated.
[15:20:15.572] [INFO   ] thread Thread-1 terminated.
[15:20:15.573] [INFO   ] thread dealer terminated.
[15:20:15.574] [INFO   ] thread dealer terminated.
[15:20:15.574] [SEVERE ] thanks for playing... it was fun!
[15:20:15.575] [INFO   ] thread bguspl.set.Main.main() terminated.
