[15:17:04.834] [INFO   ] thread bguspl.set.Main.main() starting.
[15:17:04.848] [SEVERE ] cannot read configuration file config.properties trying from resources.
[15:17:04.858] [SEVERE ] configuration file was loaded from resources directory.
[15:17:06.078] [INFO   ] thread dealer starting.
[15:17:06.080] [INFO   ] thread dealer starting.
[15:17:06.082] [INFO   ] thread computer-3 starting.
[15:17:06.082] [INFO   ] thread computer-2 starting.
[15:17:06.189] [SEVERE ] placing card 47 in slot 0
[15:17:06.292] [SEVERE ] placing card 48 in slot 1
[15:17:06.393] [SEVERE ] placing card 21 in slot 2
[15:17:06.494] [SEVERE ] placing card 23 in slot 3
[15:17:06.595] [SEVERE ] placing card 57 in slot 4
[15:17:06.696] [SEVERE ] placing card 46 in slot 5
[15:17:06.797] [SEVERE ] placing card 66 in slot 6
[15:17:06.898] [SEVERE ] placing card 35 in slot 7
[15:17:06.999] [SEVERE ] placing card 9 in slot 8
[15:17:07.100] [SEVERE ] placing card 64 in slot 9
[15:17:07.201] [SEVERE ] placing card 68 in slot 10
[15:17:07.302] [SEVERE ] placing card 76 in slot 11
[15:17:07.308] [SEVERE ] updating countdown to 19999
[15:17:07.308] [SEVERE ] player 4 placing token on slot 2
[15:17:07.308] [SEVERE ] player 3 placing token on slot 7
[15:17:08.303] [SEVERE ] player 4 placing token on slot 4
[15:17:08.304] [SEVERE ] player 3 placing token on slot 4
[15:17:08.309] [INFO   ] time 18999
[15:17:08.310] [SEVERE ] updating countdown to 18999
[15:17:09.303] [SEVERE ] player 3 placing token on slot 6
[15:17:09.303] [SEVERE ] removing player 4 token from slot 2
[15:17:09.304] [INFO   ] time 18004
[15:17:09.305] [SEVERE ] updating countdown to 18004
[15:17:09.305] [SEVERE ] setting player 3 freeze to 3000
[15:17:10.304] [SEVERE ] player 4 placing token on slot 9
[15:17:10.305] [INFO   ] time 17003
[15:17:10.306] [SEVERE ] updating countdown to 17003
[15:17:10.306] [SEVERE ] setting player 3 freeze to 2000
[15:17:11.304] [SEVERE ] player 4 placing token on slot 5
[15:17:11.305] [INFO   ] time 16003
[15:17:11.305] [SEVERE ] updating countdown to 16003
[15:17:11.306] [SEVERE ] setting player 4 freeze to 3000
[15:17:11.307] [SEVERE ] setting player 3 freeze to 1000
[15:17:12.306] [INFO   ] time 15002
[15:17:12.306] [SEVERE ] setting player 4 freeze to 2000
[15:17:12.307] [SEVERE ] updating countdown to 15002
[15:17:12.308] [SEVERE ] setting player 3 freeze to 0
[15:17:13.308] [SEVERE ] setting player 4 freeze to 1000
[15:17:13.309] [INFO   ] time 13999
[15:17:13.309] [SEVERE ] updating countdown to 13999
[15:17:14.309] [SEVERE ] setting player 4 freeze to 0
[15:17:14.310] [SEVERE ] removing player 3 token from slot 4
[15:17:14.310] [INFO   ] time 12998
[15:17:14.311] [SEVERE ] removing player 4 token from slot 4
[15:17:14.311] [SEVERE ] updating countdown to 12998
[15:17:15.310] [SEVERE ] player 4 placing token on slot 8
[15:17:15.310] [SEVERE ] player 3 placing token on slot 1
[15:17:15.311] [INFO   ] time 11997
[15:17:15.312] [SEVERE ] updating countdown to 11997
[15:17:15.313] [INFO   ] time 11995
[15:17:15.313] [SEVERE ] updating countdown to 11995
[15:17:15.313] [SEVERE ] setting player 4 freeze to 3000
[15:17:15.314] [SEVERE ] setting player 3 freeze to 3000
[15:17:15.572] [SEVERE ] exit button pressed
[15:17:15.573] [INFO   ] time 11735
[15:17:15.573] [SEVERE ] updating countdown to 11735
[15:17:15.674] [SEVERE ] removing card from slot 0
[15:17:15.674] [SEVERE ] removing tokens from slot 0
[15:17:15.775] [SEVERE ] removing card from slot 1
[15:17:15.776] [SEVERE ] removing tokens from slot 1
[15:17:15.877] [SEVERE ] removing card from slot 2
[15:17:15.878] [SEVERE ] removing tokens from slot 2
[15:17:15.979] [SEVERE ] removing card from slot 3
[15:17:15.980] [SEVERE ] removing tokens from slot 3
[15:17:16.081] [SEVERE ] removing card from slot 4
[15:17:16.082] [SEVERE ] removing tokens from slot 4
[15:17:16.183] [SEVERE ] removing card from slot 5
[15:17:16.184] [SEVERE ] removing tokens from slot 5
[15:17:16.285] [SEVERE ] removing card from slot 6
[15:17:16.286] [SEVERE ] removing tokens from slot 6
[15:17:16.315] [SEVERE ] setting player 4 freeze to 2000
[15:17:16.315] [SEVERE ] setting player 3 freeze to 2000
[15:17:16.387] [SEVERE ] removing card from slot 7
[15:17:16.388] [SEVERE ] removing tokens from slot 7
[15:17:16.489] [SEVERE ] removing card from slot 8
[15:17:16.489] [SEVERE ] removing tokens from slot 8
[15:17:16.590] [SEVERE ] removing card from slot 9
[15:17:16.591] [SEVERE ] removing tokens from slot 9
[15:17:16.692] [SEVERE ] removing card from slot 10
[15:17:16.693] [SEVERE ] removing tokens from slot 10
[15:17:16.794] [SEVERE ] removing card from slot 11
[15:17:16.795] [SEVERE ] removing tokens from slot 11
[15:17:16.797] [SEVERE ] announcing winner(s): player 1, player 2, player 3, player 4
[15:17:16.798] [INFO   ] thread computer-3 terminated.
[15:17:16.798] [SEVERE ] setting player 4 freeze to 0
[15:17:16.800] [INFO   ] thread Thread-4 terminated.
[15:17:16.800] [INFO   ] thread computer-2 terminated.
[15:17:16.800] [SEVERE ] setting player 3 freeze to 0
[15:17:16.801] [INFO   ] thread Thread-3 terminated.
[15:17:16.802] [INFO   ] thread Thread-2 terminated.
[15:17:16.803] [INFO   ] thread Thread-1 terminated.
[15:17:16.803] [INFO   ] thread dealer terminated.
[15:17:16.804] [INFO   ] thread dealer terminated.
[15:17:16.804] [SEVERE ] thanks for playing... it was fun!
[15:17:16.805] [INFO   ] thread bguspl.set.Main.main() terminated.
