[15:47:28.209] [INFO   ] thread bguspl.set.Main.main() starting.
[15:47:28.220] [SEVERE ] cannot read configuration file config.properties trying from resources.
[15:47:28.227] [SEVERE ] configuration file was loaded from resources directory.
[15:47:29.472] [INFO   ] thread dealer starting.
[15:47:29.473] [INFO   ] thread dealer starting.
[15:47:29.475] [INFO   ] thread computer-3 starting.
[15:47:29.475] [INFO   ] thread computer-2 starting.
[15:47:29.579] [SEVERE ] placing card 59 in slot 0
[15:47:29.680] [SEVERE ] placing card 38 in slot 1
[15:47:29.781] [SEVERE ] placing card 35 in slot 2
[15:47:29.882] [SEVERE ] placing card 0 in slot 3
[15:47:29.983] [SEVERE ] placing card 16 in slot 4
[15:47:30.084] [SEVERE ] placing card 60 in slot 5
[15:47:30.185] [SEVERE ] placing card 44 in slot 6
[15:47:30.286] [SEVERE ] placing card 1 in slot 7
[15:47:30.387] [SEVERE ] placing card 55 in slot 8
[15:47:30.488] [SEVERE ] placing card 25 in slot 9
[15:47:30.589] [SEVERE ] placing card 42 in slot 10
[15:47:30.690] [SEVERE ] placing card 4 in slot 11
[15:47:30.696] [SEVERE ] updating countdown to 19999
[15:47:30.696] [SEVERE ] player 4 placing token on slot 7
[15:47:30.696] [SEVERE ] player 3 placing token on slot 0
[15:47:31.691] [SEVERE ] player 4 placing token on slot 2
[15:47:31.691] [SEVERE ] player 3 placing token on slot 10
[15:47:31.698] [INFO   ] time 19000
[15:47:31.699] [SEVERE ] updating countdown to 19000
[15:47:32.692] [SEVERE ] player 4 placing token on slot 11
[15:47:32.692] [SEVERE ] player 3 placing token on slot 7
[15:47:32.693] [INFO   ] time 18000
[15:47:32.695] [SEVERE ] updating countdown to 18000
[15:47:32.697] [INFO   ] time 18000
[15:47:32.698] [SEVERE ] updating countdown to 18000
[15:47:32.697] [SEVERE ] setting player 4 freeze to 3000
[15:47:32.700] [SEVERE ] setting player 3 freeze to 3000
[15:47:33.700] [INFO   ] time 17000
[15:47:33.701] [SEVERE ] updating countdown to 17000
[15:47:33.701] [SEVERE ] setting player 4 freeze to 2000
[15:47:33.701] [SEVERE ] setting player 3 freeze to 2000
[15:47:34.702] [INFO   ] time 16000
[15:47:34.702] [SEVERE ] setting player 4 freeze to 1000
[15:47:34.702] [SEVERE ] updating countdown to 16000
[15:47:34.702] [SEVERE ] setting player 3 freeze to 1000
[15:47:35.703] [SEVERE ] setting player 4 freeze to 0
[15:47:35.703] [INFO   ] time 15000
[15:47:35.704] [SEVERE ] setting player 3 freeze to 0
[15:47:35.704] [SEVERE ] updating countdown to 15000
[15:47:36.705] [SEVERE ] removing player 4 token from slot 11
[15:47:36.706] [INFO   ] time 14000
[15:47:36.707] [SEVERE ] updating countdown to 14000
[15:47:37.705] [SEVERE ] player 4 placing token on slot 8
[15:47:37.707] [INFO   ] time 13000
[15:47:37.707] [SEVERE ] updating countdown to 13000
[15:47:37.710] [SEVERE ] setting player 4 freeze to 3000
[15:47:38.710] [INFO   ] time 12000
[15:47:38.711] [SEVERE ] updating countdown to 12000
[15:47:38.712] [SEVERE ] setting player 4 freeze to 2000
[15:47:39.706] [SEVERE ] removing player 3 token from slot 0
[15:47:39.712] [INFO   ] time 11000
[15:47:39.713] [SEVERE ] setting player 4 freeze to 1000
[15:47:39.713] [SEVERE ] updating countdown to 11000
[15:47:40.707] [SEVERE ] player 3 placing token on slot 6
[15:47:40.708] [INFO   ] time 10000
[15:47:40.708] [SEVERE ] updating countdown to 10000
[15:47:40.709] [SEVERE ] setting player 3 freeze to 3000
[15:47:40.713] [SEVERE ] setting player 4 freeze to 0
[15:47:41.709] [INFO   ] time 9000
[15:47:41.711] [SEVERE ] updating countdown to 9000
[15:47:41.710] [SEVERE ] setting player 3 freeze to 2000
[15:47:42.712] [INFO   ] time 8000
[15:47:42.712] [SEVERE ] updating countdown to 8000
[15:47:42.714] [SEVERE ] setting player 3 freeze to 1000
[15:47:43.713] [INFO   ] time 7000
[15:47:43.713] [SEVERE ] updating countdown to 7000
[15:47:43.715] [SEVERE ] setting player 3 freeze to 0
[15:47:44.715] [INFO   ] time 6000
[15:47:44.716] [SEVERE ] updating countdown to 6000
[15:47:44.717] [SEVERE ] removing player 3 token from slot 6
[15:47:45.717] [SEVERE ] player 3 placing token on slot 3
[15:47:45.717] [INFO   ] time 4980
[15:47:45.719] [SEVERE ] setting player 3 freeze to 3000
[15:47:45.729] [INFO   ] time 4968
[15:47:45.740] [INFO   ] time 4957
[15:47:45.751] [INFO   ] time 4946
[15:47:45.763] [INFO   ] time 4934
[15:47:45.775] [INFO   ] time 4922
[15:47:45.786] [INFO   ] time 4911
[15:47:45.797] [INFO   ] time 4900
[15:47:45.808] [INFO   ] time 4889
[15:47:45.819] [INFO   ] time 4878
[15:47:45.831] [INFO   ] time 4867
[15:47:45.842] [INFO   ] time 4855
[15:47:45.853] [INFO   ] time 4844
[15:47:45.864] [INFO   ] time 4833
[15:47:45.875] [INFO   ] time 4822
[15:47:45.887] [INFO   ] time 4810
[15:47:45.898] [INFO   ] time 4799
[15:47:45.909] [INFO   ] time 4788
[15:47:45.921] [INFO   ] time 4776
[15:47:45.932] [INFO   ] time 4765
[15:47:45.943] [INFO   ] time 4754
[15:47:45.955] [INFO   ] time 4742
[15:47:45.966] [INFO   ] time 4731
[15:47:45.977] [INFO   ] time 4720
[15:47:45.988] [INFO   ] time 4709
[15:47:45.999] [INFO   ] time 4698
[15:47:46.011] [INFO   ] time 4686
[15:47:46.023] [INFO   ] time 4674
[15:47:46.034] [INFO   ] time 4663
[15:47:46.045] [INFO   ] time 4652
[15:47:46.056] [INFO   ] time 4641
[15:47:46.068] [INFO   ] time 4629
[15:47:46.079] [INFO   ] time 4618
[15:47:46.090] [INFO   ] time 4607
[15:47:46.101] [INFO   ] time 4596
[15:47:46.113] [INFO   ] time 4584
[15:47:46.124] [INFO   ] time 4573
[15:47:46.135] [INFO   ] time 4562
[15:47:46.146] [INFO   ] time 4551
[15:47:46.157] [INFO   ] time 4540
[15:47:46.163] [SEVERE ] key 83 was pressed by player 1
[15:47:46.163] [SEVERE ] player 1 placing token on slot 5
[15:47:46.168] [INFO   ] time 4529
[15:47:46.179] [INFO   ] time 4518
[15:47:46.190] [INFO   ] time 4507
[15:47:46.201] [INFO   ] time 4496
[15:47:46.212] [INFO   ] time 4485
[15:47:46.223] [INFO   ] time 4474
[15:47:46.234] [INFO   ] time 4463
[15:47:46.246] [INFO   ] time 4451
[15:47:46.257] [INFO   ] time 4440
[15:47:46.268] [INFO   ] time 4429
[15:47:46.279] [INFO   ] time 4418
[15:47:46.290] [INFO   ] time 4407
[15:47:46.301] [INFO   ] time 4396
[15:47:46.313] [INFO   ] time 4384
[15:47:46.324] [INFO   ] time 4373
[15:47:46.335] [INFO   ] time 4362
[15:47:46.346] [INFO   ] time 4351
[15:47:46.357] [INFO   ] time 4340
[15:47:46.361] [SEVERE ] key 65 was pressed by player 1
[15:47:46.361] [SEVERE ] player 1 placing token on slot 4
[15:47:46.368] [INFO   ] time 4329
[15:47:46.379] [INFO   ] time 4318
[15:47:46.390] [INFO   ] time 4307
[15:47:46.401] [INFO   ] time 4296
[15:47:46.412] [INFO   ] time 4285
[15:47:46.423] [INFO   ] time 4274
[15:47:46.434] [INFO   ] time 4263
[15:47:46.445] [INFO   ] time 4252
[15:47:46.456] [SEVERE ] key 68 was pressed by player 1
[15:47:46.456] [SEVERE ] player 1 placing token on slot 6
[15:47:46.456] [INFO   ] time 4241
[15:47:46.457] [SEVERE ] setting player 1 freeze to 3000
[15:47:46.467] [INFO   ] time 4230
[15:47:46.478] [INFO   ] time 4219
[15:47:46.489] [INFO   ] time 4208
[15:47:46.500] [INFO   ] time 4197
[15:47:46.511] [INFO   ] time 4186
[15:47:46.522] [INFO   ] time 4175
[15:47:46.533] [INFO   ] time 4164
[15:47:46.544] [INFO   ] time 4153
[15:47:46.555] [INFO   ] time 4142
[15:47:46.558] [SEVERE ] key 65 was pressed by player 1
[15:47:46.567] [INFO   ] time 4131
[15:47:46.578] [INFO   ] time 4119
[15:47:46.589] [INFO   ] time 4108
[15:47:46.600] [INFO   ] time 4097
[15:47:46.611] [INFO   ] time 4086
[15:47:46.617] [SEVERE ] key 83 was pressed by player 1
[15:47:46.622] [INFO   ] time 4075
[15:47:46.633] [INFO   ] time 4064
[15:47:46.644] [INFO   ] time 4053
[15:47:46.655] [INFO   ] time 4042
[15:47:46.666] [INFO   ] time 4031
[15:47:46.678] [INFO   ] time 4020
[15:47:46.688] [INFO   ] time 4009
[15:47:46.699] [INFO   ] time 3998
[15:47:46.711] [INFO   ] time 3986
[15:47:46.714] [SEVERE ] key 68 was pressed by player 1
[15:47:46.720] [SEVERE ] setting player 3 freeze to 2000
[15:47:46.722] [INFO   ] time 3976
[15:47:46.733] [INFO   ] time 3965
[15:47:46.744] [INFO   ] time 3953
[15:47:46.755] [INFO   ] time 3942
[15:47:46.760] [SEVERE ] key 65 was pressed by player 1
[15:47:46.766] [INFO   ] time 3932
[15:47:46.777] [INFO   ] time 3920
[15:47:46.788] [INFO   ] time 3909
[15:47:46.798] [INFO   ] time 3899
[15:47:46.809] [SEVERE ] key 83 was pressed by player 1
[15:47:46.809] [INFO   ] time 3888
[15:47:46.820] [INFO   ] time 3877
[15:47:46.831] [INFO   ] time 3866
[15:47:46.842] [INFO   ] time 3855
[15:47:46.853] [INFO   ] time 3844
[15:47:46.864] [INFO   ] time 3833
[15:47:46.875] [INFO   ] time 3822
[15:47:46.886] [INFO   ] time 3811
[15:47:46.897] [INFO   ] time 3800
[15:47:46.908] [INFO   ] time 3789
[15:47:46.919] [INFO   ] time 3778
[15:47:46.930] [INFO   ] time 3767
[15:47:46.941] [INFO   ] time 3756
[15:47:46.952] [INFO   ] time 3745
[15:47:46.963] [INFO   ] time 3734
[15:47:46.971] [SEVERE ] key 65 was pressed by player 1
[15:47:46.974] [INFO   ] time 3723
[15:47:46.985] [INFO   ] time 3712
[15:47:46.985] [SEVERE ] key 83 was pressed by player 1
[15:47:46.997] [INFO   ] time 3700
[15:47:47.008] [INFO   ] time 3689
[15:47:47.019] [INFO   ] time 3678
[15:47:47.030] [INFO   ] time 3667
[15:47:47.041] [INFO   ] time 3656
[15:47:47.052] [INFO   ] time 3645
[15:47:47.063] [INFO   ] time 3634
[15:47:47.074] [INFO   ] time 3623
[15:47:47.085] [INFO   ] time 3612
[15:47:47.096] [INFO   ] time 3601
[15:47:47.107] [INFO   ] time 3590
[15:47:47.118] [INFO   ] time 3579
[15:47:47.129] [INFO   ] time 3568
[15:47:47.140] [INFO   ] time 3557
[15:47:47.150] [SEVERE ] key 68 was pressed by player 1
[15:47:47.151] [INFO   ] time 3546
[15:47:47.162] [INFO   ] time 3535
[15:47:47.173] [INFO   ] time 3524
[15:47:47.184] [INFO   ] time 3513
[15:47:47.195] [INFO   ] time 3502
[15:47:47.206] [INFO   ] time 3491
[15:47:47.217] [INFO   ] time 3480
[15:47:47.228] [INFO   ] time 3469
[15:47:47.239] [INFO   ] time 3458
[15:47:47.250] [INFO   ] time 3447
[15:47:47.261] [INFO   ] time 3436
[15:47:47.272] [INFO   ] time 3425
[15:47:47.283] [INFO   ] time 3414
[15:47:47.295] [INFO   ] time 3402
[15:47:47.306] [INFO   ] time 3391
[15:47:47.317] [INFO   ] time 3380
[15:47:47.328] [INFO   ] time 3369
[15:47:47.339] [INFO   ] time 3358
[15:47:47.350] [INFO   ] time 3347
[15:47:47.362] [INFO   ] time 3335
[15:47:47.373] [INFO   ] time 3324
[15:47:47.385] [INFO   ] time 3312
[15:47:47.397] [INFO   ] time 3300
[15:47:47.408] [INFO   ] time 3289
[15:47:47.419] [INFO   ] time 3278
[15:47:47.430] [INFO   ] time 3267
[15:47:47.442] [INFO   ] time 3255
[15:47:47.453] [INFO   ] time 3244
[15:47:47.458] [SEVERE ] setting player 1 freeze to 2000
[15:47:47.464] [INFO   ] time 3233
[15:47:47.476] [INFO   ] time 3222
[15:47:47.487] [INFO   ] time 3210
[15:47:47.498] [INFO   ] time 3199
[15:47:47.510] [INFO   ] time 3187
[15:47:47.521] [INFO   ] time 3177
[15:47:47.532] [INFO   ] time 3166
[15:47:47.543] [INFO   ] time 3154
[15:47:47.554] [INFO   ] time 3143
[15:47:47.565] [INFO   ] time 3133
[15:47:47.576] [INFO   ] time 3121
[15:47:47.587] [INFO   ] time 3110
[15:47:47.598] [INFO   ] time 3099
[15:47:47.609] [INFO   ] time 3088
[15:47:47.621] [INFO   ] time 3077
[15:47:47.632] [INFO   ] time 3065
[15:47:47.643] [INFO   ] time 3054
[15:47:47.654] [INFO   ] time 3043
[15:47:47.666] [INFO   ] time 3031
[15:47:47.677] [INFO   ] time 3020
[15:47:47.688] [INFO   ] time 3009
[15:47:47.699] [INFO   ] time 2998
[15:47:47.711] [INFO   ] time 2986
[15:47:47.721] [SEVERE ] setting player 3 freeze to 1000
[15:47:47.721] [INFO   ] time 2976
[15:47:47.732] [INFO   ] time 2965
[15:47:47.744] [INFO   ] time 2953
[15:47:47.755] [INFO   ] time 2942
[15:47:47.766] [INFO   ] time 2932
[15:47:47.777] [INFO   ] time 2920
[15:47:47.788] [INFO   ] time 2909
[15:47:47.799] [INFO   ] time 2898
[15:47:47.810] [INFO   ] time 2887
[15:47:47.821] [INFO   ] time 2876
[15:47:47.832] [INFO   ] time 2865
[15:47:47.844] [INFO   ] time 2853
[15:47:47.855] [INFO   ] time 2842
[15:47:47.866] [INFO   ] time 2831
[15:47:47.877] [INFO   ] time 2820
[15:47:47.888] [INFO   ] time 2809
[15:47:47.899] [INFO   ] time 2798
[15:47:47.910] [INFO   ] time 2787
[15:47:47.921] [INFO   ] time 2776
[15:47:47.933] [INFO   ] time 2764
[15:47:47.944] [INFO   ] time 2753
[15:47:47.955] [INFO   ] time 2742
[15:47:47.966] [INFO   ] time 2731
[15:47:47.978] [INFO   ] time 2719
[15:47:47.989] [INFO   ] time 2708
[15:47:48.000] [INFO   ] time 2697
[15:47:48.011] [INFO   ] time 2686
[15:47:48.022] [INFO   ] time 2675
[15:47:48.033] [INFO   ] time 2664
[15:47:48.044] [INFO   ] time 2653
[15:47:48.055] [INFO   ] time 2642
[15:47:48.066] [INFO   ] time 2631
[15:47:48.078] [INFO   ] time 2619
[15:47:48.089] [INFO   ] time 2608
[15:47:48.100] [INFO   ] time 2597
[15:47:48.111] [INFO   ] time 2586
[15:47:48.121] [INFO   ] time 2576
[15:47:48.132] [INFO   ] time 2565
[15:47:48.143] [INFO   ] time 2554
[15:47:48.154] [INFO   ] time 2543
[15:47:48.166] [INFO   ] time 2531
[15:47:48.177] [INFO   ] time 2520
[15:47:48.188] [INFO   ] time 2509
[15:47:48.199] [INFO   ] time 2498
[15:47:48.210] [INFO   ] time 2487
[15:47:48.221] [INFO   ] time 2476
[15:47:48.232] [INFO   ] time 2465
[15:47:48.243] [INFO   ] time 2454
[15:47:48.254] [INFO   ] time 2443
[15:47:48.265] [INFO   ] time 2432
[15:47:48.276] [INFO   ] time 2421
[15:47:48.287] [INFO   ] time 2410
[15:47:48.298] [INFO   ] time 2399
[15:47:48.309] [INFO   ] time 2388
[15:47:48.320] [INFO   ] time 2377
[15:47:48.331] [INFO   ] time 2366
[15:47:48.343] [INFO   ] time 2354
[15:47:48.353] [INFO   ] time 2344
[15:47:48.364] [INFO   ] time 2333
[15:47:48.376] [INFO   ] time 2321
[15:47:48.387] [INFO   ] time 2310
[15:47:48.398] [INFO   ] time 2299
[15:47:48.409] [INFO   ] time 2288
[15:47:48.420] [INFO   ] time 2277
[15:47:48.431] [INFO   ] time 2266
[15:47:48.442] [INFO   ] time 2255
[15:47:48.453] [INFO   ] time 2244
[15:47:48.459] [SEVERE ] setting player 1 freeze to 1000
[15:47:48.465] [INFO   ] time 2233
[15:47:48.476] [INFO   ] time 2221
[15:47:48.487] [INFO   ] time 2210
[15:47:48.498] [INFO   ] time 2199
[15:47:48.510] [INFO   ] time 2187
[15:47:48.521] [INFO   ] time 2176
[15:47:48.532] [INFO   ] time 2165
[15:47:48.543] [INFO   ] time 2154
[15:47:48.554] [INFO   ] time 2143
[15:47:48.565] [INFO   ] time 2132
[15:47:48.577] [INFO   ] time 2121
[15:47:48.588] [INFO   ] time 2109
[15:47:48.599] [INFO   ] time 2098
[15:47:48.611] [INFO   ] time 2086
[15:47:48.622] [INFO   ] time 2075
[15:47:48.633] [INFO   ] time 2064
[15:47:48.644] [INFO   ] time 2053
[15:47:48.655] [INFO   ] time 2042
[15:47:48.666] [INFO   ] time 2031
[15:47:48.677] [INFO   ] time 2020
[15:47:48.688] [INFO   ] time 2009
[15:47:48.699] [INFO   ] time 1998
[15:47:48.711] [INFO   ] time 1986
[15:47:48.722] [INFO   ] time 1975
[15:47:48.722] [SEVERE ] setting player 3 freeze to 0
[15:47:48.723] [SEVERE ] removing player 3 token from slot 10
[15:47:48.733] [INFO   ] time 1964
[15:47:48.744] [INFO   ] time 1953
[15:47:48.755] [INFO   ] time 1942
[15:47:48.766] [INFO   ] time 1931
[15:47:48.777] [INFO   ] time 1920
[15:47:48.788] [INFO   ] time 1909
[15:47:48.799] [INFO   ] time 1898
[15:47:48.810] [INFO   ] time 1887
[15:47:48.821] [INFO   ] time 1876
[15:47:48.832] [INFO   ] time 1865
[15:47:48.844] [INFO   ] time 1854
[15:47:48.854] [INFO   ] time 1843
[15:47:48.865] [INFO   ] time 1832
[15:47:48.876] [INFO   ] time 1821
[15:47:48.887] [INFO   ] time 1810
[15:47:48.898] [INFO   ] time 1799
[15:47:48.909] [INFO   ] time 1788
[15:47:48.920] [INFO   ] time 1777
[15:47:48.931] [INFO   ] time 1766
[15:47:48.942] [INFO   ] time 1755
[15:47:48.953] [INFO   ] time 1744
[15:47:48.963] [INFO   ] time 1734
[15:47:48.975] [INFO   ] time 1722
[15:47:48.986] [INFO   ] time 1711
[15:47:48.997] [INFO   ] time 1700
[15:47:49.008] [INFO   ] time 1689
[15:47:49.019] [INFO   ] time 1678
[15:47:49.030] [INFO   ] time 1667
[15:47:49.041] [INFO   ] time 1656
[15:47:49.052] [INFO   ] time 1645
[15:47:49.062] [INFO   ] time 1635
[15:47:49.073] [INFO   ] time 1624
[15:47:49.084] [INFO   ] time 1613
[15:47:49.095] [INFO   ] time 1602
[15:47:49.106] [INFO   ] time 1591
[15:47:49.117] [INFO   ] time 1580
[15:47:49.128] [INFO   ] time 1569
[15:47:49.139] [INFO   ] time 1558
[15:47:49.150] [INFO   ] time 1547
[15:47:49.161] [INFO   ] time 1536
[15:47:49.173] [INFO   ] time 1524
[15:47:49.184] [INFO   ] time 1514
[15:47:49.195] [INFO   ] time 1502
[15:47:49.206] [INFO   ] time 1491
[15:47:49.217] [INFO   ] time 1480
[15:47:49.228] [INFO   ] time 1469
[15:47:49.239] [INFO   ] time 1458
[15:47:49.250] [INFO   ] time 1447
[15:47:49.261] [INFO   ] time 1436
[15:47:49.272] [INFO   ] time 1425
[15:47:49.283] [INFO   ] time 1414
[15:47:49.294] [INFO   ] time 1403
[15:47:49.306] [INFO   ] time 1391
[15:47:49.317] [INFO   ] time 1380
[15:47:49.328] [INFO   ] time 1369
[15:47:49.339] [INFO   ] time 1358
[15:47:49.350] [INFO   ] time 1347
[15:47:49.361] [INFO   ] time 1336
[15:47:49.372] [INFO   ] time 1325
[15:47:49.383] [INFO   ] time 1314
[15:47:49.394] [INFO   ] time 1303
[15:47:49.405] [INFO   ] time 1292
[15:47:49.416] [INFO   ] time 1281
[15:47:49.427] [INFO   ] time 1270
[15:47:49.438] [INFO   ] time 1259
[15:47:49.449] [INFO   ] time 1248
[15:47:49.459] [INFO   ] time 1238
[15:47:49.460] [SEVERE ] setting player 1 freeze to 0
[15:47:49.470] [INFO   ] time 1227
[15:47:49.481] [INFO   ] time 1216
[15:47:49.492] [INFO   ] time 1205
[15:47:49.503] [INFO   ] time 1194
[15:47:49.514] [INFO   ] time 1183
[15:47:49.526] [INFO   ] time 1171
[15:47:49.537] [INFO   ] time 1160
[15:47:49.548] [INFO   ] time 1149
[15:47:49.559] [INFO   ] time 1138
[15:47:49.570] [INFO   ] time 1127
[15:47:49.582] [INFO   ] time 1115
[15:47:49.593] [INFO   ] time 1104
[15:47:49.604] [INFO   ] time 1093
[15:47:49.615] [INFO   ] time 1082
[15:47:49.626] [INFO   ] time 1071
[15:47:49.637] [INFO   ] time 1060
[15:47:49.648] [INFO   ] time 1049
[15:47:49.659] [INFO   ] time 1038
[15:47:49.670] [INFO   ] time 1027
[15:47:49.681] [INFO   ] time 1016
[15:47:49.693] [INFO   ] time 1004
[15:47:49.704] [INFO   ] time 993
[15:47:49.715] [INFO   ] time 983
[15:47:49.718] [SEVERE ] removing player 4 token from slot 2
[15:47:49.723] [SEVERE ] player 3 placing token on slot 11
[15:47:49.724] [INFO   ] time 973
[15:47:49.724] [SEVERE ] setting player 3 freeze to 3000
[15:47:49.735] [INFO   ] time 962
[15:47:49.745] [INFO   ] time 952
[15:47:49.756] [INFO   ] time 941
[15:47:49.767] [INFO   ] time 930
[15:47:49.778] [INFO   ] time 919
[15:47:49.789] [INFO   ] time 908
[15:47:49.800] [INFO   ] time 897
[15:47:49.811] [INFO   ] time 886
[15:47:49.822] [INFO   ] time 875
[15:47:49.833] [INFO   ] time 864
[15:47:49.844] [INFO   ] time 853
[15:47:49.855] [INFO   ] time 842
[15:47:49.866] [INFO   ] time 832
[15:47:49.876] [INFO   ] time 821
[15:47:49.887] [INFO   ] time 810
[15:47:49.898] [INFO   ] time 799
[15:47:49.909] [INFO   ] time 788
[15:47:49.920] [INFO   ] time 777
[15:47:49.931] [INFO   ] time 766
[15:47:49.942] [INFO   ] time 755
[15:47:49.952] [INFO   ] time 745
[15:47:49.963] [INFO   ] time 734
[15:47:49.975] [INFO   ] time 722
[15:47:49.986] [INFO   ] time 712
[15:47:49.996] [INFO   ] time 701
[15:47:50.007] [INFO   ] time 690
[15:47:50.018] [INFO   ] time 679
[15:47:50.029] [INFO   ] time 668
[15:47:50.041] [INFO   ] time 656
[15:47:50.052] [INFO   ] time 645
[15:47:50.063] [INFO   ] time 634
[15:47:50.074] [INFO   ] time 623
[15:47:50.085] [INFO   ] time 612
[15:47:50.096] [INFO   ] time 601
[15:47:50.108] [INFO   ] time 590
[15:47:50.118] [INFO   ] time 579
[15:47:50.129] [INFO   ] time 568
[15:47:50.140] [INFO   ] time 557
[15:47:50.151] [INFO   ] time 546
[15:47:50.162] [INFO   ] time 535
[15:47:50.173] [INFO   ] time 524
[15:47:50.184] [INFO   ] time 513
[15:47:50.195] [INFO   ] time 502
[15:47:50.206] [INFO   ] time 491
[15:47:50.217] [INFO   ] time 480
[15:47:50.228] [INFO   ] time 469
[15:47:50.239] [INFO   ] time 458
[15:47:50.250] [INFO   ] time 447
[15:47:50.261] [INFO   ] time 436
[15:47:50.271] [INFO   ] time 426
[15:47:50.282] [INFO   ] time 415
[15:47:50.293] [INFO   ] time 404
[15:47:50.304] [INFO   ] time 393
[15:47:50.315] [INFO   ] time 382
[15:47:50.326] [INFO   ] time 371
[15:47:50.337] [INFO   ] time 360
[15:47:50.348] [INFO   ] time 349
[15:47:50.359] [INFO   ] time 338
[15:47:50.370] [INFO   ] time 327
[15:47:50.381] [INFO   ] time 316
[15:47:50.392] [INFO   ] time 305
[15:47:50.403] [INFO   ] time 294
[15:47:50.414] [INFO   ] time 283
[15:47:50.425] [INFO   ] time 272
[15:47:50.436] [INFO   ] time 261
[15:47:50.447] [INFO   ] time 250
[15:47:50.458] [INFO   ] time 239
[15:47:50.469] [INFO   ] time 228
[15:47:50.479] [INFO   ] time 218
[15:47:50.491] [INFO   ] time 206
[15:47:50.501] [INFO   ] time 196
[15:47:50.512] [INFO   ] time 185
[15:47:50.524] [INFO   ] time 173
[15:47:50.535] [INFO   ] time 162
[15:47:50.545] [INFO   ] time 152
[15:47:50.557] [INFO   ] time 140
[15:47:50.568] [INFO   ] time 129
[15:47:50.579] [INFO   ] time 118
[15:47:50.590] [INFO   ] time 107
[15:47:50.601] [INFO   ] time 96
[15:47:50.612] [INFO   ] time 85
[15:47:50.623] [INFO   ] time 74
[15:47:50.634] [INFO   ] time 63
[15:47:50.645] [INFO   ] time 52
[15:47:50.655] [INFO   ] time 42
[15:47:50.666] [INFO   ] time 31
[15:47:50.677] [INFO   ] time 20
[15:47:50.688] [INFO   ] time 9
[15:47:50.699] [INFO   ] time -2
[15:47:50.700] [SEVERE ] updating countdown to 0
[15:47:50.725] [SEVERE ] setting player 3 freeze to 2000
[15:47:50.800] [SEVERE ] removing card from slot 0
[15:47:50.801] [SEVERE ] removing tokens from slot 0
[15:47:50.901] [SEVERE ] removing card from slot 1
[15:47:50.902] [SEVERE ] removing tokens from slot 1
[15:47:51.003] [SEVERE ] removing card from slot 2
[15:47:51.003] [SEVERE ] removing tokens from slot 2
[15:47:51.104] [SEVERE ] removing card from slot 3
[15:47:51.104] [SEVERE ] removing tokens from slot 3
[15:47:51.205] [SEVERE ] removing card from slot 4
[15:47:51.205] [SEVERE ] removing tokens from slot 4
[15:47:51.305] [SEVERE ] removing card from slot 5
[15:47:51.306] [SEVERE ] removing tokens from slot 5
[15:47:51.407] [SEVERE ] removing card from slot 6
[15:47:51.407] [SEVERE ] removing tokens from slot 6
[15:47:51.507] [SEVERE ] removing card from slot 7
[15:47:51.508] [SEVERE ] removing tokens from slot 7
[15:47:51.609] [SEVERE ] removing card from slot 8
[15:47:51.609] [SEVERE ] removing tokens from slot 8
[15:47:51.710] [SEVERE ] removing card from slot 9
[15:47:51.711] [SEVERE ] removing tokens from slot 9
[15:47:51.726] [SEVERE ] setting player 3 freeze to 1000
[15:47:51.811] [SEVERE ] removing card from slot 10
[15:47:51.812] [SEVERE ] removing tokens from slot 10
[15:47:51.912] [SEVERE ] removing card from slot 11
[15:47:51.913] [SEVERE ] removing tokens from slot 11
[15:47:52.014] [SEVERE ] placing card 45 in slot 0
[15:47:52.115] [SEVERE ] placing card 72 in slot 1
[15:47:52.215] [SEVERE ] placing card 43 in slot 2
[15:47:52.316] [SEVERE ] placing card 13 in slot 3
[15:47:52.417] [SEVERE ] placing card 1 in slot 4
[15:47:52.518] [SEVERE ] placing card 55 in slot 5
[15:47:52.618] [SEVERE ] placing card 6 in slot 6
[15:47:52.719] [SEVERE ] placing card 47 in slot 7
[15:47:52.727] [SEVERE ] setting player 3 freeze to 0
[15:47:52.820] [SEVERE ] placing card 16 in slot 8
[15:47:52.921] [SEVERE ] placing card 50 in slot 9
[15:47:53.021] [SEVERE ] placing card 24 in slot 10
[15:47:53.122] [SEVERE ] placing card 36 in slot 11
[15:47:53.123] [SEVERE ] player 4 placing token on slot 1
[15:47:53.125] [SEVERE ] updating countdown to 19999
[15:47:53.125] [SEVERE ] player 3 placing token on slot 8
[15:47:54.123] [SEVERE ] player 3 placing token on slot 4
[15:47:54.123] [SEVERE ] player 4 placing token on slot 3
[15:47:54.127] [INFO   ] time 19000
[15:47:54.129] [SEVERE ] updating countdown to 19000
[15:47:55.124] [SEVERE ] removing player 4 token from slot 3
[15:47:55.125] [SEVERE ] player 3 placing token on slot 3
[15:47:55.128] [INFO   ] time 18000
[15:47:55.130] [SEVERE ] updating countdown to 18000
[15:47:55.130] [SEVERE ] setting player 3 freeze to 3000
[15:47:56.124] [SEVERE ] player 4 placing token on slot 8
[15:47:56.131] [INFO   ] time 17000
[15:47:56.131] [SEVERE ] updating countdown to 17000
[15:47:56.132] [SEVERE ] setting player 3 freeze to 2000
[15:47:57.124] [SEVERE ] player 4 placing token on slot 10
[15:47:57.125] [INFO   ] time 16000
[15:47:57.125] [SEVERE ] updating countdown to 16000
[15:47:57.125] [SEVERE ] setting player 4 freeze to 3000
[15:47:57.132] [SEVERE ] setting player 3 freeze to 1000
[15:47:58.126] [INFO   ] time 15000
[15:47:58.126] [SEVERE ] updating countdown to 15000
[15:47:58.126] [SEVERE ] setting player 4 freeze to 2000
[15:47:58.133] [SEVERE ] setting player 3 freeze to 0
[15:47:59.127] [INFO   ] time 14000
[15:47:59.127] [SEVERE ] updating countdown to 14000
[15:47:59.128] [SEVERE ] setting player 4 freeze to 1000
[15:48:00.128] [INFO   ] time 13000
[15:48:00.129] [SEVERE ] updating countdown to 13000
[15:48:00.129] [SEVERE ] setting player 4 freeze to 0
[15:48:00.130] [SEVERE ] removing player 4 token from slot 8
[15:48:01.130] [INFO   ] time 12000
[15:48:01.131] [SEVERE ] updating countdown to 12000
[15:48:01.130] [SEVERE ] player 4 placing token on slot 3
[15:48:01.132] [INFO   ] time 12000
[15:48:01.133] [SEVERE ] updating countdown to 12000
[15:48:01.133] [SEVERE ] setting player 4 freeze to 3000
[15:48:02.133] [INFO   ] time 11000
[15:48:02.134] [SEVERE ] updating countdown to 11000
[15:48:02.134] [SEVERE ] setting player 4 freeze to 2000
[15:48:03.134] [INFO   ] time 10000
[15:48:03.135] [SEVERE ] updating countdown to 10000
[15:48:03.135] [SEVERE ] setting player 4 freeze to 1000
[15:48:04.136] [INFO   ] time 9000
[15:48:04.136] [SEVERE ] updating countdown to 9000
[15:48:04.136] [SEVERE ] setting player 4 freeze to 0
[15:48:05.136] [SEVERE ] removing player 3 token from slot 4
[15:48:05.137] [INFO   ] time 8000
[15:48:05.137] [SEVERE ] updating countdown to 8000
[15:48:05.137] [SEVERE ] removing player 4 token from slot 3
[15:48:06.136] [SEVERE ] player 3 placing token on slot 11
[15:48:06.137] [INFO   ] time 7000
[15:48:06.137] [SEVERE ] updating countdown to 7000
[15:48:06.137] [SEVERE ] player 4 placing token on slot 5
[15:48:06.139] [INFO   ] time 7000
[15:48:06.139] [SEVERE ] updating countdown to 7000
[15:48:06.139] [SEVERE ] setting player 3 freeze to 3000
[15:48:06.140] [SEVERE ] setting player 4 freeze to 3000
[15:48:07.147] [SEVERE ] setting player 4 freeze to 2000
[15:48:07.147] [INFO   ] time 6000
[15:48:07.148] [SEVERE ] updating countdown to 6000
[15:48:07.147] [SEVERE ] setting player 3 freeze to 2000
[15:48:08.148] [SEVERE ] setting player 4 freeze to 1000
[15:48:08.149] [INFO   ] time 4977
[15:48:08.150] [SEVERE ] setting player 3 freeze to 1000
[15:48:08.160] [INFO   ] time 4966
[15:48:08.171] [INFO   ] time 4955
[15:48:08.182] [INFO   ] time 4944
[15:48:08.193] [INFO   ] time 4933
[15:48:08.204] [INFO   ] time 4922
[15:48:08.215] [INFO   ] time 4911
[15:48:08.226] [INFO   ] time 4900
[15:48:08.237] [INFO   ] time 4889
[15:48:08.248] [INFO   ] time 4878
[15:48:08.259] [INFO   ] time 4867
[15:48:08.270] [INFO   ] time 4856
[15:48:08.281] [INFO   ] time 4845
[15:48:08.292] [INFO   ] time 4834
[15:48:08.303] [INFO   ] time 4823
[15:48:08.314] [INFO   ] time 4812
[15:48:08.325] [INFO   ] time 4801
[15:48:08.336] [INFO   ] time 4790
[15:48:08.347] [INFO   ] time 4779
[15:48:08.358] [INFO   ] time 4768
[15:48:08.369] [INFO   ] time 4757
[15:48:08.380] [INFO   ] time 4746
[15:48:08.391] [INFO   ] time 4735
[15:48:08.402] [INFO   ] time 4724
[15:48:08.414] [INFO   ] time 4713
[15:48:08.425] [INFO   ] time 4701
[15:48:08.436] [INFO   ] time 4690
[15:48:08.447] [INFO   ] time 4679
[15:48:08.459] [INFO   ] time 4667
[15:48:08.470] [INFO   ] time 4656
[15:48:08.481] [INFO   ] time 4645
[15:48:08.492] [INFO   ] time 4634
[15:48:08.503] [INFO   ] time 4623
[15:48:08.514] [INFO   ] time 4612
[15:48:08.525] [INFO   ] time 4601
[15:48:08.536] [INFO   ] time 4590
[15:48:08.547] [INFO   ] time 4579
[15:48:08.558] [INFO   ] time 4568
[15:48:08.569] [INFO   ] time 4557
[15:48:08.580] [INFO   ] time 4546
[15:48:08.592] [INFO   ] time 4534
[15:48:08.602] [INFO   ] time 4524
[15:48:08.613] [INFO   ] time 4513
[15:48:08.624] [INFO   ] time 4502
[15:48:08.635] [INFO   ] time 4491
[15:48:08.646] [INFO   ] time 4480
[15:48:08.657] [INFO   ] time 4469
[15:48:08.668] [INFO   ] time 4458
[15:48:08.679] [INFO   ] time 4447
[15:48:08.690] [INFO   ] time 4436
[15:48:08.701] [INFO   ] time 4425
[15:48:08.712] [INFO   ] time 4414
[15:48:08.722] [INFO   ] time 4404
[15:48:08.733] [INFO   ] time 4393
[15:48:08.744] [INFO   ] time 4382
[15:48:08.755] [INFO   ] time 4371
[15:48:08.766] [INFO   ] time 4360
[15:48:08.777] [INFO   ] time 4349
[15:48:08.787] [INFO   ] time 4339
[15:48:08.798] [INFO   ] time 4328
[15:48:08.809] [INFO   ] time 4317
[15:48:08.820] [INFO   ] time 4306
[15:48:08.830] [INFO   ] time 4296
[15:48:08.841] [INFO   ] time 4285
[15:48:08.852] [INFO   ] time 4274
[15:48:08.863] [INFO   ] time 4263
[15:48:08.874] [INFO   ] time 4252
[15:48:08.884] [INFO   ] time 4242
[15:48:08.895] [INFO   ] time 4231
[15:48:08.906] [INFO   ] time 4220
[15:48:08.917] [INFO   ] time 4209
[15:48:08.928] [INFO   ] time 4198
[15:48:08.939] [INFO   ] time 4187
[15:48:08.950] [INFO   ] time 4176
[15:48:08.960] [INFO   ] time 4166
[15:48:08.971] [INFO   ] time 4155
[15:48:08.982] [INFO   ] time 4144
[15:48:08.993] [INFO   ] time 4133
[15:48:09.004] [INFO   ] time 4122
[15:48:09.014] [INFO   ] time 4112
[15:48:09.025] [INFO   ] time 4101
[15:48:09.036] [INFO   ] time 4090
[15:48:09.047] [INFO   ] time 4079
[15:48:09.058] [INFO   ] time 4068
[15:48:09.069] [INFO   ] time 4057
[15:48:09.080] [INFO   ] time 4046
[15:48:09.091] [INFO   ] time 4035
[15:48:09.102] [INFO   ] time 4024
[15:48:09.113] [INFO   ] time 4013
[15:48:09.124] [INFO   ] time 4002
[15:48:09.135] [INFO   ] time 3991
[15:48:09.145] [INFO   ] time 3981
[15:48:09.149] [SEVERE ] setting player 4 freeze to 0
[15:48:09.150] [SEVERE ] removing player 4 token from slot 5
[15:48:09.150] [SEVERE ] setting player 3 freeze to 0
[15:48:09.151] [SEVERE ] removing player 3 token from slot 3
[15:48:09.156] [INFO   ] time 3970
[15:48:09.167] [INFO   ] time 3959
[15:48:09.178] [INFO   ] time 3948
[15:48:09.189] [INFO   ] time 3937
[15:48:09.200] [INFO   ] time 3926
[15:48:09.211] [INFO   ] time 3915
[15:48:09.221] [INFO   ] time 3905
[15:48:09.232] [INFO   ] time 3894
[15:48:09.243] [INFO   ] time 3883
[15:48:09.254] [INFO   ] time 3872
[15:48:09.265] [INFO   ] time 3861
[15:48:09.276] [INFO   ] time 3850
[15:48:09.286] [INFO   ] time 3840
[15:48:09.297] [INFO   ] time 3829
[15:48:09.308] [INFO   ] time 3818
[15:48:09.319] [INFO   ] time 3807
[15:48:09.330] [INFO   ] time 3796
[15:48:09.341] [INFO   ] time 3785
[15:48:09.352] [INFO   ] time 3774
[15:48:09.363] [INFO   ] time 3763
[15:48:09.374] [INFO   ] time 3752
[15:48:09.384] [INFO   ] time 3742
[15:48:09.395] [INFO   ] time 3731
[15:48:09.406] [INFO   ] time 3720
[15:48:09.417] [INFO   ] time 3709
[15:48:09.428] [INFO   ] time 3698
[15:48:09.439] [INFO   ] time 3687
[15:48:09.450] [INFO   ] time 3676
[15:48:09.461] [INFO   ] time 3665
[15:48:09.472] [INFO   ] time 3654
[15:48:09.483] [INFO   ] time 3643
[15:48:09.493] [INFO   ] time 3633
[15:48:09.505] [INFO   ] time 3621
[15:48:09.515] [INFO   ] time 3611
[15:48:09.526] [INFO   ] time 3600
[15:48:09.537] [INFO   ] time 3589
[15:48:09.548] [INFO   ] time 3578
[15:48:09.559] [INFO   ] time 3567
[15:48:09.570] [INFO   ] time 3556
[15:48:09.581] [INFO   ] time 3545
[15:48:09.592] [INFO   ] time 3534
[15:48:09.603] [INFO   ] time 3523
[15:48:09.614] [INFO   ] time 3512
[15:48:09.625] [INFO   ] time 3501
[15:48:09.636] [INFO   ] time 3490
[15:48:09.647] [INFO   ] time 3479
[15:48:09.658] [INFO   ] time 3468
[15:48:09.669] [INFO   ] time 3457
[15:48:09.680] [INFO   ] time 3446
[15:48:09.691] [INFO   ] time 3435
[15:48:09.702] [INFO   ] time 3424
[15:48:09.713] [INFO   ] time 3413
[15:48:09.724] [INFO   ] time 3402
[15:48:09.734] [INFO   ] time 3392
[15:48:09.745] [INFO   ] time 3381
[15:48:09.756] [INFO   ] time 3370
[15:48:09.767] [INFO   ] time 3359
[15:48:09.778] [INFO   ] time 3348
[15:48:09.790] [INFO   ] time 3336
[15:48:09.801] [INFO   ] time 3325
[15:48:09.812] [INFO   ] time 3315
[15:48:09.823] [INFO   ] time 3303
[15:48:09.834] [INFO   ] time 3292
[15:48:09.845] [INFO   ] time 3281
[15:48:09.856] [INFO   ] time 3270
[15:48:09.867] [INFO   ] time 3259
[15:48:09.878] [INFO   ] time 3248
[15:48:09.889] [INFO   ] time 3237
[15:48:09.900] [INFO   ] time 3226
[15:48:09.911] [INFO   ] time 3215
[15:48:09.923] [INFO   ] time 3203
[15:48:09.934] [INFO   ] time 3192
[15:48:09.945] [INFO   ] time 3181
[15:48:09.956] [INFO   ] time 3170
[15:48:09.967] [INFO   ] time 3159
[15:48:09.978] [INFO   ] time 3148
[15:48:09.989] [INFO   ] time 3137
[15:48:10.000] [INFO   ] time 3126
[15:48:10.011] [INFO   ] time 3115
[15:48:10.023] [INFO   ] time 3103
[15:48:10.034] [INFO   ] time 3093
[15:48:10.045] [INFO   ] time 3081
[15:48:10.056] [INFO   ] time 3070
[15:48:10.067] [INFO   ] time 3059
[15:48:10.078] [INFO   ] time 3048
[15:48:10.089] [INFO   ] time 3037
[15:48:10.100] [INFO   ] time 3026
[15:48:10.112] [INFO   ] time 3015
[15:48:10.123] [INFO   ] time 3003
[15:48:10.134] [INFO   ] time 2992
[15:48:10.145] [INFO   ] time 2981
[15:48:10.150] [SEVERE ] player 4 placing token on slot 8
[15:48:10.151] [INFO   ] time 2975
[15:48:10.151] [SEVERE ] removing player 3 token from slot 8
[15:48:10.152] [SEVERE ] setting player 4 freeze to 3000
[15:48:10.162] [INFO   ] time 2964
[15:48:10.173] [INFO   ] time 2953
[15:48:10.184] [INFO   ] time 2942
[15:48:10.195] [INFO   ] time 2931
[15:48:10.206] [INFO   ] time 2920
[15:48:10.217] [INFO   ] time 2909
[15:48:10.228] [INFO   ] time 2898
[15:48:10.239] [INFO   ] time 2887
[15:48:10.249] [INFO   ] time 2877
[15:48:10.260] [INFO   ] time 2866
[15:48:10.271] [INFO   ] time 2855
[15:48:10.282] [INFO   ] time 2844
[15:48:10.292] [INFO   ] time 2834
[15:48:10.303] [INFO   ] time 2823
[15:48:10.314] [INFO   ] time 2812
[15:48:10.325] [INFO   ] time 2801
[15:48:10.336] [INFO   ] time 2790
[15:48:10.347] [INFO   ] time 2779
[15:48:10.358] [INFO   ] time 2768
[15:48:10.369] [INFO   ] time 2757
[15:48:10.380] [INFO   ] time 2746
[15:48:10.391] [INFO   ] time 2735
[15:48:10.402] [INFO   ] time 2724
[15:48:10.413] [INFO   ] time 2713
[15:48:10.423] [INFO   ] time 2703
[15:48:10.434] [INFO   ] time 2692
[15:48:10.445] [INFO   ] time 2681
[15:48:10.456] [INFO   ] time 2670
[15:48:10.466] [INFO   ] time 2660
[15:48:10.477] [INFO   ] time 2649
[15:48:10.488] [INFO   ] time 2638
[15:48:10.499] [INFO   ] time 2627
[15:48:10.510] [INFO   ] time 2616
[15:48:10.521] [INFO   ] time 2605
[15:48:10.532] [INFO   ] time 2594
[15:48:10.542] [INFO   ] time 2584
[15:48:10.553] [INFO   ] time 2573
[15:48:10.564] [INFO   ] time 2562
[15:48:10.575] [INFO   ] time 2551
[15:48:10.585] [INFO   ] time 2541
[15:48:10.596] [INFO   ] time 2530
[15:48:10.607] [INFO   ] time 2519
[15:48:10.617] [INFO   ] time 2509
[15:48:10.628] [INFO   ] time 2498
[15:48:10.639] [INFO   ] time 2487
[15:48:10.650] [INFO   ] time 2476
[15:48:10.661] [INFO   ] time 2465
[15:48:10.672] [INFO   ] time 2454
[15:48:10.684] [INFO   ] time 2442
[15:48:10.694] [INFO   ] time 2432
[15:48:10.706] [INFO   ] time 2420
[15:48:10.716] [INFO   ] time 2410
[15:48:10.727] [INFO   ] time 2399
[15:48:10.739] [INFO   ] time 2387
[15:48:10.749] [INFO   ] time 2377
[15:48:10.760] [INFO   ] time 2366
[15:48:10.771] [INFO   ] time 2355
[15:48:10.782] [INFO   ] time 2344
[15:48:10.793] [INFO   ] time 2333
[15:48:10.804] [INFO   ] time 2322
[15:48:10.815] [INFO   ] time 2311
[15:48:10.825] [INFO   ] time 2301
[15:48:10.836] [INFO   ] time 2290
[15:48:10.847] [INFO   ] time 2279
[15:48:10.858] [INFO   ] time 2268
[15:48:10.869] [INFO   ] time 2257
[15:48:10.879] [INFO   ] time 2247
[15:48:10.891] [INFO   ] time 2235
[15:48:10.902] [INFO   ] time 2224
[15:48:10.913] [INFO   ] time 2213
[15:48:10.923] [INFO   ] time 2203
[15:48:10.934] [INFO   ] time 2192
[15:48:10.945] [INFO   ] time 2181
[15:48:10.956] [INFO   ] time 2170
[15:48:10.967] [INFO   ] time 2159
[15:48:10.978] [INFO   ] time 2148
[15:48:10.989] [INFO   ] time 2137
[15:48:11.000] [INFO   ] time 2126
[15:48:11.011] [INFO   ] time 2115
[15:48:11.022] [INFO   ] time 2104
[15:48:11.032] [INFO   ] time 2094
[15:48:11.044] [INFO   ] time 2082
[15:48:11.055] [INFO   ] time 2071
[15:48:11.066] [INFO   ] time 2060
[15:48:11.076] [INFO   ] time 2050
[15:48:11.088] [INFO   ] time 2038
[15:48:11.099] [INFO   ] time 2027
[15:48:11.110] [INFO   ] time 2016
[15:48:11.121] [INFO   ] time 2005
[15:48:11.132] [INFO   ] time 1994
[15:48:11.143] [INFO   ] time 1983
[15:48:11.151] [SEVERE ] removing player 3 token from slot 11
[15:48:11.152] [SEVERE ] setting player 4 freeze to 2000
[15:48:11.154] [INFO   ] time 1972
[15:48:11.164] [INFO   ] time 1962
[15:48:11.175] [INFO   ] time 1951
[15:48:11.186] [INFO   ] time 1940
[15:48:11.197] [INFO   ] time 1929
[15:48:11.208] [INFO   ] time 1918
[15:48:11.219] [INFO   ] time 1907
[15:48:11.230] [INFO   ] time 1896
[15:48:11.241] [INFO   ] time 1885
[15:48:11.252] [INFO   ] time 1875
[15:48:11.262] [INFO   ] time 1864
[15:48:11.273] [INFO   ] time 1853
[15:48:11.284] [INFO   ] time 1842
[15:48:11.295] [INFO   ] time 1831
[15:48:11.306] [INFO   ] time 1820
[15:48:11.317] [INFO   ] time 1809
[15:48:11.328] [INFO   ] time 1798
[15:48:11.338] [INFO   ] time 1788
[15:48:11.349] [INFO   ] time 1777
[15:48:11.360] [INFO   ] time 1766
[15:48:11.371] [INFO   ] time 1755
[15:48:11.382] [INFO   ] time 1744
[15:48:11.392] [INFO   ] time 1734
[15:48:11.403] [INFO   ] time 1723
[15:48:11.414] [INFO   ] time 1712
[15:48:11.425] [INFO   ] time 1701
[15:48:11.436] [INFO   ] time 1690
[15:48:11.447] [INFO   ] time 1679
[15:48:11.457] [INFO   ] time 1669
[15:48:11.468] [INFO   ] time 1658
[15:48:11.479] [INFO   ] time 1647
[15:48:11.490] [INFO   ] time 1636
[15:48:11.500] [INFO   ] time 1626
[15:48:11.511] [INFO   ] time 1615
[15:48:11.523] [INFO   ] time 1603
[15:48:11.534] [INFO   ] time 1593
[15:48:11.545] [INFO   ] time 1581
[15:48:11.573] [INFO   ] time 1553
[15:48:11.588] [INFO   ] time 1538
[15:48:11.599] [INFO   ] time 1527
[15:48:11.610] [INFO   ] time 1516
[15:48:11.621] [INFO   ] time 1505
[15:48:11.632] [INFO   ] time 1494
[15:48:11.643] [INFO   ] time 1483
[15:48:11.654] [INFO   ] time 1472
[15:48:11.665] [INFO   ] time 1461
[15:48:11.676] [INFO   ] time 1450
[15:48:11.687] [INFO   ] time 1439
[15:48:11.697] [INFO   ] time 1429
[15:48:11.708] [INFO   ] time 1418
[15:48:11.719] [INFO   ] time 1407
[15:48:11.730] [INFO   ] time 1396
[15:48:11.741] [INFO   ] time 1385
[15:48:11.752] [INFO   ] time 1374
[15:48:11.763] [INFO   ] time 1363
[15:48:11.774] [INFO   ] time 1352
[15:48:11.785] [INFO   ] time 1341
[15:48:11.795] [INFO   ] time 1331
[15:48:11.806] [INFO   ] time 1320
[15:48:11.817] [INFO   ] time 1309
[15:48:11.828] [INFO   ] time 1298
[15:48:11.839] [INFO   ] time 1287
[15:48:11.849] [INFO   ] time 1277
[15:48:11.862] [INFO   ] time 1264
[15:48:11.873] [INFO   ] time 1253
[15:48:11.884] [INFO   ] time 1242
[15:48:11.895] [INFO   ] time 1231
[15:48:11.906] [INFO   ] time 1220
[15:48:11.916] [INFO   ] time 1210
[15:48:11.927] [INFO   ] time 1199
[15:48:11.938] [INFO   ] time 1188
[15:48:11.949] [INFO   ] time 1177
[15:48:11.960] [INFO   ] time 1166
[15:48:11.971] [INFO   ] time 1155
[15:48:11.982] [INFO   ] time 1144
[15:48:11.992] [INFO   ] time 1134
[15:48:12.003] [INFO   ] time 1123
[15:48:12.015] [INFO   ] time 1112
[15:48:12.025] [INFO   ] time 1101
[15:48:12.036] [INFO   ] time 1090
[15:48:12.047] [INFO   ] time 1079
[15:48:12.058] [INFO   ] time 1068
[15:48:12.069] [INFO   ] time 1057
[15:48:12.080] [INFO   ] time 1046
[15:48:12.090] [INFO   ] time 1036
[15:48:12.102] [INFO   ] time 1024
[15:48:12.113] [INFO   ] time 1013
[15:48:12.124] [INFO   ] time 1002
[15:48:12.135] [INFO   ] time 991
[15:48:12.146] [INFO   ] time 980
[15:48:12.151] [SEVERE ] player 3 placing token on slot 8
[15:48:12.153] [SEVERE ] setting player 4 freeze to 1000
[15:48:12.157] [INFO   ] time 969
[15:48:12.168] [INFO   ] time 958
[15:48:12.178] [INFO   ] time 948
[15:48:12.189] [INFO   ] time 937
[15:48:12.215] [INFO   ] time 911
[15:48:12.226] [INFO   ] time 900
[15:48:12.237] [INFO   ] time 889
[15:48:12.248] [INFO   ] time 878
[15:48:12.259] [INFO   ] time 867
[15:48:12.270] [INFO   ] time 856
[15:48:12.281] [INFO   ] time 845
[15:48:12.292] [INFO   ] time 834
[15:48:12.303] [INFO   ] time 823
[15:48:12.314] [INFO   ] time 813
[15:48:12.324] [INFO   ] time 802
[15:48:12.336] [INFO   ] time 790
[15:48:12.347] [INFO   ] time 779
[15:48:12.358] [INFO   ] time 768
[15:48:12.369] [INFO   ] time 757
[15:48:12.380] [INFO   ] time 746
[15:48:12.391] [INFO   ] time 735
[15:48:12.402] [INFO   ] time 724
[15:48:12.412] [INFO   ] time 714
[15:48:12.423] [INFO   ] time 703
[15:48:12.434] [INFO   ] time 692
[15:48:12.445] [INFO   ] time 681
[15:48:12.456] [INFO   ] time 670
[15:48:12.467] [INFO   ] time 659
[15:48:12.478] [INFO   ] time 648
[15:48:12.489] [INFO   ] time 637
[15:48:12.500] [INFO   ] time 626
[15:48:12.511] [INFO   ] time 615
[15:48:12.522] [INFO   ] time 604
[15:48:12.532] [INFO   ] time 594
[15:48:12.544] [INFO   ] time 582
[15:48:12.555] [INFO   ] time 571
[15:48:12.565] [INFO   ] time 561
[15:48:12.576] [INFO   ] time 550
[15:48:12.587] [INFO   ] time 539
[15:48:12.597] [INFO   ] time 529
[15:48:12.608] [INFO   ] time 518
[15:48:12.619] [INFO   ] time 507
[15:48:12.630] [INFO   ] time 497
[15:48:12.640] [INFO   ] time 486
[15:48:12.651] [INFO   ] time 475
[15:48:12.662] [INFO   ] time 464
[15:48:12.673] [INFO   ] time 453
[15:48:12.684] [INFO   ] time 442
[15:48:12.695] [INFO   ] time 431
[15:48:12.706] [INFO   ] time 420
[15:48:12.716] [INFO   ] time 410
[15:48:12.727] [INFO   ] time 399
[15:48:12.738] [INFO   ] time 388
[15:48:12.748] [INFO   ] time 378
[15:48:12.759] [INFO   ] time 367
[15:48:12.770] [INFO   ] time 356
[15:48:12.781] [INFO   ] time 345
[15:48:12.791] [INFO   ] time 335
[15:48:12.802] [INFO   ] time 324
[15:48:12.813] [INFO   ] time 313
[15:48:12.824] [INFO   ] time 302
[15:48:12.834] [INFO   ] time 292
[15:48:12.845] [INFO   ] time 281
[15:48:12.856] [INFO   ] time 270
[15:48:12.867] [INFO   ] time 259
[15:48:12.878] [INFO   ] time 248
[15:48:12.888] [INFO   ] time 238
[15:48:12.899] [INFO   ] time 227
[15:48:12.910] [INFO   ] time 216
[15:48:12.921] [INFO   ] time 205
[15:48:12.932] [INFO   ] time 194
[15:48:12.943] [INFO   ] time 183
[15:48:12.953] [INFO   ] time 173
[15:48:12.964] [INFO   ] time 162
[15:48:12.975] [INFO   ] time 151
[15:48:12.985] [INFO   ] time 141
[15:48:12.996] [INFO   ] time 130
[15:48:13.007] [INFO   ] time 119
[15:48:13.018] [INFO   ] time 108
[15:48:13.029] [INFO   ] time 97
[15:48:13.040] [INFO   ] time 86
[15:48:13.050] [INFO   ] time 76
[15:48:13.061] [INFO   ] time 65
[15:48:13.072] [INFO   ] time 54
[15:48:13.083] [INFO   ] time 43
[15:48:13.094] [INFO   ] time 32
[15:48:13.105] [INFO   ] time 21
[15:48:13.115] [INFO   ] time 11
[15:48:13.126] [INFO   ] time 0
[15:48:13.127] [SEVERE ] updating countdown to 0
[15:48:13.154] [SEVERE ] setting player 4 freeze to 0
[15:48:13.227] [SEVERE ] removing card from slot 0
[15:48:13.228] [SEVERE ] removing tokens from slot 0
[15:48:13.328] [SEVERE ] removing card from slot 1
[15:48:13.329] [SEVERE ] removing tokens from slot 1
[15:48:13.429] [SEVERE ] removing card from slot 2
[15:48:13.430] [SEVERE ] removing tokens from slot 2
[15:48:13.530] [SEVERE ] removing card from slot 3
[15:48:13.531] [SEVERE ] removing tokens from slot 3
[15:48:13.631] [SEVERE ] removing card from slot 4
[15:48:13.632] [SEVERE ] removing tokens from slot 4
[15:48:13.732] [SEVERE ] removing card from slot 5
[15:48:13.733] [SEVERE ] removing tokens from slot 5
[15:48:13.833] [SEVERE ] removing card from slot 6
[15:48:13.834] [SEVERE ] removing tokens from slot 6
[15:48:13.934] [SEVERE ] removing card from slot 7
[15:48:13.935] [SEVERE ] removing tokens from slot 7
[15:48:14.036] [SEVERE ] removing card from slot 8
[15:48:14.036] [SEVERE ] removing tokens from slot 8
[15:48:14.137] [SEVERE ] removing card from slot 9
[15:48:14.137] [SEVERE ] removing tokens from slot 9
[15:48:14.237] [SEVERE ] removing card from slot 10
[15:48:14.238] [SEVERE ] removing tokens from slot 10
[15:48:14.339] [SEVERE ] removing card from slot 11
[15:48:14.339] [SEVERE ] removing tokens from slot 11
[15:48:14.440] [SEVERE ] placing card 66 in slot 0
[15:48:14.541] [SEVERE ] placing card 80 in slot 1
[15:48:14.641] [SEVERE ] placing card 26 in slot 2
[15:48:14.742] [SEVERE ] placing card 76 in slot 3
[15:48:14.842] [SEVERE ] placing card 15 in slot 4
[15:48:14.943] [SEVERE ] placing card 72 in slot 5
[15:48:15.044] [SEVERE ] placing card 35 in slot 6
[15:48:15.144] [SEVERE ] placing card 24 in slot 7
[15:48:15.245] [SEVERE ] placing card 47 in slot 8
[15:48:15.346] [SEVERE ] placing card 8 in slot 9
[15:48:15.447] [SEVERE ] placing card 43 in slot 10
[15:48:15.547] [SEVERE ] placing card 58 in slot 11
[15:48:15.548] [SEVERE ] player 3 placing token on slot 9
[15:48:15.550] [SEVERE ] updating countdown to 19999
[15:48:15.550] [SEVERE ] player 4 placing token on slot 8
[15:48:16.497] [SEVERE ] exit button pressed
[15:48:16.498] [INFO   ] time 19100
[15:48:16.498] [SEVERE ] updating countdown to 19100
[15:48:16.598] [SEVERE ] removing card from slot 0
[15:48:16.599] [SEVERE ] removing tokens from slot 0
[15:48:16.699] [SEVERE ] removing card from slot 1
[15:48:16.700] [SEVERE ] removing tokens from slot 1
[15:48:16.800] [SEVERE ] removing card from slot 2
[15:48:16.801] [SEVERE ] removing tokens from slot 2
[15:48:16.901] [SEVERE ] removing card from slot 3
[15:48:16.902] [SEVERE ] removing tokens from slot 3
[15:48:17.002] [SEVERE ] removing card from slot 4
[15:48:17.002] [SEVERE ] removing tokens from slot 4
[15:48:17.103] [SEVERE ] removing card from slot 5
[15:48:17.103] [SEVERE ] removing tokens from slot 5
[15:48:17.204] [SEVERE ] removing card from slot 6
[15:48:17.204] [SEVERE ] removing tokens from slot 6
[15:48:17.305] [SEVERE ] removing card from slot 7
[15:48:17.305] [SEVERE ] removing tokens from slot 7
[15:48:17.405] [SEVERE ] removing card from slot 8
[15:48:17.406] [SEVERE ] removing tokens from slot 8
[15:48:17.506] [SEVERE ] removing card from slot 9
[15:48:17.507] [SEVERE ] removing tokens from slot 9
[15:48:17.608] [SEVERE ] removing card from slot 10
[15:48:17.608] [SEVERE ] removing tokens from slot 10
[15:48:17.708] [SEVERE ] removing card from slot 11
[15:48:17.709] [SEVERE ] removing tokens from slot 11
[15:48:17.710] [SEVERE ] announcing winner(s): player 1, player 2, player 3, player 4
[15:48:17.711] [INFO   ] thread computer-3 terminated.
[15:48:17.711] [INFO   ] thread Thread-4 terminated.
[15:48:17.712] [INFO   ] thread computer-2 terminated.
[15:48:17.713] [INFO   ] thread Thread-3 terminated.
[15:48:17.713] [INFO   ] thread Thread-2 terminated.
[15:48:17.714] [INFO   ] thread Thread-1 terminated.
[15:48:17.714] [INFO   ] thread dealer terminated.
[15:48:17.714] [INFO   ] thread dealer terminated.
[15:48:17.715] [SEVERE ] thanks for playing... it was fun!
[15:48:17.715] [INFO   ] thread bguspl.set.Main.main() terminated.
