[15:52:28.306] [INFO   ] thread bguspl.set.Main.main() starting.
[15:52:28.319] [SEVERE ] cannot read configuration file config.properties trying from resources.
[15:52:28.329] [SEVERE ] configuration file was loaded from resources directory.
[15:52:29.569] [INFO   ] thread dealer starting.
[15:52:29.570] [INFO   ] thread dealer starting.
[15:52:29.572] [INFO   ] thread computer-2 starting.
[15:52:29.573] [INFO   ] thread computer-3 starting.
[15:52:29.676] [SEVERE ] placing card 0 in slot 0
[15:52:29.778] [SEVERE ] placing card 40 in slot 1
[15:52:29.879] [SEVERE ] placing card 72 in slot 2
[15:52:29.980] [SEVERE ] placing card 41 in slot 3
[15:52:30.081] [SEVERE ] placing card 53 in slot 4
[15:52:30.182] [SEVERE ] placing card 55 in slot 5
[15:52:30.283] [SEVERE ] placing card 5 in slot 6
[15:52:30.384] [SEVERE ] placing card 47 in slot 7
[15:52:30.485] [SEVERE ] placing card 45 in slot 8
[15:52:30.586] [SEVERE ] placing card 76 in slot 9
[15:52:30.687] [SEVERE ] placing card 66 in slot 10
[15:52:30.787] [SEVERE ] placing card 24 in slot 11
[15:52:30.793] [SEVERE ] updating countdown to 19999
[15:52:30.793] [SEVERE ] player 3 placing token on slot 5
[15:52:30.793] [SEVERE ] player 4 placing token on slot 3
[15:52:31.789] [SEVERE ] player 4 placing token on slot 0
[15:52:31.789] [SEVERE ] player 3 placing token on slot 7
[15:52:31.795] [INFO   ] time 18998
[15:52:31.796] [SEVERE ] updating countdown to 18998
[15:52:32.789] [SEVERE ] player 4 placing token on slot 5
[15:52:32.789] [SEVERE ] player 3 placing token on slot 9
[15:52:32.791] [INFO   ] time 18002
[15:52:32.791] [SEVERE ] updating countdown to 18002
[15:52:32.791] [INFO   ] time 18002
[15:52:32.792] [SEVERE ] updating countdown to 18002
[15:52:32.792] [SEVERE ] setting player 4 freeze to 3000
[15:52:32.792] [SEVERE ] setting player 3 freeze to 3000
[15:52:33.793] [INFO   ] time 17000
[15:52:33.793] [SEVERE ] updating countdown to 17000
[15:52:33.793] [SEVERE ] setting player 3 freeze to 2000
[15:52:33.793] [SEVERE ] setting player 4 freeze to 2000
[15:52:34.794] [INFO   ] time 15999
[15:52:34.795] [SEVERE ] setting player 3 freeze to 1000
[15:52:34.795] [SEVERE ] updating countdown to 15999
[15:52:34.796] [SEVERE ] setting player 4 freeze to 1000
[15:52:35.795] [SEVERE ] setting player 3 freeze to 0
[15:52:35.796] [INFO   ] time 14997
[15:52:35.796] [SEVERE ] setting player 4 freeze to 0
[15:52:35.797] [SEVERE ] updating countdown to 14997
[15:52:36.797] [SEVERE ] removing player 3 token from slot 7
[15:52:36.797] [INFO   ] time 13996
[15:52:36.797] [SEVERE ] removing player 4 token from slot 3
[15:52:36.798] [SEVERE ] updating countdown to 13996
[15:52:37.797] [SEVERE ] player 3 placing token on slot 11
[15:52:37.798] [SEVERE ] player 4 placing token on slot 6
[15:52:37.799] [INFO   ] time 12994
[15:52:37.800] [SEVERE ] updating countdown to 12994
[15:52:37.801] [INFO   ] time 12992
[15:52:37.801] [SEVERE ] setting player 3 freeze to 3000
[15:52:37.802] [SEVERE ] updating countdown to 12992
[15:52:37.804] [SEVERE ] setting player 4 freeze to 3000
[15:52:38.671] [SEVERE ] exit button pressed
[15:52:38.672] [INFO   ] time 12121
[15:52:38.673] [SEVERE ] updating countdown to 12121
[15:52:38.774] [SEVERE ] removing card from slot 0
[15:52:38.775] [SEVERE ] removing tokens from slot 0
[15:52:38.803] [SEVERE ] setting player 3 freeze to 2000
[15:52:38.805] [SEVERE ] setting player 4 freeze to 2000
[15:52:38.875] [SEVERE ] removing card from slot 1
[15:52:38.877] [SEVERE ] removing tokens from slot 1
[15:52:38.977] [SEVERE ] removing card from slot 2
[15:52:38.978] [SEVERE ] removing tokens from slot 2
[15:52:39.079] [SEVERE ] removing card from slot 3
[15:52:39.080] [SEVERE ] removing tokens from slot 3
[15:52:39.181] [SEVERE ] removing card from slot 4
[15:52:39.182] [SEVERE ] removing tokens from slot 4
[15:52:39.282] [SEVERE ] removing card from slot 5
[15:52:39.283] [SEVERE ] removing tokens from slot 5
[15:52:39.384] [SEVERE ] removing card from slot 6
[15:52:39.385] [SEVERE ] removing tokens from slot 6
[15:52:39.485] [SEVERE ] removing card from slot 7
[15:52:39.486] [SEVERE ] removing tokens from slot 7
[15:52:39.586] [SEVERE ] removing card from slot 8
[15:52:39.587] [SEVERE ] removing tokens from slot 8
[15:52:39.687] [SEVERE ] removing card from slot 9
[15:52:39.688] [SEVERE ] removing tokens from slot 9
[15:52:39.789] [SEVERE ] removing card from slot 10
[15:52:39.790] [SEVERE ] removing tokens from slot 10
[15:52:39.804] [SEVERE ] setting player 3 freeze to 1000
[15:52:39.805] [SEVERE ] setting player 4 freeze to 1000
[15:52:39.890] [SEVERE ] removing card from slot 11
[15:52:39.891] [SEVERE ] removing tokens from slot 11
[15:52:39.892] [SEVERE ] announcing winner(s): player 1, player 2, player 3, player 4
[15:52:39.895] [INFO   ] thread computer-3 terminated.
[15:52:39.895] [SEVERE ] setting player 4 freeze to 0
[15:52:39.896] [INFO   ] thread Thread-4 terminated.
[15:52:39.897] [INFO   ] thread computer-2 terminated.
[15:52:39.897] [SEVERE ] setting player 3 freeze to 0
[15:52:39.898] [INFO   ] thread Thread-3 terminated.
[15:52:39.899] [INFO   ] thread Thread-2 terminated.
[15:52:39.900] [INFO   ] thread Thread-1 terminated.
[15:52:39.901] [INFO   ] thread dealer terminated.
[15:52:39.901] [INFO   ] thread dealer terminated.
[15:52:39.902] [SEVERE ] thanks for playing... it was fun!
[15:52:39.902] [INFO   ] thread bguspl.set.Main.main() terminated.
