[15:49:39.865] [INFO   ] thread bguspl.set.Main.main() starting.
[15:49:39.873] [SEVERE ] cannot read configuration file config.properties trying from resources.
[15:49:39.879] [SEVERE ] configuration file was loaded from resources directory.
[15:49:41.154] [INFO   ] thread dealer starting.
[15:49:41.155] [INFO   ] thread dealer starting.
[15:49:41.157] [INFO   ] thread computer-2 starting.
[15:49:41.157] [INFO   ] thread computer-3 starting.
[15:49:41.264] [SEVERE ] placing card 11 in slot 0
[15:49:41.367] [SEVERE ] placing card 37 in slot 1
[15:49:41.468] [SEVERE ] placing card 76 in slot 2
[15:49:41.569] [SEVERE ] placing card 13 in slot 3
[15:49:41.670] [SEVERE ] placing card 75 in slot 4
[15:49:41.771] [SEVERE ] placing card 10 in slot 5
[15:49:41.872] [SEVERE ] placing card 58 in slot 6
[15:49:41.973] [SEVERE ] placing card 45 in slot 7
[15:49:42.074] [SEVERE ] placing card 4 in slot 8
[15:49:42.175] [SEVERE ] placing card 55 in slot 9
[15:49:42.276] [SEVERE ] placing card 17 in slot 10
[15:49:42.377] [SEVERE ] placing card 46 in slot 11
[15:49:42.384] [SEVERE ] updating countdown to 19999
[15:49:42.384] [SEVERE ] player 3 placing token on slot 7
[15:49:42.384] [SEVERE ] player 4 placing token on slot 0
[15:49:43.379] [SEVERE ] player 4 placing token on slot 6
[15:49:43.379] [SEVERE ] player 3 placing token on slot 4
[15:49:43.386] [INFO   ] time 18999
[15:49:43.387] [SEVERE ] updating countdown to 18999
[15:49:44.380] [SEVERE ] player 4 placing token on slot 11
[15:49:44.380] [SEVERE ] player 3 placing token on slot 0
[15:49:44.382] [INFO   ] time 18003
[15:49:44.383] [SEVERE ] updating countdown to 18003
[15:49:44.383] [INFO   ] time 18002
[15:49:44.384] [SEVERE ] setting player 4 freeze to 3000
[15:49:44.384] [SEVERE ] updating countdown to 18002
[15:49:44.385] [SEVERE ] setting player 3 freeze to 3000
[15:49:45.385] [SEVERE ] setting player 4 freeze to 2000
[15:49:45.385] [INFO   ] time 17000
[15:49:45.386] [SEVERE ] updating countdown to 17000
[15:49:45.387] [SEVERE ] setting player 3 freeze to 2000
[15:49:46.387] [SEVERE ] setting player 4 freeze to 1000
[15:49:46.387] [INFO   ] time 15998
[15:49:46.388] [SEVERE ] updating countdown to 15998
[15:49:46.388] [SEVERE ] setting player 3 freeze to 1000
[15:49:47.387] [SEVERE ] setting player 4 freeze to 0
[15:49:47.388] [INFO   ] time 14997
[15:49:47.389] [SEVERE ] setting player 3 freeze to 0
[15:49:47.391] [SEVERE ] updating countdown to 14997
[15:49:48.392] [INFO   ] time 13993
[15:49:48.392] [SEVERE ] updating countdown to 13993
[15:49:49.393] [INFO   ] time 12992
[15:49:49.394] [SEVERE ] updating countdown to 12992
[15:49:50.390] [SEVERE ] removing player 4 token from slot 11
[15:49:50.395] [INFO   ] time 11990
[15:49:50.396] [SEVERE ] updating countdown to 11990
[15:49:51.390] [SEVERE ] player 4 placing token on slot 3
[15:49:51.391] [INFO   ] time 10994
[15:49:51.392] [SEVERE ] updating countdown to 10994
[15:49:51.393] [SEVERE ] setting player 4 freeze to 3000
[15:49:52.393] [INFO   ] time 9992
[15:49:52.393] [SEVERE ] updating countdown to 9992
[15:49:52.394] [SEVERE ] setting player 4 freeze to 2000
[15:49:53.394] [INFO   ] time 8991
[15:49:53.395] [SEVERE ] setting player 4 freeze to 1000
[15:49:53.395] [SEVERE ] updating countdown to 8991
[15:49:54.396] [SEVERE ] setting player 4 freeze to 0
[15:49:54.396] [INFO   ] time 7989
[15:49:54.397] [SEVERE ] updating countdown to 7989
[15:49:55.398] [INFO   ] time 6987
[15:49:55.399] [SEVERE ] updating countdown to 6987
[15:49:56.393] [SEVERE ] removing player 3 token from slot 7
[15:49:56.400] [INFO   ] time 5985
[15:49:56.401] [SEVERE ] updating countdown to 5985
[15:49:57.393] [SEVERE ] player 3 placing token on slot 9
[15:49:57.395] [INFO   ] time 4990
[15:49:57.398] [SEVERE ] setting player 3 freeze to 3000
[15:49:57.408] [INFO   ] time 4977
[15:49:57.419] [INFO   ] time 4966
[15:49:57.430] [INFO   ] time 4955
[15:49:57.443] [INFO   ] time 4942
[15:49:57.454] [INFO   ] time 4931
[15:49:57.466] [INFO   ] time 4920
[15:49:57.477] [INFO   ] time 4908
[15:49:57.488] [INFO   ] time 4897
[15:49:57.499] [INFO   ] time 4886
[15:49:57.510] [INFO   ] time 4875
[15:49:57.521] [INFO   ] time 4864
[15:49:57.532] [INFO   ] time 4853
[15:49:57.543] [INFO   ] time 4842
[15:49:57.554] [INFO   ] time 4831
[15:49:57.565] [INFO   ] time 4820
[15:49:57.576] [INFO   ] time 4809
[15:49:57.587] [INFO   ] time 4798
[15:49:57.598] [INFO   ] time 4787
[15:49:57.610] [INFO   ] time 4775
[15:49:57.622] [INFO   ] time 4764
[15:49:57.633] [INFO   ] time 4752
[15:49:57.645] [INFO   ] time 4740
[15:49:57.656] [INFO   ] time 4729
[15:49:57.667] [INFO   ] time 4718
[15:49:57.679] [INFO   ] time 4706
[15:49:57.691] [INFO   ] time 4694
[15:49:57.703] [INFO   ] time 4682
[15:49:57.714] [INFO   ] time 4671
[15:49:57.726] [INFO   ] time 4659
[15:49:57.737] [INFO   ] time 4648
[15:49:57.749] [INFO   ] time 4636
[15:49:57.761] [INFO   ] time 4624
[15:49:57.773] [INFO   ] time 4612
[15:49:57.784] [INFO   ] time 4601
[15:49:57.796] [INFO   ] time 4589
[15:49:57.807] [INFO   ] time 4578
[15:49:57.819] [INFO   ] time 4566
[15:49:57.830] [INFO   ] time 4555
[15:49:57.841] [INFO   ] time 4544
[15:49:57.853] [INFO   ] time 4532
[15:49:57.864] [INFO   ] time 4521
[15:49:57.875] [INFO   ] time 4510
[15:49:57.886] [INFO   ] time 4499
[15:49:57.897] [INFO   ] time 4488
[15:49:57.909] [INFO   ] time 4476
[15:49:57.920] [INFO   ] time 4465
[15:49:57.931] [INFO   ] time 4454
[15:49:57.942] [INFO   ] time 4443
[15:49:57.953] [INFO   ] time 4432
[15:49:57.965] [INFO   ] time 4420
[15:49:57.976] [INFO   ] time 4409
[15:49:57.987] [INFO   ] time 4398
[15:49:57.998] [INFO   ] time 4387
[15:49:58.010] [INFO   ] time 4376
[15:49:58.021] [INFO   ] time 4364
[15:49:58.032] [INFO   ] time 4353
[15:49:58.042] [INFO   ] time 4343
[15:49:58.053] [INFO   ] time 4332
[15:49:58.064] [INFO   ] time 4321
[15:49:58.075] [INFO   ] time 4310
[15:49:58.086] [INFO   ] time 4299
[15:49:58.097] [INFO   ] time 4288
[15:49:58.108] [INFO   ] time 4277
[15:49:58.119] [INFO   ] time 4266
[15:49:58.130] [INFO   ] time 4255
[15:49:58.141] [INFO   ] time 4244
[15:49:58.152] [INFO   ] time 4233
[15:49:58.163] [INFO   ] time 4222
[15:49:58.174] [INFO   ] time 4211
[15:49:58.185] [INFO   ] time 4200
[15:49:58.196] [INFO   ] time 4189
[15:49:58.207] [INFO   ] time 4178
[15:49:58.218] [INFO   ] time 4167
[15:49:58.229] [INFO   ] time 4156
[15:49:58.242] [INFO   ] time 4143
[15:49:58.253] [INFO   ] time 4132
[15:49:58.264] [INFO   ] time 4121
[15:49:58.275] [INFO   ] time 4110
[15:49:58.286] [INFO   ] time 4099
[15:49:58.297] [INFO   ] time 4088
[15:49:58.308] [INFO   ] time 4077
[15:49:58.319] [INFO   ] time 4066
[15:49:58.330] [INFO   ] time 4055
[15:49:58.341] [INFO   ] time 4044
[15:49:58.352] [INFO   ] time 4033
[15:49:58.363] [INFO   ] time 4022
[15:49:58.374] [INFO   ] time 4011
[15:49:58.385] [INFO   ] time 4000
[15:49:58.385] [SEVERE ] updating countdown to 4000
[15:49:58.396] [INFO   ] time 3989
[15:49:58.399] [SEVERE ] setting player 3 freeze to 2000
[15:49:58.408] [INFO   ] time 3977
[15:49:58.419] [INFO   ] time 3966
[15:49:58.429] [INFO   ] time 3956
[15:49:58.440] [INFO   ] time 3945
[15:49:58.451] [INFO   ] time 3934
[15:49:58.462] [INFO   ] time 3923
[15:49:58.473] [INFO   ] time 3912
[15:49:58.484] [INFO   ] time 3901
[15:49:58.495] [INFO   ] time 3890
[15:49:58.507] [INFO   ] time 3878
[15:49:58.517] [INFO   ] time 3868
[15:49:58.528] [INFO   ] time 3857
[15:49:58.539] [INFO   ] time 3846
[15:49:58.550] [INFO   ] time 3835
[15:49:58.561] [INFO   ] time 3824
[15:49:58.572] [INFO   ] time 3813
[15:49:58.583] [INFO   ] time 3803
[15:49:58.594] [INFO   ] time 3791
[15:49:58.605] [INFO   ] time 3780
[15:49:58.615] [INFO   ] time 3770
[15:49:58.626] [INFO   ] time 3759
[15:49:58.637] [INFO   ] time 3748
[15:49:58.648] [INFO   ] time 3737
[15:49:58.659] [INFO   ] time 3726
[15:49:58.670] [INFO   ] time 3715
[15:49:58.681] [INFO   ] time 3704
[15:49:58.692] [INFO   ] time 3693
[15:49:58.703] [INFO   ] time 3682
[15:49:58.713] [INFO   ] time 3672
[15:49:58.724] [INFO   ] time 3661
[15:49:58.735] [INFO   ] time 3650
[15:49:58.746] [INFO   ] time 3639
[15:49:58.757] [INFO   ] time 3628
[15:49:58.768] [INFO   ] time 3618
[15:49:58.778] [INFO   ] time 3607
[15:49:58.789] [INFO   ] time 3596
[15:49:58.800] [INFO   ] time 3585
[15:49:58.811] [INFO   ] time 3574
[15:49:58.822] [INFO   ] time 3563
[15:49:58.832] [INFO   ] time 3553
[15:49:58.843] [INFO   ] time 3542
[15:49:58.857] [INFO   ] time 3528
[15:49:58.869] [INFO   ] time 3516
[15:49:58.880] [INFO   ] time 3505
[15:49:58.892] [INFO   ] time 3493
[15:49:58.903] [INFO   ] time 3482
[15:49:58.914] [INFO   ] time 3471
[15:49:58.925] [INFO   ] time 3460
[15:49:58.936] [INFO   ] time 3449
[15:49:58.947] [INFO   ] time 3438
[15:49:58.958] [INFO   ] time 3427
[15:49:58.969] [INFO   ] time 3416
[15:49:58.980] [INFO   ] time 3405
[15:49:58.993] [INFO   ] time 3392
[15:49:59.005] [INFO   ] time 3380
[15:49:59.016] [INFO   ] time 3369
[15:49:59.027] [INFO   ] time 3358
[15:49:59.039] [INFO   ] time 3347
[15:49:59.049] [INFO   ] time 3336
[15:49:59.061] [INFO   ] time 3324
[15:49:59.073] [INFO   ] time 3312
[15:49:59.084] [INFO   ] time 3301
[15:49:59.095] [INFO   ] time 3290
[15:49:59.106] [INFO   ] time 3279
[15:49:59.117] [INFO   ] time 3268
[15:49:59.129] [INFO   ] time 3256
[15:49:59.141] [INFO   ] time 3244
[15:49:59.152] [INFO   ] time 3233
[15:49:59.163] [INFO   ] time 3222
[15:49:59.174] [INFO   ] time 3211
[15:49:59.185] [INFO   ] time 3200
[15:49:59.197] [INFO   ] time 3188
[15:49:59.208] [INFO   ] time 3177
[15:49:59.219] [INFO   ] time 3166
[15:49:59.230] [INFO   ] time 3155
[15:49:59.241] [INFO   ] time 3144
[15:49:59.253] [INFO   ] time 3132
[15:49:59.264] [INFO   ] time 3121
[15:49:59.275] [INFO   ] time 3110
[15:49:59.287] [INFO   ] time 3098
[15:49:59.298] [INFO   ] time 3087
[15:49:59.309] [INFO   ] time 3076
[15:49:59.321] [INFO   ] time 3064
[15:49:59.332] [INFO   ] time 3053
[15:49:59.343] [INFO   ] time 3042
[15:49:59.356] [INFO   ] time 3029
[15:49:59.367] [INFO   ] time 3018
[15:49:59.378] [INFO   ] time 3007
[15:49:59.390] [INFO   ] time 2995
[15:49:59.400] [SEVERE ] setting player 3 freeze to 1000
[15:49:59.401] [INFO   ] time 2984
[15:49:59.412] [INFO   ] time 2973
[15:49:59.423] [INFO   ] time 2962
[15:49:59.435] [INFO   ] time 2950
[15:49:59.446] [INFO   ] time 2939
[15:49:59.458] [INFO   ] time 2928
[15:49:59.469] [INFO   ] time 2916
[15:49:59.515] [INFO   ] time 2870
[15:49:59.553] [INFO   ] time 2832
[15:49:59.564] [INFO   ] time 2821
[15:49:59.576] [INFO   ] time 2810
[15:49:59.587] [INFO   ] time 2798
[15:49:59.598] [INFO   ] time 2787
[15:49:59.609] [INFO   ] time 2776
[15:49:59.620] [INFO   ] time 2765
[15:49:59.631] [INFO   ] time 2754
[15:49:59.642] [INFO   ] time 2743
[15:49:59.653] [INFO   ] time 2732
[15:49:59.664] [INFO   ] time 2721
[15:49:59.675] [INFO   ] time 2710
[15:49:59.687] [INFO   ] time 2698
[15:49:59.698] [INFO   ] time 2687
[15:49:59.709] [INFO   ] time 2676
[15:49:59.721] [INFO   ] time 2664
[15:49:59.732] [INFO   ] time 2653
[15:49:59.743] [INFO   ] time 2642
[15:49:59.755] [INFO   ] time 2630
[15:49:59.766] [INFO   ] time 2619
[15:49:59.776] [INFO   ] time 2609
[15:49:59.788] [INFO   ] time 2597
[15:49:59.799] [INFO   ] time 2586
[15:49:59.810] [INFO   ] time 2575
[15:49:59.821] [INFO   ] time 2564
[15:49:59.832] [INFO   ] time 2553
[15:49:59.843] [INFO   ] time 2542
[15:49:59.855] [INFO   ] time 2530
[15:49:59.866] [INFO   ] time 2519
[15:49:59.877] [INFO   ] time 2509
[15:49:59.888] [INFO   ] time 2497
[15:49:59.899] [INFO   ] time 2486
[15:49:59.910] [INFO   ] time 2475
[15:49:59.922] [INFO   ] time 2463
[15:49:59.932] [INFO   ] time 2453
[15:49:59.943] [INFO   ] time 2442
[15:49:59.955] [INFO   ] time 2430
[15:49:59.965] [INFO   ] time 2420
[15:49:59.976] [INFO   ] time 2409
[15:49:59.988] [INFO   ] time 2397
[15:49:59.998] [INFO   ] time 2387
[15:50:00.010] [INFO   ] time 2376
[15:50:00.021] [INFO   ] time 2364
[15:50:00.033] [INFO   ] time 2352
[15:50:00.046] [INFO   ] time 2339
[15:50:00.057] [INFO   ] time 2328
[15:50:00.068] [INFO   ] time 2317
[15:50:00.079] [INFO   ] time 2306
[15:50:00.090] [INFO   ] time 2295
[15:50:00.101] [INFO   ] time 2284
[15:50:00.112] [INFO   ] time 2273
[15:50:00.123] [INFO   ] time 2262
[15:50:00.134] [INFO   ] time 2251
[15:50:00.145] [INFO   ] time 2240
[15:50:00.156] [INFO   ] time 2229
[15:50:00.167] [INFO   ] time 2218
[15:50:00.178] [INFO   ] time 2207
[15:50:00.190] [INFO   ] time 2195
[15:50:00.202] [INFO   ] time 2183
[15:50:00.214] [INFO   ] time 2171
[15:50:00.226] [INFO   ] time 2159
[15:50:00.238] [INFO   ] time 2147
[15:50:00.249] [INFO   ] time 2136
[15:50:00.260] [INFO   ] time 2125
[15:50:00.271] [INFO   ] time 2114
[15:50:00.282] [INFO   ] time 2103
[15:50:00.293] [INFO   ] time 2092
[15:50:00.304] [INFO   ] time 2081
[15:50:00.315] [INFO   ] time 2070
[15:50:00.326] [INFO   ] time 2059
[15:50:00.338] [INFO   ] time 2048
[15:50:00.349] [INFO   ] time 2037
[15:50:00.360] [INFO   ] time 2025
[15:50:00.371] [INFO   ] time 2014
[15:50:00.382] [INFO   ] time 2003
[15:50:00.393] [INFO   ] time 1992
[15:50:00.401] [SEVERE ] setting player 3 freeze to 0
[15:50:00.402] [SEVERE ] removing player 3 token from slot 0
[15:50:00.404] [INFO   ] time 1981
[15:50:00.415] [INFO   ] time 1970
[15:50:00.426] [INFO   ] time 1959
[15:50:00.437] [INFO   ] time 1948
[15:50:00.448] [INFO   ] time 1937
[15:50:00.459] [INFO   ] time 1926
[15:50:00.470] [INFO   ] time 1915
[15:50:00.481] [INFO   ] time 1904
[15:50:00.492] [INFO   ] time 1893
[15:50:00.503] [INFO   ] time 1882
[15:50:00.514] [INFO   ] time 1871
[15:50:00.525] [INFO   ] time 1860
[15:50:00.536] [INFO   ] time 1849
[15:50:00.547] [INFO   ] time 1838
[15:50:00.558] [INFO   ] time 1827
[15:50:00.569] [INFO   ] time 1816
[15:50:00.579] [INFO   ] time 1806
[15:50:00.590] [INFO   ] time 1795
[15:50:00.602] [INFO   ] time 1783
[15:50:00.612] [INFO   ] time 1773
[15:50:00.623] [INFO   ] time 1762
[15:50:00.634] [INFO   ] time 1751
[15:50:00.645] [INFO   ] time 1740
[15:50:00.656] [INFO   ] time 1729
[15:50:00.667] [INFO   ] time 1718
[15:50:00.678] [INFO   ] time 1707
[15:50:00.689] [INFO   ] time 1696
[15:50:00.700] [INFO   ] time 1685
[15:50:00.711] [INFO   ] time 1674
[15:50:00.722] [INFO   ] time 1663
[15:50:00.732] [INFO   ] time 1653
[15:50:00.743] [INFO   ] time 1642
[15:50:00.754] [INFO   ] time 1631
[15:50:00.765] [INFO   ] time 1620
[15:50:00.776] [INFO   ] time 1609
[15:50:00.787] [INFO   ] time 1598
[15:50:00.798] [INFO   ] time 1587
[15:50:00.809] [INFO   ] time 1576
[15:50:00.820] [INFO   ] time 1565
[15:50:00.831] [INFO   ] time 1554
[15:50:00.842] [INFO   ] time 1543
[15:50:00.853] [INFO   ] time 1532
[15:50:00.864] [INFO   ] time 1521
[15:50:00.875] [INFO   ] time 1510
[15:50:00.886] [INFO   ] time 1499
[15:50:00.897] [INFO   ] time 1488
[15:50:00.908] [INFO   ] time 1477
[15:50:00.919] [INFO   ] time 1466
[15:50:00.929] [INFO   ] time 1456
[15:50:00.940] [INFO   ] time 1445
[15:50:00.951] [INFO   ] time 1434
[15:50:00.962] [INFO   ] time 1423
[15:50:00.972] [INFO   ] time 1413
[15:50:00.983] [INFO   ] time 1402
[15:50:00.994] [INFO   ] time 1391
[15:50:01.005] [INFO   ] time 1380
[15:50:01.016] [INFO   ] time 1369
[15:50:01.026] [INFO   ] time 1359
[15:50:01.037] [INFO   ] time 1348
[15:50:01.048] [INFO   ] time 1337
[15:50:01.059] [INFO   ] time 1326
[15:50:01.070] [INFO   ] time 1315
[15:50:01.080] [INFO   ] time 1305
[15:50:01.091] [INFO   ] time 1294
[15:50:01.102] [INFO   ] time 1283
[15:50:01.113] [INFO   ] time 1272
[15:50:01.124] [INFO   ] time 1261
[15:50:01.135] [INFO   ] time 1250
[15:50:01.146] [INFO   ] time 1239
[15:50:01.156] [INFO   ] time 1229
[15:50:01.168] [INFO   ] time 1217
[15:50:01.178] [INFO   ] time 1207
[15:50:01.189] [INFO   ] time 1196
[15:50:01.200] [INFO   ] time 1185
[15:50:01.211] [INFO   ] time 1174
[15:50:01.222] [INFO   ] time 1163
[15:50:01.232] [INFO   ] time 1153
[15:50:01.243] [INFO   ] time 1142
[15:50:01.254] [INFO   ] time 1131
[15:50:01.265] [INFO   ] time 1120
[15:50:01.276] [INFO   ] time 1109
[15:50:01.287] [INFO   ] time 1098
[15:50:01.298] [INFO   ] time 1087
[15:50:01.309] [INFO   ] time 1076
[15:50:01.320] [INFO   ] time 1065
[15:50:01.330] [INFO   ] time 1055
[15:50:01.341] [INFO   ] time 1044
[15:50:01.352] [INFO   ] time 1033
[15:50:01.363] [INFO   ] time 1022
[15:50:01.374] [INFO   ] time 1011
[15:50:01.385] [INFO   ] time 1000
[15:50:01.385] [SEVERE ] updating countdown to 1000
[15:50:01.396] [INFO   ] time 989
[15:50:01.398] [SEVERE ] removing player 4 token from slot 0
[15:50:01.402] [SEVERE ] player 3 placing token on slot 7
[15:50:01.403] [INFO   ] time 982
[15:50:01.403] [SEVERE ] setting player 3 freeze to 3000
[15:50:01.413] [INFO   ] time 972
[15:50:01.425] [INFO   ] time 961
[15:50:01.437] [INFO   ] time 948
[15:50:01.448] [INFO   ] time 937
[15:50:01.459] [INFO   ] time 926
[15:50:01.471] [INFO   ] time 914
[15:50:01.482] [INFO   ] time 903
[15:50:01.493] [INFO   ] time 892
[15:50:01.504] [INFO   ] time 881
[15:50:01.515] [INFO   ] time 870
[15:50:01.526] [INFO   ] time 859
[15:50:01.537] [INFO   ] time 848
[15:50:01.548] [INFO   ] time 837
[15:50:01.560] [INFO   ] time 825
[15:50:01.571] [INFO   ] time 814
[15:50:01.582] [INFO   ] time 803
[15:50:01.593] [INFO   ] time 792
[15:50:01.604] [INFO   ] time 781
[15:50:01.615] [INFO   ] time 770
[15:50:01.625] [INFO   ] time 760
[15:50:01.637] [INFO   ] time 748
[15:50:01.648] [INFO   ] time 737
[15:50:01.659] [INFO   ] time 726
[15:50:01.670] [INFO   ] time 715
[15:50:01.681] [INFO   ] time 704
[15:50:01.692] [INFO   ] time 693
[15:50:01.703] [INFO   ] time 682
[15:50:01.713] [INFO   ] time 672
[15:50:01.724] [INFO   ] time 661
[15:50:01.736] [INFO   ] time 649
[15:50:01.747] [INFO   ] time 638
[15:50:01.758] [INFO   ] time 627
[15:50:01.769] [INFO   ] time 616
[15:50:01.780] [INFO   ] time 605
[15:50:01.791] [INFO   ] time 594
[15:50:01.803] [INFO   ] time 582
[15:50:01.814] [INFO   ] time 571
[15:50:01.825] [INFO   ] time 560
[15:50:01.836] [INFO   ] time 549
[15:50:01.847] [INFO   ] time 538
[15:50:01.858] [INFO   ] time 527
[15:50:01.869] [INFO   ] time 516
[15:50:01.880] [INFO   ] time 505
[15:50:01.891] [INFO   ] time 494
[15:50:01.903] [INFO   ] time 482
[15:50:01.914] [INFO   ] time 471
[15:50:01.925] [INFO   ] time 461
[15:50:01.936] [INFO   ] time 449
[15:50:01.946] [INFO   ] time 439
[15:50:01.957] [INFO   ] time 428
[15:50:01.969] [INFO   ] time 416
[15:50:01.980] [INFO   ] time 405
[15:50:01.991] [INFO   ] time 394
[15:50:02.001] [INFO   ] time 384
[15:50:02.012] [INFO   ] time 373
[15:50:02.023] [INFO   ] time 362
[15:50:02.034] [INFO   ] time 351
[15:50:02.045] [INFO   ] time 340
[15:50:02.056] [INFO   ] time 329
[15:50:02.067] [INFO   ] time 318
[15:50:02.078] [INFO   ] time 307
[15:50:02.089] [INFO   ] time 296
[15:50:02.100] [INFO   ] time 285
[15:50:02.111] [INFO   ] time 274
[15:50:02.122] [INFO   ] time 263
[15:50:02.133] [INFO   ] time 252
[15:50:02.144] [INFO   ] time 241
[15:50:02.155] [INFO   ] time 230
[15:50:02.166] [INFO   ] time 219
[15:50:02.177] [INFO   ] time 208
[15:50:02.188] [INFO   ] time 197
[15:50:02.199] [INFO   ] time 186
[15:50:02.209] [INFO   ] time 176
[15:50:02.220] [INFO   ] time 165
[15:50:02.231] [INFO   ] time 154
[15:50:02.242] [INFO   ] time 143
[15:50:02.253] [INFO   ] time 132
[15:50:02.264] [INFO   ] time 121
[15:50:02.275] [INFO   ] time 110
[15:50:02.286] [INFO   ] time 99
[15:50:02.297] [INFO   ] time 88
[15:50:02.308] [INFO   ] time 77
[15:50:02.319] [INFO   ] time 66
[15:50:02.330] [INFO   ] time 55
[15:50:02.342] [INFO   ] time 43
[15:50:02.354] [INFO   ] time 31
[15:50:02.365] [INFO   ] time 20
[15:50:02.376] [INFO   ] time 9
[15:50:02.387] [INFO   ] time -2
[15:50:02.388] [SEVERE ] updating countdown to 0
[15:50:02.404] [SEVERE ] setting player 3 freeze to 2000
[15:50:02.489] [SEVERE ] removing card from slot 0
[15:50:02.490] [SEVERE ] removing tokens from slot 0
[15:50:02.591] [SEVERE ] removing card from slot 1
[15:50:02.592] [SEVERE ] removing tokens from slot 1
[15:50:02.692] [SEVERE ] removing card from slot 2
[15:50:02.693] [SEVERE ] removing tokens from slot 2
[15:50:02.795] [SEVERE ] removing card from slot 3
[15:50:02.795] [SEVERE ] removing tokens from slot 3
[15:50:02.896] [SEVERE ] removing card from slot 4
[15:50:02.896] [SEVERE ] removing tokens from slot 4
[15:50:02.997] [SEVERE ] removing card from slot 5
[15:50:02.998] [SEVERE ] removing tokens from slot 5
[15:50:03.098] [SEVERE ] removing card from slot 6
[15:50:03.099] [SEVERE ] removing tokens from slot 6
[15:50:03.199] [SEVERE ] removing card from slot 7
[15:50:03.200] [SEVERE ] removing tokens from slot 7
[15:50:03.300] [SEVERE ] removing card from slot 8
[15:50:03.301] [SEVERE ] removing tokens from slot 8
[15:50:03.401] [SEVERE ] removing card from slot 9
[15:50:03.402] [SEVERE ] removing tokens from slot 9
[15:50:03.405] [SEVERE ] setting player 3 freeze to 1000
[15:50:03.502] [SEVERE ] removing card from slot 10
[15:50:03.503] [SEVERE ] removing tokens from slot 10
[15:50:03.603] [SEVERE ] removing card from slot 11
[15:50:03.604] [SEVERE ] removing tokens from slot 11
[15:50:03.705] [SEVERE ] placing card 34 in slot 0
[15:50:03.806] [SEVERE ] placing card 16 in slot 1
[15:50:03.906] [SEVERE ] placing card 51 in slot 2
[15:50:04.007] [SEVERE ] placing card 72 in slot 3
[15:50:04.108] [SEVERE ] placing card 64 in slot 4
[15:50:04.208] [SEVERE ] placing card 47 in slot 5
[15:50:04.309] [SEVERE ] placing card 25 in slot 6
[15:50:04.406] [SEVERE ] setting player 3 freeze to 0
[15:50:04.410] [SEVERE ] placing card 63 in slot 7
[15:50:04.510] [SEVERE ] placing card 2 in slot 8
[15:50:04.611] [SEVERE ] placing card 17 in slot 9
[15:50:04.712] [SEVERE ] placing card 74 in slot 10
[15:50:04.812] [SEVERE ] placing card 20 in slot 11
[15:50:04.813] [SEVERE ] player 4 placing token on slot 11
[15:50:04.816] [SEVERE ] updating countdown to 19999
[15:50:04.816] [SEVERE ] player 3 placing token on slot 8
[15:50:05.813] [SEVERE ] player 4 placing token on slot 0
[15:50:05.813] [SEVERE ] player 3 placing token on slot 10
[15:50:05.822] [INFO   ] time 18999
[15:50:05.823] [SEVERE ] updating countdown to 18999
[15:50:06.814] [SEVERE ] player 4 placing token on slot 8
[15:50:06.814] [SEVERE ] player 3 placing token on slot 1
[15:50:06.814] [INFO   ] time 18007
[15:50:06.816] [SEVERE ] updating countdown to 18007
[15:50:06.817] [INFO   ] time 18004
[15:50:06.817] [SEVERE ] updating countdown to 18004
[15:50:06.817] [SEVERE ] setting player 4 freeze to 3000
[15:50:06.818] [SEVERE ] setting player 3 freeze to 3000
[15:50:07.818] [INFO   ] time 17003
[15:50:07.818] [SEVERE ] updating countdown to 17003
[15:50:07.818] [SEVERE ] setting player 3 freeze to 2000
[15:50:07.818] [SEVERE ] setting player 4 freeze to 2000
[15:50:08.819] [INFO   ] time 16002
[15:50:08.819] [SEVERE ] setting player 3 freeze to 1000
[15:50:08.820] [SEVERE ] setting player 4 freeze to 1000
[15:50:08.819] [SEVERE ] updating countdown to 16002
[15:50:09.820] [SEVERE ] setting player 3 freeze to 0
[15:50:09.820] [SEVERE ] setting player 4 freeze to 0
[15:50:09.821] [SEVERE ] removing player 3 token from slot 1
[15:50:09.820] [INFO   ] time 15001
[15:50:09.821] [SEVERE ] updating countdown to 15001
[15:50:09.821] [SEVERE ] removing player 4 token from slot 0
[15:50:10.821] [SEVERE ] player 3 placing token on slot 11
[15:50:10.821] [SEVERE ] player 4 placing token on slot 10
[15:50:10.821] [INFO   ] time 14000
[15:50:10.822] [SEVERE ] updating countdown to 14000
[15:50:10.822] [INFO   ] time 13999
[15:50:10.822] [SEVERE ] updating countdown to 13999
[15:50:10.822] [SEVERE ] setting player 3 freeze to 3000
[15:50:10.823] [SEVERE ] setting player 4 freeze to 3000
[15:50:11.823] [INFO   ] time 12998
[15:50:11.824] [SEVERE ] updating countdown to 12998
[15:50:11.823] [SEVERE ] setting player 3 freeze to 2000
[15:50:11.824] [SEVERE ] setting player 4 freeze to 2000
[15:50:12.825] [INFO   ] time 11996
[15:50:12.825] [SEVERE ] updating countdown to 11996
[15:50:12.826] [SEVERE ] setting player 3 freeze to 1000
[15:50:12.828] [SEVERE ] setting player 4 freeze to 1000
[15:50:13.649] [SEVERE ] exit button pressed
[15:50:13.650] [INFO   ] time 11171
[15:50:13.650] [SEVERE ] updating countdown to 11171
[15:50:13.751] [SEVERE ] removing card from slot 0
[15:50:13.751] [SEVERE ] removing tokens from slot 0
[15:50:13.827] [SEVERE ] setting player 3 freeze to 0
[15:50:13.829] [SEVERE ] setting player 4 freeze to 0
[15:50:13.852] [SEVERE ] removing card from slot 1
[15:50:13.852] [SEVERE ] removing tokens from slot 1
[15:50:13.953] [SEVERE ] removing card from slot 2
[15:50:13.953] [SEVERE ] removing tokens from slot 2
[15:50:14.054] [SEVERE ] removing card from slot 3
[15:50:14.055] [SEVERE ] removing tokens from slot 3
[15:50:14.155] [SEVERE ] removing card from slot 4
[15:50:14.155] [SEVERE ] removing tokens from slot 4
[15:50:14.256] [SEVERE ] removing card from slot 5
[15:50:14.256] [SEVERE ] removing tokens from slot 5
[15:50:14.357] [SEVERE ] removing card from slot 6
[15:50:14.357] [SEVERE ] removing tokens from slot 6
[15:50:14.458] [SEVERE ] removing card from slot 7
[15:50:14.458] [SEVERE ] removing tokens from slot 7
[15:50:14.559] [SEVERE ] removing card from slot 8
[15:50:14.560] [SEVERE ] removing tokens from slot 8
[15:50:14.660] [SEVERE ] removing card from slot 9
[15:50:14.661] [SEVERE ] removing tokens from slot 9
[15:50:14.761] [SEVERE ] removing card from slot 10
[15:50:14.762] [SEVERE ] removing tokens from slot 10
[15:50:14.863] [SEVERE ] removing card from slot 11
[15:50:14.863] [SEVERE ] removing tokens from slot 11
[15:50:14.865] [SEVERE ] announcing winner(s): player 1, player 2, player 3, player 4
[15:50:14.867] [INFO   ] thread computer-3 terminated.
[15:50:14.867] [INFO   ] thread Thread-4 terminated.
[15:50:14.868] [INFO   ] thread computer-2 terminated.
[15:50:14.868] [INFO   ] thread Thread-3 terminated.
[15:50:14.868] [INFO   ] thread Thread-2 terminated.
[15:50:14.869] [INFO   ] thread Thread-1 terminated.
[15:50:14.869] [INFO   ] thread dealer terminated.
[15:50:14.869] [INFO   ] thread dealer terminated.
[15:50:14.869] [SEVERE ] thanks for playing... it was fun!
[15:50:14.870] [INFO   ] thread bguspl.set.Main.main() terminated.
