[16:56:12.189] [INFO   ] thread bguspl.set.Main.main() starting.
[16:56:12.198] [SEVERE ] cannot read configuration file config.properties trying from resources.
[16:56:12.203] [SEVERE ] configuration file was loaded from resources directory.
[16:56:13.571] [INFO   ] thread dealer starting.
[16:56:13.572] [INFO   ] thread dealer starting.
[16:56:13.577] [INFO   ] thread computer-3 starting.
[16:56:13.578] [INFO   ] thread computer-2 starting.
[16:56:13.679] [SEVERE ] placing card 23 in slot 0
[16:56:13.782] [SEVERE ] placing card 53 in slot 1
[16:56:13.882] [SEVERE ] placing card 56 in slot 2
[16:56:13.983] [SEVERE ] placing card 15 in slot 3
[16:56:14.084] [SEVERE ] placing card 12 in slot 4
[16:56:14.186] [SEVERE ] placing card 8 in slot 5
[16:56:14.287] [SEVERE ] placing card 38 in slot 6
[16:56:14.388] [SEVERE ] placing card 36 in slot 7
[16:56:14.488] [SEVERE ] placing card 32 in slot 8
[16:56:14.589] [SEVERE ] placing card 37 in slot 9
[16:56:14.690] [SEVERE ] placing card 69 in slot 10
[16:56:14.791] [SEVERE ] placing card 33 in slot 11
[16:56:14.799] [SEVERE ] updating countdown to 19999
[16:56:14.799] [SEVERE ] player 3 placing token on slot 10
[16:56:14.799] [SEVERE ] player 4 placing token on slot 3
[16:56:15.793] [SEVERE ] player 4 placing token on slot 8
[16:56:15.793] [SEVERE ] removing player 3 token from slot 10
[16:56:15.801] [SEVERE ] updating countdown to 18998
[16:56:16.793] [SEVERE ] player 4 placing token on slot 4
[16:56:16.793] [SEVERE ] player 3 placing token on slot 5
[16:56:16.795] [SEVERE ] updating countdown to 18004
[16:56:16.798] [SEVERE ] setting player 4 freeze to 3000
[16:56:17.794] [SEVERE ] player 3 placing token on slot 3
[16:56:17.798] [SEVERE ] updating countdown to 17001
[16:56:17.799] [SEVERE ] setting player 4 freeze to 2000
[16:56:18.794] [SEVERE ] player 3 placing token on slot 11
[16:56:18.795] [SEVERE ] updating countdown to 16004
[16:56:18.796] [SEVERE ] setting player 3 freeze to 3000
[16:56:18.800] [SEVERE ] setting player 4 freeze to 1000
[16:56:19.796] [SEVERE ] updating countdown to 15003
[16:56:19.796] [SEVERE ] setting player 3 freeze to 2000
[16:56:19.801] [SEVERE ] setting player 4 freeze to 0
[16:56:20.797] [SEVERE ] updating countdown to 14002
[16:56:20.797] [SEVERE ] setting player 3 freeze to 1000
[16:56:21.798] [SEVERE ] updating countdown to 13001
[16:56:21.798] [SEVERE ] setting player 3 freeze to 0
[16:56:22.799] [SEVERE ] updating countdown to 12000
[16:56:23.801] [SEVERE ] updating countdown to 10998
[16:56:24.803] [SEVERE ] updating countdown to 9996
[16:56:24.803] [SEVERE ] removing player 4 token from slot 8
[16:56:25.804] [SEVERE ] removing player 4 token from slot 4
[16:56:25.805] [SEVERE ] updating countdown to 8994
[16:56:26.801] [SEVERE ] removing player 3 token from slot 5
[16:56:26.804] [SEVERE ] player 4 placing token on slot 10
[16:56:26.806] [SEVERE ] updating countdown to 7993
[16:56:27.802] [SEVERE ] player 3 placing token on slot 6
[16:56:27.803] [SEVERE ] updating countdown to 6996
[16:56:27.803] [SEVERE ] setting player 3 freeze to 3000
[16:56:27.804] [SEVERE ] player 4 placing token on slot 9
[16:56:27.805] [SEVERE ] updating countdown to 6994
[16:56:27.806] [SEVERE ] setting player 4 freeze to 3000
[16:56:28.804] [SEVERE ] setting player 3 freeze to 2000
[16:56:28.806] [SEVERE ] updating countdown to 5993
[16:56:28.807] [SEVERE ] setting player 4 freeze to 2000
[16:56:29.672] [SEVERE ] exit button pressed
[16:56:29.805] [SEVERE ] setting player 3 freeze to 1000
[16:56:29.808] [SEVERE ] setting player 4 freeze to 1000
[16:56:30.775] [SEVERE ] removing card from slot 0
[16:56:30.775] [SEVERE ] removing tokens from slot 0
[16:56:30.806] [SEVERE ] setting player 3 freeze to 0
[16:56:30.809] [SEVERE ] setting player 4 freeze to 0
[16:56:30.876] [SEVERE ] removing card from slot 1
[16:56:30.878] [SEVERE ] removing tokens from slot 1
[16:56:30.982] [SEVERE ] removing card from slot 2
[16:56:30.982] [SEVERE ] removing tokens from slot 2
[16:56:31.083] [SEVERE ] removing card from slot 3
[16:56:31.084] [SEVERE ] removing tokens from slot 3
[16:56:31.184] [SEVERE ] removing card from slot 4
[16:56:31.185] [SEVERE ] removing tokens from slot 4
[16:56:31.286] [SEVERE ] removing card from slot 5
[16:56:31.287] [SEVERE ] removing tokens from slot 5
[16:56:31.387] [SEVERE ] removing card from slot 6
[16:56:31.388] [SEVERE ] removing tokens from slot 6
[16:56:31.489] [SEVERE ] removing card from slot 7
[16:56:31.489] [SEVERE ] removing tokens from slot 7
[16:56:31.590] [SEVERE ] removing card from slot 8
[16:56:31.591] [SEVERE ] removing tokens from slot 8
[16:56:31.691] [SEVERE ] removing card from slot 9
[16:56:31.692] [SEVERE ] removing tokens from slot 9
