[15:38:11.218] [INFO   ] thread bguspl.set.Main.main() starting.
[15:38:11.228] [SEVERE ] cannot read configuration file config.properties trying from resources.
[15:38:11.235] [SEVERE ] configuration file was loaded from resources directory.
[15:38:12.722] [INFO   ] thread dealer starting.
[15:38:12.723] [INFO   ] thread dealer starting.
[15:38:12.726] [INFO   ] thread computer-2 starting.
[15:38:12.726] [INFO   ] thread computer-3 starting.
[15:38:12.829] [SEVERE ] placing card 19 in slot 0
[15:38:12.931] [SEVERE ] placing card 0 in slot 1
[15:38:13.032] [SEVERE ] placing card 55 in slot 2
[15:38:13.133] [SEVERE ] placing card 41 in slot 3
[15:38:13.236] [SEVERE ] placing card 56 in slot 4
[15:38:13.338] [SEVERE ] placing card 72 in slot 5
[15:38:13.439] [SEVERE ] placing card 54 in slot 6
[15:38:13.541] [SEVERE ] placing card 66 in slot 7
[15:38:13.642] [SEVERE ] placing card 67 in slot 8
[15:38:13.743] [SEVERE ] placing card 15 in slot 9
[15:38:13.844] [SEVERE ] placing card 76 in slot 10
[15:38:13.945] [SEVERE ] placing card 13 in slot 11
[15:38:13.951] [SEVERE ] updating countdown to 19999
[15:38:13.951] [SEVERE ] player 3 placing token on slot 5
[15:38:13.951] [SEVERE ] player 4 placing token on slot 3
[15:38:14.943] [INFO   ] time 19008
[15:38:14.944] [SEVERE ] updating countdown to 19008
[15:38:14.946] [SEVERE ] player 4 placing token on slot 8
[15:38:14.947] [SEVERE ] removing player 3 token from slot 5
[15:38:15.936] [INFO   ] time 18015
[15:38:15.937] [SEVERE ] updating countdown to 18015
[15:38:15.947] [SEVERE ] player 3 placing token on slot 3
[15:38:15.947] [SEVERE ] player 4 placing token on slot 1
[15:38:15.949] [INFO   ] time 18002
[15:38:15.949] [SEVERE ] setting player 4 freeze to 3000
[15:38:15.950] [SEVERE ] updating countdown to 18002
[15:38:16.941] [INFO   ] time 17010
[15:38:16.942] [SEVERE ] updating countdown to 17010
[15:38:16.947] [SEVERE ] player 3 placing token on slot 6
[15:38:16.951] [SEVERE ] setting player 4 freeze to 2000
[15:38:17.933] [INFO   ] time 16018
[15:38:17.933] [SEVERE ] updating countdown to 16018
[15:38:17.947] [SEVERE ] player 3 placing token on slot 7
[15:38:17.948] [INFO   ] time 16003
[15:38:17.948] [SEVERE ] updating countdown to 16003
[15:38:17.948] [SEVERE ] setting player 3 freeze to 3000
[15:38:17.952] [SEVERE ] setting player 4 freeze to 1000
[15:38:18.939] [INFO   ] time 15012
[15:38:18.940] [SEVERE ] updating countdown to 15012
[15:38:18.949] [SEVERE ] setting player 3 freeze to 2000
[15:38:18.952] [SEVERE ] setting player 4 freeze to 0
[15:38:19.931] [INFO   ] time 14020
[15:38:19.931] [SEVERE ] updating countdown to 14020
[15:38:19.950] [SEVERE ] setting player 3 freeze to 1000
[15:38:20.922] [INFO   ] time 13029
[15:38:20.923] [SEVERE ] updating countdown to 13029
[15:38:20.951] [SEVERE ] setting player 3 freeze to 0
[15:38:21.914] [INFO   ] time 12037
[15:38:21.915] [SEVERE ] updating countdown to 12037
[15:38:21.953] [SEVERE ] removing player 3 token from slot 3
[15:38:22.907] [INFO   ] time 11044
[15:38:22.908] [SEVERE ] updating countdown to 11044
[15:38:22.953] [SEVERE ] player 3 placing token on slot 11
[15:38:22.955] [INFO   ] time 10997
[15:38:22.955] [SEVERE ] removing player 4 token from slot 1
[15:38:22.955] [SEVERE ] setting player 3 freeze to 3000
[15:38:22.956] [SEVERE ] updating countdown to 10997
[15:38:23.948] [INFO   ] time 10003
[15:38:23.948] [SEVERE ] updating countdown to 10003
[15:38:23.955] [SEVERE ] player 4 placing token on slot 0
[15:38:23.956] [INFO   ] time 9995
[15:38:23.956] [SEVERE ] setting player 4 freeze to 3000
[15:38:23.957] [SEVERE ] setting player 3 freeze to 2000
[15:38:23.957] [SEVERE ] updating countdown to 9995
[15:38:24.949] [INFO   ] time 9002
[15:38:24.950] [SEVERE ] updating countdown to 9002
[15:38:24.957] [SEVERE ] setting player 4 freeze to 2000
[15:38:24.958] [SEVERE ] setting player 3 freeze to 1000
[15:38:25.940] [INFO   ] time 8011
[15:38:25.941] [SEVERE ] updating countdown to 8011
[15:38:25.958] [SEVERE ] setting player 4 freeze to 1000
[15:38:25.959] [SEVERE ] setting player 3 freeze to 0
[15:38:26.932] [INFO   ] time 7019
[15:38:26.932] [SEVERE ] updating countdown to 7019
[15:38:26.959] [SEVERE ] setting player 4 freeze to 0
[15:38:27.923] [INFO   ] time 6028
[15:38:27.924] [SEVERE ] updating countdown to 6028
[15:38:28.915] [INFO   ] time 5036
[15:38:28.916] [SEVERE ] updating countdown to 5036
[15:38:28.961] [SEVERE ] removing player 3 token from slot 11
[15:38:29.907] [INFO   ] time 4044
[15:38:29.920] [INFO   ] time 4031
[15:38:29.932] [INFO   ] time 4019
[15:38:29.944] [INFO   ] time 4007
[15:38:29.955] [INFO   ] time 3996
[15:38:29.961] [SEVERE ] player 3 placing token on slot 2
[15:38:29.962] [INFO   ] time 3989
[15:38:29.962] [SEVERE ] setting player 3 freeze to 3000
[15:38:29.973] [INFO   ] time 3978
[15:38:29.984] [INFO   ] time 3967
[15:38:29.995] [INFO   ] time 3956
[15:38:30.006] [INFO   ] time 3945
[15:38:30.017] [INFO   ] time 3934
[15:38:30.029] [INFO   ] time 3922
[15:38:30.040] [INFO   ] time 3911
[15:38:30.051] [INFO   ] time 3900
[15:38:30.062] [INFO   ] time 3889
[15:38:30.074] [INFO   ] time 3878
[15:38:30.085] [INFO   ] time 3866
[15:38:30.096] [INFO   ] time 3855
[15:38:30.107] [INFO   ] time 3844
[15:38:30.118] [INFO   ] time 3833
[15:38:30.129] [INFO   ] time 3822
[15:38:30.140] [INFO   ] time 3811
[15:38:30.151] [INFO   ] time 3800
[15:38:30.162] [INFO   ] time 3789
[15:38:30.174] [INFO   ] time 3777
[15:38:30.185] [INFO   ] time 3766
[15:38:30.197] [INFO   ] time 3754
[15:38:30.208] [INFO   ] time 3743
[15:38:30.219] [INFO   ] time 3732
[15:38:30.231] [INFO   ] time 3720
[15:38:30.242] [INFO   ] time 3709
[15:38:30.254] [INFO   ] time 3697
[15:38:30.265] [INFO   ] time 3686
[15:38:30.276] [INFO   ] time 3675
[15:38:30.288] [INFO   ] time 3663
[15:38:30.300] [INFO   ] time 3651
[15:38:30.312] [INFO   ] time 3639
[15:38:30.324] [INFO   ] time 3627
[15:38:30.335] [INFO   ] time 3616
[15:38:30.347] [INFO   ] time 3604
[15:38:30.359] [INFO   ] time 3592
[15:38:30.370] [INFO   ] time 3581
[15:38:30.382] [INFO   ] time 3569
[15:38:30.393] [INFO   ] time 3558
[15:38:30.404] [INFO   ] time 3547
[15:38:30.415] [INFO   ] time 3536
[15:38:30.426] [INFO   ] time 3525
[15:38:30.438] [INFO   ] time 3513
[15:38:30.449] [INFO   ] time 3502
[15:38:30.461] [INFO   ] time 3490
[15:38:30.472] [INFO   ] time 3479
[15:38:30.483] [INFO   ] time 3468
[15:38:30.494] [INFO   ] time 3457
[15:38:30.505] [INFO   ] time 3446
[15:38:30.517] [INFO   ] time 3434
[15:38:30.528] [INFO   ] time 3423
[15:38:30.539] [INFO   ] time 3412
[15:38:30.550] [INFO   ] time 3401
[15:38:30.561] [INFO   ] time 3390
[15:38:30.572] [INFO   ] time 3379
[15:38:30.583] [INFO   ] time 3368
[15:38:30.595] [INFO   ] time 3356
[15:38:30.606] [INFO   ] time 3345
[15:38:30.617] [INFO   ] time 3334
[15:38:30.629] [INFO   ] time 3322
[15:38:30.641] [INFO   ] time 3310
[15:38:30.652] [INFO   ] time 3299
[15:38:30.664] [INFO   ] time 3287
[15:38:30.675] [INFO   ] time 3276
[15:38:30.686] [INFO   ] time 3265
[15:38:30.698] [INFO   ] time 3253
[15:38:30.709] [INFO   ] time 3242
[15:38:30.720] [INFO   ] time 3231
[15:38:30.731] [INFO   ] time 3220
[15:38:30.742] [INFO   ] time 3209
[15:38:30.754] [INFO   ] time 3197
[15:38:30.765] [INFO   ] time 3186
[15:38:30.776] [INFO   ] time 3175
[15:38:30.788] [INFO   ] time 3163
[15:38:30.799] [INFO   ] time 3152
[15:38:30.810] [INFO   ] time 3141
[15:38:30.822] [INFO   ] time 3129
[15:38:30.833] [INFO   ] time 3118
[15:38:30.844] [INFO   ] time 3107
[15:38:30.855] [INFO   ] time 3096
[15:38:30.866] [INFO   ] time 3085
[15:38:30.877] [INFO   ] time 3074
[15:38:30.888] [INFO   ] time 3063
[15:38:30.899] [INFO   ] time 3052
[15:38:30.910] [INFO   ] time 3041
[15:38:30.921] [INFO   ] time 3030
[15:38:30.932] [INFO   ] time 3019
[15:38:30.944] [INFO   ] time 3007
[15:38:30.955] [INFO   ] time 2996
[15:38:30.963] [SEVERE ] setting player 3 freeze to 2000
[15:38:30.966] [INFO   ] time 2985
[15:38:30.977] [INFO   ] time 2974
[15:38:30.988] [INFO   ] time 2963
[15:38:30.999] [INFO   ] time 2952
[15:38:31.010] [INFO   ] time 2941
[15:38:31.021] [INFO   ] time 2930
[15:38:31.031] [INFO   ] time 2920
[15:38:31.042] [INFO   ] time 2909
[15:38:31.054] [INFO   ] time 2897
[15:38:31.064] [INFO   ] time 2887
[15:38:31.075] [INFO   ] time 2876
[15:38:31.086] [INFO   ] time 2865
[15:38:31.097] [INFO   ] time 2854
[15:38:31.108] [INFO   ] time 2843
[15:38:31.119] [INFO   ] time 2832
[15:38:31.130] [INFO   ] time 2821
[15:38:31.141] [INFO   ] time 2810
[15:38:31.152] [INFO   ] time 2799
[15:38:31.163] [INFO   ] time 2788
[15:38:31.174] [INFO   ] time 2777
[15:38:31.185] [INFO   ] time 2766
[15:38:31.196] [INFO   ] time 2755
[15:38:31.207] [INFO   ] time 2744
[15:38:31.217] [INFO   ] time 2734
[15:38:31.229] [INFO   ] time 2722
[15:38:31.239] [INFO   ] time 2712
[15:38:31.250] [INFO   ] time 2701
[15:38:31.261] [INFO   ] time 2690
[15:38:31.272] [INFO   ] time 2679
[15:38:31.284] [INFO   ] time 2667
[15:38:31.294] [INFO   ] time 2657
[15:38:31.305] [INFO   ] time 2646
[15:38:31.316] [INFO   ] time 2635
[15:38:31.327] [INFO   ] time 2624
[15:38:31.338] [INFO   ] time 2613
[15:38:31.349] [INFO   ] time 2602
[15:38:31.360] [INFO   ] time 2591
[15:38:31.371] [INFO   ] time 2580
[15:38:31.381] [INFO   ] time 2570
[15:38:31.392] [INFO   ] time 2559
[15:38:31.404] [INFO   ] time 2547
[15:38:31.415] [INFO   ] time 2536
[15:38:31.426] [INFO   ] time 2525
[15:38:31.437] [INFO   ] time 2514
[15:38:31.448] [INFO   ] time 2503
[15:38:31.459] [INFO   ] time 2492
[15:38:31.470] [INFO   ] time 2481
[15:38:31.481] [INFO   ] time 2470
[15:38:31.492] [INFO   ] time 2459
[15:38:31.504] [INFO   ] time 2447
[15:38:31.515] [INFO   ] time 2436
[15:38:31.526] [INFO   ] time 2425
[15:38:31.537] [INFO   ] time 2414
[15:38:31.548] [INFO   ] time 2403
[15:38:31.559] [INFO   ] time 2392
[15:38:31.571] [INFO   ] time 2381
[15:38:31.582] [INFO   ] time 2369
[15:38:31.593] [INFO   ] time 2358
[15:38:31.604] [INFO   ] time 2347
[15:38:31.615] [INFO   ] time 2336
[15:38:31.626] [INFO   ] time 2325
[15:38:31.637] [INFO   ] time 2314
[15:38:31.648] [INFO   ] time 2303
[15:38:31.659] [INFO   ] time 2292
[15:38:31.670] [INFO   ] time 2281
[15:38:31.682] [INFO   ] time 2269
[15:38:31.693] [INFO   ] time 2258
[15:38:31.703] [INFO   ] time 2248
[15:38:31.714] [INFO   ] time 2237
[15:38:31.725] [INFO   ] time 2226
[15:38:31.736] [INFO   ] time 2215
[15:38:31.748] [INFO   ] time 2204
[15:38:31.758] [INFO   ] time 2193
[15:38:31.769] [INFO   ] time 2182
[15:38:31.780] [INFO   ] time 2171
[15:38:31.791] [INFO   ] time 2160
[15:38:31.802] [INFO   ] time 2149
[15:38:31.814] [INFO   ] time 2137
[15:38:31.825] [INFO   ] time 2126
[15:38:31.836] [INFO   ] time 2115
[15:38:31.847] [INFO   ] time 2104
[15:38:31.858] [INFO   ] time 2093
[15:38:31.870] [INFO   ] time 2081
[15:38:31.882] [INFO   ] time 2069
[15:38:31.893] [INFO   ] time 2058
[15:38:31.904] [INFO   ] time 2047
[15:38:31.916] [INFO   ] time 2035
[15:38:31.927] [INFO   ] time 2024
[15:38:31.938] [INFO   ] time 2013
[15:38:31.950] [INFO   ] time 2001
[15:38:31.961] [INFO   ] time 1990
[15:38:31.961] [SEVERE ] removing player 4 token from slot 0
[15:38:31.964] [SEVERE ] setting player 3 freeze to 1000
[15:38:31.972] [INFO   ] time 1979
[15:38:31.983] [INFO   ] time 1968
[15:38:31.994] [INFO   ] time 1957
[15:38:32.005] [INFO   ] time 1946
[15:38:32.016] [INFO   ] time 1935
[15:38:32.027] [INFO   ] time 1924
[15:38:32.038] [INFO   ] time 1913
[15:38:32.049] [INFO   ] time 1902
[15:38:32.060] [INFO   ] time 1891
[15:38:32.071] [INFO   ] time 1880
[15:38:32.082] [INFO   ] time 1869
[15:38:32.093] [INFO   ] time 1858
[15:38:32.103] [INFO   ] time 1848
[15:38:32.115] [INFO   ] time 1836
[15:38:32.126] [INFO   ] time 1825
[15:38:32.137] [INFO   ] time 1814
[15:38:32.147] [INFO   ] time 1804
[15:38:32.158] [INFO   ] time 1793
[15:38:32.169] [INFO   ] time 1782
[15:38:32.181] [INFO   ] time 1770
[15:38:32.192] [INFO   ] time 1759
[15:38:32.203] [INFO   ] time 1748
[15:38:32.214] [INFO   ] time 1737
[15:38:32.226] [INFO   ] time 1725
[15:38:32.237] [INFO   ] time 1714
[15:38:32.248] [INFO   ] time 1703
[15:38:32.259] [INFO   ] time 1692
[15:38:32.270] [INFO   ] time 1681
[15:38:32.281] [INFO   ] time 1670
[15:38:32.292] [INFO   ] time 1659
[15:38:32.303] [INFO   ] time 1648
[15:38:32.314] [INFO   ] time 1637
[15:38:32.326] [INFO   ] time 1625
[15:38:32.337] [INFO   ] time 1614
[15:38:32.348] [INFO   ] time 1603
[15:38:32.359] [INFO   ] time 1592
[15:38:32.371] [INFO   ] time 1580
[15:38:32.382] [INFO   ] time 1569
[15:38:32.393] [INFO   ] time 1558
[15:38:32.404] [INFO   ] time 1547
[15:38:32.415] [INFO   ] time 1536
[15:38:32.426] [INFO   ] time 1525
[15:38:32.437] [INFO   ] time 1514
[15:38:32.448] [INFO   ] time 1503
[15:38:32.459] [INFO   ] time 1492
[15:38:32.470] [INFO   ] time 1481
[15:38:32.481] [INFO   ] time 1470
[15:38:32.492] [INFO   ] time 1459
[15:38:32.503] [INFO   ] time 1448
[15:38:32.514] [INFO   ] time 1437
[15:38:32.525] [INFO   ] time 1426
[15:38:32.537] [INFO   ] time 1415
[15:38:32.548] [INFO   ] time 1403
[15:38:32.559] [INFO   ] time 1392
[15:38:32.570] [INFO   ] time 1381
[15:38:32.581] [INFO   ] time 1370
[15:38:32.591] [INFO   ] time 1360
[15:38:32.602] [INFO   ] time 1349
[15:38:32.613] [INFO   ] time 1338
[15:38:32.624] [INFO   ] time 1327
[15:38:32.635] [INFO   ] time 1316
[15:38:32.646] [INFO   ] time 1305
[15:38:32.657] [INFO   ] time 1294
[15:38:32.668] [INFO   ] time 1283
[15:38:32.680] [INFO   ] time 1271
[15:38:32.690] [INFO   ] time 1261
[15:38:32.701] [INFO   ] time 1250
[15:38:32.713] [INFO   ] time 1238
[15:38:32.723] [INFO   ] time 1228
[15:38:32.734] [INFO   ] time 1217
[15:38:32.746] [INFO   ] time 1205
[15:38:32.757] [INFO   ] time 1194
[15:38:32.768] [INFO   ] time 1183
[15:38:32.779] [INFO   ] time 1172
[15:38:32.790] [INFO   ] time 1161
[15:38:32.801] [INFO   ] time 1150
[15:38:32.812] [INFO   ] time 1139
[15:38:32.823] [INFO   ] time 1128
[15:38:32.834] [INFO   ] time 1117
[15:38:32.846] [INFO   ] time 1105
[15:38:32.857] [INFO   ] time 1094
[15:38:32.868] [INFO   ] time 1083
[15:38:32.879] [INFO   ] time 1072
[15:38:32.890] [INFO   ] time 1061
[15:38:32.902] [INFO   ] time 1049
[15:38:32.913] [INFO   ] time 1038
[15:38:32.924] [INFO   ] time 1027
[15:38:32.935] [INFO   ] time 1016
[15:38:32.946] [INFO   ] time 1005
[15:38:32.957] [INFO   ] time 994
[15:38:32.962] [SEVERE ] player 4 placing token on slot 7
[15:38:32.962] [INFO   ] time 989
[15:38:32.963] [SEVERE ] setting player 4 freeze to 3000
[15:38:32.965] [SEVERE ] setting player 3 freeze to 0
[15:38:32.965] [SEVERE ] removing player 3 token from slot 7
[15:38:32.973] [INFO   ] time 978
[15:38:32.984] [INFO   ] time 967
[15:38:32.996] [INFO   ] time 955
[15:38:33.007] [INFO   ] time 944
[15:38:33.018] [INFO   ] time 933
[15:38:33.029] [INFO   ] time 922
[15:38:33.041] [INFO   ] time 910
[15:38:33.052] [INFO   ] time 899
[15:38:33.063] [INFO   ] time 888
[15:38:33.073] [INFO   ] time 878
[15:38:33.084] [INFO   ] time 867
[15:38:33.096] [INFO   ] time 855
[15:38:33.107] [INFO   ] time 844
[15:38:33.119] [INFO   ] time 833
[15:38:33.130] [INFO   ] time 821
[15:38:33.141] [INFO   ] time 810
[15:38:33.152] [INFO   ] time 799
[15:38:33.163] [INFO   ] time 788
[15:38:33.174] [INFO   ] time 777
[15:38:33.185] [INFO   ] time 766
[15:38:33.197] [INFO   ] time 754
[15:38:33.207] [INFO   ] time 744
[15:38:33.218] [INFO   ] time 733
[15:38:33.229] [INFO   ] time 722
[15:38:33.240] [INFO   ] time 711
[15:38:33.252] [INFO   ] time 699
[15:38:33.263] [INFO   ] time 688
[15:38:33.274] [INFO   ] time 677
[15:38:33.285] [INFO   ] time 666
[15:38:33.296] [INFO   ] time 655
[15:38:33.307] [INFO   ] time 644
[15:38:33.318] [INFO   ] time 633
[15:38:33.330] [INFO   ] time 621
[15:38:33.341] [INFO   ] time 610
[15:38:33.352] [INFO   ] time 599
[15:38:33.363] [INFO   ] time 588
[15:38:33.373] [INFO   ] time 578
[15:38:33.384] [INFO   ] time 567
[15:38:33.395] [INFO   ] time 556
[15:38:33.406] [INFO   ] time 545
[15:38:33.417] [INFO   ] time 534
[15:38:33.428] [INFO   ] time 523
[15:38:33.438] [INFO   ] time 513
[15:38:33.449] [INFO   ] time 502
[15:38:33.461] [INFO   ] time 490
[15:38:33.471] [INFO   ] time 480
[15:38:33.482] [INFO   ] time 469
[15:38:33.493] [INFO   ] time 458
[15:38:33.504] [INFO   ] time 447
[15:38:33.515] [INFO   ] time 436
[15:38:33.526] [INFO   ] time 425
[15:38:33.536] [INFO   ] time 415
[15:38:33.547] [INFO   ] time 404
[15:38:33.558] [INFO   ] time 393
[15:38:33.569] [INFO   ] time 382
[15:38:33.580] [INFO   ] time 371
[15:38:33.590] [INFO   ] time 361
[15:38:33.601] [INFO   ] time 350
[15:38:33.612] [INFO   ] time 339
[15:38:33.623] [INFO   ] time 328
[15:38:33.634] [INFO   ] time 317
[15:38:33.645] [INFO   ] time 306
[15:38:33.656] [INFO   ] time 295
[15:38:33.667] [INFO   ] time 284
[15:38:33.678] [INFO   ] time 273
[15:38:33.689] [INFO   ] time 262
[15:38:33.699] [INFO   ] time 252
[15:38:33.710] [INFO   ] time 241
[15:38:33.721] [INFO   ] time 230
[15:38:33.732] [INFO   ] time 219
[15:38:33.743] [INFO   ] time 208
[15:38:33.753] [INFO   ] time 198
[15:38:33.764] [INFO   ] time 187
[15:38:33.775] [INFO   ] time 176
[15:38:33.786] [INFO   ] time 165
[15:38:33.797] [INFO   ] time 154
[15:38:33.807] [INFO   ] time 144
[15:38:33.818] [INFO   ] time 133
[15:38:33.829] [INFO   ] time 122
[15:38:33.840] [INFO   ] time 111
[15:38:33.851] [INFO   ] time 100
[15:38:33.862] [INFO   ] time 89
[15:38:33.872] [INFO   ] time 79
[15:38:33.883] [INFO   ] time 68
[15:38:33.895] [INFO   ] time 56
[15:38:33.905] [INFO   ] time 46
[15:38:33.916] [INFO   ] time 35
[15:38:33.927] [INFO   ] time 24
[15:38:33.938] [INFO   ] time 13
[15:38:33.949] [INFO   ] time 2
[15:38:33.964] [SEVERE ] setting player 4 freeze to 2000
[15:38:34.051] [SEVERE ] removing card from slot 0
[15:38:34.051] [SEVERE ] removing tokens from slot 0
[15:38:34.152] [SEVERE ] removing card from slot 1
[15:38:34.152] [SEVERE ] removing tokens from slot 1
[15:38:34.253] [SEVERE ] removing card from slot 2
[15:38:34.253] [SEVERE ] removing tokens from slot 2
[15:38:34.354] [SEVERE ] removing card from slot 3
[15:38:34.355] [SEVERE ] removing tokens from slot 3
[15:38:34.455] [SEVERE ] removing card from slot 4
[15:38:34.456] [SEVERE ] removing tokens from slot 4
[15:38:34.556] [SEVERE ] removing card from slot 5
[15:38:34.557] [SEVERE ] removing tokens from slot 5
[15:38:34.657] [SEVERE ] removing card from slot 6
[15:38:34.658] [SEVERE ] removing tokens from slot 6
[15:38:34.758] [SEVERE ] removing card from slot 7
[15:38:34.759] [SEVERE ] removing tokens from slot 7
[15:38:34.859] [SEVERE ] removing card from slot 8
[15:38:34.860] [SEVERE ] removing tokens from slot 8
[15:38:34.961] [SEVERE ] removing card from slot 9
[15:38:34.961] [SEVERE ] removing tokens from slot 9
[15:38:34.964] [SEVERE ] setting player 4 freeze to 1000
[15:38:35.062] [SEVERE ] removing card from slot 10
[15:38:35.062] [SEVERE ] removing tokens from slot 10
[15:38:35.163] [SEVERE ] removing card from slot 11
[15:38:35.163] [SEVERE ] removing tokens from slot 11
[15:38:35.265] [SEVERE ] placing card 4 in slot 0
[15:38:35.366] [SEVERE ] placing card 37 in slot 1
[15:38:35.468] [SEVERE ] placing card 20 in slot 2
[15:38:35.568] [SEVERE ] placing card 41 in slot 3
[15:38:35.669] [SEVERE ] placing card 57 in slot 4
[15:38:35.770] [SEVERE ] placing card 32 in slot 5
[15:38:35.871] [SEVERE ] placing card 34 in slot 6
[15:38:35.965] [SEVERE ] setting player 4 freeze to 0
[15:38:35.971] [SEVERE ] placing card 33 in slot 7
[15:38:36.072] [SEVERE ] placing card 16 in slot 8
[15:38:36.173] [SEVERE ] placing card 0 in slot 9
[15:38:36.274] [SEVERE ] placing card 71 in slot 10
[15:38:36.375] [SEVERE ] placing card 59 in slot 11
[15:38:36.375] [SEVERE ] player 3 placing token on slot 11
[15:38:36.378] [SEVERE ] updating countdown to 19999
[15:38:36.378] [SEVERE ] player 4 placing token on slot 7
[15:38:37.369] [INFO   ] time 19009
[15:38:37.370] [SEVERE ] updating countdown to 19009
[15:38:37.375] [SEVERE ] player 4 placing token on slot 3
[15:38:37.375] [SEVERE ] player 3 placing token on slot 6
[15:38:38.360] [INFO   ] time 18018
[15:38:38.362] [SEVERE ] updating countdown to 18018
[15:38:38.376] [SEVERE ] removing player 4 token from slot 3
[15:38:38.376] [SEVERE ] player 3 placing token on slot 3
[15:38:38.377] [INFO   ] time 18001
[15:38:38.378] [SEVERE ] updating countdown to 18001
[15:38:38.377] [SEVERE ] setting player 3 freeze to 3000
[15:38:39.368] [INFO   ] time 17010
[15:38:39.369] [SEVERE ] updating countdown to 17010
[15:38:39.376] [SEVERE ] player 4 placing token on slot 5
[15:38:39.379] [SEVERE ] setting player 3 freeze to 2000
[15:38:40.359] [INFO   ] time 16019
[15:38:40.360] [SEVERE ] updating countdown to 16019
[15:38:40.376] [SEVERE ] player 4 placing token on slot 1
[15:38:40.377] [INFO   ] time 16001
[15:38:40.378] [SEVERE ] updating countdown to 16001
[15:38:40.377] [SEVERE ] setting player 4 freeze to 3000
[15:38:40.381] [SEVERE ] setting player 3 freeze to 1000
[15:38:40.558] [SEVERE ] exit button pressed
[15:38:40.559] [INFO   ] time 15819
[15:38:40.560] [SEVERE ] updating countdown to 15819
[15:38:40.661] [SEVERE ] removing card from slot 0
[15:38:40.662] [SEVERE ] removing tokens from slot 0
[15:38:40.763] [SEVERE ] removing card from slot 1
[15:38:40.763] [SEVERE ] removing tokens from slot 1
[15:38:40.864] [SEVERE ] removing card from slot 2
[15:38:40.864] [SEVERE ] removing tokens from slot 2
[15:38:40.965] [SEVERE ] removing card from slot 3
[15:38:40.966] [SEVERE ] removing tokens from slot 3
[15:38:41.066] [SEVERE ] removing card from slot 4
[15:38:41.067] [SEVERE ] removing tokens from slot 4
[15:38:41.168] [SEVERE ] removing card from slot 5
[15:38:41.168] [SEVERE ] removing tokens from slot 5
[15:38:41.269] [SEVERE ] removing card from slot 6
[15:38:41.269] [SEVERE ] removing tokens from slot 6
[15:38:41.369] [SEVERE ] removing card from slot 7
[15:38:41.370] [SEVERE ] removing tokens from slot 7
[15:38:41.380] [SEVERE ] setting player 4 freeze to 2000
[15:38:41.382] [SEVERE ] setting player 3 freeze to 0
[15:38:41.471] [SEVERE ] removing card from slot 8
[15:38:41.471] [SEVERE ] removing tokens from slot 8
[15:38:41.572] [SEVERE ] removing card from slot 9
[15:38:41.572] [SEVERE ] removing tokens from slot 9
[15:38:41.673] [SEVERE ] removing card from slot 10
[15:38:41.673] [SEVERE ] removing tokens from slot 10
[15:38:41.774] [SEVERE ] removing card from slot 11
[15:38:41.774] [SEVERE ] removing tokens from slot 11
[15:38:41.775] [SEVERE ] announcing winner(s): player 1, player 2, player 3, player 4
[15:38:41.776] [INFO   ] thread computer-3 terminated.
[15:38:41.776] [SEVERE ] setting player 4 freeze to 0
[15:38:41.777] [INFO   ] thread Thread-4 terminated.
[15:38:41.778] [INFO   ] thread computer-2 terminated.
[15:38:41.778] [INFO   ] thread Thread-3 terminated.
[15:38:41.779] [INFO   ] thread Thread-2 terminated.
[15:38:41.779] [INFO   ] thread Thread-1 terminated.
[15:38:41.780] [INFO   ] thread dealer terminated.
[15:38:41.780] [INFO   ] thread dealer terminated.
[15:38:41.780] [SEVERE ] thanks for playing... it was fun!
[15:38:41.781] [INFO   ] thread bguspl.set.Main.main() terminated.
