[17:16:02.117] [INFO   ] thread bguspl.set.Main.main() starting.
[17:16:02.132] [SEVERE ] cannot read configuration file config.properties trying from resources.
[17:16:02.143] [SEVERE ] configuration file was loaded from resources directory.
[17:16:04.345] [INFO   ] thread dealer starting.
[17:16:04.346] [INFO   ] thread dealer starting.
[17:16:04.350] [INFO   ] thread computer-2 starting.
[17:16:04.351] [INFO   ] thread computer-3 starting.
[17:16:04.457] [SEVERE ] placing card 50 in slot 0
[17:16:04.579] [SEVERE ] placing card 42 in slot 1
[17:16:04.680] [SEVERE ] placing card 80 in slot 2
[17:16:04.781] [SEVERE ] placing card 23 in slot 3
[17:16:04.883] [SEVERE ] placing card 5 in slot 4
[17:16:04.987] [SEVERE ] placing card 67 in slot 5
[17:16:05.088] [SEVERE ] placing card 76 in slot 6
[17:16:05.190] [SEVERE ] placing card 49 in slot 7
[17:16:05.291] [SEVERE ] placing card 17 in slot 8
[17:16:05.393] [SEVERE ] placing card 0 in slot 9
[17:16:05.494] [SEVERE ] placing card 68 in slot 10
[17:16:05.596] [SEVERE ] placing card 44 in slot 11
[17:16:05.605] [SEVERE ] updating countdown to 19999
[17:16:05.608] [SEVERE ] player 4 placing token on slot 10
[17:16:05.608] [SEVERE ] player 3 placing token on slot 5
[17:16:06.598] [SEVERE ] player 3 placing token on slot 1
[17:16:06.598] [SEVERE ] player 4 placing token on slot 9
[17:16:06.611] [SEVERE ] updating countdown to 18999
[17:16:06.612] [SEVERE ] updating countdown to 18998
[17:16:06.613] [SEVERE ] updating countdown to 18997
[17:16:07.598] [SEVERE ] player 3 placing token on slot 2
[17:16:07.598] [SEVERE ] player 4 placing token on slot 8
[17:16:07.599] [SEVERE ] updating countdown to 18011
[17:16:07.600] [SEVERE ] updating countdown to 18010
[17:16:07.600] [SEVERE ] setting player 3 freeze to 3000
[17:16:07.600] [SEVERE ] updating countdown to 18010
[17:16:07.602] [SEVERE ] updating countdown to 18008
[17:16:07.602] [SEVERE ] updating countdown to 18008
[17:16:07.603] [SEVERE ] updating countdown to 18007
[17:16:07.603] [SEVERE ] setting player 4 freeze to 3000
[17:16:07.604] [SEVERE ] updating countdown to 18006
[17:16:07.605] [SEVERE ] updating countdown to 18005
[17:16:08.601] [SEVERE ] setting player 3 freeze to 2000
[17:16:08.605] [SEVERE ] setting player 4 freeze to 2000
[17:16:08.606] [SEVERE ] updating countdown to 17004
[17:16:08.607] [SEVERE ] updating countdown to 17003
[17:16:08.609] [SEVERE ] updating countdown to 17001
[17:16:09.602] [SEVERE ] setting player 3 freeze to 1000
[17:16:09.606] [SEVERE ] setting player 4 freeze to 1000
[17:16:09.610] [SEVERE ] updating countdown to 16000
[17:16:09.611] [SEVERE ] updating countdown to 15999
[17:16:09.611] [SEVERE ] updating countdown to 15999
[17:16:10.603] [SEVERE ] setting player 3 freeze to 0
[17:16:10.607] [SEVERE ] setting player 4 freeze to 0
[17:16:10.612] [SEVERE ] updating countdown to 14998
[17:16:10.613] [SEVERE ] updating countdown to 14997
[17:16:10.614] [SEVERE ] updating countdown to 14996
[17:16:11.608] [SEVERE ] removing player 4 token from slot 8
[17:16:11.615] [SEVERE ] updating countdown to 13995
[17:16:11.616] [SEVERE ] updating countdown to 13994
[17:16:11.617] [SEVERE ] updating countdown to 13993
[17:16:12.608] [SEVERE ] removing player 4 token from slot 10
[17:16:12.617] [SEVERE ] updating countdown to 12993
[17:16:12.618] [SEVERE ] updating countdown to 12992
[17:16:12.619] [SEVERE ] updating countdown to 12991
[17:16:13.609] [SEVERE ] player 4 placing token on slot 7
[17:16:13.621] [SEVERE ] updating countdown to 11989
[17:16:13.728] [SEVERE ] updating countdown to 11882
[17:16:13.728] [SEVERE ] updating countdown to 11882
[17:16:14.609] [SEVERE ] player 4 placing token on slot 8
[17:16:14.611] [SEVERE ] updating countdown to 10999
[17:16:14.698] [SEVERE ] updating countdown to 10913
[17:16:14.698] [SEVERE ] setting player 4 freeze to 3000
[17:16:14.699] [SEVERE ] updating countdown to 10911
[17:16:14.701] [SEVERE ] updating countdown to 10909
[17:16:15.700] [SEVERE ] setting player 4 freeze to 2000
[17:16:15.703] [SEVERE ] updating countdown to 9907
[17:16:15.733] [SEVERE ] updating countdown to 9877
[17:16:15.734] [SEVERE ] updating countdown to 9876
[17:16:16.733] [SEVERE ] setting player 4 freeze to 1000
[17:16:16.734] [SEVERE ] updating countdown to 8876
[17:16:16.735] [SEVERE ] updating countdown to 8875
[17:16:16.735] [SEVERE ] updating countdown to 8875
[17:16:17.734] [SEVERE ] setting player 4 freeze to 0
[17:16:17.736] [SEVERE ] updating countdown to 7874
[17:16:17.748] [SEVERE ] updating countdown to 7862
[17:16:17.748] [SEVERE ] updating countdown to 7862
[17:16:18.607] [SEVERE ] removing player 3 token from slot 2
[17:16:18.749] [SEVERE ] updating countdown to 6861
[17:16:18.877] [SEVERE ] updating countdown to 6733
[17:16:18.879] [SEVERE ] updating countdown to 6731
[17:16:19.607] [SEVERE ] removing player 3 token from slot 1
[17:16:19.748] [SEVERE ] removing player 4 token from slot 8
[17:16:19.880] [SEVERE ] updating countdown to 5730
[17:16:19.882] [SEVERE ] updating countdown to 5728
[17:16:19.884] [SEVERE ] updating countdown to 5726
[17:16:20.608] [SEVERE ] player 3 placing token on slot 3
[17:16:20.749] [SEVERE ] player 4 placing token on slot 0
[17:16:20.751] [SEVERE ] setting player 4 freeze to 3000
[17:16:21.608] [SEVERE ] player 3 placing token on slot 7
[17:16:21.609] [SEVERE ] setting player 3 freeze to 3000
[17:16:21.752] [SEVERE ] setting player 4 freeze to 2000
[17:16:22.610] [SEVERE ] setting player 3 freeze to 2000
[17:16:22.753] [SEVERE ] setting player 4 freeze to 1000
[17:16:23.610] [SEVERE ] updating countdown to 2000
[17:16:23.612] [SEVERE ] setting player 3 freeze to 1000
[17:16:23.755] [SEVERE ] setting player 4 freeze to 0
[17:16:23.756] [SEVERE ] removing player 4 token from slot 0
[17:16:24.612] [SEVERE ] setting player 3 freeze to 0
[17:16:24.756] [SEVERE ] player 4 placing token on slot 8
[17:16:24.757] [SEVERE ] setting player 4 freeze to 3000
[17:16:25.613] [SEVERE ] removing player 3 token from slot 3
[17:16:25.614] [SEVERE ] updating countdown to 0
[17:16:25.615] [SEVERE ] updating countdown to 0
[17:16:25.616] [SEVERE ] updating countdown to 0
[17:16:25.717] [SEVERE ] removing card from slot 0
[17:16:25.718] [SEVERE ] removing tokens from slot 0
[17:16:25.758] [SEVERE ] setting player 4 freeze to 2000
[17:16:25.819] [SEVERE ] removing card from slot 1
[17:16:25.819] [SEVERE ] removing tokens from slot 1
[17:16:25.920] [SEVERE ] removing card from slot 2
[17:16:25.921] [SEVERE ] removing tokens from slot 2
[17:16:26.022] [SEVERE ] removing card from slot 3
[17:16:26.022] [SEVERE ] removing tokens from slot 3
[17:16:26.123] [SEVERE ] removing card from slot 4
[17:16:26.124] [SEVERE ] removing tokens from slot 4
[17:16:26.225] [SEVERE ] removing card from slot 5
[17:16:26.225] [SEVERE ] removing tokens from slot 5
[17:16:26.326] [SEVERE ] removing card from slot 6
[17:16:26.327] [SEVERE ] removing tokens from slot 6
[17:16:26.428] [SEVERE ] removing card from slot 7
[17:16:26.429] [SEVERE ] removing tokens from slot 7
[17:16:26.529] [SEVERE ] removing card from slot 8
[17:16:26.530] [SEVERE ] removing tokens from slot 8
[17:16:26.631] [SEVERE ] removing card from slot 9
[17:16:26.632] [SEVERE ] removing tokens from slot 9
[17:16:26.733] [SEVERE ] removing card from slot 10
[17:16:26.733] [SEVERE ] removing tokens from slot 10
[17:16:26.760] [SEVERE ] setting player 4 freeze to 1000
[17:16:26.834] [SEVERE ] removing card from slot 11
[17:16:26.835] [SEVERE ] removing tokens from slot 11
[17:16:26.936] [SEVERE ] placing card 4 in slot 0
[17:16:27.036] [SEVERE ] placing card 23 in slot 1
[17:16:27.137] [SEVERE ] placing card 56 in slot 2
[17:16:27.238] [SEVERE ] placing card 15 in slot 3
[17:16:27.339] [SEVERE ] placing card 5 in slot 4
[17:16:27.440] [SEVERE ] placing card 48 in slot 5
[17:16:27.541] [SEVERE ] placing card 31 in slot 6
[17:16:27.642] [SEVERE ] placing card 14 in slot 7
[17:16:27.743] [SEVERE ] placing card 34 in slot 8
[17:16:27.761] [SEVERE ] setting player 4 freeze to 0
[17:16:27.844] [SEVERE ] placing card 73 in slot 9
[17:16:27.945] [SEVERE ] placing card 37 in slot 10
[17:16:28.046] [SEVERE ] placing card 0 in slot 11
[17:16:28.047] [SEVERE ] player 3 placing token on slot 5
[17:16:28.051] [SEVERE ] player 4 placing token on slot 4
[17:16:28.050] [SEVERE ] updating countdown to 19999
[17:16:29.048] [SEVERE ] player 4 placing token on slot 8
[17:16:29.048] [SEVERE ] player 3 placing token on slot 7
[17:16:29.054] [SEVERE ] updating countdown to 18999
[17:16:29.055] [SEVERE ] updating countdown to 18998
[17:16:29.056] [SEVERE ] updating countdown to 18997
[17:16:30.048] [SEVERE ] player 4 placing token on slot 7
[17:16:30.048] [SEVERE ] player 3 placing token on slot 8
[17:16:30.049] [SEVERE ] updating countdown to 18004
[17:16:30.051] [SEVERE ] updating countdown to 18002
[17:16:30.051] [SEVERE ] setting player 4 freeze to 3000
[17:16:30.052] [SEVERE ] updating countdown to 18001
[17:16:30.054] [SEVERE ] updating countdown to 17999
[17:16:30.054] [SEVERE ] updating countdown to 17999
[17:16:30.055] [SEVERE ] updating countdown to 17998
[17:16:30.055] [SEVERE ] setting player 3 freeze to 3000
[17:16:30.056] [SEVERE ] updating countdown to 17997
[17:16:30.057] [SEVERE ] updating countdown to 17996
[17:16:31.054] [SEVERE ] setting player 4 freeze to 2000
[17:16:31.056] [SEVERE ] setting player 3 freeze to 2000
[17:16:31.058] [SEVERE ] updating countdown to 16995
[17:16:31.059] [SEVERE ] updating countdown to 16994
[17:16:31.060] [SEVERE ] updating countdown to 16993
[17:16:32.055] [SEVERE ] setting player 4 freeze to 1000
[17:16:32.057] [SEVERE ] setting player 3 freeze to 1000
[17:16:32.062] [SEVERE ] updating countdown to 15991
[17:16:32.063] [SEVERE ] updating countdown to 15990
[17:16:32.063] [SEVERE ] updating countdown to 15990
[17:16:33.056] [SEVERE ] setting player 4 freeze to 0
[17:16:33.058] [SEVERE ] setting player 3 freeze to 0
[17:16:33.059] [SEVERE ] removing player 3 token from slot 8
[17:16:33.064] [SEVERE ] updating countdown to 14989
[17:16:33.065] [SEVERE ] updating countdown to 14988
[17:16:33.065] [SEVERE ] updating countdown to 14988
[17:16:34.059] [SEVERE ] removing player 3 token from slot 5
[17:16:34.066] [SEVERE ] updating countdown to 13987
[17:16:34.067] [SEVERE ] updating countdown to 13987
[17:16:34.067] [SEVERE ] updating countdown to 13986
[17:16:35.057] [SEVERE ] removing player 4 token from slot 7
[17:16:35.060] [SEVERE ] player 3 placing token on slot 3
[17:16:35.068] [SEVERE ] updating countdown to 12985
[17:16:35.069] [SEVERE ] updating countdown to 12984
[17:16:35.070] [SEVERE ] updating countdown to 12983
[17:16:36.057] [SEVERE ] player 4 placing token on slot 1
[17:16:36.058] [SEVERE ] updating countdown to 11995
[17:16:36.059] [SEVERE ] updating countdown to 11994
[17:16:36.059] [SEVERE ] setting player 4 freeze to 3000
[17:16:36.061] [SEVERE ] player 3 placing token on slot 6
[17:16:36.060] [SEVERE ] updating countdown to 11993
[17:16:36.063] [SEVERE ] updating countdown to 11990
[17:16:36.064] [SEVERE ] updating countdown to 11989
[17:16:36.064] [SEVERE ] updating countdown to 11989
[17:16:36.065] [SEVERE ] updating countdown to 11988
[17:16:36.065] [SEVERE ] updating countdown to 11988
[17:16:36.065] [SEVERE ] setting player 3 freeze to 3000
[17:16:37.064] [SEVERE ] setting player 4 freeze to 2000
[17:16:37.067] [SEVERE ] setting player 3 freeze to 2000
[17:16:37.066] [SEVERE ] updating countdown to 10987
[17:16:37.070] [SEVERE ] updating countdown to 10983
[17:16:37.071] [SEVERE ] updating countdown to 10983
[17:16:38.068] [SEVERE ] setting player 4 freeze to 1000
[17:16:38.069] [SEVERE ] setting player 3 freeze to 1000
[17:16:38.071] [SEVERE ] updating countdown to 9982
[17:16:38.073] [SEVERE ] updating countdown to 9980
[17:16:38.074] [SEVERE ] updating countdown to 9979
[17:16:39.069] [SEVERE ] setting player 4 freeze to 0
[17:16:39.069] [SEVERE ] removing player 4 token from slot 1
[17:16:39.072] [SEVERE ] setting player 3 freeze to 0
[17:16:39.073] [SEVERE ] removing player 3 token from slot 7
[17:16:39.075] [SEVERE ] updating countdown to 8979
[17:16:39.075] [SEVERE ] updating countdown to 8978
[17:16:39.078] [SEVERE ] updating countdown to 8975
[17:16:40.070] [SEVERE ] player 4 placing token on slot 1
[17:16:40.071] [SEVERE ] updating countdown to 7982
[17:16:40.071] [SEVERE ] updating countdown to 7982
[17:16:40.071] [SEVERE ] setting player 4 freeze to 3000
[17:16:40.072] [SEVERE ] updating countdown to 7981
[17:16:40.073] [SEVERE ] player 3 placing token on slot 9
[17:16:40.074] [SEVERE ] updating countdown to 7979
[17:16:40.075] [SEVERE ] updating countdown to 7978
[17:16:40.076] [SEVERE ] updating countdown to 7977
[17:16:40.076] [SEVERE ] setting player 3 freeze to 3000
[17:16:40.076] [SEVERE ] updating countdown to 7977
[17:16:40.077] [SEVERE ] updating countdown to 7976
[17:16:41.073] [SEVERE ] setting player 4 freeze to 2000
[17:16:41.077] [SEVERE ] setting player 3 freeze to 2000
[17:16:41.078] [SEVERE ] updating countdown to 6975
[17:16:41.078] [SEVERE ] updating countdown to 6975
[17:16:41.079] [SEVERE ] updating countdown to 6974
[17:16:42.074] [SEVERE ] setting player 4 freeze to 1000
[17:16:42.078] [SEVERE ] setting player 3 freeze to 1000
[17:16:42.080] [SEVERE ] updating countdown to 5973
[17:16:42.081] [SEVERE ] updating countdown to 5972
[17:16:42.081] [SEVERE ] updating countdown to 5972
[17:16:43.074] [SEVERE ] setting player 4 freeze to 0
[17:16:43.075] [SEVERE ] removing player 4 token from slot 1
[17:16:43.079] [SEVERE ] setting player 3 freeze to 0
[17:16:43.079] [SEVERE ] removing player 3 token from slot 3
[17:16:44.076] [SEVERE ] player 4 placing token on slot 10
[17:16:44.078] [SEVERE ] setting player 4 freeze to 3000
[17:16:44.080] [SEVERE ] player 3 placing token on slot 0
[17:16:44.080] [SEVERE ] setting player 3 freeze to 3000
[17:16:45.053] [SEVERE ] updating countdown to 3000
[17:16:45.078] [SEVERE ] setting player 4 freeze to 2000
[17:16:45.082] [SEVERE ] setting player 3 freeze to 2000
[17:16:46.080] [SEVERE ] setting player 4 freeze to 1000
[17:16:46.083] [SEVERE ] setting player 3 freeze to 1000
[17:16:47.081] [SEVERE ] setting player 4 freeze to 0
[17:16:47.083] [SEVERE ] setting player 3 freeze to 0
[17:16:48.061] [SEVERE ] updating countdown to 0
[17:16:48.062] [SEVERE ] updating countdown to 0
[17:16:48.063] [SEVERE ] updating countdown to 0
[17:16:48.163] [SEVERE ] removing card from slot 0
[17:16:48.164] [SEVERE ] removing tokens from slot 0
[17:16:48.264] [SEVERE ] removing card from slot 1
[17:16:48.265] [SEVERE ] removing tokens from slot 1
[17:16:48.366] [SEVERE ] removing card from slot 2
[17:16:48.367] [SEVERE ] removing tokens from slot 2
[17:16:48.467] [SEVERE ] removing card from slot 3
[17:16:48.468] [SEVERE ] removing tokens from slot 3
[17:16:48.568] [SEVERE ] removing card from slot 4
[17:16:48.569] [SEVERE ] removing tokens from slot 4
[17:16:48.670] [SEVERE ] removing card from slot 5
[17:16:48.670] [SEVERE ] removing tokens from slot 5
[17:16:48.771] [SEVERE ] removing card from slot 6
[17:16:48.772] [SEVERE ] removing tokens from slot 6
[17:16:48.873] [SEVERE ] removing card from slot 7
[17:16:48.874] [SEVERE ] removing tokens from slot 7
[17:16:48.975] [SEVERE ] removing card from slot 8
[17:16:48.976] [SEVERE ] removing tokens from slot 8
[17:16:49.077] [SEVERE ] removing card from slot 9
[17:16:49.077] [SEVERE ] removing tokens from slot 9
[17:16:49.178] [SEVERE ] removing card from slot 10
[17:16:49.179] [SEVERE ] removing tokens from slot 10
[17:16:49.279] [SEVERE ] removing card from slot 11
[17:16:49.280] [SEVERE ] removing tokens from slot 11
[17:16:49.381] [SEVERE ] placing card 38 in slot 0
[17:16:49.482] [SEVERE ] placing card 66 in slot 1
[17:16:49.583] [SEVERE ] placing card 31 in slot 2
[17:16:49.684] [SEVERE ] placing card 60 in slot 3
[17:16:49.784] [SEVERE ] placing card 17 in slot 4
[17:16:49.885] [SEVERE ] placing card 69 in slot 5
[17:16:49.986] [SEVERE ] placing card 21 in slot 6
[17:16:50.087] [SEVERE ] placing card 67 in slot 7
[17:16:50.188] [SEVERE ] placing card 46 in slot 8
[17:16:50.289] [SEVERE ] placing card 50 in slot 9
[17:16:50.389] [SEVERE ] placing card 39 in slot 10
[17:16:50.490] [SEVERE ] placing card 56 in slot 11
[17:16:50.491] [SEVERE ] player 4 placing token on slot 1
[17:16:50.491] [SEVERE ] player 3 placing token on slot 10
[17:16:50.493] [SEVERE ] updating countdown to 19999
[17:16:51.491] [SEVERE ] player 3 placing token on slot 1
[17:16:51.492] [SEVERE ] player 4 placing token on slot 7
[17:16:51.494] [SEVERE ] updating countdown to 18999
[17:16:51.497] [SEVERE ] updating countdown to 18996
[17:16:51.499] [SEVERE ] updating countdown to 18994
[17:16:52.491] [SEVERE ] player 3 placing token on slot 9
[17:16:52.491] [SEVERE ] player 4 placing token on slot 11
[17:16:52.493] [SEVERE ] updating countdown to 18000
[17:16:52.494] [SEVERE ] updating countdown to 17999
[17:16:52.494] [SEVERE ] setting player 3 freeze to 3000
[17:16:52.495] [SEVERE ] updating countdown to 17998
[17:16:52.496] [SEVERE ] updating countdown to 17997
[17:16:52.497] [SEVERE ] updating countdown to 17996
[17:16:52.497] [SEVERE ] updating countdown to 17996
[17:16:52.498] [SEVERE ] setting player 4 freeze to 3000
[17:16:52.498] [SEVERE ] updating countdown to 17995
[17:16:52.499] [SEVERE ] updating countdown to 17994
[17:16:53.502] [SEVERE ] updating countdown to 16991
[17:16:53.503] [SEVERE ] setting player 3 freeze to 2000
[17:16:53.503] [SEVERE ] setting player 4 freeze to 2000
[17:16:53.505] [SEVERE ] updating countdown to 16988
[17:16:53.509] [SEVERE ] updating countdown to 16985
[17:16:54.506] [SEVERE ] setting player 3 freeze to 1000
[17:16:54.507] [SEVERE ] setting player 4 freeze to 1000
[17:16:54.509] [SEVERE ] updating countdown to 15984
[17:16:54.510] [SEVERE ] updating countdown to 15983
[17:16:54.511] [SEVERE ] updating countdown to 15982
[17:16:55.507] [SEVERE ] setting player 3 freeze to 0
[17:16:55.508] [SEVERE ] setting player 4 freeze to 0
[17:16:55.509] [SEVERE ] removing player 4 token from slot 7
[17:16:55.511] [SEVERE ] updating countdown to 14982
[17:16:55.512] [SEVERE ] updating countdown to 14981
[17:16:55.512] [SEVERE ] updating countdown to 14981
[17:16:56.509] [SEVERE ] player 4 placing token on slot 3
[17:16:56.510] [SEVERE ] updating countdown to 13983
[17:16:56.511] [SEVERE ] updating countdown to 13982
[17:16:56.511] [SEVERE ] setting player 4 freeze to 3000
[17:16:56.511] [SEVERE ] updating countdown to 13982
[17:16:56.512] [SEVERE ] updating countdown to 13981
[17:16:57.512] [SEVERE ] setting player 4 freeze to 2000
[17:16:57.512] [SEVERE ] updating countdown to 12981
[17:16:57.513] [SEVERE ] updating countdown to 12980
[17:16:57.514] [SEVERE ] updating countdown to 12979
[17:16:58.509] [SEVERE ] removing player 3 token from slot 9
[17:16:58.512] [SEVERE ] setting player 4 freeze to 1000
[17:16:58.515] [SEVERE ] updating countdown to 11978
[17:16:58.515] [SEVERE ] updating countdown to 11978
[17:16:58.516] [SEVERE ] updating countdown to 11977
[17:16:59.509] [SEVERE ] removing player 3 token from slot 1
[17:16:59.513] [SEVERE ] setting player 4 freeze to 0
[17:16:59.516] [SEVERE ] updating countdown to 10977
[17:16:59.517] [SEVERE ] updating countdown to 10976
[17:16:59.517] [SEVERE ] updating countdown to 10976
[17:17:00.510] [SEVERE ] player 3 placing token on slot 1
[17:17:00.518] [SEVERE ] updating countdown to 9975
[17:17:00.519] [SEVERE ] updating countdown to 9974
[17:17:00.519] [SEVERE ] updating countdown to 9974
[17:17:01.510] [SEVERE ] removing player 3 token from slot 10
[17:17:01.520] [SEVERE ] updating countdown to 8973
[17:17:01.521] [SEVERE ] updating countdown to 8972
[17:17:01.523] [SEVERE ] updating countdown to 8970
[17:17:02.510] [SEVERE ] player 3 placing token on slot 10
[17:17:02.515] [SEVERE ] removing player 4 token from slot 11
[17:17:02.523] [SEVERE ] updating countdown to 7970
[17:17:02.524] [SEVERE ] updating countdown to 7969
[17:17:02.525] [SEVERE ] updating countdown to 7968
[17:17:03.511] [SEVERE ] player 3 placing token on slot 8
[17:17:03.512] [SEVERE ] updating countdown to 6981
[17:17:03.513] [SEVERE ] updating countdown to 6980
[17:17:03.514] [SEVERE ] updating countdown to 6979
[17:17:03.514] [SEVERE ] setting player 3 freeze to 3000
[17:17:03.516] [SEVERE ] updating countdown to 6977
[17:17:03.515] [SEVERE ] player 4 placing token on slot 8
[17:17:03.518] [SEVERE ] updating countdown to 6975
[17:17:03.519] [SEVERE ] updating countdown to 6974
[17:17:03.519] [SEVERE ] setting player 4 freeze to 3000
[17:17:03.519] [SEVERE ] updating countdown to 6974
[17:17:03.520] [SEVERE ] updating countdown to 6973
[17:17:04.517] [SEVERE ] setting player 3 freeze to 2000
[17:17:04.520] [SEVERE ] setting player 4 freeze to 2000
[17:17:04.521] [SEVERE ] updating countdown to 5972
[17:17:04.523] [SEVERE ] updating countdown to 5970
[17:17:04.524] [SEVERE ] updating countdown to 5969
[17:17:05.518] [SEVERE ] setting player 3 freeze to 1000
[17:17:05.522] [SEVERE ] setting player 4 freeze to 1000
[17:17:06.493] [SEVERE ] updating countdown to 4000
[17:17:06.494] [SEVERE ] updating countdown to 4000
[17:17:06.519] [SEVERE ] setting player 3 freeze to 0
[17:17:06.523] [SEVERE ] setting player 4 freeze to 0
[17:17:07.520] [SEVERE ] removing player 3 token from slot 10
[17:17:08.521] [SEVERE ] player 3 placing token on slot 9
[17:17:08.522] [SEVERE ] setting player 3 freeze to 3000
[17:17:09.522] [SEVERE ] setting player 3 freeze to 2000
[17:17:10.499] [SEVERE ] updating countdown to 0
[17:17:10.499] [SEVERE ] updating countdown to 0
[17:17:10.500] [SEVERE ] updating countdown to 0
[17:17:10.524] [SEVERE ] setting player 3 freeze to 1000
[17:17:10.600] [SEVERE ] removing card from slot 0
[17:17:10.601] [SEVERE ] removing tokens from slot 0
[17:17:10.702] [SEVERE ] removing card from slot 1
[17:17:10.702] [SEVERE ] removing tokens from slot 1
[17:17:10.803] [SEVERE ] removing card from slot 2
[17:17:10.803] [SEVERE ] removing tokens from slot 2
[17:17:10.904] [SEVERE ] removing card from slot 3
[17:17:10.904] [SEVERE ] removing tokens from slot 3
[17:17:11.005] [SEVERE ] removing card from slot 4
[17:17:11.006] [SEVERE ] removing tokens from slot 4
[17:17:11.106] [SEVERE ] removing card from slot 5
[17:17:11.107] [SEVERE ] removing tokens from slot 5
[17:17:11.208] [SEVERE ] removing card from slot 6
[17:17:11.208] [SEVERE ] removing tokens from slot 6
[17:17:11.309] [SEVERE ] removing card from slot 7
[17:17:11.309] [SEVERE ] removing tokens from slot 7
[17:17:11.410] [SEVERE ] removing card from slot 8
[17:17:11.410] [SEVERE ] removing tokens from slot 8
[17:17:11.511] [SEVERE ] removing card from slot 9
[17:17:11.512] [SEVERE ] removing tokens from slot 9
[17:17:11.525] [SEVERE ] setting player 3 freeze to 0
[17:17:11.612] [SEVERE ] removing card from slot 10
[17:17:11.613] [SEVERE ] removing tokens from slot 10
[17:17:11.713] [SEVERE ] removing card from slot 11
[17:17:11.714] [SEVERE ] removing tokens from slot 11
[17:17:11.815] [SEVERE ] placing card 70 in slot 0
[17:17:11.916] [SEVERE ] placing card 48 in slot 1
[17:17:12.016] [SEVERE ] placing card 68 in slot 2
[17:17:12.117] [SEVERE ] placing card 79 in slot 3
[17:17:12.218] [SEVERE ] placing card 47 in slot 4
[17:17:12.319] [SEVERE ] placing card 57 in slot 5
[17:17:12.419] [SEVERE ] placing card 53 in slot 6
[17:17:12.520] [SEVERE ] placing card 46 in slot 7
[17:17:12.621] [SEVERE ] placing card 33 in slot 8
[17:17:12.721] [SEVERE ] placing card 19 in slot 9
[17:17:12.822] [SEVERE ] placing card 61 in slot 10
[17:17:12.923] [SEVERE ] placing card 37 in slot 11
[17:17:12.924] [SEVERE ] player 4 placing token on slot 3
[17:17:12.926] [SEVERE ] updating countdown to 19999
[17:17:12.926] [SEVERE ] player 3 placing token on slot 10
[17:17:13.924] [SEVERE ] player 3 placing token on slot 5
[17:17:13.925] [SEVERE ] player 4 placing token on slot 5
[17:17:13.927] [SEVERE ] updating countdown to 18999
[17:17:13.927] [SEVERE ] updating countdown to 18999
[17:17:13.928] [SEVERE ] updating countdown to 18998
[17:17:14.924] [SEVERE ] player 3 placing token on slot 9
[17:17:14.924] [SEVERE ] player 4 placing token on slot 0
[17:17:14.925] [SEVERE ] updating countdown to 18001
[17:17:14.927] [SEVERE ] updating countdown to 17999
[17:17:14.927] [SEVERE ] setting player 3 freeze to 3000
[17:17:14.927] [SEVERE ] updating countdown to 17999
[17:17:14.930] [SEVERE ] updating countdown to 17996
[17:17:14.931] [SEVERE ] updating countdown to 17995
[17:17:14.931] [SEVERE ] updating countdown to 17995
[17:17:14.931] [SEVERE ] updating countdown to 17995
[17:17:14.931] [SEVERE ] setting player 4 freeze to 3000
[17:17:14.932] [SEVERE ] updating countdown to 17994
[17:17:15.929] [SEVERE ] setting player 3 freeze to 2000
[17:17:15.932] [SEVERE ] setting player 4 freeze to 2000
[17:17:15.933] [SEVERE ] updating countdown to 16993
[17:17:15.934] [SEVERE ] updating countdown to 16992
[17:17:15.935] [SEVERE ] updating countdown to 16991
[17:17:16.930] [SEVERE ] setting player 3 freeze to 1000
[17:17:16.933] [SEVERE ] setting player 4 freeze to 1000
[17:17:16.935] [SEVERE ] updating countdown to 15991
[17:17:16.936] [SEVERE ] updating countdown to 15990
[17:17:16.936] [SEVERE ] updating countdown to 15990
[17:17:17.931] [SEVERE ] setting player 3 freeze to 0
[17:17:17.934] [SEVERE ] setting player 4 freeze to 0
[17:17:17.937] [SEVERE ] updating countdown to 14989
[17:17:17.937] [SEVERE ] updating countdown to 14989
[17:17:17.938] [SEVERE ] updating countdown to 14988
[17:17:18.938] [SEVERE ] updating countdown to 13988
[17:17:18.939] [SEVERE ] updating countdown to 13987
[17:17:18.939] [SEVERE ] updating countdown to 13987
[17:17:19.940] [SEVERE ] updating countdown to 12986
[17:17:19.941] [SEVERE ] updating countdown to 12985
[17:17:19.944] [SEVERE ] updating countdown to 12982
[17:17:20.945] [SEVERE ] updating countdown to 11981
[17:17:20.945] [SEVERE ] updating countdown to 11981
[17:17:20.946] [SEVERE ] updating countdown to 11980
[17:17:21.933] [SEVERE ] removing player 3 token from slot 9
[17:17:21.946] [SEVERE ] updating countdown to 10980
[17:17:21.947] [SEVERE ] updating countdown to 10979
[17:17:21.947] [SEVERE ] updating countdown to 10979
[17:17:22.933] [SEVERE ] player 3 placing token on slot 4
[17:17:22.935] [SEVERE ] updating countdown to 9991
[17:17:22.936] [SEVERE ] removing player 4 token from slot 3
[17:17:22.937] [SEVERE ] updating countdown to 9989
[17:17:22.937] [SEVERE ] setting player 3 freeze to 3000
[17:17:22.938] [SEVERE ] updating countdown to 9988
[17:17:22.939] [SEVERE ] updating countdown to 9987
[17:17:23.936] [SEVERE ] player 4 placing token on slot 6
[17:17:23.937] [SEVERE ] updating countdown to 8989
[17:17:23.938] [SEVERE ] updating countdown to 8988
[17:17:23.939] [SEVERE ] setting player 3 freeze to 2000
[17:17:23.938] [SEVERE ] setting player 4 freeze to 3000
[17:17:23.939] [SEVERE ] updating countdown to 8987
[17:17:23.941] [SEVERE ] updating countdown to 8985
[17:17:24.940] [SEVERE ] setting player 3 freeze to 1000
[17:17:24.940] [SEVERE ] setting player 4 freeze to 2000
[17:17:24.943] [SEVERE ] updating countdown to 7983
[17:17:24.943] [SEVERE ] updating countdown to 7983
[17:17:24.944] [SEVERE ] updating countdown to 7982
[17:17:25.941] [SEVERE ] setting player 3 freeze to 0
[17:17:25.941] [SEVERE ] setting player 4 freeze to 1000
[17:17:25.943] [SEVERE ] removing player 3 token from slot 4
[17:17:25.945] [SEVERE ] updating countdown to 6981
[17:17:25.945] [SEVERE ] updating countdown to 6981
[17:17:25.946] [SEVERE ] updating countdown to 6980
[17:17:26.942] [SEVERE ] setting player 4 freeze to 0
[17:17:26.942] [SEVERE ] removing player 4 token from slot 5
[17:17:26.943] [SEVERE ] player 3 placing token on slot 6
[17:17:26.944] [SEVERE ] updating countdown to 5982
[17:17:26.945] [SEVERE ] updating countdown to 5981
[17:17:26.945] [SEVERE ] setting player 3 freeze to 3000
[17:17:26.945] [SEVERE ] updating countdown to 5981
[17:17:26.946] [SEVERE ] updating countdown to 5980
[17:17:27.943] [SEVERE ] player 4 placing token on slot 3
[17:17:27.944] [SEVERE ] setting player 4 freeze to 3000
[17:17:27.946] [SEVERE ] setting player 3 freeze to 2000
[17:17:28.945] [SEVERE ] setting player 4 freeze to 2000
[17:17:28.947] [SEVERE ] setting player 3 freeze to 1000
[17:17:29.946] [SEVERE ] setting player 4 freeze to 1000
[17:17:29.947] [SEVERE ] setting player 3 freeze to 0
[17:17:29.948] [SEVERE ] removing player 3 token from slot 10
[17:17:30.947] [SEVERE ] setting player 4 freeze to 0
[17:17:30.948] [SEVERE ] removing player 3 token from slot 6
[17:17:31.948] [SEVERE ] player 3 placing token on slot 7
[17:17:32.934] [SEVERE ] updating countdown to 0
[17:17:32.935] [SEVERE ] updating countdown to 0
[17:17:32.935] [SEVERE ] updating countdown to 0
[17:17:33.036] [SEVERE ] removing card from slot 0
[17:17:33.037] [SEVERE ] removing tokens from slot 0
[17:17:33.137] [SEVERE ] removing card from slot 1
[17:17:33.138] [SEVERE ] removing tokens from slot 1
[17:17:33.238] [SEVERE ] removing card from slot 2
[17:17:33.239] [SEVERE ] removing tokens from slot 2
[17:17:33.339] [SEVERE ] removing card from slot 3
[17:17:33.340] [SEVERE ] removing tokens from slot 3
[17:17:33.440] [SEVERE ] removing card from slot 4
[17:17:33.441] [SEVERE ] removing tokens from slot 4
[17:17:33.541] [SEVERE ] removing card from slot 5
[17:17:33.541] [SEVERE ] removing tokens from slot 5
[17:17:33.642] [SEVERE ] removing card from slot 6
[17:17:33.643] [SEVERE ] removing tokens from slot 6
[17:17:33.743] [SEVERE ] removing card from slot 7
[17:17:33.744] [SEVERE ] removing tokens from slot 7
[17:17:33.844] [SEVERE ] removing card from slot 8
[17:17:33.845] [SEVERE ] removing tokens from slot 8
[17:17:33.946] [SEVERE ] removing card from slot 9
[17:17:33.946] [SEVERE ] removing tokens from slot 9
[17:17:34.047] [SEVERE ] removing card from slot 10
[17:17:34.048] [SEVERE ] removing tokens from slot 10
[17:17:34.148] [SEVERE ] removing card from slot 11
[17:17:34.149] [SEVERE ] removing tokens from slot 11
[17:17:34.249] [SEVERE ] placing card 48 in slot 0
[17:17:34.350] [SEVERE ] placing card 31 in slot 1
[17:17:34.451] [SEVERE ] placing card 18 in slot 2
[17:17:34.552] [SEVERE ] placing card 63 in slot 3
[17:17:34.653] [SEVERE ] placing card 77 in slot 4
[17:17:34.753] [SEVERE ] placing card 67 in slot 5
[17:17:34.854] [SEVERE ] placing card 52 in slot 6
[17:17:34.954] [SEVERE ] placing card 25 in slot 7
[17:17:35.055] [SEVERE ] placing card 73 in slot 8
[17:17:35.156] [SEVERE ] placing card 32 in slot 9
[17:17:35.257] [SEVERE ] placing card 59 in slot 10
[17:17:35.357] [SEVERE ] placing card 71 in slot 11
[17:17:35.358] [SEVERE ] player 3 placing token on slot 3
[17:17:35.358] [SEVERE ] player 4 placing token on slot 2
[17:17:35.359] [SEVERE ] updating countdown to 19999
[17:17:36.358] [SEVERE ] player 3 placing token on slot 11
[17:17:36.358] [SEVERE ] removing player 4 token from slot 2
[17:17:36.360] [SEVERE ] updating countdown to 18999
[17:17:36.366] [SEVERE ] updating countdown to 18993
[17:17:36.366] [SEVERE ] updating countdown to 18993
[17:17:37.359] [SEVERE ] player 3 placing token on slot 6
[17:17:37.359] [SEVERE ] player 4 placing token on slot 7
[17:17:37.360] [SEVERE ] updating countdown to 17999
[17:17:37.361] [SEVERE ] updating countdown to 17998
[17:17:37.361] [SEVERE ] setting player 3 freeze to 3000
[17:17:37.362] [SEVERE ] updating countdown to 17997
[17:17:37.363] [SEVERE ] updating countdown to 17996
[17:17:38.359] [SEVERE ] player 4 placing token on slot 9
[17:17:38.363] [SEVERE ] setting player 3 freeze to 2000
[17:17:38.364] [SEVERE ] updating countdown to 16995
[17:17:38.364] [SEVERE ] updating countdown to 16995
[17:17:38.365] [SEVERE ] updating countdown to 16994
[17:17:39.359] [SEVERE ] player 4 placing token on slot 2
[17:17:39.360] [SEVERE ] updating countdown to 15999
[17:17:39.360] [SEVERE ] updating countdown to 15999
[17:17:39.360] [SEVERE ] setting player 4 freeze to 3000
[17:17:39.361] [SEVERE ] updating countdown to 15998
[17:17:39.362] [SEVERE ] updating countdown to 15997
[17:17:39.364] [SEVERE ] setting player 3 freeze to 1000
[17:17:40.362] [SEVERE ] setting player 4 freeze to 2000
[17:17:40.362] [SEVERE ] updating countdown to 14997
[17:17:40.363] [SEVERE ] updating countdown to 14996
[17:17:40.364] [SEVERE ] updating countdown to 14995
[17:17:40.365] [SEVERE ] setting player 3 freeze to 0
[17:17:41.362] [SEVERE ] setting player 4 freeze to 1000
[17:17:41.365] [SEVERE ] updating countdown to 13994
[17:17:41.366] [SEVERE ] updating countdown to 13993
[17:17:41.367] [SEVERE ] updating countdown to 13992
[17:17:42.364] [SEVERE ] setting player 4 freeze to 0
[17:17:42.364] [SEVERE ] removing player 4 token from slot 2
[17:17:42.368] [SEVERE ] updating countdown to 12991
[17:17:42.369] [SEVERE ] updating countdown to 12990
[17:17:42.370] [SEVERE ] updating countdown to 12989
[17:17:43.365] [SEVERE ] removing player 4 token from slot 9
[17:17:43.370] [SEVERE ] updating countdown to 11989
[17:17:43.371] [SEVERE ] updating countdown to 11988
[17:17:43.371] [SEVERE ] updating countdown to 11988
[17:17:44.365] [SEVERE ] removing player 4 token from slot 7
[17:17:44.367] [SEVERE ] removing player 3 token from slot 6
[17:17:44.372] [SEVERE ] updating countdown to 10987
[17:17:44.372] [SEVERE ] updating countdown to 10987
[17:17:44.373] [SEVERE ] updating countdown to 10986
[17:17:45.366] [SEVERE ] player 4 placing token on slot 11
[17:17:45.367] [SEVERE ] player 3 placing token on slot 4
[17:17:45.368] [SEVERE ] updating countdown to 9991
[17:17:45.369] [SEVERE ] updating countdown to 9990
[17:17:45.370] [SEVERE ] updating countdown to 9989
[17:17:45.371] [SEVERE ] updating countdown to 9988
[17:17:45.370] [SEVERE ] setting player 3 freeze to 3000
[17:17:46.366] [SEVERE ] player 4 placing token on slot 8
[17:17:46.372] [SEVERE ] updating countdown to 8987
[17:17:46.372] [SEVERE ] setting player 3 freeze to 2000
[17:17:46.373] [SEVERE ] updating countdown to 8986
[17:17:46.373] [SEVERE ] updating countdown to 8986
[17:17:47.366] [SEVERE ] removing player 4 token from slot 11
[17:17:47.373] [SEVERE ] setting player 3 freeze to 1000
[17:17:47.373] [SEVERE ] updating countdown to 7986
[17:17:47.374] [SEVERE ] updating countdown to 7985
[17:17:47.374] [SEVERE ] updating countdown to 7985
[17:17:48.366] [SEVERE ] player 4 placing token on slot 9
[17:17:48.374] [SEVERE ] setting player 3 freeze to 0
[17:17:48.375] [SEVERE ] updating countdown to 6984
[17:17:48.375] [SEVERE ] updating countdown to 6984
[17:17:48.376] [SEVERE ] updating countdown to 6983
[17:17:49.367] [SEVERE ] player 4 placing token on slot 1
[17:17:49.368] [SEVERE ] updating countdown to 5991
[17:17:49.369] [SEVERE ] updating countdown to 5990
[17:17:49.369] [SEVERE ] setting player 4 freeze to 3000
[17:17:49.371] [SEVERE ] updating countdown to 5988
[17:17:49.372] [SEVERE ] updating countdown to 5987
[17:17:49.374] [SEVERE ] removing player 3 token from slot 4
[17:17:50.371] [SEVERE ] setting player 4 freeze to 2000
[17:17:50.374] [SEVERE ] player 3 placing token on slot 10
[17:17:50.375] [SEVERE ] setting player 3 freeze to 3000
[17:17:51.372] [SEVERE ] setting player 4 freeze to 1000
[17:17:51.376] [SEVERE ] setting player 3 freeze to 2000
[17:17:52.359] [SEVERE ] updating countdown to 3000
[17:17:52.373] [SEVERE ] setting player 4 freeze to 0
[17:17:52.373] [SEVERE ] removing player 4 token from slot 8
[17:17:52.377] [SEVERE ] setting player 3 freeze to 1000
[17:17:53.374] [SEVERE ] removing player 4 token from slot 9
[17:17:53.377] [SEVERE ] setting player 3 freeze to 0
[17:17:53.378] [SEVERE ] removing player 3 token from slot 11
[17:17:54.374] [SEVERE ] player 4 placing token on slot 3
[17:17:54.378] [SEVERE ] player 3 placing token on slot 8
[17:17:54.379] [SEVERE ] setting player 3 freeze to 3000
[17:17:55.362] [SEVERE ] updating countdown to 0
[17:17:55.362] [SEVERE ] updating countdown to 0
[17:17:55.363] [SEVERE ] updating countdown to 0
[17:17:55.380] [SEVERE ] setting player 3 freeze to 2000
[17:17:55.464] [SEVERE ] removing card from slot 0
[17:17:55.464] [SEVERE ] removing tokens from slot 0
[17:17:55.565] [SEVERE ] removing card from slot 1
[17:17:55.565] [SEVERE ] removing tokens from slot 1
[17:17:55.665] [SEVERE ] removing card from slot 2
[17:17:55.666] [SEVERE ] removing tokens from slot 2
[17:17:55.766] [SEVERE ] removing card from slot 3
[17:17:55.767] [SEVERE ] removing tokens from slot 3
[17:17:55.868] [SEVERE ] removing card from slot 4
[17:17:55.868] [SEVERE ] removing tokens from slot 4
[17:17:55.968] [SEVERE ] removing card from slot 5
[17:17:55.969] [SEVERE ] removing tokens from slot 5
[17:17:56.069] [SEVERE ] removing card from slot 6
[17:17:56.070] [SEVERE ] removing tokens from slot 6
[17:17:56.171] [SEVERE ] removing card from slot 7
[17:17:56.171] [SEVERE ] removing tokens from slot 7
[17:17:56.272] [SEVERE ] removing card from slot 8
[17:17:56.273] [SEVERE ] removing tokens from slot 8
[17:17:56.373] [SEVERE ] removing card from slot 9
[17:17:56.374] [SEVERE ] removing tokens from slot 9
[17:17:56.380] [SEVERE ] setting player 3 freeze to 1000
[17:17:56.474] [SEVERE ] removing card from slot 10
[17:17:56.475] [SEVERE ] removing tokens from slot 10
[17:17:56.575] [SEVERE ] removing card from slot 11
[17:17:56.576] [SEVERE ] removing tokens from slot 11
[17:17:56.677] [SEVERE ] placing card 78 in slot 0
[17:17:56.777] [SEVERE ] placing card 18 in slot 1
[17:17:56.878] [SEVERE ] placing card 32 in slot 2
[17:17:56.979] [SEVERE ] placing card 21 in slot 3
[17:17:57.080] [SEVERE ] placing card 50 in slot 4
[17:17:57.180] [SEVERE ] placing card 28 in slot 5
[17:17:57.281] [SEVERE ] placing card 51 in slot 6
[17:17:57.381] [SEVERE ] setting player 3 freeze to 0
[17:17:57.382] [SEVERE ] placing card 23 in slot 7
[17:17:57.483] [SEVERE ] placing card 30 in slot 8
[17:17:57.584] [SEVERE ] placing card 76 in slot 9
[17:17:57.684] [SEVERE ] placing card 52 in slot 10
[17:17:57.785] [SEVERE ] placing card 25 in slot 11
[17:17:57.786] [SEVERE ] player 4 placing token on slot 7
[17:17:57.787] [SEVERE ] updating countdown to 19999
[17:17:57.787] [SEVERE ] player 3 placing token on slot 10
[17:17:58.787] [SEVERE ] player 4 placing token on slot 4
[17:17:58.787] [SEVERE ] player 3 placing token on slot 7
[17:17:58.789] [SEVERE ] updating countdown to 18998
[17:17:58.792] [SEVERE ] updating countdown to 18995
[17:17:58.793] [SEVERE ] updating countdown to 18994
[17:17:59.787] [SEVERE ] player 4 placing token on slot 5
[17:17:59.787] [SEVERE ] player 3 placing token on slot 0
[17:17:59.788] [SEVERE ] updating countdown to 17999
[17:17:59.791] [SEVERE ] updating countdown to 17996
[17:17:59.792] [SEVERE ] updating countdown to 17995
[17:17:59.791] [SEVERE ] setting player 4 freeze to 3000
[17:17:59.793] [SEVERE ] updating countdown to 17994
[17:17:59.794] [SEVERE ] updating countdown to 17993
[17:17:59.794] [SEVERE ] updating countdown to 17993
[17:17:59.795] [SEVERE ] updating countdown to 17992
[17:17:59.795] [SEVERE ] updating countdown to 17992
[17:17:59.794] [SEVERE ] setting player 3 freeze to 3000
[17:18:00.794] [SEVERE ] setting player 4 freeze to 2000
[17:18:00.796] [SEVERE ] setting player 3 freeze to 2000
[17:18:00.796] [SEVERE ] updating countdown to 16991
[17:18:00.799] [SEVERE ] updating countdown to 16988
[17:18:00.801] [SEVERE ] updating countdown to 16986
[17:18:01.795] [SEVERE ] setting player 4 freeze to 1000
[17:18:01.801] [SEVERE ] updating countdown to 15986
[17:18:01.802] [SEVERE ] updating countdown to 15985
[17:18:01.802] [SEVERE ] updating countdown to 15985
[17:18:01.923] [SEVERE ] setting player 3 freeze to 1000
[17:18:02.796] [SEVERE ] setting player 4 freeze to 0
[17:18:02.796] [SEVERE ] removing player 4 token from slot 5
[17:18:02.803] [SEVERE ] updating countdown to 14984
[17:18:02.803] [SEVERE ] updating countdown to 14984
[17:18:02.804] [SEVERE ] updating countdown to 14983
[17:18:02.923] [SEVERE ] setting player 3 freeze to 0
[17:18:02.924] [SEVERE ] removing player 3 token from slot 0
[17:18:03.797] [SEVERE ] player 4 placing token on slot 5
[17:18:03.798] [SEVERE ] updating countdown to 13989
[17:18:03.799] [SEVERE ] updating countdown to 13988
[17:18:03.799] [SEVERE ] setting player 4 freeze to 3000
[17:18:03.800] [SEVERE ] updating countdown to 13987
[17:18:03.801] [SEVERE ] updating countdown to 13986
[17:18:03.924] [SEVERE ] removing player 3 token from slot 10
[17:18:04.801] [SEVERE ] setting player 4 freeze to 2000
[17:18:04.802] [SEVERE ] updating countdown to 12985
[17:18:04.802] [SEVERE ] updating countdown to 12985
[17:18:04.803] [SEVERE ] updating countdown to 12984
[17:18:04.925] [SEVERE ] player 3 placing token on slot 0
[17:18:05.802] [SEVERE ] setting player 4 freeze to 1000
[17:18:05.804] [SEVERE ] updating countdown to 11983
[17:18:05.804] [SEVERE ] updating countdown to 11983
[17:18:05.805] [SEVERE ] updating countdown to 11982
[17:18:05.925] [SEVERE ] player 3 placing token on slot 4
[17:18:05.926] [SEVERE ] updating countdown to 11861
[17:18:05.926] [SEVERE ] updating countdown to 11861
[17:18:05.926] [SEVERE ] setting player 3 freeze to 3000
[17:18:05.927] [SEVERE ] updating countdown to 11860
[17:18:05.927] [SEVERE ] updating countdown to 11860
[17:18:06.803] [SEVERE ] setting player 4 freeze to 0
[17:18:06.927] [SEVERE ] setting player 3 freeze to 2000
[17:18:06.928] [SEVERE ] updating countdown to 10859
[17:18:06.928] [SEVERE ] updating countdown to 10859
[17:18:06.929] [SEVERE ] updating countdown to 10858
[17:18:07.928] [SEVERE ] setting player 3 freeze to 1000
[17:18:07.929] [SEVERE ] updating countdown to 9858
[17:18:07.930] [SEVERE ] updating countdown to 9857
[17:18:07.931] [SEVERE ] updating countdown to 9856
[17:18:08.929] [SEVERE ] setting player 3 freeze to 0
[17:18:08.931] [SEVERE ] updating countdown to 8856
[17:18:08.932] [SEVERE ] updating countdown to 8855
[17:18:08.932] [SEVERE ] updating countdown to 8855
[17:18:09.933] [SEVERE ] updating countdown to 7854
[17:18:09.934] [SEVERE ] updating countdown to 7853
[17:18:09.936] [SEVERE ] updating countdown to 7851
[17:18:10.805] [SEVERE ] removing player 4 token from slot 4
[17:18:10.936] [SEVERE ] updating countdown to 6851
[17:18:10.937] [SEVERE ] updating countdown to 6850
[17:18:10.938] [SEVERE ] updating countdown to 6849
[17:18:11.805] [SEVERE ] player 4 placing token on slot 6
[17:18:11.807] [SEVERE ] updating countdown to 5980
[17:18:11.808] [SEVERE ] updating countdown to 5979
[17:18:11.808] [SEVERE ] updating countdown to 5979
[17:18:11.809] [SEVERE ] updating countdown to 5978
[17:18:11.808] [SEVERE ] setting player 4 freeze to 3000
[17:18:12.810] [SEVERE ] setting player 4 freeze to 2000
[17:18:12.931] [SEVERE ] removing player 3 token from slot 7
[17:18:13.811] [SEVERE ] setting player 4 freeze to 1000
[17:18:13.931] [SEVERE ] player 3 placing token on slot 9
[17:18:13.932] [SEVERE ] setting player 3 freeze to 3000
[17:18:14.812] [SEVERE ] setting player 4 freeze to 0
[17:18:14.933] [SEVERE ] setting player 3 freeze to 2000
[17:18:15.934] [SEVERE ] setting player 3 freeze to 1000
[17:18:16.787] [SEVERE ] updating countdown to 1000
[17:18:16.935] [SEVERE ] setting player 3 freeze to 0
[17:18:17.791] [SEVERE ] updating countdown to 0
[17:18:17.792] [SEVERE ] updating countdown to 0
[17:18:17.793] [SEVERE ] updating countdown to 0
[17:18:17.893] [SEVERE ] removing card from slot 0
[17:18:17.894] [SEVERE ] removing tokens from slot 0
[17:18:17.994] [SEVERE ] removing card from slot 1
[17:18:17.995] [SEVERE ] removing tokens from slot 1
[17:18:18.096] [SEVERE ] removing card from slot 2
[17:18:18.096] [SEVERE ] removing tokens from slot 2
[17:18:18.197] [SEVERE ] removing card from slot 3
[17:18:18.198] [SEVERE ] removing tokens from slot 3
[17:18:18.298] [SEVERE ] removing card from slot 4
[17:18:18.299] [SEVERE ] removing tokens from slot 4
[17:18:18.400] [SEVERE ] removing card from slot 5
[17:18:18.400] [SEVERE ] removing tokens from slot 5
[17:18:18.501] [SEVERE ] removing card from slot 6
[17:18:18.502] [SEVERE ] removing tokens from slot 6
[17:18:18.603] [SEVERE ] removing card from slot 7
[17:18:18.603] [SEVERE ] removing tokens from slot 7
[17:18:18.704] [SEVERE ] removing card from slot 8
[17:18:18.705] [SEVERE ] removing tokens from slot 8
[17:18:18.805] [SEVERE ] removing card from slot 9
[17:18:18.806] [SEVERE ] removing tokens from slot 9
[17:18:18.906] [SEVERE ] removing card from slot 10
[17:18:18.907] [SEVERE ] removing tokens from slot 10
[17:18:19.009] [SEVERE ] removing card from slot 11
[17:18:19.009] [SEVERE ] removing tokens from slot 11
[17:18:19.110] [SEVERE ] placing card 78 in slot 0
[17:18:19.211] [SEVERE ] placing card 50 in slot 1
[17:18:19.311] [SEVERE ] placing card 33 in slot 2
[17:18:19.412] [SEVERE ] placing card 41 in slot 3
[17:18:19.513] [SEVERE ] placing card 15 in slot 4
[17:18:19.614] [SEVERE ] placing card 32 in slot 5
[17:18:19.715] [SEVERE ] placing card 46 in slot 6
[17:18:19.815] [SEVERE ] placing card 63 in slot 7
[17:18:19.917] [SEVERE ] placing card 7 in slot 8
[17:18:20.017] [SEVERE ] placing card 13 in slot 9
[17:18:20.118] [SEVERE ] placing card 79 in slot 10
[17:18:20.219] [SEVERE ] placing card 20 in slot 11
[17:18:20.219] [SEVERE ] player 4 placing token on slot 3
[17:18:20.220] [SEVERE ] player 3 placing token on slot 3
[17:18:20.222] [SEVERE ] updating countdown to 19999
[17:18:21.220] [SEVERE ] player 4 placing token on slot 7
[17:18:21.220] [SEVERE ] removing player 3 token from slot 3
[17:18:21.223] [SEVERE ] updating countdown to 18999
[17:18:21.223] [SEVERE ] updating countdown to 18999
[17:18:21.224] [SEVERE ] updating countdown to 18998
[17:18:22.220] [SEVERE ] player 3 placing token on slot 3
[17:18:22.220] [SEVERE ] player 4 placing token on slot 6
[17:18:22.221] [SEVERE ] updating countdown to 18001
[17:18:22.222] [SEVERE ] updating countdown to 18000
[17:18:22.222] [SEVERE ] setting player 4 freeze to 3000
[17:18:22.222] [SEVERE ] updating countdown to 18000
[17:18:22.223] [SEVERE ] updating countdown to 17999
[17:18:23.221] [SEVERE ] player 3 placing token on slot 10
[17:18:23.223] [SEVERE ] setting player 4 freeze to 2000
[17:18:23.223] [SEVERE ] updating countdown to 16999
[17:18:23.228] [SEVERE ] updating countdown to 16994
[17:18:23.229] [SEVERE ] updating countdown to 16993
[17:18:24.221] [SEVERE ] player 3 placing token on slot 11
[17:18:24.222] [SEVERE ] updating countdown to 16000
[17:18:24.222] [SEVERE ] updating countdown to 16000
[17:18:24.222] [SEVERE ] updating countdown to 16000
[17:18:24.222] [SEVERE ] setting player 3 freeze to 3000
[17:18:24.223] [SEVERE ] updating countdown to 15999
[17:18:24.227] [SEVERE ] setting player 4 freeze to 1000
[17:18:25.223] [SEVERE ] setting player 3 freeze to 2000
[17:18:25.223] [SEVERE ] updating countdown to 14999
[17:18:25.224] [SEVERE ] updating countdown to 14998
[17:18:25.225] [SEVERE ] updating countdown to 14997
[17:18:25.227] [SEVERE ] setting player 4 freeze to 0
[17:18:26.224] [SEVERE ] setting player 3 freeze to 1000
[17:18:26.225] [SEVERE ] updating countdown to 13997
[17:18:26.226] [SEVERE ] updating countdown to 13996
[17:18:26.226] [SEVERE ] updating countdown to 13996
[17:18:27.225] [SEVERE ] setting player 3 freeze to 0
[17:18:27.227] [SEVERE ] updating countdown to 12995
[17:18:27.227] [SEVERE ] updating countdown to 12995
[17:18:27.228] [SEVERE ] updating countdown to 12994
[17:18:28.228] [SEVERE ] updating countdown to 11994
[17:18:28.230] [SEVERE ] updating countdown to 11992
[17:18:28.231] [SEVERE ] updating countdown to 11991
[17:18:28.229] [SEVERE ] removing player 4 token from slot 6
[17:18:29.229] [SEVERE ] player 4 placing token on slot 5
[17:18:29.230] [SEVERE ] updating countdown to 10992
[17:18:29.231] [SEVERE ] updating countdown to 10991
[17:18:29.231] [SEVERE ] setting player 4 freeze to 3000
[17:18:29.232] [SEVERE ] updating countdown to 10990
[17:18:29.234] [SEVERE ] updating countdown to 10988
[17:18:30.227] [SEVERE ] removing player 3 token from slot 11
[17:18:30.233] [SEVERE ] setting player 4 freeze to 2000
[17:18:30.235] [SEVERE ] updating countdown to 9987
[17:18:30.235] [SEVERE ] updating countdown to 9987
[17:18:30.237] [SEVERE ] updating countdown to 9985
[17:18:31.227] [SEVERE ] removing player 3 token from slot 3
[17:18:31.234] [SEVERE ] setting player 4 freeze to 1000
[17:18:31.238] [SEVERE ] updating countdown to 8984
[17:18:31.238] [SEVERE ] updating countdown to 8984
[17:18:31.239] [SEVERE ] updating countdown to 8983
[17:18:31.854] [SEVERE ] exit button pressed
[17:18:32.227] [SEVERE ] player 3 placing token on slot 0
[17:18:32.235] [SEVERE ] setting player 4 freeze to 0
[17:18:32.855] [SEVERE ] updating countdown to 7367
[17:18:32.856] [SEVERE ] updating countdown to 7366
[17:18:32.856] [SEVERE ] updating countdown to 7366
[17:18:32.957] [SEVERE ] removing card from slot 0
[17:18:32.957] [SEVERE ] removing tokens from slot 0
[17:18:33.058] [SEVERE ] removing card from slot 1
[17:18:33.058] [SEVERE ] removing tokens from slot 1
[17:18:33.159] [SEVERE ] removing card from slot 2
[17:18:33.160] [SEVERE ] removing tokens from slot 2
[17:18:33.261] [SEVERE ] removing card from slot 3
[17:18:33.261] [SEVERE ] removing tokens from slot 3
[17:18:33.362] [SEVERE ] removing card from slot 4
[17:18:33.362] [SEVERE ] removing tokens from slot 4
[17:18:33.462] [SEVERE ] removing card from slot 5
[17:18:33.463] [SEVERE ] removing tokens from slot 5
[17:18:33.563] [SEVERE ] removing card from slot 6
[17:18:33.564] [SEVERE ] removing tokens from slot 6
[17:18:33.664] [SEVERE ] removing card from slot 7
[17:18:33.665] [SEVERE ] removing tokens from slot 7
[17:18:33.765] [SEVERE ] removing card from slot 8
[17:18:33.766] [SEVERE ] removing tokens from slot 8
[17:18:33.866] [SEVERE ] removing card from slot 9
[17:18:33.867] [SEVERE ] removing tokens from slot 9
[17:18:33.967] [SEVERE ] removing card from slot 10
[17:18:33.968] [SEVERE ] removing tokens from slot 10
[17:18:34.068] [SEVERE ] removing card from slot 11
[17:18:34.069] [SEVERE ] removing tokens from slot 11
[17:18:34.070] [SEVERE ] announcing winner(s): player 1, player 2, player 3, player 4
[17:18:34.072] [INFO   ] thread computer-3 terminated.
[17:18:34.073] [INFO   ] thread Thread-4 terminated.
[17:18:34.073] [INFO   ] thread computer-2 terminated.
[17:18:34.074] [INFO   ] thread Thread-3 terminated.
[17:18:34.074] [INFO   ] thread Thread-2 terminated.
[17:18:34.075] [INFO   ] thread Thread-1 terminated.
[17:18:34.076] [INFO   ] thread dealer terminated.
[17:18:34.076] [INFO   ] thread dealer terminated.
[17:18:34.077] [SEVERE ] thanks for playing... it was fun!
[17:18:34.077] [INFO   ] thread bguspl.set.Main.main() terminated.
