[17:28:49.409] [INFO   ] thread bguspl.set.Main.main() starting.
[17:28:49.418] [SEVERE ] cannot read configuration file config.properties trying from resources.
[17:28:49.425] [SEVERE ] configuration file was loaded from resources directory.
[17:28:50.812] [INFO   ] thread dealer starting.
[17:28:50.813] [INFO   ] thread dealer starting.
[17:28:50.816] [INFO   ] thread computer-3 starting.
[17:28:50.816] [INFO   ] thread computer-2 starting.
[17:28:50.925] [SEVERE ] placing card 74 in slot 0
[17:28:51.035] [SEVERE ] placing card 48 in slot 1
[17:28:51.136] [SEVERE ] placing card 40 in slot 2
[17:28:51.237] [SEVERE ] placing card 24 in slot 3
[17:28:51.339] [SEVERE ] placing card 79 in slot 4
[17:28:51.440] [SEVERE ] placing card 38 in slot 5
[17:28:51.541] [SEVERE ] placing card 7 in slot 6
[17:28:51.642] [SEVERE ] placing card 11 in slot 7
[17:28:51.743] [SEVERE ] placing card 80 in slot 8
[17:28:51.844] [SEVERE ] placing card 12 in slot 9
[17:28:51.945] [SEVERE ] placing card 19 in slot 10
[17:28:52.046] [SEVERE ] placing card 17 in slot 11
[17:28:52.054] [SEVERE ] updating countdown to 20000
[17:28:52.054] [SEVERE ] player 4 placing token on slot 8
[17:28:52.063] [SEVERE ] updating countdown to 20000
[17:28:52.054] [SEVERE ] player 3 placing token on slot 5
[17:28:53.048] [SEVERE ] player 3 placing token on slot 3
[17:28:53.048] [SEVERE ] player 4 placing token on slot 11
[17:28:53.067] [SEVERE ] updating countdown to 18996
[17:28:53.068] [SEVERE ] updating countdown to 18995
[17:28:53.069] [SEVERE ] updating countdown to 18994
[17:28:54.048] [SEVERE ] player 3 placing token on slot 7
[17:28:54.048] [SEVERE ] player 4 placing token on slot 1
[17:28:54.050] [SEVERE ] updating countdown to 18013
[17:28:54.051] [SEVERE ] updating countdown to 18012
[17:28:54.052] [SEVERE ] updating countdown to 18011
[17:28:54.052] [SEVERE ] setting player 3 freeze to 3000
[17:28:54.053] [SEVERE ] updating countdown to 18010
[17:28:54.054] [SEVERE ] updating countdown to 18009
[17:28:54.055] [SEVERE ] updating countdown to 18008
[17:28:54.056] [SEVERE ] updating countdown to 18007
[17:28:54.056] [SEVERE ] setting player 4 freeze to 3000
[17:28:54.056] [SEVERE ] updating countdown to 18007
[17:28:55.054] [SEVERE ] setting player 3 freeze to 2000
[17:28:55.057] [SEVERE ] setting player 4 freeze to 2000
[17:28:55.057] [SEVERE ] updating countdown to 17006
[17:28:55.061] [SEVERE ] updating countdown to 17002
[17:28:55.062] [SEVERE ] updating countdown to 17001
[17:28:56.057] [SEVERE ] setting player 3 freeze to 1000
[17:28:56.059] [SEVERE ] setting player 4 freeze to 1000
[17:28:56.063] [SEVERE ] updating countdown to 16000
[17:28:56.064] [SEVERE ] updating countdown to 15999
[17:28:56.064] [SEVERE ] updating countdown to 15999
[17:28:57.058] [SEVERE ] setting player 3 freeze to 0
[17:28:57.060] [SEVERE ] setting player 4 freeze to 0
[17:28:57.065] [SEVERE ] updating countdown to 14998
[17:28:57.067] [SEVERE ] updating countdown to 14996
[17:28:57.067] [SEVERE ] updating countdown to 14996
[17:28:58.068] [SEVERE ] updating countdown to 13995
[17:28:58.069] [SEVERE ] updating countdown to 13994
[17:28:58.070] [SEVERE ] updating countdown to 13993
[17:28:59.071] [SEVERE ] updating countdown to 12992
[17:28:59.073] [SEVERE ] updating countdown to 12990
[17:28:59.075] [SEVERE ] updating countdown to 12989
[17:28:59.868] [SEVERE ] exit button pressed
[17:29:00.869] [SEVERE ] updating countdown to 11194
[17:29:00.869] [SEVERE ] updating countdown to 11194
[17:29:00.970] [SEVERE ] removing card from slot 0
[17:29:00.971] [SEVERE ] removing tokens from slot 0
[17:29:01.072] [SEVERE ] removing card from slot 1
[17:29:01.072] [SEVERE ] removing tokens from slot 1
[17:29:01.173] [SEVERE ] removing card from slot 2
[17:29:01.174] [SEVERE ] removing tokens from slot 2
[17:29:01.275] [SEVERE ] removing card from slot 3
[17:29:01.275] [SEVERE ] removing tokens from slot 3
[17:29:01.376] [SEVERE ] removing card from slot 4
[17:29:01.377] [SEVERE ] removing tokens from slot 4
[17:29:01.478] [SEVERE ] removing card from slot 5
[17:29:01.478] [SEVERE ] removing tokens from slot 5
[17:29:01.579] [SEVERE ] removing card from slot 6
[17:29:01.580] [SEVERE ] removing tokens from slot 6
[17:29:01.680] [SEVERE ] removing card from slot 7
[17:29:01.681] [SEVERE ] removing tokens from slot 7
[17:29:01.782] [SEVERE ] removing card from slot 8
[17:29:01.783] [SEVERE ] removing tokens from slot 8
[17:29:01.884] [SEVERE ] removing card from slot 9
[17:29:01.884] [SEVERE ] removing tokens from slot 9
[17:29:01.985] [SEVERE ] removing card from slot 10
[17:29:01.986] [SEVERE ] removing tokens from slot 10
[17:29:02.086] [SEVERE ] removing card from slot 11
[17:29:02.087] [SEVERE ] removing tokens from slot 11
[17:29:02.088] [SEVERE ] announcing winner(s): player 1, player 2, player 3, player 4
[17:29:02.090] [INFO   ] thread computer-3 terminated.
[17:29:02.091] [INFO   ] thread Thread-4 terminated.
[17:29:02.092] [INFO   ] thread computer-2 terminated.
[17:29:02.092] [INFO   ] thread Thread-3 terminated.
[17:29:02.093] [INFO   ] thread Thread-2 terminated.
[17:29:02.094] [INFO   ] thread Thread-1 terminated.
[17:29:02.094] [INFO   ] thread dealer terminated.
[17:29:02.095] [INFO   ] thread dealer terminated.
[17:29:02.096] [SEVERE ] thanks for playing... it was fun!
[17:29:02.097] [INFO   ] thread bguspl.set.Main.main() terminated.
