[17:18:50.363] [INFO   ] thread bguspl.set.Main.main() starting.
[17:18:50.387] [SEVERE ] cannot read configuration file config.properties trying from resources.
[17:18:50.400] [SEVERE ] configuration file was loaded from resources directory.
[17:18:52.133] [INFO   ] thread dealer starting.
[17:18:52.135] [INFO   ] thread dealer starting.
[17:18:52.141] [INFO   ] thread computer-2 starting.
[17:18:52.147] [INFO   ] thread computer-3 starting.
[17:18:52.255] [SEVERE ] placing card 29 in slot 0
[17:18:52.368] [SEVERE ] placing card 25 in slot 1
[17:18:52.470] [SEVERE ] placing card 33 in slot 2
[17:18:52.572] [SEVERE ] placing card 63 in slot 3
[17:18:52.675] [SEVERE ] placing card 78 in slot 4
[17:18:52.782] [SEVERE ] placing card 70 in slot 5
[17:18:52.886] [SEVERE ] placing card 45 in slot 6
[17:18:52.987] [SEVERE ] placing card 71 in slot 7
[17:18:53.088] [SEVERE ] placing card 37 in slot 8
[17:18:53.189] [SEVERE ] placing card 20 in slot 9
[17:18:53.291] [SEVERE ] placing card 74 in slot 10
[17:18:53.392] [SEVERE ] placing card 31 in slot 11
[17:18:53.399] [SEVERE ] updating countdown to 19999
[17:18:53.400] [SEVERE ] player 4 placing token on slot 0
[17:18:53.402] [SEVERE ] player 3 placing token on slot 0
[17:18:54.393] [SEVERE ] player 4 placing token on slot 11
[17:18:54.393] [SEVERE ] player 3 placing token on slot 4
[17:18:54.401] [SEVERE ] updating countdown to 18999
[17:18:54.402] [SEVERE ] updating countdown to 18998
[17:18:54.403] [SEVERE ] updating countdown to 18997
[17:18:55.394] [SEVERE ] player 4 placing token on slot 3
[17:18:55.394] [SEVERE ] player 3 placing token on slot 9
[17:18:55.395] [SEVERE ] updating countdown to 18005
[17:18:55.397] [SEVERE ] updating countdown to 18003
[17:18:55.397] [SEVERE ] setting player 4 freeze to 3000
[17:18:55.398] [SEVERE ] updating countdown to 18002
[17:18:55.399] [SEVERE ] updating countdown to 18001
[17:18:55.400] [SEVERE ] updating countdown to 18000
[17:18:55.400] [SEVERE ] updating countdown to 18000
[17:18:55.400] [SEVERE ] setting player 3 freeze to 3000
[17:18:55.401] [SEVERE ] updating countdown to 17999
[17:18:55.402] [SEVERE ] updating countdown to 17998
[17:18:56.399] [SEVERE ] setting player 4 freeze to 2000
[17:18:56.402] [SEVERE ] setting player 3 freeze to 2000
[17:18:56.403] [SEVERE ] updating countdown to 16998
[17:18:56.403] [SEVERE ] updating countdown to 16997
[17:18:56.404] [SEVERE ] updating countdown to 16996
[17:18:57.400] [SEVERE ] setting player 4 freeze to 1000
[17:18:57.403] [SEVERE ] setting player 3 freeze to 1000
[17:18:57.405] [SEVERE ] updating countdown to 15995
[17:18:57.406] [SEVERE ] updating countdown to 15994
[17:18:57.407] [SEVERE ] updating countdown to 15993
[17:18:58.401] [SEVERE ] setting player 4 freeze to 0
[17:18:58.404] [SEVERE ] setting player 3 freeze to 0
[17:18:58.407] [SEVERE ] updating countdown to 14993
[17:18:58.408] [SEVERE ] updating countdown to 14992
[17:18:58.409] [SEVERE ] updating countdown to 14991
[17:18:59.409] [SEVERE ] updating countdown to 13991
[17:18:59.411] [SEVERE ] updating countdown to 13989
[17:18:59.412] [SEVERE ] updating countdown to 13988
[17:19:00.413] [SEVERE ] updating countdown to 12987
[17:19:00.414] [SEVERE ] updating countdown to 12986
[17:19:00.416] [SEVERE ] updating countdown to 12984
[17:19:01.417] [SEVERE ] updating countdown to 11983
[17:19:01.418] [SEVERE ] updating countdown to 11982
[17:19:01.420] [SEVERE ] updating countdown to 11980
[17:19:02.421] [SEVERE ] updating countdown to 10979
[17:19:02.422] [SEVERE ] updating countdown to 10978
[17:19:02.423] [SEVERE ] updating countdown to 10977
[17:19:03.424] [SEVERE ] updating countdown to 9976
[17:19:03.425] [SEVERE ] updating countdown to 9975
[17:19:03.425] [SEVERE ] updating countdown to 9975
[17:19:04.404] [SEVERE ] removing player 4 token from slot 0
[17:19:04.406] [SEVERE ] removing player 3 token from slot 4
[17:19:04.427] [SEVERE ] updating countdown to 8973
[17:19:04.428] [SEVERE ] updating countdown to 8972
[17:19:04.430] [SEVERE ] updating countdown to 8970
[17:19:05.404] [SEVERE ] player 4 placing token on slot 7
[17:19:05.405] [SEVERE ] updating countdown to 7995
[17:19:05.407] [SEVERE ] player 3 placing token on slot 10
[17:19:05.410] [SEVERE ] updating countdown to 7990
[17:19:05.410] [SEVERE ] setting player 4 freeze to 3000
[17:19:05.412] [SEVERE ] updating countdown to 7988
[17:19:05.415] [SEVERE ] updating countdown to 7985
[17:19:05.416] [SEVERE ] updating countdown to 7984
[17:19:05.417] [SEVERE ] updating countdown to 7983
[17:19:05.418] [SEVERE ] setting player 3 freeze to 3000
[17:19:05.418] [SEVERE ] updating countdown to 7982
[17:19:05.419] [SEVERE ] updating countdown to 7981
[17:19:06.413] [SEVERE ] setting player 4 freeze to 2000
[17:19:06.419] [SEVERE ] setting player 3 freeze to 2000
[17:19:06.420] [SEVERE ] updating countdown to 6980
[17:19:06.420] [SEVERE ] updating countdown to 6980
[17:19:06.422] [SEVERE ] updating countdown to 6978
[17:19:07.414] [SEVERE ] setting player 4 freeze to 1000
[17:19:07.420] [SEVERE ] setting player 3 freeze to 1000
[17:19:07.422] [SEVERE ] updating countdown to 5978
[17:19:07.423] [SEVERE ] updating countdown to 5977
[17:19:07.424] [SEVERE ] updating countdown to 5976
[17:19:08.416] [SEVERE ] setting player 4 freeze to 0
[17:19:08.422] [SEVERE ] setting player 3 freeze to 0
[17:19:08.730] [SEVERE ] key 75 was pressed by player 2
[17:19:08.731] [SEVERE ] player 2 placing token on slot 5
[17:19:08.772] [SEVERE ] key 76 was pressed by player 2
[17:19:08.772] [SEVERE ] player 2 placing token on slot 6
[17:19:08.952] [SEVERE ] key 59 was pressed by player 2
[17:19:08.953] [SEVERE ] player 2 placing token on slot 7
[17:19:08.953] [SEVERE ] key 77 was pressed by player 2
[17:19:08.953] [SEVERE ] setting player 2 freeze to 3000
[17:19:09.081] [SEVERE ] key 59 was pressed by player 2
[17:19:09.082] [SEVERE ] key 75 was pressed by player 2
[17:19:09.347] [SEVERE ] key 59 was pressed by player 2
[17:19:09.423] [SEVERE ] removing player 3 token from slot 0
[17:19:09.436] [SEVERE ] key 75 was pressed by player 2
[17:19:09.586] [SEVERE ] key 59 was pressed by player 2
[17:19:09.608] [SEVERE ] key 76 was pressed by player 2
[17:19:09.954] [SEVERE ] setting player 2 freeze to 2000
[17:19:09.972] [SEVERE ] key 75 was pressed by player 2
[17:19:10.073] [SEVERE ] key 59 was pressed by player 2
[17:19:10.074] [SEVERE ] key 76 was pressed by player 2
[17:19:10.118] [SEVERE ] key 75 was pressed by player 2
[17:19:10.223] [SEVERE ] key 76 was pressed by player 2
[17:19:10.417] [SEVERE ] removing player 4 token from slot 7
[17:19:10.423] [SEVERE ] player 3 placing token on slot 8
[17:19:10.424] [SEVERE ] setting player 3 freeze to 3000
[17:19:10.440] [SEVERE ] key 76 was pressed by player 2
[17:19:10.546] [SEVERE ] key 75 was pressed by player 2
[17:19:10.674] [SEVERE ] key 76 was pressed by player 2
[17:19:10.699] [SEVERE ] key 59 was pressed by player 2
[17:19:10.768] [SEVERE ] key 75 was pressed by player 2
[17:19:10.939] [SEVERE ] key 75 was pressed by player 2
[17:19:10.956] [SEVERE ] setting player 2 freeze to 1000
[17:19:11.146] [SEVERE ] key 59 was pressed by player 2
[17:19:11.148] [SEVERE ] key 76 was pressed by player 2
[17:19:11.232] [SEVERE ] key 75 was pressed by player 2
[17:19:11.377] [SEVERE ] key 76 was pressed by player 2
[17:19:11.417] [SEVERE ] player 4 placing token on slot 10
[17:19:11.418] [SEVERE ] setting player 4 freeze to 3000
[17:19:11.425] [SEVERE ] setting player 3 freeze to 2000
[17:19:11.442] [SEVERE ] key 75 was pressed by player 2
[17:19:11.844] [SEVERE ] key 75 was pressed by player 2
[17:19:11.956] [SEVERE ] setting player 2 freeze to 0
[17:19:12.418] [SEVERE ] setting player 4 freeze to 2000
[17:19:12.426] [SEVERE ] setting player 3 freeze to 1000
[17:19:13.400] [SEVERE ] updating countdown to 0
[17:19:13.401] [SEVERE ] updating countdown to 0
[17:19:13.401] [SEVERE ] updating countdown to 0
[17:19:13.419] [SEVERE ] setting player 4 freeze to 1000
[17:19:13.428] [SEVERE ] setting player 3 freeze to 0
[17:19:13.502] [SEVERE ] removing card from slot 0
[17:19:13.503] [SEVERE ] removing tokens from slot 0
[17:19:13.603] [SEVERE ] removing card from slot 1
[17:19:13.604] [SEVERE ] removing tokens from slot 1
[17:19:13.705] [SEVERE ] removing card from slot 2
[17:19:13.705] [SEVERE ] removing tokens from slot 2
[17:19:13.806] [SEVERE ] removing card from slot 3
[17:19:13.807] [SEVERE ] removing tokens from slot 3
[17:19:13.908] [SEVERE ] removing card from slot 4
[17:19:13.908] [SEVERE ] removing tokens from slot 4
[17:19:14.009] [SEVERE ] removing card from slot 5
[17:19:14.010] [SEVERE ] removing tokens from slot 5
[17:19:14.110] [SEVERE ] removing card from slot 6
[17:19:14.111] [SEVERE ] removing tokens from slot 6
[17:19:14.212] [SEVERE ] removing card from slot 7
[17:19:14.213] [SEVERE ] removing tokens from slot 7
[17:19:14.313] [SEVERE ] removing card from slot 8
[17:19:14.314] [SEVERE ] removing tokens from slot 8
[17:19:14.415] [SEVERE ] removing card from slot 9
[17:19:14.416] [SEVERE ] removing tokens from slot 9
[17:19:14.420] [SEVERE ] setting player 4 freeze to 0
[17:19:14.516] [SEVERE ] removing card from slot 10
[17:19:14.517] [SEVERE ] removing tokens from slot 10
[17:19:14.618] [SEVERE ] removing card from slot 11
[17:19:14.619] [SEVERE ] removing tokens from slot 11
[17:19:14.720] [SEVERE ] placing card 54 in slot 0
[17:19:14.821] [SEVERE ] placing card 23 in slot 1
[17:19:14.922] [SEVERE ] placing card 14 in slot 2
[17:19:15.023] [SEVERE ] placing card 6 in slot 3
[17:19:15.124] [SEVERE ] placing card 3 in slot 4
[17:19:15.224] [SEVERE ] placing card 21 in slot 5
[17:19:15.325] [SEVERE ] placing card 65 in slot 6
[17:19:15.426] [SEVERE ] placing card 77 in slot 7
[17:19:15.527] [SEVERE ] placing card 68 in slot 8
[17:19:15.628] [SEVERE ] placing card 78 in slot 9
[17:19:15.729] [SEVERE ] placing card 61 in slot 10
[17:19:15.830] [SEVERE ] placing card 33 in slot 11
[17:19:15.833] [SEVERE ] updating countdown to 19999
[17:19:15.833] [SEVERE ] player 3 placing token on slot 1
[17:19:15.833] [SEVERE ] player 4 placing token on slot 9
[17:19:16.517] [SEVERE ] key 76 was pressed by player 2
[17:19:16.518] [SEVERE ] player 2 placing token on slot 6
[17:19:16.526] [SEVERE ] key 75 was pressed by player 2
[17:19:16.526] [SEVERE ] player 2 placing token on slot 5
[17:19:16.672] [SEVERE ] key 75 was pressed by player 2
[17:19:16.673] [SEVERE ] removing player 2 token from slot 5
[17:19:16.686] [SEVERE ] key 76 was pressed by player 2
[17:19:16.686] [SEVERE ] removing player 2 token from slot 6
[17:19:16.818] [SEVERE ] key 59 was pressed by player 2
[17:19:16.818] [SEVERE ] player 2 placing token on slot 7
[17:19:16.830] [SEVERE ] key 76 was pressed by player 2
[17:19:16.831] [SEVERE ] player 2 placing token on slot 6
[17:19:16.831] [SEVERE ] player 4 placing token on slot 3
[17:19:16.832] [SEVERE ] player 3 placing token on slot 3
[17:19:16.834] [SEVERE ] updating countdown to 18999
[17:19:16.835] [SEVERE ] updating countdown to 18998
[17:19:16.836] [SEVERE ] updating countdown to 18997
[17:19:16.848] [SEVERE ] key 75 was pressed by player 2
[17:19:16.849] [SEVERE ] player 2 placing token on slot 5
[17:19:16.850] [SEVERE ] updating countdown to 18983
[17:19:16.850] [SEVERE ] updating countdown to 18983
[17:19:16.850] [SEVERE ] setting player 2 freeze to 3000
[17:19:16.851] [SEVERE ] updating countdown to 18982
[17:19:16.852] [SEVERE ] updating countdown to 18981
[17:19:17.003] [SEVERE ] key 76 was pressed by player 2
[17:19:17.013] [SEVERE ] key 59 was pressed by player 2
[17:19:17.154] [SEVERE ] key 59 was pressed by player 2
[17:19:17.210] [SEVERE ] key 76 was pressed by player 2
[17:19:17.353] [SEVERE ] key 76 was pressed by player 2
[17:19:17.505] [SEVERE ] key 59 was pressed by player 2
[17:19:17.768] [SEVERE ] key 75 was pressed by player 2
[17:19:17.831] [SEVERE ] player 4 placing token on slot 4
[17:19:17.831] [SEVERE ] player 3 placing token on slot 10
[17:19:17.832] [SEVERE ] updating countdown to 18001
[17:19:17.833] [SEVERE ] updating countdown to 18000
[17:19:17.833] [SEVERE ] setting player 4 freeze to 3000
[17:19:17.833] [SEVERE ] updating countdown to 18000
[17:19:17.834] [SEVERE ] updating countdown to 17999
[17:19:17.834] [SEVERE ] updating countdown to 17999
[17:19:17.835] [SEVERE ] updating countdown to 17998
[17:19:17.835] [SEVERE ] setting player 3 freeze to 3000
[17:19:17.835] [SEVERE ] updating countdown to 17998
[17:19:17.837] [SEVERE ] updating countdown to 17996
[17:19:17.852] [SEVERE ] setting player 2 freeze to 2000
[17:19:18.556] [SEVERE ] key 75 was pressed by player 2
[17:19:18.834] [SEVERE ] setting player 4 freeze to 2000
[17:19:18.836] [SEVERE ] setting player 3 freeze to 2000
[17:19:18.837] [SEVERE ] updating countdown to 16996
[17:19:18.838] [SEVERE ] updating countdown to 16995
[17:19:18.839] [SEVERE ] updating countdown to 16994
[17:19:18.853] [SEVERE ] setting player 2 freeze to 1000
[17:19:18.954] [SEVERE ] key 75 was pressed by player 2
[17:19:18.983] [SEVERE ] key 75 was pressed by player 2
[17:19:19.003] [SEVERE ] key 75 was pressed by player 2
[17:19:19.029] [SEVERE ] key 75 was pressed by player 2
[17:19:19.054] [SEVERE ] key 75 was pressed by player 2
[17:19:19.079] [SEVERE ] key 75 was pressed by player 2
[17:19:19.106] [SEVERE ] key 75 was pressed by player 2
[17:19:19.131] [SEVERE ] key 75 was pressed by player 2
[17:19:19.158] [SEVERE ] key 75 was pressed by player 2
[17:19:19.184] [SEVERE ] key 75 was pressed by player 2
[17:19:19.207] [SEVERE ] key 75 was pressed by player 2
[17:19:19.233] [SEVERE ] key 75 was pressed by player 2
[17:19:19.258] [SEVERE ] key 75 was pressed by player 2
[17:19:19.282] [SEVERE ] key 75 was pressed by player 2
[17:19:19.308] [SEVERE ] key 75 was pressed by player 2
[17:19:19.331] [SEVERE ] key 75 was pressed by player 2
[17:19:19.357] [SEVERE ] key 75 was pressed by player 2
[17:19:19.382] [SEVERE ] key 75 was pressed by player 2
[17:19:19.407] [SEVERE ] key 75 was pressed by player 2
[17:19:19.434] [SEVERE ] key 75 was pressed by player 2
[17:19:19.458] [SEVERE ] key 75 was pressed by player 2
[17:19:19.483] [SEVERE ] key 75 was pressed by player 2
[17:19:19.508] [SEVERE ] key 75 was pressed by player 2
[17:19:19.534] [SEVERE ] key 75 was pressed by player 2
[17:19:19.559] [SEVERE ] key 75 was pressed by player 2
[17:19:19.584] [SEVERE ] key 75 was pressed by player 2
[17:19:19.610] [SEVERE ] key 75 was pressed by player 2
[17:19:19.635] [SEVERE ] key 75 was pressed by player 2
[17:19:19.658] [SEVERE ] key 75 was pressed by player 2
[17:19:19.684] [SEVERE ] key 75 was pressed by player 2
[17:19:19.709] [SEVERE ] key 75 was pressed by player 2
[17:19:19.734] [SEVERE ] key 75 was pressed by player 2
[17:19:19.762] [SEVERE ] key 75 was pressed by player 2
[17:19:19.784] [SEVERE ] key 75 was pressed by player 2
[17:19:19.808] [SEVERE ] key 75 was pressed by player 2
[17:19:19.835] [SEVERE ] setting player 4 freeze to 1000
[17:19:19.835] [SEVERE ] key 75 was pressed by player 2
[17:19:19.837] [SEVERE ] setting player 3 freeze to 1000
[17:19:19.840] [SEVERE ] updating countdown to 15993
[17:19:19.840] [SEVERE ] updating countdown to 15993
[17:19:19.841] [SEVERE ] updating countdown to 15992
[17:19:19.854] [SEVERE ] setting player 2 freeze to 0
[17:19:19.862] [SEVERE ] key 75 was pressed by player 2
[17:19:19.862] [SEVERE ] removing player 2 token from slot 5
[17:19:19.886] [SEVERE ] key 75 was pressed by player 2
[17:19:19.886] [SEVERE ] player 2 placing token on slot 5
[17:19:19.887] [SEVERE ] updating countdown to 15946
[17:19:19.888] [SEVERE ] updating countdown to 15945
[17:19:19.889] [SEVERE ] updating countdown to 15944
[17:19:19.888] [SEVERE ] setting player 2 freeze to 3000
[17:19:19.890] [SEVERE ] updating countdown to 15943
[17:19:19.912] [SEVERE ] key 75 was pressed by player 2
[17:19:19.937] [SEVERE ] key 75 was pressed by player 2
[17:19:19.959] [SEVERE ] key 75 was pressed by player 2
[17:19:19.984] [SEVERE ] key 75 was pressed by player 2
[17:19:20.011] [SEVERE ] key 75 was pressed by player 2
[17:19:20.038] [SEVERE ] key 75 was pressed by player 2
[17:19:20.065] [SEVERE ] key 75 was pressed by player 2
[17:19:20.099] [SEVERE ] key 75 was pressed by player 2
[17:19:20.835] [SEVERE ] setting player 4 freeze to 0
[17:19:20.837] [SEVERE ] setting player 3 freeze to 0
[17:19:20.891] [SEVERE ] setting player 2 freeze to 2000
[17:19:20.891] [SEVERE ] updating countdown to 14942
[17:19:20.892] [SEVERE ] updating countdown to 14941
[17:19:20.893] [SEVERE ] updating countdown to 14940
[17:19:21.892] [SEVERE ] setting player 2 freeze to 1000
[17:19:21.893] [SEVERE ] updating countdown to 13940
[17:19:21.894] [SEVERE ] updating countdown to 13939
[17:19:21.894] [SEVERE ] updating countdown to 13939
[17:19:22.839] [SEVERE ] removing player 3 token from slot 1
[17:19:22.893] [SEVERE ] setting player 2 freeze to 0
[17:19:22.895] [SEVERE ] updating countdown to 12938
[17:19:22.896] [SEVERE ] updating countdown to 12937
[17:19:22.897] [SEVERE ] updating countdown to 12936
[17:19:23.285] [SEVERE ] key 59 was pressed by player 2
[17:19:23.285] [SEVERE ] removing player 2 token from slot 7
[17:19:23.338] [SEVERE ] key 76 was pressed by player 2
[17:19:23.338] [SEVERE ] removing player 2 token from slot 6
[17:19:23.383] [SEVERE ] key 75 was pressed by player 2
[17:19:23.383] [SEVERE ] removing player 2 token from slot 5
[17:19:23.625] [SEVERE ] key 59 was pressed by player 2
[17:19:23.626] [SEVERE ] player 2 placing token on slot 7
[17:19:23.641] [SEVERE ] key 76 was pressed by player 2
[17:19:23.642] [SEVERE ] player 2 placing token on slot 6
[17:19:23.678] [SEVERE ] key 75 was pressed by player 2
[17:19:23.679] [SEVERE ] player 2 placing token on slot 5
[17:19:23.680] [SEVERE ] updating countdown to 12153
[17:19:23.680] [SEVERE ] updating countdown to 12153
[17:19:23.680] [SEVERE ] setting player 2 freeze to 3000
[17:19:23.681] [SEVERE ] updating countdown to 12152
[17:19:23.682] [SEVERE ] updating countdown to 12151
[17:19:23.837] [SEVERE ] removing player 4 token from slot 4
[17:19:23.840] [SEVERE ] player 3 placing token on slot 1
[17:19:23.840] [SEVERE ] updating countdown to 11993
[17:19:23.841] [SEVERE ] updating countdown to 11992
[17:19:23.841] [SEVERE ] setting player 3 freeze to 3000
[17:19:23.842] [SEVERE ] updating countdown to 11991
[17:19:23.843] [SEVERE ] updating countdown to 11990
[17:19:24.682] [SEVERE ] setting player 2 freeze to 2000
[17:19:24.837] [SEVERE ] removing player 4 token from slot 9
[17:19:24.843] [SEVERE ] setting player 3 freeze to 2000
[17:19:24.844] [SEVERE ] updating countdown to 10989
[17:19:24.845] [SEVERE ] updating countdown to 10988
[17:19:24.846] [SEVERE ] updating countdown to 10987
[17:19:25.683] [SEVERE ] setting player 2 freeze to 1000
[17:19:25.837] [SEVERE ] removing player 4 token from slot 3
[17:19:25.844] [SEVERE ] setting player 3 freeze to 1000
[17:19:25.847] [SEVERE ] updating countdown to 9986
[17:19:25.847] [SEVERE ] updating countdown to 9986
[17:19:25.847] [SEVERE ] updating countdown to 9986
[17:19:26.174] [SEVERE ] key 65 was pressed by player 1
[17:19:26.175] [SEVERE ] player 1 placing token on slot 4
[17:19:26.198] [SEVERE ] key 68 was pressed by player 1
[17:19:26.199] [SEVERE ] player 1 placing token on slot 6
[17:19:26.199] [SEVERE ] key 83 was pressed by player 1
[17:19:26.200] [SEVERE ] player 1 placing token on slot 5
[17:19:26.201] [SEVERE ] updating countdown to 9632
[17:19:26.201] [SEVERE ] updating countdown to 9632
[17:19:26.201] [SEVERE ] setting player 1 freeze to 3000
[17:19:26.201] [SEVERE ] updating countdown to 9632
[17:19:26.202] [SEVERE ] updating countdown to 9631
[17:19:26.684] [SEVERE ] setting player 2 freeze to 0
[17:19:26.838] [SEVERE ] player 4 placing token on slot 11
[17:19:26.844] [SEVERE ] setting player 3 freeze to 0
[17:19:27.202] [SEVERE ] setting player 1 freeze to 2000
[17:19:27.203] [SEVERE ] updating countdown to 8630
[17:19:27.203] [SEVERE ] updating countdown to 8630
[17:19:27.204] [SEVERE ] updating countdown to 8629
[17:19:27.696] [SEVERE ] key 75 was pressed by player 2
[17:19:27.696] [SEVERE ] removing player 2 token from slot 5
[17:19:27.711] [SEVERE ] key 76 was pressed by player 2
[17:19:27.712] [SEVERE ] removing player 2 token from slot 6
[17:19:27.712] [SEVERE ] key 59 was pressed by player 2
[17:19:27.712] [SEVERE ] removing player 2 token from slot 7
[17:19:27.838] [SEVERE ] player 4 placing token on slot 8
[17:19:28.203] [SEVERE ] setting player 1 freeze to 1000
[17:19:28.204] [SEVERE ] updating countdown to 7629
[17:19:28.205] [SEVERE ] updating countdown to 7628
[17:19:28.206] [SEVERE ] updating countdown to 7627
[17:19:28.814] [SEVERE ] key 75 was pressed by player 2
[17:19:28.815] [SEVERE ] player 2 placing token on slot 5
[17:19:28.834] [SEVERE ] key 59 was pressed by player 2
[17:19:28.835] [SEVERE ] player 2 placing token on slot 7
[17:19:28.835] [SEVERE ] key 76 was pressed by player 2
[17:19:28.835] [SEVERE ] player 2 placing token on slot 6
[17:19:28.836] [SEVERE ] updating countdown to 6997
[17:19:28.837] [SEVERE ] updating countdown to 6996
[17:19:28.837] [SEVERE ] setting player 2 freeze to 3000
[17:19:28.837] [SEVERE ] updating countdown to 6996
[17:19:28.838] [SEVERE ] player 4 placing token on slot 10
[17:19:28.838] [SEVERE ] updating countdown to 6995
[17:19:28.839] [SEVERE ] updating countdown to 6994
[17:19:28.840] [SEVERE ] updating countdown to 6993
[17:19:28.840] [SEVERE ] setting player 4 freeze to 3000
[17:19:28.840] [SEVERE ] updating countdown to 6993
[17:19:28.841] [SEVERE ] updating countdown to 6992
[17:19:28.846] [SEVERE ] removing player 3 token from slot 1
[17:19:29.204] [SEVERE ] setting player 1 freeze to 0
[17:19:29.803] [SEVERE ] key 65 was pressed by player 1
[17:19:29.804] [SEVERE ] removing player 1 token from slot 4
[17:19:29.820] [SEVERE ] key 83 was pressed by player 1
[17:19:29.820] [SEVERE ] removing player 1 token from slot 5
[17:19:29.820] [SEVERE ] key 68 was pressed by player 1
[17:19:29.821] [SEVERE ] removing player 1 token from slot 6
[17:19:29.838] [SEVERE ] setting player 2 freeze to 2000
[17:19:29.841] [SEVERE ] setting player 4 freeze to 2000
[17:19:29.842] [SEVERE ] updating countdown to 5991
[17:19:29.843] [SEVERE ] updating countdown to 5990
[17:19:29.844] [SEVERE ] updating countdown to 5989
[17:19:29.846] [SEVERE ] player 3 placing token on slot 5
[17:19:29.847] [SEVERE ] updating countdown to 5986
[17:19:29.848] [SEVERE ] updating countdown to 5985
[17:19:29.848] [SEVERE ] setting player 3 freeze to 3000
[17:19:29.848] [SEVERE ] updating countdown to 5985
[17:19:29.849] [SEVERE ] updating countdown to 5984
[17:19:30.007] [SEVERE ] key 68 was pressed by player 1
[17:19:30.007] [SEVERE ] player 1 placing token on slot 6
[17:19:30.021] [SEVERE ] key 83 was pressed by player 1
[17:19:30.021] [SEVERE ] player 1 placing token on slot 5
[17:19:30.021] [SEVERE ] key 65 was pressed by player 1
[17:19:30.022] [SEVERE ] player 1 placing token on slot 4
[17:19:30.022] [SEVERE ] updating countdown to 5811
[17:19:30.023] [SEVERE ] updating countdown to 5810
[17:19:30.023] [SEVERE ] setting player 1 freeze to 3000
[17:19:30.024] [SEVERE ] updating countdown to 5809
[17:19:30.025] [SEVERE ] updating countdown to 5808
[17:19:30.839] [SEVERE ] setting player 2 freeze to 1000
[17:19:30.841] [SEVERE ] setting player 4 freeze to 1000
[17:19:30.849] [SEVERE ] setting player 3 freeze to 2000
[17:19:31.025] [SEVERE ] setting player 1 freeze to 2000
[17:19:31.840] [SEVERE ] setting player 2 freeze to 0
[17:19:31.842] [SEVERE ] setting player 4 freeze to 0
[17:19:31.850] [SEVERE ] setting player 3 freeze to 1000
[17:19:32.025] [SEVERE ] setting player 1 freeze to 1000
[17:19:32.843] [SEVERE ] removing player 4 token from slot 11
[17:19:32.851] [SEVERE ] setting player 3 freeze to 0
[17:19:33.027] [SEVERE ] setting player 1 freeze to 0
[17:19:33.188] [SEVERE ] key 76 was pressed by player 2
[17:19:33.189] [SEVERE ] removing player 2 token from slot 6
[17:19:33.189] [SEVERE ] key 75 was pressed by player 2
[17:19:33.190] [SEVERE ] removing player 2 token from slot 5
[17:19:33.190] [SEVERE ] key 59 was pressed by player 2
[17:19:33.191] [SEVERE ] removing player 2 token from slot 7
[17:19:33.466] [SEVERE ] key 59 was pressed by player 2
[17:19:33.466] [SEVERE ] player 2 placing token on slot 7
[17:19:33.467] [SEVERE ] key 76 was pressed by player 2
[17:19:33.467] [SEVERE ] player 2 placing token on slot 6
[17:19:33.467] [SEVERE ] key 75 was pressed by player 2
[17:19:33.468] [SEVERE ] player 2 placing token on slot 5
[17:19:33.468] [SEVERE ] setting player 2 freeze to 3000
[17:19:33.844] [SEVERE ] player 4 placing token on slot 11
[17:19:33.845] [SEVERE ] setting player 4 freeze to 3000
[17:19:34.004] [SEVERE ] key 83 was pressed by player 1
[17:19:34.005] [SEVERE ] removing player 1 token from slot 5
[17:19:34.005] [SEVERE ] key 65 was pressed by player 1
[17:19:34.006] [SEVERE ] removing player 1 token from slot 4
[17:19:34.006] [SEVERE ] key 68 was pressed by player 1
[17:19:34.007] [SEVERE ] removing player 1 token from slot 6
[17:19:34.171] [SEVERE ] key 68 was pressed by player 1
[17:19:34.171] [SEVERE ] player 1 placing token on slot 6
[17:19:34.171] [SEVERE ] key 83 was pressed by player 1
[17:19:34.172] [SEVERE ] player 1 placing token on slot 5
[17:19:34.172] [SEVERE ] key 65 was pressed by player 1
[17:19:34.173] [SEVERE ] player 1 placing token on slot 4
[17:19:34.174] [SEVERE ] setting player 1 freeze to 3000
[17:19:34.469] [SEVERE ] setting player 2 freeze to 2000
[17:19:34.845] [SEVERE ] setting player 4 freeze to 2000
[17:19:35.174] [SEVERE ] setting player 1 freeze to 2000
[17:19:35.469] [SEVERE ] setting player 2 freeze to 1000
[17:19:35.836] [SEVERE ] updating countdown to 0
[17:19:35.837] [SEVERE ] updating countdown to 0
[17:19:35.838] [SEVERE ] updating countdown to 0
[17:19:35.846] [SEVERE ] setting player 4 freeze to 1000
[17:19:35.939] [SEVERE ] removing card from slot 0
[17:19:35.940] [SEVERE ] removing tokens from slot 0
[17:19:36.041] [SEVERE ] removing card from slot 1
[17:19:36.041] [SEVERE ] removing tokens from slot 1
[17:19:36.142] [SEVERE ] removing card from slot 2
[17:19:36.143] [SEVERE ] removing tokens from slot 2
[17:19:36.175] [SEVERE ] setting player 1 freeze to 1000
[17:19:36.243] [SEVERE ] removing card from slot 3
[17:19:36.244] [SEVERE ] removing tokens from slot 3
[17:19:36.345] [SEVERE ] removing card from slot 4
[17:19:36.345] [SEVERE ] removing tokens from slot 4
[17:19:36.446] [SEVERE ] removing card from slot 5
[17:19:36.447] [SEVERE ] removing tokens from slot 5
[17:19:36.470] [SEVERE ] setting player 2 freeze to 0
[17:19:36.547] [SEVERE ] removing card from slot 6
[17:19:36.548] [SEVERE ] removing tokens from slot 6
[17:19:36.648] [SEVERE ] removing card from slot 7
[17:19:36.649] [SEVERE ] removing tokens from slot 7
[17:19:36.750] [SEVERE ] removing card from slot 8
[17:19:36.750] [SEVERE ] removing tokens from slot 8
[17:19:36.847] [SEVERE ] setting player 4 freeze to 0
[17:19:36.851] [SEVERE ] removing card from slot 9
[17:19:36.851] [SEVERE ] removing tokens from slot 9
[17:19:36.952] [SEVERE ] removing card from slot 10
[17:19:36.953] [SEVERE ] removing tokens from slot 10
[17:19:37.053] [SEVERE ] removing card from slot 11
[17:19:37.054] [SEVERE ] removing tokens from slot 11
[17:19:37.155] [SEVERE ] placing card 23 in slot 0
[17:19:37.176] [SEVERE ] setting player 1 freeze to 0
[17:19:37.256] [SEVERE ] placing card 37 in slot 1
[17:19:37.356] [SEVERE ] placing card 54 in slot 2
[17:19:37.457] [SEVERE ] placing card 6 in slot 3
[17:19:37.558] [SEVERE ] placing card 10 in slot 4
[17:19:37.659] [SEVERE ] placing card 70 in slot 5
[17:19:37.760] [SEVERE ] placing card 19 in slot 6
[17:19:37.861] [SEVERE ] placing card 51 in slot 7
[17:19:37.962] [SEVERE ] placing card 4 in slot 8
[17:19:38.062] [SEVERE ] placing card 21 in slot 9
[17:19:38.163] [SEVERE ] placing card 26 in slot 10
[17:19:38.264] [SEVERE ] placing card 53 in slot 11
[17:19:38.265] [SEVERE ] player 3 placing token on slot 11
[17:19:38.268] [SEVERE ] updating countdown to 19999
[17:19:38.268] [SEVERE ] player 4 placing token on slot 7
[17:19:39.265] [SEVERE ] player 3 placing token on slot 2
[17:19:39.265] [SEVERE ] player 4 placing token on slot 6
[17:19:39.269] [SEVERE ] updating countdown to 18999
[17:19:39.270] [SEVERE ] updating countdown to 18998
[17:19:39.270] [SEVERE ] updating countdown to 18998
[17:19:39.636] [SEVERE ] key 75 was pressed by player 2
[17:19:39.637] [SEVERE ] player 2 placing token on slot 5
[17:19:39.664] [SEVERE ] key 76 was pressed by player 2
[17:19:39.665] [SEVERE ] player 2 placing token on slot 6
[17:19:39.665] [SEVERE ] key 59 was pressed by player 2
[17:19:39.666] [SEVERE ] player 2 placing token on slot 7
[17:19:39.666] [SEVERE ] updating countdown to 18602
[17:19:39.667] [SEVERE ] updating countdown to 18601
[17:19:39.667] [SEVERE ] setting player 2 freeze to 3000
[17:19:39.667] [SEVERE ] updating countdown to 18601
[17:19:39.668] [SEVERE ] updating countdown to 18600
[17:19:39.806] [SEVERE ] key 75 was pressed by player 2
[17:19:39.817] [SEVERE ] key 76 was pressed by player 2
[17:19:40.266] [SEVERE ] player 3 placing token on slot 10
[17:19:40.266] [SEVERE ] player 4 placing token on slot 3
[17:19:40.267] [SEVERE ] updating countdown to 18001
[17:19:40.269] [SEVERE ] updating countdown to 17999
[17:19:40.269] [SEVERE ] setting player 3 freeze to 3000
[17:19:40.269] [SEVERE ] updating countdown to 17999
[17:19:40.271] [SEVERE ] updating countdown to 17997
[17:19:40.271] [SEVERE ] updating countdown to 17997
[17:19:40.272] [SEVERE ] updating countdown to 17996
[17:19:40.272] [SEVERE ] setting player 4 freeze to 3000
[17:19:40.272] [SEVERE ] updating countdown to 17996
[17:19:40.273] [SEVERE ] updating countdown to 17995
[17:19:40.668] [SEVERE ] setting player 2 freeze to 2000
[17:19:40.761] [SEVERE ] key 65 was pressed by player 1
[17:19:40.761] [SEVERE ] player 1 placing token on slot 4
[17:19:40.781] [SEVERE ] key 68 was pressed by player 1
[17:19:40.782] [SEVERE ] player 1 placing token on slot 6
[17:19:40.791] [SEVERE ] key 83 was pressed by player 1
[17:19:40.792] [SEVERE ] player 1 placing token on slot 5
[17:19:40.793] [SEVERE ] updating countdown to 17475
[17:19:40.793] [SEVERE ] updating countdown to 17475
[17:19:40.793] [SEVERE ] setting player 1 freeze to 3000
[17:19:40.793] [SEVERE ] updating countdown to 17475
[17:19:40.794] [SEVERE ] updating countdown to 17474
[17:19:40.972] [SEVERE ] key 83 was pressed by player 1
[17:19:40.986] [SEVERE ] key 65 was pressed by player 1
[17:19:41.270] [SEVERE ] setting player 3 freeze to 2000
[17:19:41.273] [SEVERE ] setting player 4 freeze to 2000
[17:19:41.670] [SEVERE ] setting player 2 freeze to 1000
[17:19:41.794] [SEVERE ] setting player 1 freeze to 2000
[17:19:41.795] [SEVERE ] updating countdown to 16473
[17:19:41.796] [SEVERE ] updating countdown to 16472
[17:19:41.797] [SEVERE ] updating countdown to 16471
[17:19:42.271] [SEVERE ] setting player 3 freeze to 1000
[17:19:42.274] [SEVERE ] setting player 4 freeze to 1000
[17:19:42.670] [SEVERE ] setting player 2 freeze to 0
[17:19:42.795] [SEVERE ] setting player 1 freeze to 1000
[17:19:42.798] [SEVERE ] updating countdown to 15470
[17:19:42.799] [SEVERE ] updating countdown to 15469
[17:19:42.799] [SEVERE ] updating countdown to 15469
[17:19:43.272] [SEVERE ] setting player 3 freeze to 0
[17:19:43.274] [SEVERE ] setting player 4 freeze to 0
[17:19:43.795] [SEVERE ] setting player 1 freeze to 0
[17:19:43.800] [SEVERE ] updating countdown to 14468
[17:19:43.801] [SEVERE ] updating countdown to 14467
[17:19:43.803] [SEVERE ] updating countdown to 14465
[17:19:44.275] [SEVERE ] removing player 4 token from slot 6
[17:19:44.805] [SEVERE ] updating countdown to 13463
[17:19:44.806] [SEVERE ] updating countdown to 13462
[17:19:44.807] [SEVERE ] updating countdown to 13461
[17:19:45.276] [SEVERE ] player 4 placing token on slot 1
[17:19:45.277] [SEVERE ] updating countdown to 12991
[17:19:45.278] [SEVERE ] updating countdown to 12990
[17:19:45.278] [SEVERE ] setting player 4 freeze to 3000
[17:19:45.279] [SEVERE ] updating countdown to 12989
[17:19:45.284] [SEVERE ] updating countdown to 12984
[17:19:46.283] [SEVERE ] setting player 4 freeze to 2000
[17:19:46.284] [SEVERE ] updating countdown to 11984
[17:19:46.285] [SEVERE ] updating countdown to 11983
[17:19:46.286] [SEVERE ] updating countdown to 11982
[17:19:47.284] [SEVERE ] setting player 4 freeze to 1000
[17:19:47.288] [SEVERE ] updating countdown to 10980
[17:19:47.289] [SEVERE ] updating countdown to 10979
[17:19:47.289] [SEVERE ] updating countdown to 10979
[17:19:48.285] [SEVERE ] setting player 4 freeze to 0
[17:19:48.290] [SEVERE ] updating countdown to 9978
[17:19:48.290] [SEVERE ] updating countdown to 9978
[17:19:48.291] [SEVERE ] updating countdown to 9977
[17:19:49.274] [SEVERE ] removing player 3 token from slot 10
[17:19:49.291] [SEVERE ] updating countdown to 8977
[17:19:49.292] [SEVERE ] updating countdown to 8976
[17:19:49.293] [SEVERE ] updating countdown to 8975
[17:19:49.571] [SEVERE ] key 75 was pressed by player 2
[17:19:49.572] [SEVERE ] removing player 2 token from slot 5
[17:19:49.603] [SEVERE ] key 76 was pressed by player 2
[17:19:49.604] [SEVERE ] removing player 2 token from slot 6
[17:19:49.604] [SEVERE ] key 59 was pressed by player 2
[17:19:49.604] [SEVERE ] removing player 2 token from slot 7
[17:19:49.745] [SEVERE ] key 75 was pressed by player 2
[17:19:49.746] [SEVERE ] player 2 placing token on slot 5
[17:19:49.771] [SEVERE ] key 59 was pressed by player 2
[17:19:49.772] [SEVERE ] player 2 placing token on slot 7
[17:19:49.772] [SEVERE ] key 76 was pressed by player 2
[17:19:49.773] [SEVERE ] player 2 placing token on slot 6
[17:19:49.774] [SEVERE ] updating countdown to 8494
[17:19:49.775] [SEVERE ] setting player 2 freeze to 3000
[17:19:49.775] [SEVERE ] updating countdown to 8493
[17:19:49.775] [SEVERE ] updating countdown to 8493
[17:19:49.776] [SEVERE ] updating countdown to 8492
[17:19:50.275] [SEVERE ] player 3 placing token on slot 3
[17:19:50.276] [SEVERE ] updating countdown to 7992
[17:19:50.280] [SEVERE ] updating countdown to 7988
[17:19:50.280] [SEVERE ] setting player 3 freeze to 3000
[17:19:50.281] [SEVERE ] updating countdown to 7987
[17:19:50.282] [SEVERE ] updating countdown to 7986
[17:19:50.513] [SEVERE ] key 65 was pressed by player 1
[17:19:50.514] [SEVERE ] removing player 1 token from slot 4
[17:19:50.540] [SEVERE ] key 83 was pressed by player 1
[17:19:50.541] [SEVERE ] removing player 1 token from slot 5
[17:19:50.567] [SEVERE ] key 68 was pressed by player 1
[17:19:50.567] [SEVERE ] removing player 1 token from slot 6
[17:19:50.733] [SEVERE ] key 68 was pressed by player 1
[17:19:50.734] [SEVERE ] player 1 placing token on slot 6
[17:19:50.749] [SEVERE ] key 65 was pressed by player 1
[17:19:50.749] [SEVERE ] player 1 placing token on slot 4
[17:19:50.749] [SEVERE ] key 83 was pressed by player 1
[17:19:50.750] [SEVERE ] player 1 placing token on slot 5
[17:19:50.750] [SEVERE ] updating countdown to 7518
[17:19:50.751] [SEVERE ] updating countdown to 7517
[17:19:50.751] [SEVERE ] setting player 1 freeze to 3000
[17:19:50.751] [SEVERE ] updating countdown to 7517
[17:19:50.753] [SEVERE ] updating countdown to 7515
[17:19:50.776] [SEVERE ] setting player 2 freeze to 2000
[17:19:51.282] [SEVERE ] setting player 3 freeze to 2000
[17:19:51.752] [SEVERE ] setting player 1 freeze to 2000
[17:19:51.753] [SEVERE ] updating countdown to 6515
[17:19:51.754] [SEVERE ] updating countdown to 6514
[17:19:51.755] [SEVERE ] updating countdown to 6513
[17:19:51.777] [SEVERE ] setting player 2 freeze to 1000
[17:19:52.283] [SEVERE ] setting player 3 freeze to 1000
[17:19:52.286] [SEVERE ] removing player 4 token from slot 7
[17:19:52.753] [SEVERE ] setting player 1 freeze to 1000
[17:19:52.756] [SEVERE ] updating countdown to 5512
[17:19:52.756] [SEVERE ] updating countdown to 5512
[17:19:52.757] [SEVERE ] updating countdown to 5511
[17:19:52.777] [SEVERE ] setting player 2 freeze to 0
[17:19:53.284] [SEVERE ] setting player 3 freeze to 0
[17:19:53.287] [SEVERE ] player 4 placing token on slot 9
[17:19:53.287] [SEVERE ] setting player 4 freeze to 3000
[17:19:53.754] [SEVERE ] setting player 1 freeze to 0
[17:19:54.288] [SEVERE ] setting player 4 freeze to 2000
[17:19:55.289] [SEVERE ] setting player 4 freeze to 1000
[17:19:56.290] [SEVERE ] setting player 4 freeze to 0
[17:19:58.271] [SEVERE ] updating countdown to 0
[17:19:58.272] [SEVERE ] updating countdown to 0
[17:19:58.272] [SEVERE ] updating countdown to 0
[17:19:58.373] [SEVERE ] removing card from slot 0
[17:19:58.374] [SEVERE ] removing tokens from slot 0
[17:19:58.474] [SEVERE ] removing card from slot 1
[17:19:58.475] [SEVERE ] removing tokens from slot 1
[17:19:58.575] [SEVERE ] removing card from slot 2
[17:19:58.576] [SEVERE ] removing tokens from slot 2
[17:19:58.676] [SEVERE ] removing card from slot 3
[17:19:58.677] [SEVERE ] removing tokens from slot 3
[17:19:58.777] [SEVERE ] removing card from slot 4
[17:19:58.778] [SEVERE ] removing tokens from slot 4
[17:19:58.879] [SEVERE ] removing card from slot 5
[17:19:58.879] [SEVERE ] removing tokens from slot 5
[17:19:58.980] [SEVERE ] removing card from slot 6
[17:19:58.980] [SEVERE ] removing tokens from slot 6
[17:19:59.081] [SEVERE ] removing card from slot 7
[17:19:59.081] [SEVERE ] removing tokens from slot 7
[17:19:59.182] [SEVERE ] removing card from slot 8
[17:19:59.182] [SEVERE ] removing tokens from slot 8
[17:19:59.283] [SEVERE ] removing card from slot 9
[17:19:59.284] [SEVERE ] removing tokens from slot 9
[17:19:59.384] [SEVERE ] removing card from slot 10
[17:19:59.385] [SEVERE ] removing tokens from slot 10
[17:19:59.485] [SEVERE ] removing card from slot 11
[17:19:59.486] [SEVERE ] removing tokens from slot 11
[17:19:59.587] [SEVERE ] placing card 5 in slot 0
[17:19:59.687] [SEVERE ] placing card 74 in slot 1
[17:19:59.788] [SEVERE ] placing card 53 in slot 2
[17:19:59.889] [SEVERE ] placing card 23 in slot 3
[17:19:59.989] [SEVERE ] placing card 24 in slot 4
[17:20:00.091] [SEVERE ] placing card 78 in slot 5
[17:20:00.191] [SEVERE ] placing card 32 in slot 6
[17:20:00.292] [SEVERE ] placing card 62 in slot 7
[17:20:00.393] [SEVERE ] placing card 75 in slot 8
[17:20:00.493] [SEVERE ] placing card 46 in slot 9
[17:20:00.594] [SEVERE ] placing card 42 in slot 10
[17:20:00.695] [SEVERE ] placing card 54 in slot 11
[17:20:00.696] [SEVERE ] player 3 placing token on slot 11
[17:20:00.696] [SEVERE ] player 4 placing token on slot 11
[17:20:00.697] [SEVERE ] updating countdown to 19999
[17:20:01.696] [SEVERE ] player 4 placing token on slot 9
[17:20:01.696] [SEVERE ] player 3 placing token on slot 2
[17:20:01.698] [SEVERE ] updating countdown to 18998
[17:20:01.698] [SEVERE ] updating countdown to 18998
[17:20:01.699] [SEVERE ] updating countdown to 18997
[17:20:02.696] [SEVERE ] player 3 placing token on slot 0
[17:20:02.696] [SEVERE ] player 4 placing token on slot 1
[17:20:02.697] [SEVERE ] updating countdown to 17999
[17:20:02.698] [SEVERE ] updating countdown to 17998
[17:20:02.698] [SEVERE ] setting player 3 freeze to 3000
[17:20:02.699] [SEVERE ] updating countdown to 17997
[17:20:02.700] [SEVERE ] updating countdown to 17996
[17:20:02.700] [SEVERE ] updating countdown to 17996
[17:20:02.701] [SEVERE ] updating countdown to 17995
[17:20:02.701] [SEVERE ] setting player 4 freeze to 3000
[17:20:02.701] [SEVERE ] updating countdown to 17995
[17:20:02.702] [SEVERE ] updating countdown to 17994
[17:20:03.487] [SEVERE ] key 59 was pressed by player 2
[17:20:03.488] [SEVERE ] player 2 placing token on slot 7
[17:20:03.500] [SEVERE ] key 76 was pressed by player 2
[17:20:03.501] [SEVERE ] player 2 placing token on slot 6
[17:20:03.555] [SEVERE ] key 75 was pressed by player 2
[17:20:03.555] [SEVERE ] player 2 placing token on slot 5
[17:20:03.556] [SEVERE ] updating countdown to 17140
[17:20:03.556] [SEVERE ] updating countdown to 17140
[17:20:03.556] [SEVERE ] setting player 2 freeze to 3000
[17:20:03.557] [SEVERE ] updating countdown to 17139
[17:20:03.558] [SEVERE ] updating countdown to 17138
[17:20:03.680] [SEVERE ] key 75 was pressed by player 2
[17:20:03.696] [SEVERE ] key 76 was pressed by player 2
[17:20:03.700] [SEVERE ] setting player 3 freeze to 2000
[17:20:03.702] [SEVERE ] setting player 4 freeze to 2000
[17:20:04.557] [SEVERE ] setting player 2 freeze to 2000
[17:20:04.558] [SEVERE ] updating countdown to 16138
[17:20:04.559] [SEVERE ] updating countdown to 16137
[17:20:04.559] [SEVERE ] updating countdown to 16137
[17:20:04.700] [SEVERE ] setting player 3 freeze to 1000
[17:20:04.702] [SEVERE ] setting player 4 freeze to 1000
[17:20:05.558] [SEVERE ] setting player 2 freeze to 1000
[17:20:05.560] [SEVERE ] updating countdown to 15136
[17:20:05.562] [SEVERE ] updating countdown to 15134
[17:20:05.563] [SEVERE ] updating countdown to 15133
[17:20:05.701] [SEVERE ] setting player 3 freeze to 0
[17:20:05.703] [SEVERE ] setting player 4 freeze to 0
[17:20:05.703] [SEVERE ] removing player 4 token from slot 11
[17:20:06.385] [SEVERE ] key 65 was pressed by player 1
[17:20:06.385] [SEVERE ] player 1 placing token on slot 4
[17:20:06.413] [SEVERE ] key 68 was pressed by player 1
[17:20:06.413] [SEVERE ] player 1 placing token on slot 6
[17:20:06.421] [SEVERE ] key 83 was pressed by player 1
[17:20:06.422] [SEVERE ] player 1 placing token on slot 5
[17:20:06.422] [SEVERE ] updating countdown to 14274
[17:20:06.424] [SEVERE ] updating countdown to 14272
[17:20:06.426] [SEVERE ] updating countdown to 14270
[17:20:06.424] [SEVERE ] setting player 1 freeze to 3000
[17:20:06.426] [SEVERE ] updating countdown to 14270
[17:20:06.559] [SEVERE ] setting player 2 freeze to 0
[17:20:06.637] [SEVERE ] key 68 was pressed by player 1
[17:20:06.638] [SEVERE ] key 83 was pressed by player 1
[17:20:06.638] [SEVERE ] key 65 was pressed by player 1
[17:20:06.702] [SEVERE ] removing player 3 token from slot 0
[17:20:06.703] [SEVERE ] removing player 4 token from slot 1
[17:20:07.427] [SEVERE ] setting player 1 freeze to 2000
[17:20:07.427] [SEVERE ] updating countdown to 13269
[17:20:07.428] [SEVERE ] updating countdown to 13268
[17:20:07.429] [SEVERE ] updating countdown to 13267
[17:20:07.703] [SEVERE ] removing player 3 token from slot 2
[17:20:07.704] [SEVERE ] player 4 placing token on slot 7
[17:20:08.428] [SEVERE ] setting player 1 freeze to 1000
[17:20:08.430] [SEVERE ] updating countdown to 12267
[17:20:08.430] [SEVERE ] updating countdown to 12266
[17:20:08.431] [SEVERE ] updating countdown to 12265
[17:20:08.703] [SEVERE ] player 3 placing token on slot 7
[17:20:08.704] [SEVERE ] player 4 placing token on slot 8
[17:20:08.705] [SEVERE ] updating countdown to 11991
[17:20:08.707] [SEVERE ] updating countdown to 11989
[17:20:08.707] [SEVERE ] setting player 4 freeze to 3000
[17:20:08.707] [SEVERE ] updating countdown to 11989
[17:20:08.710] [SEVERE ] updating countdown to 11986
[17:20:09.429] [SEVERE ] setting player 1 freeze to 0
[17:20:09.704] [SEVERE ] player 3 placing token on slot 1
[17:20:09.704] [SEVERE ] updating countdown to 10992
[17:20:09.705] [SEVERE ] updating countdown to 10991
[17:20:09.705] [SEVERE ] setting player 3 freeze to 3000
[17:20:09.705] [SEVERE ] updating countdown to 10991
[17:20:09.706] [SEVERE ] updating countdown to 10990
[17:20:09.709] [SEVERE ] setting player 4 freeze to 2000
[17:20:10.706] [SEVERE ] setting player 3 freeze to 2000
[17:20:10.706] [SEVERE ] updating countdown to 9990
[17:20:10.707] [SEVERE ] updating countdown to 9989
[17:20:10.707] [SEVERE ] updating countdown to 9989
[17:20:10.709] [SEVERE ] setting player 4 freeze to 1000
[17:20:11.407] [SEVERE ] key 75 was pressed by player 2
[17:20:11.408] [SEVERE ] removing player 2 token from slot 5
[17:20:11.424] [SEVERE ] key 59 was pressed by player 2
[17:20:11.425] [SEVERE ] key 76 was pressed by player 2
[17:20:11.425] [SEVERE ] removing player 2 token from slot 7
[17:20:11.426] [SEVERE ] removing player 2 token from slot 6
[17:20:11.621] [SEVERE ] key 76 was pressed by player 2
[17:20:11.621] [SEVERE ] player 2 placing token on slot 6
[17:20:11.630] [SEVERE ] key 75 was pressed by player 2
[17:20:11.630] [SEVERE ] player 2 placing token on slot 5
[17:20:11.707] [SEVERE ] setting player 3 freeze to 1000
[17:20:11.708] [SEVERE ] updating countdown to 8988
[17:20:11.708] [SEVERE ] updating countdown to 8988
[17:20:11.709] [SEVERE ] updating countdown to 8987
[17:20:11.710] [SEVERE ] setting player 4 freeze to 0
[17:20:12.707] [SEVERE ] setting player 3 freeze to 0
[17:20:12.709] [SEVERE ] updating countdown to 7987
[17:20:12.710] [SEVERE ] updating countdown to 7986
[17:20:12.710] [SEVERE ] updating countdown to 7986
[17:20:13.237] [SEVERE ] key 83 was pressed by player 1
[17:20:13.238] [SEVERE ] removing player 1 token from slot 5
[17:20:13.257] [SEVERE ] key 65 was pressed by player 1
[17:20:13.258] [SEVERE ] removing player 1 token from slot 4
[17:20:13.258] [SEVERE ] key 68 was pressed by player 1
[17:20:13.259] [SEVERE ] removing player 1 token from slot 6
[17:20:13.436] [SEVERE ] key 68 was pressed by player 1
[17:20:13.436] [SEVERE ] player 1 placing token on slot 6
[17:20:13.451] [SEVERE ] key 83 was pressed by player 1
[17:20:13.452] [SEVERE ] player 1 placing token on slot 5
[17:20:13.452] [SEVERE ] key 65 was pressed by player 1
[17:20:13.452] [SEVERE ] player 1 placing token on slot 4
[17:20:13.453] [SEVERE ] updating countdown to 7243
[17:20:13.453] [SEVERE ] updating countdown to 7243
[17:20:13.453] [SEVERE ] setting player 1 freeze to 3000
[17:20:13.454] [SEVERE ] updating countdown to 7242
[17:20:13.454] [SEVERE ] updating countdown to 7242
[17:20:13.711] [SEVERE ] removing player 4 token from slot 8
[17:20:14.455] [SEVERE ] setting player 1 freeze to 2000
[17:20:14.455] [SEVERE ] updating countdown to 6241
[17:20:14.456] [SEVERE ] updating countdown to 6240
[17:20:14.457] [SEVERE ] updating countdown to 6239
[17:20:14.709] [SEVERE ] removing player 3 token from slot 1
[17:20:14.711] [SEVERE ] removing player 4 token from slot 9
[17:20:15.456] [SEVERE ] setting player 1 freeze to 1000
[17:20:15.457] [SEVERE ] updating countdown to 5239
[17:20:15.458] [SEVERE ] updating countdown to 5238
[17:20:15.458] [SEVERE ] updating countdown to 5238
[17:20:15.710] [SEVERE ] player 3 placing token on slot 0
[17:20:15.711] [SEVERE ] setting player 3 freeze to 3000
[17:20:15.712] [SEVERE ] removing player 4 token from slot 7
[17:20:16.457] [SEVERE ] setting player 1 freeze to 0
[17:20:16.696] [SEVERE ] updating countdown to 4000
[17:20:16.696] [SEVERE ] updating countdown to 4000
[17:20:16.712] [SEVERE ] player 4 placing token on slot 1
[17:20:16.712] [SEVERE ] setting player 3 freeze to 2000
[17:20:17.712] [SEVERE ] player 4 placing token on slot 0
[17:20:17.713] [SEVERE ] setting player 3 freeze to 1000
[17:20:17.871] [SEVERE ] exit button pressed
[17:20:17.982] [SEVERE ] removing card from slot 0
[17:20:17.982] [SEVERE ] removing tokens from slot 0
[17:20:18.083] [SEVERE ] removing card from slot 1
[17:20:18.084] [SEVERE ] removing tokens from slot 1
[17:20:18.184] [SEVERE ] removing card from slot 2
[17:20:18.185] [SEVERE ] removing tokens from slot 2
[17:20:18.286] [SEVERE ] removing card from slot 3
[17:20:18.286] [SEVERE ] removing tokens from slot 3
[17:20:18.387] [SEVERE ] removing card from slot 4
[17:20:18.387] [SEVERE ] removing tokens from slot 4
[17:20:18.488] [SEVERE ] removing card from slot 5
[17:20:18.488] [SEVERE ] removing tokens from slot 5
[17:20:18.589] [SEVERE ] removing card from slot 6
[17:20:18.589] [SEVERE ] removing tokens from slot 6
[17:20:18.690] [SEVERE ] removing card from slot 7
[17:20:18.690] [SEVERE ] removing tokens from slot 7
[17:20:18.716] [SEVERE ] setting player 3 freeze to 0
[17:20:18.791] [SEVERE ] removing card from slot 8
[17:20:18.791] [SEVERE ] removing tokens from slot 8
[17:20:18.892] [SEVERE ] removing card from slot 9
[17:20:18.892] [SEVERE ] removing tokens from slot 9
[17:20:18.993] [SEVERE ] removing card from slot 10
[17:20:18.993] [SEVERE ] removing tokens from slot 10
[17:20:19.094] [SEVERE ] removing card from slot 11
[17:20:19.094] [SEVERE ] removing tokens from slot 11
[17:20:19.095] [SEVERE ] announcing winner(s): player 1, player 2, player 3, player 4
[17:20:19.097] [INFO   ] thread computer-3 terminated.
[17:20:19.097] [INFO   ] thread Thread-4 terminated.
[17:20:19.098] [INFO   ] thread computer-2 terminated.
[17:20:19.098] [INFO   ] thread Thread-3 terminated.
[17:20:19.099] [INFO   ] thread Thread-2 terminated.
[17:20:19.100] [INFO   ] thread Thread-1 terminated.
[17:20:19.100] [INFO   ] thread dealer terminated.
[17:20:19.100] [INFO   ] thread dealer terminated.
[17:20:19.101] [SEVERE ] thanks for playing... it was fun!
[17:20:19.101] [INFO   ] thread bguspl.set.Main.main() terminated.
