[16:10:43.405] [INFO   ] thread bguspl.set.Main.main() starting.
[16:10:43.415] [SEVERE ] cannot read configuration file config.properties trying from resources.
[16:10:43.421] [SEVERE ] configuration file was loaded from resources directory.
[16:10:44.794] [INFO   ] thread dealer starting.
[16:10:44.795] [INFO   ] thread dealer starting.
[16:10:44.799] [INFO   ] thread computer-2 starting.
[16:10:44.799] [INFO   ] thread computer-3 starting.
[16:10:44.903] [SEVERE ] placing card 71 in slot 0
[16:10:45.008] [SEVERE ] placing card 11 in slot 1
[16:10:45.109] [SEVERE ] placing card 69 in slot 2
[16:10:45.209] [SEVERE ] placing card 6 in slot 3
[16:10:45.311] [SEVERE ] placing card 47 in slot 4
[16:10:45.412] [SEVERE ] placing card 5 in slot 5
[16:10:45.512] [SEVERE ] placing card 76 in slot 6
[16:10:45.614] [SEVERE ] placing card 7 in slot 7
[16:10:45.715] [SEVERE ] placing card 20 in slot 8
[16:10:45.816] [SEVERE ] placing card 13 in slot 9
[16:10:45.917] [SEVERE ] placing card 46 in slot 10
[16:10:46.018] [SEVERE ] placing card 63 in slot 11
[16:10:46.025] [SEVERE ] updating countdown to 19999
[16:10:46.026] [SEVERE ] player 3 placing token on slot 3
[16:10:46.026] [SEVERE ] player 4 placing token on slot 4
[16:10:47.020] [SEVERE ] player 3 placing token on slot 5
[16:10:47.020] [SEVERE ] removing player 4 token from slot 4
[16:10:47.027] [INFO   ] time 18998
[16:10:47.027] [SEVERE ] updating countdown to 18998
[16:10:48.021] [SEVERE ] player 3 placing token on slot 10
[16:10:48.021] [SEVERE ] player 4 placing token on slot 4
[16:10:48.025] [INFO   ] time 18000
[16:10:48.026] [SEVERE ] updating countdown to 18000
[16:10:48.028] [SEVERE ] setting player 3 freeze to 3000
[16:10:49.021] [SEVERE ] player 4 placing token on slot 11
[16:10:49.028] [INFO   ] time 16997
[16:10:49.028] [SEVERE ] updating countdown to 16997
[16:10:49.029] [SEVERE ] setting player 3 freeze to 2000
[16:10:50.021] [SEVERE ] player 4 placing token on slot 10
[16:10:50.022] [INFO   ] time 16003
[16:10:50.022] [SEVERE ] updating countdown to 16003
[16:10:50.023] [SEVERE ] setting player 4 freeze to 3000
[16:10:50.029] [SEVERE ] setting player 3 freeze to 1000
[16:10:51.023] [INFO   ] time 15002
[16:10:51.024] [SEVERE ] setting player 4 freeze to 2000
[16:10:51.024] [SEVERE ] updating countdown to 15002
[16:10:51.030] [SEVERE ] setting player 3 freeze to 0
[16:10:51.284] [SEVERE ] exit button pressed
[16:10:51.285] [INFO   ] time 14740
[16:10:51.285] [SEVERE ] updating countdown to 14740
[16:10:51.386] [SEVERE ] removing card from slot 0
[16:10:51.387] [SEVERE ] removing tokens from slot 0
[16:10:51.487] [SEVERE ] removing card from slot 1
[16:10:51.488] [SEVERE ] removing tokens from slot 1
[16:10:51.589] [SEVERE ] removing card from slot 2
[16:10:51.590] [SEVERE ] removing tokens from slot 2
[16:10:51.690] [SEVERE ] removing card from slot 3
[16:10:51.691] [SEVERE ] removing tokens from slot 3
[16:10:51.792] [SEVERE ] removing card from slot 4
[16:10:51.793] [SEVERE ] removing tokens from slot 4
[16:10:51.894] [SEVERE ] removing card from slot 5
[16:10:51.894] [SEVERE ] removing tokens from slot 5
[16:10:51.995] [SEVERE ] removing card from slot 6
[16:10:51.996] [SEVERE ] removing tokens from slot 6
[16:10:52.025] [SEVERE ] setting player 4 freeze to 1000
[16:10:52.097] [SEVERE ] removing card from slot 7
[16:10:52.097] [SEVERE ] removing tokens from slot 7
[16:10:52.198] [SEVERE ] removing card from slot 8
[16:10:52.198] [SEVERE ] removing tokens from slot 8
[16:10:52.299] [SEVERE ] removing card from slot 9
[16:10:52.300] [SEVERE ] removing tokens from slot 9
[16:10:52.400] [SEVERE ] removing card from slot 10
[16:10:52.401] [SEVERE ] removing tokens from slot 10
[16:10:52.502] [SEVERE ] removing card from slot 11
[16:10:52.502] [SEVERE ] removing tokens from slot 11
[16:10:52.504] [SEVERE ] announcing winner(s): player 1, player 2, player 3, player 4
[16:10:52.505] [SEVERE ] setting player 4 freeze to 0
[16:10:52.505] [INFO   ] thread computer-3 terminated.
[16:10:52.506] [INFO   ] thread Thread-4 terminated.
[16:10:52.506] [INFO   ] thread computer-2 terminated.
[16:10:52.507] [INFO   ] thread Thread-3 terminated.
[16:10:52.507] [INFO   ] thread Thread-2 terminated.
[16:10:52.508] [INFO   ] thread Thread-1 terminated.
[16:10:52.508] [INFO   ] thread dealer terminated.
[16:10:52.509] [INFO   ] thread dealer terminated.
[16:10:52.509] [SEVERE ] thanks for playing... it was fun!
[16:10:52.509] [INFO   ] thread bguspl.set.Main.main() terminated.
