[17:24:47.515] [INFO   ] thread bguspl.set.Main.main() starting.
[17:24:47.524] [SEVERE ] cannot read configuration file config.properties trying from resources.
[17:24:47.532] [SEVERE ] configuration file was loaded from resources directory.
[17:24:49.206] [INFO   ] thread dealer starting.
[17:24:49.207] [INFO   ] thread dealer starting.
[17:24:49.216] [INFO   ] thread computer-2 starting.
[17:24:49.217] [INFO   ] thread computer-3 starting.
[17:24:49.326] [SEVERE ] placing card 27 in slot 0
[17:24:49.435] [SEVERE ] placing card 32 in slot 1
[17:24:49.537] [SEVERE ] placing card 4 in slot 2
[17:24:49.638] [SEVERE ] placing card 58 in slot 3
[17:24:49.740] [SEVERE ] placing card 19 in slot 4
[17:24:49.841] [SEVERE ] placing card 22 in slot 5
[17:24:49.943] [SEVERE ] placing card 31 in slot 6
[17:24:50.045] [SEVERE ] placing card 50 in slot 7
[17:24:50.146] [SEVERE ] placing card 26 in slot 8
[17:24:50.248] [SEVERE ] placing card 63 in slot 9
[17:24:50.349] [SEVERE ] placing card 29 in slot 10
[17:24:50.450] [SEVERE ] placing card 56 in slot 11
[17:24:50.458] [SEVERE ] updating countdown to 19999
[17:24:50.458] [SEVERE ] player 3 placing token on slot 4
[17:24:50.460] [SEVERE ] player 4 placing token on slot 4
[17:24:51.452] [SEVERE ] player 4 placing token on slot 5
[17:24:51.452] [SEVERE ] player 3 placing token on slot 3
[17:24:51.460] [SEVERE ] updating countdown to 18999
[17:24:52.452] [SEVERE ] player 3 placing token on slot 7
[17:24:52.452] [SEVERE ] player 4 placing token on slot 3
[17:24:52.453] [SEVERE ] updating countdown to 18006
[17:24:52.454] [SEVERE ] updating countdown to 18005
[17:24:52.454] [SEVERE ] updating countdown to 18005
[17:24:52.455] [SEVERE ] setting player 3 freeze to 3000
[17:24:52.458] [SEVERE ] updating countdown to 18001
[17:24:52.460] [SEVERE ] updating countdown to 17999
[17:24:52.461] [SEVERE ] setting player 4 freeze to 3000
[17:24:52.461] [SEVERE ] updating countdown to 17998
[17:24:53.459] [SEVERE ] setting player 3 freeze to 2000
[17:24:53.462] [SEVERE ] setting player 4 freeze to 2000
[17:24:53.463] [SEVERE ] updating countdown to 16996
[17:24:54.460] [SEVERE ] setting player 3 freeze to 1000
[17:24:54.463] [SEVERE ] setting player 4 freeze to 1000
[17:24:54.464] [SEVERE ] updating countdown to 15995
[17:24:55.461] [SEVERE ] setting player 3 freeze to 0
[17:24:55.462] [SEVERE ] removing player 3 token from slot 4
[17:24:55.463] [SEVERE ] setting player 4 freeze to 0
[17:24:55.464] [SEVERE ] removing player 4 token from slot 4
[17:24:55.465] [SEVERE ] updating countdown to 14994
[17:24:56.462] [SEVERE ] player 3 placing token on slot 10
[17:24:56.464] [SEVERE ] updating countdown to 13995
[17:24:56.465] [SEVERE ] player 4 placing token on slot 11
[17:24:56.467] [SEVERE ] updating countdown to 13992
[17:24:56.470] [SEVERE ] updating countdown to 13989
[17:24:56.470] [SEVERE ] setting player 3 freeze to 3000
[17:24:56.471] [SEVERE ] updating countdown to 13988
[17:24:56.472] [SEVERE ] updating countdown to 13987
[17:24:56.473] [SEVERE ] updating countdown to 13986
[17:24:56.473] [SEVERE ] setting player 4 freeze to 3000
[17:24:57.471] [SEVERE ] setting player 3 freeze to 2000
[17:24:57.474] [SEVERE ] updating countdown to 12986
[17:24:57.474] [SEVERE ] setting player 4 freeze to 2000
[17:24:58.472] [SEVERE ] setting player 3 freeze to 1000
[17:24:58.475] [SEVERE ] updating countdown to 11984
[17:24:58.476] [SEVERE ] setting player 4 freeze to 1000
[17:24:59.474] [SEVERE ] setting player 3 freeze to 0
[17:24:59.476] [SEVERE ] updating countdown to 10983
[17:24:59.478] [SEVERE ] setting player 4 freeze to 0
[17:25:00.477] [SEVERE ] updating countdown to 9982
[17:25:01.475] [SEVERE ] removing player 3 token from slot 3
[17:25:01.479] [SEVERE ] updating countdown to 8980
[17:25:02.476] [SEVERE ] player 3 placing token on slot 0
[17:25:02.476] [SEVERE ] updating countdown to 7983
[17:25:02.477] [SEVERE ] updating countdown to 7982
[17:25:02.478] [SEVERE ] updating countdown to 7981
[17:25:02.478] [SEVERE ] setting player 3 freeze to 3000
[17:25:02.479] [SEVERE ] removing player 4 token from slot 3
[17:25:03.479] [SEVERE ] updating countdown to 6980
[17:25:03.480] [SEVERE ] setting player 3 freeze to 2000
[17:25:03.480] [SEVERE ] removing player 4 token from slot 5
[17:25:04.480] [SEVERE ] player 4 placing token on slot 2
[17:25:04.481] [SEVERE ] updating countdown to 5978
[17:25:04.481] [SEVERE ] setting player 3 freeze to 1000
[17:25:05.480] [SEVERE ] player 4 placing token on slot 7
[17:25:05.482] [SEVERE ] setting player 4 freeze to 3000
[17:25:05.484] [SEVERE ] setting player 3 freeze to 0
[17:25:06.484] [SEVERE ] setting player 4 freeze to 2000
[17:25:07.485] [SEVERE ] setting player 4 freeze to 1000
[17:25:08.486] [SEVERE ] setting player 4 freeze to 0
[17:25:08.487] [SEVERE ] removing player 4 token from slot 11
[17:25:09.486] [SEVERE ] removing player 3 token from slot 10
[17:25:09.487] [SEVERE ] player 4 placing token on slot 8
[17:25:09.488] [SEVERE ] setting player 4 freeze to 3000
[17:25:10.461] [SEVERE ] updating countdown to 0
[17:25:10.489] [SEVERE ] setting player 4 freeze to 2000
[17:25:10.562] [SEVERE ] removing card from slot 0
[17:25:10.563] [SEVERE ] removing tokens from slot 0
[17:25:10.663] [SEVERE ] removing card from slot 1
[17:25:10.664] [SEVERE ] removing tokens from slot 1
[17:25:10.765] [SEVERE ] removing card from slot 2
[17:25:10.765] [SEVERE ] removing tokens from slot 2
[17:25:10.866] [SEVERE ] removing card from slot 3
[17:25:10.867] [SEVERE ] removing tokens from slot 3
[17:25:10.969] [SEVERE ] removing card from slot 4
[17:25:10.970] [SEVERE ] removing tokens from slot 4
[17:25:11.071] [SEVERE ] removing card from slot 5
[17:25:11.071] [SEVERE ] removing tokens from slot 5
[17:25:11.172] [SEVERE ] removing card from slot 6
[17:25:11.173] [SEVERE ] removing tokens from slot 6
[17:25:11.273] [SEVERE ] removing card from slot 7
[17:25:11.274] [SEVERE ] removing tokens from slot 7
[17:25:11.375] [SEVERE ] removing card from slot 8
[17:25:11.375] [SEVERE ] removing tokens from slot 8
[17:25:11.476] [SEVERE ] removing card from slot 9
[17:25:11.477] [SEVERE ] removing tokens from slot 9
[17:25:11.490] [SEVERE ] setting player 4 freeze to 1000
[17:25:11.578] [SEVERE ] removing card from slot 10
[17:25:11.579] [SEVERE ] removing tokens from slot 10
[17:25:11.679] [SEVERE ] removing card from slot 11
[17:25:11.680] [SEVERE ] removing tokens from slot 11
[17:25:11.781] [SEVERE ] placing card 15 in slot 0
[17:25:11.882] [SEVERE ] placing card 11 in slot 1
[17:25:11.983] [SEVERE ] placing card 76 in slot 2
[17:25:12.084] [SEVERE ] placing card 45 in slot 3
[17:25:12.185] [SEVERE ] placing card 12 in slot 4
[17:25:12.286] [SEVERE ] placing card 50 in slot 5
[17:25:12.387] [SEVERE ] placing card 14 in slot 6
[17:25:12.488] [SEVERE ] placing card 65 in slot 7
[17:25:12.491] [SEVERE ] setting player 4 freeze to 0
[17:25:12.588] [SEVERE ] placing card 9 in slot 8
[17:25:12.689] [SEVERE ] placing card 30 in slot 9
[17:25:12.791] [SEVERE ] placing card 48 in slot 10
[17:25:12.892] [SEVERE ] placing card 46 in slot 11
[17:25:12.893] [SEVERE ] player 3 placing token on slot 5
[17:25:12.895] [SEVERE ] updating countdown to 19999
[17:25:12.895] [SEVERE ] player 4 placing token on slot 3
[17:25:13.893] [SEVERE ] player 3 placing token on slot 3
[17:25:13.893] [SEVERE ] player 4 placing token on slot 10
[17:25:13.897] [SEVERE ] updating countdown to 18999
[17:25:14.189] [SEVERE ] key 81 was pressed by player 1
[17:25:14.190] [SEVERE ] player 1 placing token on slot 0
[17:25:14.376] [SEVERE ] key 65 was pressed by player 1
[17:25:14.377] [SEVERE ] player 1 placing token on slot 4
[17:25:14.456] [SEVERE ] key 90 was pressed by player 1
[17:25:14.457] [SEVERE ] player 1 placing token on slot 8
[17:25:14.457] [SEVERE ] updating countdown to 18439
[17:25:14.458] [SEVERE ] updating countdown to 18438
[17:25:14.559] [SEVERE ] removing card from slot 0
[17:25:14.560] [SEVERE ] removing tokens from slot 0
[17:25:14.561] [SEVERE ] updating countdown to 19999
[17:25:14.663] [SEVERE ] removing card from slot 4
[17:25:14.665] [SEVERE ] removing tokens from slot 4
[17:25:14.666] [SEVERE ] updating countdown to 19999
[17:25:14.767] [SEVERE ] removing card from slot 8
[17:25:14.768] [SEVERE ] removing tokens from slot 8
[17:25:14.768] [SEVERE ] updating countdown to 19999
[17:25:14.769] [SEVERE ] setting player 1 score to 1
[17:25:14.770] [SEVERE ] updating countdown to 19998
[17:25:14.770] [SEVERE ] setting player 1 freeze to 1000
[17:25:14.871] [SEVERE ] placing card 61 in slot 0
[17:25:14.893] [SEVERE ] player 4 placing token on slot 11
[17:25:14.894] [SEVERE ] player 3 placing token on slot 11
[17:25:14.972] [SEVERE ] placing card 17 in slot 4
[17:25:15.073] [SEVERE ] placing card 41 in slot 8
[17:25:15.077] [SEVERE ] updating countdown to 19691
[17:25:15.078] [SEVERE ] updating countdown to 19690
[17:25:15.079] [SEVERE ] updating countdown to 19689
[17:25:15.079] [SEVERE ] setting player 4 freeze to 3000
[17:25:15.080] [SEVERE ] updating countdown to 19688
[17:25:15.082] [SEVERE ] updating countdown to 19686
[17:25:15.083] [SEVERE ] updating countdown to 19685
[17:25:15.083] [SEVERE ] setting player 3 freeze to 3000
[17:25:15.771] [SEVERE ] setting player 1 freeze to 0
[17:25:16.081] [SEVERE ] setting player 4 freeze to 2000
[17:25:16.084] [SEVERE ] updating countdown to 18684
[17:25:16.084] [SEVERE ] setting player 3 freeze to 2000
[17:25:16.551] [SEVERE ] key 65 was pressed by player 1
[17:25:16.551] [SEVERE ] player 1 placing token on slot 4
[17:25:16.594] [SEVERE ] key 83 was pressed by player 1
[17:25:16.595] [SEVERE ] player 1 placing token on slot 5
[17:25:16.625] [SEVERE ] key 68 was pressed by player 1
[17:25:16.625] [SEVERE ] player 1 placing token on slot 6
[17:25:16.626] [SEVERE ] updating countdown to 18142
[17:25:16.627] [SEVERE ] updating countdown to 18141
[17:25:16.627] [SEVERE ] setting player 1 freeze to 3000
[17:25:16.628] [SEVERE ] updating countdown to 18141
[17:25:16.760] [SEVERE ] key 65 was pressed by player 1
[17:25:16.844] [SEVERE ] key 83 was pressed by player 1
[17:25:17.082] [SEVERE ] setting player 4 freeze to 1000
[17:25:17.085] [SEVERE ] setting player 3 freeze to 1000
[17:25:17.629] [SEVERE ] setting player 1 freeze to 2000
[17:25:17.629] [SEVERE ] updating countdown to 17139
[17:25:18.085] [SEVERE ] setting player 4 freeze to 0
[17:25:18.085] [SEVERE ] setting player 3 freeze to 0
[17:25:18.086] [SEVERE ] removing player 3 token from slot 5
[17:25:18.086] [SEVERE ] removing player 4 token from slot 3
[17:25:18.630] [SEVERE ] setting player 1 freeze to 1000
[17:25:18.630] [SEVERE ] updating countdown to 16138
[17:25:19.086] [SEVERE ] player 4 placing token on slot 9
[17:25:19.086] [SEVERE ] player 3 placing token on slot 5
[17:25:19.088] [SEVERE ] updating countdown to 15680
[17:25:19.091] [SEVERE ] updating countdown to 15677
[17:25:19.092] [SEVERE ] updating countdown to 15676
[17:25:19.092] [SEVERE ] setting player 4 freeze to 3000
[17:25:19.093] [SEVERE ] updating countdown to 15675
[17:25:19.095] [SEVERE ] updating countdown to 15673
[17:25:19.095] [SEVERE ] updating countdown to 15673
[17:25:19.095] [SEVERE ] setting player 3 freeze to 3000
[17:25:19.631] [SEVERE ] setting player 1 freeze to 0
[17:25:20.094] [SEVERE ] setting player 4 freeze to 2000
[17:25:20.098] [SEVERE ] updating countdown to 14670
[17:25:20.099] [SEVERE ] setting player 3 freeze to 2000
[17:25:21.095] [SEVERE ] setting player 4 freeze to 1000
[17:25:21.099] [SEVERE ] updating countdown to 13669
[17:25:21.100] [SEVERE ] setting player 3 freeze to 1000
[17:25:22.096] [SEVERE ] setting player 4 freeze to 0
[17:25:22.097] [SEVERE ] removing player 4 token from slot 9
[17:25:22.099] [SEVERE ] updating countdown to 12669
[17:25:22.101] [SEVERE ] setting player 3 freeze to 0
[17:25:23.097] [SEVERE ] player 4 placing token on slot 9
[17:25:23.098] [SEVERE ] updating countdown to 11670
[17:25:23.099] [SEVERE ] updating countdown to 11669
[17:25:23.100] [SEVERE ] updating countdown to 11668
[17:25:23.100] [SEVERE ] setting player 4 freeze to 3000
[17:25:24.101] [SEVERE ] updating countdown to 10667
[17:25:24.102] [SEVERE ] setting player 4 freeze to 2000
[17:25:24.102] [SEVERE ] removing player 3 token from slot 5
[17:25:25.102] [SEVERE ] updating countdown to 9666
[17:25:25.103] [SEVERE ] setting player 4 freeze to 1000
[17:25:25.102] [SEVERE ] removing player 3 token from slot 11
[17:25:25.896] [SEVERE ] key 83 was pressed by player 1
[17:25:25.897] [SEVERE ] removing player 1 token from slot 5
[17:25:26.103] [SEVERE ] player 3 placing token on slot 0
[17:25:26.103] [SEVERE ] updating countdown to 8665
[17:25:26.103] [SEVERE ] setting player 4 freeze to 0
[17:25:26.576] [SEVERE ] key 65 was pressed by player 1
[17:25:26.576] [SEVERE ] removing player 1 token from slot 4
[17:25:26.741] [SEVERE ] key 68 was pressed by player 1
[17:25:26.742] [SEVERE ] removing player 1 token from slot 6
[17:25:27.103] [SEVERE ] removing player 3 token from slot 3
[17:25:27.104] [SEVERE ] updating countdown to 7664
[17:25:27.287] [SEVERE ] key 90 was pressed by player 1
[17:25:27.288] [SEVERE ] player 1 placing token on slot 8
[17:25:27.353] [SEVERE ] key 88 was pressed by player 1
[17:25:27.353] [SEVERE ] player 1 placing token on slot 9
[17:25:27.409] [SEVERE ] key 67 was pressed by player 1
[17:25:27.410] [SEVERE ] player 1 placing token on slot 10
[17:25:27.411] [SEVERE ] updating countdown to 7357
[17:25:27.411] [SEVERE ] updating countdown to 7357
[17:25:27.412] [SEVERE ] updating countdown to 7356
[17:25:27.412] [SEVERE ] setting player 1 freeze to 3000
[17:25:27.488] [SEVERE ] key 90 was pressed by player 1
[17:25:28.103] [SEVERE ] player 3 placing token on slot 5
[17:25:28.412] [SEVERE ] updating countdown to 6356
[17:25:28.413] [SEVERE ] setting player 1 freeze to 2000
[17:25:29.103] [SEVERE ] player 3 placing token on slot 1
[17:25:29.105] [SEVERE ] updating countdown to 5663
[17:25:29.106] [SEVERE ] updating countdown to 5662
[17:25:29.107] [SEVERE ] updating countdown to 5661
[17:25:29.107] [SEVERE ] setting player 3 freeze to 3000
[17:25:29.415] [SEVERE ] setting player 1 freeze to 1000
[17:25:30.108] [SEVERE ] setting player 3 freeze to 2000
[17:25:30.416] [SEVERE ] setting player 1 freeze to 0
[17:25:31.109] [SEVERE ] setting player 3 freeze to 1000
[17:25:31.698] [SEVERE ] key 90 was pressed by player 1
[17:25:31.701] [SEVERE ] removing player 1 token from slot 8
[17:25:31.819] [SEVERE ] key 88 was pressed by player 1
[17:25:31.820] [SEVERE ] removing player 1 token from slot 9
[17:25:31.871] [SEVERE ] key 67 was pressed by player 1
[17:25:31.872] [SEVERE ] removing player 1 token from slot 10
[17:25:32.110] [SEVERE ] setting player 3 freeze to 0
[17:25:33.048] [SEVERE ] key 83 was pressed by player 1
[17:25:33.049] [SEVERE ] player 1 placing token on slot 5
[17:25:33.106] [SEVERE ] removing player 4 token from slot 10
[17:25:33.120] [SEVERE ] key 70 was pressed by player 1
[17:25:33.121] [SEVERE ] player 1 placing token on slot 7
[17:25:33.121] [SEVERE ] key 68 was pressed by player 1
[17:25:33.122] [SEVERE ] player 1 placing token on slot 6
[17:25:33.122] [SEVERE ] setting player 1 freeze to 3000
[17:25:33.260] [SEVERE ] key 83 was pressed by player 1
[17:25:33.261] [SEVERE ] key 68 was pressed by player 1
[17:25:34.107] [SEVERE ] player 4 placing token on slot 0
[17:25:34.108] [SEVERE ] setting player 4 freeze to 3000
[17:25:34.123] [SEVERE ] setting player 1 freeze to 2000
[17:25:34.775] [SEVERE ] updating countdown to 0
[17:25:34.876] [SEVERE ] removing card from slot 0
[17:25:34.877] [SEVERE ] removing tokens from slot 0
[17:25:34.977] [SEVERE ] removing card from slot 1
[17:25:34.979] [SEVERE ] removing tokens from slot 1
[17:25:35.080] [SEVERE ] removing card from slot 2
[17:25:35.081] [SEVERE ] removing tokens from slot 2
[17:25:35.109] [SEVERE ] setting player 4 freeze to 2000
[17:25:35.124] [SEVERE ] setting player 1 freeze to 1000
[17:25:35.183] [SEVERE ] removing card from slot 3
[17:25:35.183] [SEVERE ] removing tokens from slot 3
[17:25:35.284] [SEVERE ] removing card from slot 4
[17:25:35.285] [SEVERE ] removing tokens from slot 4
[17:25:35.385] [SEVERE ] removing card from slot 5
[17:25:35.386] [SEVERE ] removing tokens from slot 5
[17:25:35.486] [SEVERE ] removing card from slot 6
[17:25:35.487] [SEVERE ] removing tokens from slot 6
[17:25:35.588] [SEVERE ] removing card from slot 7
[17:25:35.588] [SEVERE ] removing tokens from slot 7
[17:25:35.689] [SEVERE ] removing card from slot 8
[17:25:35.690] [SEVERE ] removing tokens from slot 8
[17:25:35.790] [SEVERE ] removing card from slot 9
[17:25:35.791] [SEVERE ] removing tokens from slot 9
[17:25:35.891] [SEVERE ] removing card from slot 10
[17:25:35.892] [SEVERE ] removing tokens from slot 10
[17:25:35.993] [SEVERE ] removing card from slot 11
[17:25:35.993] [SEVERE ] removing tokens from slot 11
[17:25:36.095] [SEVERE ] placing card 14 in slot 0
[17:25:36.110] [SEVERE ] setting player 4 freeze to 1000
[17:25:36.125] [SEVERE ] setting player 1 freeze to 0
[17:25:36.195] [SEVERE ] placing card 70 in slot 1
[17:25:36.296] [SEVERE ] placing card 52 in slot 2
[17:25:36.397] [SEVERE ] placing card 18 in slot 3
[17:25:36.498] [SEVERE ] placing card 61 in slot 4
[17:25:36.599] [SEVERE ] placing card 5 in slot 5
[17:25:36.700] [SEVERE ] placing card 64 in slot 6
[17:25:36.800] [SEVERE ] placing card 10 in slot 7
[17:25:36.901] [SEVERE ] placing card 40 in slot 8
[17:25:37.002] [SEVERE ] placing card 65 in slot 9
[17:25:37.103] [SEVERE ] placing card 2 in slot 10
[17:25:37.111] [SEVERE ] setting player 4 freeze to 0
[17:25:37.204] [SEVERE ] placing card 55 in slot 11
[17:25:37.204] [SEVERE ] player 3 placing token on slot 6
[17:25:37.206] [SEVERE ] updating countdown to 19999
[17:25:37.208] [SEVERE ] player 4 placing token on slot 1
[17:25:38.205] [SEVERE ] player 3 placing token on slot 11
[17:25:38.205] [SEVERE ] player 4 placing token on slot 8
[17:25:38.208] [SEVERE ] updating countdown to 18999
[17:25:38.761] [SEVERE ] key 90 was pressed by player 1
[17:25:38.761] [SEVERE ] player 1 placing token on slot 8
[17:25:38.819] [SEVERE ] key 88 was pressed by player 1
[17:25:38.820] [SEVERE ] player 1 placing token on slot 9
[17:25:38.950] [SEVERE ] key 90 was pressed by player 1
[17:25:38.951] [SEVERE ] removing player 1 token from slot 8
[17:25:38.998] [SEVERE ] key 67 was pressed by player 1
[17:25:38.999] [SEVERE ] player 1 placing token on slot 10
[17:25:39.043] [SEVERE ] key 88 was pressed by player 1
[17:25:39.044] [SEVERE ] removing player 1 token from slot 9
[17:25:39.205] [SEVERE ] player 4 placing token on slot 7
[17:25:39.205] [SEVERE ] player 3 placing token on slot 0
[17:25:39.206] [SEVERE ] updating countdown to 18001
[17:25:39.207] [SEVERE ] updating countdown to 18000
[17:25:39.274] [SEVERE ] key 90 was pressed by player 1
[17:25:39.275] [SEVERE ] player 1 placing token on slot 8
[17:25:39.308] [SEVERE ] removing card from slot 1
[17:25:39.308] [SEVERE ] removing tokens from slot 1
[17:25:39.309] [SEVERE ] updating countdown to 19999
[17:25:39.409] [SEVERE ] removing card from slot 7
[17:25:39.410] [SEVERE ] removing tokens from slot 7
[17:25:39.411] [SEVERE ] updating countdown to 19999
[17:25:39.512] [SEVERE ] removing card from slot 8
[17:25:39.513] [SEVERE ] removing tokens from slot 8
[17:25:39.514] [SEVERE ] updating countdown to 19999
[17:25:39.515] [SEVERE ] setting player 4 score to 1
[17:25:39.515] [SEVERE ] updating countdown to 19999
[17:25:39.515] [SEVERE ] setting player 4 freeze to 1000
[17:25:39.616] [SEVERE ] placing card 26 in slot 1
[17:25:39.717] [SEVERE ] placing card 1 in slot 7
[17:25:39.818] [SEVERE ] placing card 47 in slot 8
[17:25:39.820] [SEVERE ] updating countdown to 19694
[17:25:39.821] [SEVERE ] updating countdown to 19693
[17:25:39.821] [SEVERE ] updating countdown to 19693
[17:25:39.822] [SEVERE ] setting player 3 freeze to 3000
[17:25:40.516] [SEVERE ] setting player 4 freeze to 0
[17:25:40.517] [SEVERE ] player 4 placing token on slot 5
[17:25:40.822] [SEVERE ] updating countdown to 18692
[17:25:40.823] [SEVERE ] setting player 3 freeze to 2000
[17:25:41.517] [SEVERE ] player 4 placing token on slot 9
[17:25:41.823] [SEVERE ] updating countdown to 17691
[17:25:41.824] [SEVERE ] setting player 3 freeze to 1000
[17:25:42.208] [SEVERE ] key 90 was pressed by player 1
[17:25:42.209] [SEVERE ] player 1 placing token on slot 8
[17:25:42.257] [SEVERE ] key 88 was pressed by player 1
[17:25:42.258] [SEVERE ] player 1 placing token on slot 9
[17:25:42.259] [SEVERE ] updating countdown to 17255
[17:25:42.259] [SEVERE ] updating countdown to 17255
[17:25:42.360] [SEVERE ] removing card from slot 8
[17:25:42.361] [SEVERE ] removing tokens from slot 8
[17:25:42.361] [SEVERE ] updating countdown to 19999
[17:25:42.462] [SEVERE ] removing card from slot 9
[17:25:42.463] [SEVERE ] removing tokens from slot 9
[17:25:42.463] [SEVERE ] updating countdown to 19999
[17:25:42.564] [SEVERE ] removing card from slot 10
[17:25:42.565] [SEVERE ] removing tokens from slot 10
[17:25:42.566] [SEVERE ] updating countdown to 19999
[17:25:42.566] [SEVERE ] setting player 1 score to 2
[17:25:42.567] [SEVERE ] updating countdown to 19998
[17:25:42.567] [SEVERE ] setting player 1 freeze to 1000
[17:25:42.668] [SEVERE ] placing card 24 in slot 8
[17:25:42.769] [SEVERE ] placing card 28 in slot 9
[17:25:42.824] [SEVERE ] setting player 3 freeze to 0
[17:25:42.870] [SEVERE ] placing card 41 in slot 10
[17:25:43.518] [SEVERE ] player 4 placing token on slot 0
[17:25:43.569] [SEVERE ] setting player 1 freeze to 0
[17:25:43.873] [SEVERE ] updating countdown to 18692
[17:25:44.518] [SEVERE ] removing player 4 token from slot 0
[17:25:44.874] [SEVERE ] updating countdown to 17691
[17:25:45.018] [SEVERE ] key 65 was pressed by player 1
[17:25:45.018] [SEVERE ] player 1 placing token on slot 4
[17:25:45.060] [SEVERE ] key 83 was pressed by player 1
[17:25:45.060] [SEVERE ] player 1 placing token on slot 5
[17:25:45.099] [SEVERE ] key 68 was pressed by player 1
[17:25:45.099] [SEVERE ] player 1 placing token on slot 6
[17:25:45.100] [SEVERE ] updating countdown to 17465
[17:25:45.100] [SEVERE ] updating countdown to 17465
[17:25:45.101] [SEVERE ] updating countdown to 17464
[17:25:45.101] [SEVERE ] setting player 1 freeze to 3000
[17:25:45.210] [SEVERE ] key 65 was pressed by player 1
[17:25:45.279] [SEVERE ] key 83 was pressed by player 1
[17:25:45.300] [SEVERE ] key 68 was pressed by player 1
[17:25:45.519] [SEVERE ] player 4 placing token on slot 11
[17:25:46.101] [SEVERE ] updating countdown to 16464
[17:25:46.101] [SEVERE ] setting player 1 freeze to 2000
[17:25:46.519] [SEVERE ] player 4 placing token on slot 10
[17:25:46.521] [SEVERE ] updating countdown to 16044
[17:25:46.521] [SEVERE ] updating countdown to 16044
[17:25:46.522] [SEVERE ] updating countdown to 16043
[17:25:46.522] [SEVERE ] setting player 4 freeze to 3000
[17:25:47.102] [SEVERE ] setting player 1 freeze to 1000
[17:25:47.522] [SEVERE ] updating countdown to 15043
[17:25:47.523] [SEVERE ] setting player 4 freeze to 2000
[17:25:47.826] [SEVERE ] removing player 3 token from slot 6
[17:25:48.103] [SEVERE ] setting player 1 freeze to 0
[17:25:48.523] [SEVERE ] updating countdown to 14042
[17:25:48.524] [SEVERE ] setting player 4 freeze to 1000
[17:25:48.827] [SEVERE ] player 3 placing token on slot 7
[17:25:48.827] [SEVERE ] updating countdown to 13738
[17:25:48.828] [SEVERE ] updating countdown to 13737
[17:25:48.828] [SEVERE ] updating countdown to 13737
[17:25:48.828] [SEVERE ] setting player 3 freeze to 3000
[17:25:49.029] [SEVERE ] key 65 was pressed by player 1
[17:25:49.029] [SEVERE ] removing player 1 token from slot 4
[17:25:49.144] [SEVERE ] key 83 was pressed by player 1
[17:25:49.144] [SEVERE ] removing player 1 token from slot 5
[17:25:49.186] [SEVERE ] key 68 was pressed by player 1
[17:25:49.187] [SEVERE ] removing player 1 token from slot 6
[17:25:49.524] [SEVERE ] setting player 4 freeze to 0
[17:25:49.829] [SEVERE ] updating countdown to 12736
[17:25:49.829] [SEVERE ] setting player 3 freeze to 2000
[17:25:50.790] [SEVERE ] key 90 was pressed by player 1
[17:25:50.791] [SEVERE ] player 1 placing token on slot 8
[17:25:50.830] [SEVERE ] updating countdown to 11735
[17:25:50.830] [SEVERE ] setting player 3 freeze to 1000
[17:25:50.847] [SEVERE ] key 88 was pressed by player 1
[17:25:50.848] [SEVERE ] player 1 placing token on slot 9
[17:25:50.878] [SEVERE ] key 67 was pressed by player 1
[17:25:50.878] [SEVERE ] player 1 placing token on slot 10
[17:25:50.879] [SEVERE ] updating countdown to 11686
[17:25:50.879] [SEVERE ] updating countdown to 11686
[17:25:50.880] [SEVERE ] setting player 1 freeze to 3000
[17:25:50.880] [SEVERE ] updating countdown to 11685
[17:25:51.831] [SEVERE ] setting player 3 freeze to 0
[17:25:51.832] [SEVERE ] removing player 3 token from slot 11
[17:25:51.880] [SEVERE ] setting player 1 freeze to 2000
[17:25:51.881] [SEVERE ] updating countdown to 10684
[17:25:52.526] [SEVERE ] removing player 4 token from slot 11
[17:25:52.833] [SEVERE ] player 3 placing token on slot 2
[17:25:52.834] [SEVERE ] updating countdown to 9731
[17:25:52.834] [SEVERE ] updating countdown to 9731
[17:25:52.835] [SEVERE ] updating countdown to 9730
[17:25:52.835] [SEVERE ] setting player 3 freeze to 3000
[17:25:52.881] [SEVERE ] setting player 1 freeze to 1000
[17:25:53.526] [SEVERE ] player 4 placing token on slot 9
[17:25:53.527] [SEVERE ] updating countdown to 9038
[17:25:53.529] [SEVERE ] updating countdown to 9036
[17:25:53.530] [SEVERE ] updating countdown to 9035
[17:25:53.530] [SEVERE ] setting player 4 freeze to 3000
[17:25:53.620] [SEVERE ] key 90 was pressed by player 1
[17:25:53.656] [SEVERE ] key 88 was pressed by player 1
[17:25:53.678] [SEVERE ] key 67 was pressed by player 1
[17:25:53.836] [SEVERE ] setting player 3 freeze to 2000
[17:25:53.882] [SEVERE ] setting player 1 freeze to 0
[17:25:54.532] [SEVERE ] updating countdown to 8033
[17:25:54.533] [SEVERE ] setting player 4 freeze to 2000
[17:25:54.700] [SEVERE ] key 90 was pressed by player 1
[17:25:54.701] [SEVERE ] removing player 1 token from slot 8
[17:25:54.837] [SEVERE ] setting player 3 freeze to 1000
[17:25:54.911] [SEVERE ] key 88 was pressed by player 1
[17:25:54.911] [SEVERE ] removing player 1 token from slot 9
[17:25:54.964] [SEVERE ] key 67 was pressed by player 1
[17:25:54.965] [SEVERE ] removing player 1 token from slot 10
[17:25:55.533] [SEVERE ] updating countdown to 7032
[17:25:55.535] [SEVERE ] setting player 4 freeze to 1000
[17:25:55.558] [SEVERE ] key 65 was pressed by player 1
[17:25:55.558] [SEVERE ] player 1 placing token on slot 4
[17:25:55.629] [SEVERE ] key 83 was pressed by player 1
[17:25:55.629] [SEVERE ] player 1 placing token on slot 5
[17:25:55.677] [SEVERE ] key 68 was pressed by player 1
[17:25:55.677] [SEVERE ] player 1 placing token on slot 6
[17:25:55.678] [SEVERE ] updating countdown to 6887
[17:25:55.678] [SEVERE ] updating countdown to 6887
[17:25:55.679] [SEVERE ] updating countdown to 6886
[17:25:55.679] [SEVERE ] setting player 1 freeze to 3000
[17:25:55.838] [SEVERE ] setting player 3 freeze to 0
[17:25:56.536] [SEVERE ] setting player 4 freeze to 0
[17:25:56.679] [SEVERE ] updating countdown to 5886
[17:25:56.680] [SEVERE ] setting player 1 freeze to 2000
[17:25:57.681] [SEVERE ] setting player 1 freeze to 1000
[17:25:57.839] [SEVERE ] removing player 3 token from slot 0
[17:25:58.682] [SEVERE ] setting player 1 freeze to 0
[17:25:58.790] [SEVERE ] key 65 was pressed by player 1
[17:25:58.791] [SEVERE ] removing player 1 token from slot 4
[17:25:58.791] [SEVERE ] key 83 was pressed by player 1
[17:25:58.791] [SEVERE ] removing player 1 token from slot 5
[17:25:58.791] [SEVERE ] key 68 was pressed by player 1
[17:25:58.792] [SEVERE ] removing player 1 token from slot 6
[17:25:58.840] [SEVERE ] player 3 placing token on slot 3
[17:25:58.840] [SEVERE ] setting player 3 freeze to 3000
[17:25:59.538] [SEVERE ] removing player 4 token from slot 5
[17:25:59.651] [SEVERE ] key 81 was pressed by player 1
[17:25:59.652] [SEVERE ] player 1 placing token on slot 0
[17:25:59.841] [SEVERE ] setting player 3 freeze to 2000
[17:26:00.038] [SEVERE ] key 87 was pressed by player 1
[17:26:00.039] [SEVERE ] key 69 was pressed by player 1
[17:26:00.039] [SEVERE ] player 1 placing token on slot 1
[17:26:00.040] [SEVERE ] player 1 placing token on slot 2
[17:26:00.041] [SEVERE ] setting player 1 freeze to 3000
[17:26:00.538] [SEVERE ] player 4 placing token on slot 8
[17:26:00.539] [SEVERE ] setting player 4 freeze to 3000
[17:26:00.842] [SEVERE ] setting player 3 freeze to 1000
[17:26:01.041] [SEVERE ] setting player 1 freeze to 2000
[17:26:01.540] [SEVERE ] setting player 4 freeze to 2000
[17:26:01.843] [SEVERE ] setting player 3 freeze to 0
[17:26:02.042] [SEVERE ] setting player 1 freeze to 1000
[17:26:02.541] [SEVERE ] setting player 4 freeze to 1000
[17:26:02.570] [SEVERE ] updating countdown to 0
[17:26:02.671] [SEVERE ] removing card from slot 0
[17:26:02.671] [SEVERE ] removing tokens from slot 0
[17:26:02.772] [SEVERE ] removing card from slot 1
[17:26:02.773] [SEVERE ] removing tokens from slot 1
[17:26:02.875] [SEVERE ] removing card from slot 2
[17:26:02.876] [SEVERE ] removing tokens from slot 2
[17:26:02.978] [SEVERE ] removing card from slot 3
[17:26:02.978] [SEVERE ] removing tokens from slot 3
[17:26:03.043] [SEVERE ] setting player 1 freeze to 0
[17:26:03.079] [SEVERE ] removing card from slot 4
[17:26:03.080] [SEVERE ] removing tokens from slot 4
[17:26:03.180] [SEVERE ] removing card from slot 5
[17:26:03.181] [SEVERE ] removing tokens from slot 5
[17:26:03.281] [SEVERE ] removing card from slot 6
[17:26:03.282] [SEVERE ] removing tokens from slot 6
[17:26:03.383] [SEVERE ] removing card from slot 7
[17:26:03.383] [SEVERE ] removing tokens from slot 7
[17:26:03.484] [SEVERE ] removing card from slot 8
[17:26:03.484] [SEVERE ] removing tokens from slot 8
[17:26:03.542] [SEVERE ] setting player 4 freeze to 0
[17:26:03.585] [SEVERE ] removing card from slot 9
[17:26:03.585] [SEVERE ] removing tokens from slot 9
[17:26:03.686] [SEVERE ] removing card from slot 10
[17:26:03.687] [SEVERE ] removing tokens from slot 10
[17:26:03.787] [SEVERE ] removing card from slot 11
[17:26:03.788] [SEVERE ] removing tokens from slot 11
[17:26:03.889] [SEVERE ] placing card 53 in slot 0
[17:26:03.990] [SEVERE ] placing card 30 in slot 1
[17:26:04.091] [SEVERE ] placing card 76 in slot 2
[17:26:04.192] [SEVERE ] placing card 21 in slot 3
[17:26:04.293] [SEVERE ] placing card 50 in slot 4
[17:26:04.394] [SEVERE ] placing card 19 in slot 5
[17:26:04.495] [SEVERE ] placing card 37 in slot 6
[17:26:04.596] [SEVERE ] placing card 44 in slot 7
[17:26:04.697] [SEVERE ] placing card 35 in slot 8
[17:26:04.798] [SEVERE ] placing card 72 in slot 9
[17:26:04.898] [SEVERE ] placing card 67 in slot 10
[17:26:04.999] [SEVERE ] placing card 13 in slot 11
[17:26:05.000] [SEVERE ] player 3 placing token on slot 11
[17:26:05.001] [SEVERE ] updating countdown to 19999
[17:26:05.001] [SEVERE ] player 4 placing token on slot 4
[17:26:06.000] [SEVERE ] player 4 placing token on slot 5
[17:26:06.000] [SEVERE ] player 3 placing token on slot 3
[17:26:06.002] [SEVERE ] updating countdown to 18999
[17:26:07.000] [SEVERE ] player 4 placing token on slot 9
[17:26:07.000] [SEVERE ] player 3 placing token on slot 0
[17:26:07.001] [SEVERE ] updating countdown to 18000
[17:26:07.002] [SEVERE ] updating countdown to 17999
[17:26:07.002] [SEVERE ] updating countdown to 17999
[17:26:07.002] [SEVERE ] setting player 4 freeze to 3000
[17:26:07.003] [SEVERE ] updating countdown to 17998
[17:26:07.005] [SEVERE ] updating countdown to 17996
[17:26:07.005] [SEVERE ] updating countdown to 17996
[17:26:07.005] [SEVERE ] setting player 3 freeze to 3000
[17:26:07.824] [SEVERE ] exit button pressed
[17:26:08.004] [SEVERE ] setting player 4 freeze to 2000
[17:26:08.006] [SEVERE ] setting player 3 freeze to 2000
[17:26:08.825] [SEVERE ] updating countdown to 16176
[17:26:08.925] [SEVERE ] removing card from slot 0
[17:26:08.926] [SEVERE ] removing tokens from slot 0
[17:26:09.005] [SEVERE ] setting player 4 freeze to 1000
[17:26:09.007] [SEVERE ] setting player 3 freeze to 1000
[17:26:09.026] [SEVERE ] removing card from slot 1
[17:26:09.027] [SEVERE ] removing tokens from slot 1
[17:26:09.127] [SEVERE ] removing card from slot 2
[17:26:09.128] [SEVERE ] removing tokens from slot 2
[17:26:09.228] [SEVERE ] removing card from slot 3
[17:26:09.229] [SEVERE ] removing tokens from slot 3
[17:26:09.329] [SEVERE ] removing card from slot 4
[17:26:09.330] [SEVERE ] removing tokens from slot 4
[17:26:09.430] [SEVERE ] removing card from slot 5
[17:26:09.431] [SEVERE ] removing tokens from slot 5
[17:26:09.532] [SEVERE ] removing card from slot 6
[17:26:09.532] [SEVERE ] removing tokens from slot 6
[17:26:09.633] [SEVERE ] removing card from slot 7
[17:26:09.633] [SEVERE ] removing tokens from slot 7
[17:26:09.734] [SEVERE ] removing card from slot 8
[17:26:09.734] [SEVERE ] removing tokens from slot 8
[17:26:09.835] [SEVERE ] removing card from slot 9
[17:26:09.836] [SEVERE ] removing tokens from slot 9
[17:26:09.937] [SEVERE ] removing card from slot 10
[17:26:09.937] [SEVERE ] removing tokens from slot 10
[17:26:10.006] [SEVERE ] setting player 4 freeze to 0
[17:26:10.007] [SEVERE ] setting player 3 freeze to 0
[17:26:10.038] [SEVERE ] removing card from slot 11
[17:26:10.038] [SEVERE ] removing tokens from slot 11
[17:26:10.040] [SEVERE ] announcing winner(s): player 1
[17:26:10.042] [INFO   ] thread computer-3 terminated.
[17:26:10.042] [INFO   ] thread Thread-4 terminated.
[17:26:10.043] [INFO   ] thread computer-2 terminated.
[17:26:10.043] [INFO   ] thread Thread-3 terminated.
[17:26:10.044] [INFO   ] thread Thread-2 terminated.
[17:26:10.044] [INFO   ] thread Thread-1 terminated.
[17:26:10.045] [INFO   ] thread dealer terminated.
[17:26:10.045] [INFO   ] thread dealer terminated.
[17:26:10.046] [SEVERE ] thanks for playing... it was fun!
[17:26:10.046] [INFO   ] thread bguspl.set.Main.main() terminated.
