[15:12:26.131] [INFO   ] thread bguspl.set.Main.main() starting.
[15:12:26.139] [SEVERE ] cannot read configuration file config.properties trying from resources.
[15:12:26.148] [SEVERE ] configuration file was loaded from resources directory.
[15:12:27.341] [INFO   ] thread dealer starting.
[15:12:27.342] [INFO   ] thread dealer starting.
[15:12:27.345] [INFO   ] thread computer-3 starting.
[15:12:27.345] [INFO   ] thread computer-2 starting.
[15:12:27.448] [SEVERE ] placing card 9 in slot 0
[15:12:27.557] [SEVERE ] placing card 35 in slot 1
[15:12:27.657] [SEVERE ] placing card 80 in slot 2
[15:12:27.758] [SEVERE ] placing card 3 in slot 3
[15:12:27.859] [SEVERE ] placing card 56 in slot 4
[15:12:27.960] [SEVERE ] placing card 63 in slot 5
[15:12:28.063] [SEVERE ] placing card 44 in slot 6
[15:12:28.165] [SEVERE ] placing card 30 in slot 7
[15:12:28.266] [SEVERE ] placing card 70 in slot 8
[15:12:28.367] [SEVERE ] placing card 66 in slot 9
[15:12:28.468] [SEVERE ] placing card 72 in slot 10
[15:12:28.569] [SEVERE ] placing card 23 in slot 11
[15:12:28.575] [SEVERE ] updating countdown to 19999
[15:12:28.575] [SEVERE ] player 4 placing token on slot 9
[15:12:28.575] [SEVERE ] player 3 placing token on slot 1
[15:12:29.571] [SEVERE ] player 4 placing token on slot 11
[15:12:29.571] [SEVERE ] removing player 3 token from slot 1
[15:12:29.576] [INFO   ] time 18999
[15:12:29.577] [SEVERE ] updating countdown to 18999
[15:12:30.571] [SEVERE ] player 3 placing token on slot 10
[15:12:30.571] [SEVERE ] player 4 placing token on slot 4
[15:12:30.574] [INFO   ] time 18001
[15:12:30.576] [SEVERE ] updating countdown to 18001
[15:12:30.577] [SEVERE ] setting player 4 freeze to 3000
[15:12:31.572] [SEVERE ] player 3 placing token on slot 2
[15:12:31.577] [INFO   ] time 16998
[15:12:31.578] [SEVERE ] updating countdown to 16998
[15:12:31.578] [SEVERE ] setting player 4 freeze to 2000
[15:12:32.572] [SEVERE ] player 3 placing token on slot 9
[15:12:32.573] [INFO   ] time 16002
[15:12:32.573] [SEVERE ] updating countdown to 16002
[15:12:32.574] [SEVERE ] setting player 3 freeze to 3000
[15:12:32.579] [SEVERE ] setting player 4 freeze to 1000
[15:12:33.574] [INFO   ] time 15001
[15:12:33.575] [SEVERE ] setting player 3 freeze to 2000
[15:12:33.577] [SEVERE ] updating countdown to 15001
[15:12:33.580] [SEVERE ] setting player 4 freeze to 0
[15:12:34.578] [SEVERE ] setting player 3 freeze to 1000
[15:12:34.580] [INFO   ] time 13995
[15:12:34.581] [SEVERE ] updating countdown to 13995
[15:12:34.662] [SEVERE ] exit button pressed
[15:12:34.663] [INFO   ] time 13912
[15:12:34.663] [SEVERE ] updating countdown to 13912
[15:12:34.764] [SEVERE ] removing card from slot 0
[15:12:34.765] [SEVERE ] removing tokens from slot 0
[15:12:34.866] [SEVERE ] removing card from slot 1
[15:12:34.866] [SEVERE ] removing tokens from slot 1
[15:12:34.967] [SEVERE ] removing card from slot 2
[15:12:34.968] [SEVERE ] removing tokens from slot 2
[15:12:35.069] [SEVERE ] removing card from slot 3
[15:12:35.069] [SEVERE ] removing tokens from slot 3
[15:12:35.170] [SEVERE ] removing card from slot 4
[15:12:35.170] [SEVERE ] removing tokens from slot 4
[15:12:35.271] [SEVERE ] removing card from slot 5
[15:12:35.272] [SEVERE ] removing tokens from slot 5
[15:12:35.373] [SEVERE ] removing card from slot 6
[15:12:35.373] [SEVERE ] removing tokens from slot 6
[15:12:35.474] [SEVERE ] removing card from slot 7
[15:12:35.475] [SEVERE ] removing tokens from slot 7
[15:12:35.575] [SEVERE ] removing card from slot 8
[15:12:35.576] [SEVERE ] removing tokens from slot 8
[15:12:35.579] [SEVERE ] setting player 3 freeze to 0
[15:12:35.677] [SEVERE ] removing card from slot 9
[15:12:35.677] [SEVERE ] removing tokens from slot 9
[15:12:35.778] [SEVERE ] removing card from slot 10
[15:12:35.779] [SEVERE ] removing tokens from slot 10
[15:12:35.880] [SEVERE ] removing card from slot 11
[15:12:35.881] [SEVERE ] removing tokens from slot 11
[15:12:35.882] [SEVERE ] announcing winner(s): player 1, player 2, player 3, player 4
[15:12:35.883] [INFO   ] thread computer-3 terminated.
[15:12:35.884] [INFO   ] thread Thread-4 terminated.
[15:12:35.885] [INFO   ] thread computer-2 terminated.
[15:12:35.885] [INFO   ] thread Thread-3 terminated.
[15:12:35.886] [INFO   ] thread Thread-2 terminated.
[15:12:35.886] [INFO   ] thread Thread-1 terminated.
[15:12:35.887] [INFO   ] thread dealer terminated.
[15:12:35.887] [INFO   ] thread dealer terminated.
[15:12:35.887] [SEVERE ] thanks for playing... it was fun!
[15:12:35.888] [INFO   ] thread bguspl.set.Main.main() terminated.
