[17:27:21.418] [INFO   ] thread bguspl.set.Main.main() starting.
[17:27:21.427] [SEVERE ] cannot read configuration file config.properties trying from resources.
[17:27:21.435] [SEVERE ] configuration file was loaded from resources directory.
[17:27:22.891] [INFO   ] thread dealer starting.
[17:27:22.893] [INFO   ] thread dealer starting.
[17:27:22.896] [INFO   ] thread computer-3 starting.
[17:27:22.896] [INFO   ] thread computer-2 starting.
[17:27:22.999] [SEVERE ] placing card 39 in slot 0
[17:27:23.101] [SEVERE ] placing card 62 in slot 1
[17:27:23.203] [SEVERE ] placing card 23 in slot 2
[17:27:23.304] [SEVERE ] placing card 24 in slot 3
[17:27:23.405] [SEVERE ] placing card 58 in slot 4
[17:27:23.506] [SEVERE ] placing card 68 in slot 5
[17:27:23.607] [SEVERE ] placing card 49 in slot 6
[17:27:23.708] [SEVERE ] placing card 35 in slot 7
[17:27:23.809] [SEVERE ] placing card 73 in slot 8
[17:27:23.910] [SEVERE ] placing card 31 in slot 9
[17:27:24.011] [SEVERE ] placing card 72 in slot 10
[17:27:24.112] [SEVERE ] placing card 64 in slot 11
[17:27:24.120] [SEVERE ] updating countdown to 19999
[17:27:24.120] [SEVERE ] player 4 placing token on slot 3
[17:27:24.120] [SEVERE ] player 3 placing token on slot 4
[17:27:25.114] [SEVERE ] player 4 placing token on slot 8
[17:27:25.114] [SEVERE ] player 3 placing token on slot 11
[17:27:25.121] [SEVERE ] updating countdown to 18999
[17:27:25.123] [SEVERE ] updating countdown to 18997
[17:27:26.114] [SEVERE ] player 3 placing token on slot 6
[17:27:26.114] [SEVERE ] player 4 placing token on slot 7
[17:27:26.116] [SEVERE ] updating countdown to 18004
[17:27:26.118] [SEVERE ] updating countdown to 18002
[17:27:26.118] [SEVERE ] updating countdown to 18002
[17:27:26.118] [SEVERE ] setting player 3 freeze to 3000
[17:27:26.119] [SEVERE ] updating countdown to 18001
[17:27:26.120] [SEVERE ] updating countdown to 18000
[17:27:26.120] [SEVERE ] updating countdown to 18000
[17:27:26.120] [SEVERE ] setting player 4 freeze to 3000
[17:27:27.120] [SEVERE ] setting player 3 freeze to 2000
[17:27:27.121] [SEVERE ] updating countdown to 16999
[17:27:27.122] [SEVERE ] setting player 4 freeze to 2000
[17:27:27.122] [SEVERE ] updating countdown to 16998
[17:27:28.121] [SEVERE ] setting player 3 freeze to 1000
[17:27:28.122] [SEVERE ] setting player 4 freeze to 1000
[17:27:28.123] [SEVERE ] updating countdown to 15997
[17:27:28.124] [SEVERE ] updating countdown to 15996
[17:27:29.123] [SEVERE ] setting player 3 freeze to 0
[17:27:29.123] [SEVERE ] setting player 4 freeze to 0
[17:27:29.124] [SEVERE ] removing player 4 token from slot 3
[17:27:29.124] [SEVERE ] updating countdown to 14996
[17:27:29.125] [SEVERE ] updating countdown to 14995
[17:27:30.124] [SEVERE ] player 4 placing token on slot 5
[17:27:30.125] [SEVERE ] updating countdown to 13995
[17:27:30.127] [SEVERE ] updating countdown to 13993
[17:27:30.129] [SEVERE ] updating countdown to 13991
[17:27:30.129] [SEVERE ] setting player 4 freeze to 3000
[17:27:31.130] [SEVERE ] updating countdown to 12990
[17:27:31.131] [SEVERE ] updating countdown to 12989
[17:27:31.132] [SEVERE ] setting player 4 freeze to 2000
[17:27:31.727] [SEVERE ] exit button pressed
[17:27:32.134] [SEVERE ] setting player 4 freeze to 1000
[17:27:32.728] [SEVERE ] updating countdown to 11392
[17:27:32.729] [SEVERE ] updating countdown to 11391
[17:27:32.830] [SEVERE ] removing card from slot 0
[17:27:32.830] [SEVERE ] removing tokens from slot 0
[17:27:32.931] [SEVERE ] removing card from slot 1
[17:27:32.932] [SEVERE ] removing tokens from slot 1
[17:27:33.033] [SEVERE ] removing card from slot 2
[17:27:33.033] [SEVERE ] removing tokens from slot 2
[17:27:33.134] [SEVERE ] removing card from slot 3
[17:27:33.135] [SEVERE ] setting player 4 freeze to 0
[17:27:33.135] [SEVERE ] removing tokens from slot 3
[17:27:33.236] [SEVERE ] removing card from slot 4
[17:27:33.237] [SEVERE ] removing tokens from slot 4
[17:27:33.338] [SEVERE ] removing card from slot 5
[17:27:33.338] [SEVERE ] removing tokens from slot 5
[17:27:33.439] [SEVERE ] removing card from slot 6
[17:27:33.440] [SEVERE ] removing tokens from slot 6
[17:27:33.541] [SEVERE ] removing card from slot 7
[17:27:33.542] [SEVERE ] removing tokens from slot 7
[17:27:33.642] [SEVERE ] removing card from slot 8
[17:27:33.643] [SEVERE ] removing tokens from slot 8
[17:27:33.744] [SEVERE ] removing card from slot 9
[17:27:33.745] [SEVERE ] removing tokens from slot 9
[17:27:33.846] [SEVERE ] removing card from slot 10
[17:27:33.846] [SEVERE ] removing tokens from slot 10
[17:27:33.947] [SEVERE ] removing card from slot 11
[17:27:33.948] [SEVERE ] removing tokens from slot 11
[17:27:33.949] [SEVERE ] announcing winner(s): player 1, player 2, player 3, player 4
[17:27:33.951] [INFO   ] thread computer-3 terminated.
[17:27:33.952] [INFO   ] thread Thread-4 terminated.
[17:27:33.952] [INFO   ] thread computer-2 terminated.
[17:27:33.953] [INFO   ] thread Thread-3 terminated.
[17:27:33.954] [INFO   ] thread Thread-2 terminated.
[17:27:33.954] [INFO   ] thread Thread-1 terminated.
[17:27:33.955] [INFO   ] thread dealer terminated.
[17:27:33.956] [INFO   ] thread dealer terminated.
[17:27:33.956] [SEVERE ] thanks for playing... it was fun!
[17:27:33.957] [INFO   ] thread bguspl.set.Main.main() terminated.
