[16:54:10.247] [INFO   ] thread bguspl.set.Main.main() starting.
[16:54:10.258] [SEVERE ] cannot read configuration file config.properties trying from resources.
[16:54:10.268] [SEVERE ] configuration file was loaded from resources directory.
[16:54:11.586] [INFO   ] thread dealer starting.
[16:54:11.587] [INFO   ] thread dealer starting.
[16:54:11.589] [INFO   ] thread computer-3 starting.
[16:54:11.589] [INFO   ] thread computer-2 starting.
[16:54:11.698] [SEVERE ] placing card 2 in slot 0
[16:54:11.800] [SEVERE ] placing card 39 in slot 1
[16:54:11.901] [SEVERE ] placing card 14 in slot 2
[16:54:12.002] [SEVERE ] placing card 20 in slot 3
[16:54:12.103] [SEVERE ] placing card 74 in slot 4
[16:54:12.204] [SEVERE ] placing card 19 in slot 5
[16:54:12.305] [SEVERE ] placing card 78 in slot 6
[16:54:12.406] [SEVERE ] placing card 76 in slot 7
[16:54:12.507] [SEVERE ] placing card 36 in slot 8
[16:54:12.608] [SEVERE ] placing card 10 in slot 9
[16:54:12.709] [SEVERE ] placing card 32 in slot 10
[16:54:12.810] [SEVERE ] placing card 51 in slot 11
[16:54:12.817] [SEVERE ] updating countdown to 19999
[16:54:12.817] [SEVERE ] player 4 placing token on slot 1
[16:54:12.817] [SEVERE ] player 3 placing token on slot 10
[16:54:13.812] [SEVERE ] player 3 placing token on slot 1
[16:54:13.812] [SEVERE ] player 4 placing token on slot 3
[16:54:13.818] [SEVERE ] updating countdown to 18999
[16:54:14.812] [SEVERE ] player 4 placing token on slot 6
[16:54:14.812] [SEVERE ] removing player 3 token from slot 1
[16:54:14.813] [SEVERE ] updating countdown to 18004
[16:54:14.814] [SEVERE ] setting player 4 freeze to 3000
[16:54:15.812] [SEVERE ] player 3 placing token on slot 3
[16:54:15.814] [SEVERE ] updating countdown to 17003
[16:54:15.814] [SEVERE ] setting player 4 freeze to 2000
[16:54:16.812] [SEVERE ] removing player 3 token from slot 10
[16:54:16.815] [SEVERE ] updating countdown to 16002
[16:54:16.815] [SEVERE ] setting player 4 freeze to 1000
[16:54:17.813] [SEVERE ] player 3 placing token on slot 6
[16:54:17.815] [SEVERE ] updating countdown to 15002
[16:54:17.816] [SEVERE ] setting player 4 freeze to 0
[16:54:18.813] [SEVERE ] player 3 placing token on slot 4
[16:54:18.815] [SEVERE ] updating countdown to 14002
[16:54:18.817] [SEVERE ] setting player 3 freeze to 3000
[16:54:19.817] [SEVERE ] updating countdown to 13000
[16:54:19.818] [SEVERE ] setting player 3 freeze to 2000
[16:54:20.818] [SEVERE ] updating countdown to 11999
[16:54:20.819] [SEVERE ] setting player 3 freeze to 1000
[16:54:21.819] [SEVERE ] updating countdown to 10998
[16:54:21.820] [SEVERE ] setting player 3 freeze to 0
[16:54:22.820] [SEVERE ] updating countdown to 9997
[16:54:23.268] [SEVERE ] exit button pressed
[16:54:24.270] [SEVERE ] updating countdown to 8548
[16:54:24.371] [SEVERE ] removing card from slot 0
[16:54:24.371] [SEVERE ] removing tokens from slot 0
[16:54:24.472] [SEVERE ] removing card from slot 1
[16:54:24.473] [SEVERE ] removing tokens from slot 1
[16:54:24.574] [SEVERE ] removing card from slot 2
[16:54:24.575] [SEVERE ] removing tokens from slot 2
[16:54:24.675] [SEVERE ] removing card from slot 3
[16:54:24.677] [SEVERE ] removing tokens from slot 3
[16:54:24.778] [SEVERE ] removing card from slot 4
[16:54:24.779] [SEVERE ] removing tokens from slot 4
[16:54:24.880] [SEVERE ] removing card from slot 5
[16:54:24.880] [SEVERE ] removing tokens from slot 5
[16:54:24.981] [SEVERE ] removing card from slot 6
[16:54:24.982] [SEVERE ] removing tokens from slot 6
[16:54:25.083] [SEVERE ] removing card from slot 7
[16:54:25.084] [SEVERE ] removing tokens from slot 7
[16:54:25.184] [SEVERE ] removing card from slot 8
[16:54:25.185] [SEVERE ] removing tokens from slot 8
[16:54:25.285] [SEVERE ] removing card from slot 9
[16:54:25.286] [SEVERE ] removing tokens from slot 9
[16:54:25.386] [SEVERE ] removing card from slot 10
[16:54:25.387] [SEVERE ] removing tokens from slot 10
[16:54:25.488] [SEVERE ] removing card from slot 11
[16:54:25.489] [SEVERE ] removing tokens from slot 11
[16:54:25.490] [SEVERE ] announcing winner(s): player 1, player 2, player 3, player 4
[16:54:25.491] [INFO   ] thread computer-3 terminated.
[16:54:25.492] [INFO   ] thread Thread-4 terminated.
[16:54:25.493] [INFO   ] thread computer-2 terminated.
[16:54:25.493] [INFO   ] thread Thread-3 terminated.
[16:54:25.494] [INFO   ] thread Thread-2 terminated.
[16:54:25.495] [INFO   ] thread Thread-1 terminated.
[16:54:25.495] [INFO   ] thread dealer terminated.
[16:54:25.496] [INFO   ] thread dealer terminated.
[16:54:25.496] [SEVERE ] thanks for playing... it was fun!
[16:54:25.496] [INFO   ] thread bguspl.set.Main.main() terminated.
