[15:45:17.405] [INFO   ] thread bguspl.set.Main.main() starting.
[15:45:17.418] [SEVERE ] cannot read configuration file config.properties trying from resources.
[15:45:17.428] [SEVERE ] configuration file was loaded from resources directory.
[15:45:18.754] [INFO   ] thread dealer starting.
[15:45:18.755] [INFO   ] thread dealer starting.
[15:45:18.757] [INFO   ] thread computer-3 starting.
[15:45:18.757] [INFO   ] thread computer-2 starting.
[15:45:18.860] [SEVERE ] placing card 27 in slot 0
[15:45:18.966] [SEVERE ] placing card 68 in slot 1
[15:45:19.067] [SEVERE ] placing card 4 in slot 2
[15:45:19.168] [SEVERE ] placing card 21 in slot 3
[15:45:19.269] [SEVERE ] placing card 72 in slot 4
[15:45:19.370] [SEVERE ] placing card 69 in slot 5
[15:45:19.470] [SEVERE ] placing card 66 in slot 6
[15:45:19.572] [SEVERE ] placing card 36 in slot 7
[15:45:19.672] [SEVERE ] placing card 75 in slot 8
[15:45:19.773] [SEVERE ] placing card 54 in slot 9
[15:45:19.874] [SEVERE ] placing card 74 in slot 10
[15:45:19.975] [SEVERE ] placing card 58 in slot 11
[15:45:19.982] [SEVERE ] updating countdown to 19999
[15:45:19.982] [SEVERE ] player 3 placing token on slot 3
[15:45:19.982] [SEVERE ] player 4 placing token on slot 2
[15:45:20.977] [SEVERE ] player 4 placing token on slot 3
[15:45:20.977] [SEVERE ] player 3 placing token on slot 8
[15:45:20.984] [INFO   ] time 19000
[15:45:20.985] [SEVERE ] updating countdown to 19000
[15:45:21.977] [SEVERE ] player 4 placing token on slot 7
[15:45:21.977] [SEVERE ] player 3 placing token on slot 4
[15:45:21.978] [INFO   ] time 18000
[15:45:21.979] [SEVERE ] updating countdown to 18000
[15:45:21.979] [INFO   ] time 18000
[15:45:21.979] [SEVERE ] setting player 4 freeze to 3000
[15:45:21.980] [SEVERE ] updating countdown to 18000
[15:45:21.980] [SEVERE ] setting player 3 freeze to 3000
[15:45:22.980] [SEVERE ] setting player 4 freeze to 2000
[15:45:22.981] [SEVERE ] setting player 3 freeze to 2000
[15:45:22.981] [INFO   ] time 17000
[15:45:22.984] [SEVERE ] updating countdown to 17000
[15:45:23.982] [SEVERE ] setting player 4 freeze to 1000
[15:45:23.983] [SEVERE ] setting player 3 freeze to 1000
[15:45:23.985] [INFO   ] time 16000
[15:45:23.985] [SEVERE ] updating countdown to 16000
[15:45:24.983] [SEVERE ] setting player 4 freeze to 0
[15:45:24.984] [SEVERE ] setting player 3 freeze to 0
[15:45:24.986] [INFO   ] time 15000
[15:45:24.986] [SEVERE ] updating countdown to 15000
[15:45:25.987] [INFO   ] time 14000
[15:45:25.989] [SEVERE ] updating countdown to 14000
[15:45:26.985] [SEVERE ] removing player 4 token from slot 7
[15:45:26.986] [SEVERE ] removing player 3 token from slot 4
[15:45:26.990] [INFO   ] time 13000
[15:45:26.990] [SEVERE ] updating countdown to 13000
[15:45:27.985] [SEVERE ] player 4 placing token on slot 11
[15:45:27.986] [SEVERE ] removing player 3 token from slot 8
[15:45:27.987] [INFO   ] time 12000
[15:45:27.989] [SEVERE ] updating countdown to 12000
[15:45:27.990] [SEVERE ] setting player 4 freeze to 3000
[15:45:28.986] [SEVERE ] player 3 placing token on slot 10
[15:45:28.992] [INFO   ] time 11000
[15:45:28.993] [SEVERE ] updating countdown to 11000
[15:45:28.993] [SEVERE ] setting player 4 freeze to 2000
[15:45:29.986] [SEVERE ] removing player 3 token from slot 10
[15:45:29.994] [INFO   ] time 10000
[15:45:29.994] [SEVERE ] updating countdown to 10000
[15:45:29.996] [SEVERE ] setting player 4 freeze to 1000
[15:45:30.987] [SEVERE ] player 3 placing token on slot 5
[15:45:30.995] [INFO   ] time 9000
[15:45:30.996] [SEVERE ] updating countdown to 9000
[15:45:30.997] [SEVERE ] setting player 4 freeze to 0
[15:45:30.997] [SEVERE ] removing player 4 token from slot 2
[15:45:31.987] [SEVERE ] player 3 placing token on slot 2
[15:45:31.989] [INFO   ] time 8000
[15:45:31.990] [SEVERE ] updating countdown to 8000
[15:45:31.992] [SEVERE ] setting player 3 freeze to 3000
[15:45:31.998] [SEVERE ] removing player 4 token from slot 11
[15:45:32.992] [INFO   ] time 7000
[15:45:32.993] [SEVERE ] setting player 3 freeze to 2000
[15:45:32.993] [SEVERE ] updating countdown to 7000
[15:45:32.998] [SEVERE ] player 4 placing token on slot 11
[15:45:33.994] [SEVERE ] setting player 3 freeze to 1000
[15:45:33.994] [INFO   ] time 6000
[15:45:33.995] [SEVERE ] updating countdown to 6000
[15:45:33.998] [SEVERE ] player 4 placing token on slot 8
[15:45:33.999] [INFO   ] time 6000
[15:45:33.999] [SEVERE ] updating countdown to 6000
[15:45:34.000] [SEVERE ] setting player 4 freeze to 3000
[15:45:34.995] [SEVERE ] setting player 3 freeze to 0
[15:45:35.000] [INFO   ] time 5000
[15:45:35.001] [SEVERE ] setting player 4 freeze to 2000
[15:45:35.001] [SEVERE ] updating countdown to 5000
[15:45:35.012] [INFO   ] time 5000
[15:45:35.013] [SEVERE ] updating countdown to 5000
[15:45:35.023] [INFO   ] time 5000
[15:45:35.024] [SEVERE ] updating countdown to 5000
[15:45:35.035] [INFO   ] time 4900
[15:45:35.046] [INFO   ] time 4900
[15:45:35.057] [INFO   ] time 4900
[15:45:35.068] [INFO   ] time 4900
[15:45:35.079] [INFO   ] time 4900
[15:45:35.090] [INFO   ] time 4900
[15:45:35.101] [INFO   ] time 4900
[15:45:35.112] [INFO   ] time 4900
[15:45:35.123] [INFO   ] time 4900
[15:45:35.134] [INFO   ] time 4800
[15:45:35.145] [INFO   ] time 4800
[15:45:35.156] [INFO   ] time 4800
[15:45:35.167] [INFO   ] time 4800
[15:45:35.178] [INFO   ] time 4800
[15:45:35.189] [INFO   ] time 4800
[15:45:35.200] [INFO   ] time 4800
[15:45:35.210] [INFO   ] time 4800
[15:45:35.221] [INFO   ] time 4800
[15:45:35.232] [INFO   ] time 4800
[15:45:35.243] [INFO   ] time 4700
[15:45:35.254] [INFO   ] time 4700
[15:45:35.265] [INFO   ] time 4700
[15:45:35.275] [INFO   ] time 4700
[15:45:35.286] [INFO   ] time 4700
[15:45:35.297] [INFO   ] time 4700
[15:45:35.308] [INFO   ] time 4700
[15:45:35.319] [INFO   ] time 4700
[15:45:35.330] [INFO   ] time 4700
[15:45:35.341] [INFO   ] time 4600
[15:45:35.352] [INFO   ] time 4600
[15:45:35.363] [INFO   ] time 4600
[15:45:35.374] [INFO   ] time 4600
[15:45:35.385] [INFO   ] time 4600
[15:45:35.396] [INFO   ] time 4600
[15:45:35.407] [INFO   ] time 4600
[15:45:35.417] [INFO   ] time 4600
[15:45:35.428] [INFO   ] time 4600
[15:45:35.439] [INFO   ] time 4500
[15:45:35.450] [INFO   ] time 4500
[15:45:35.461] [INFO   ] time 4500
[15:45:35.472] [INFO   ] time 4500
[15:45:35.483] [INFO   ] time 4500
[15:45:35.494] [INFO   ] time 4500
[15:45:35.504] [INFO   ] time 4500
[15:45:35.515] [INFO   ] time 4500
[15:45:35.526] [INFO   ] time 4500
[15:45:35.537] [INFO   ] time 4400
[15:45:35.548] [INFO   ] time 4400
[15:45:35.559] [INFO   ] time 4400
[15:45:35.570] [INFO   ] time 4400
[15:45:35.580] [INFO   ] time 4400
[15:45:35.591] [INFO   ] time 4400
[15:45:35.602] [INFO   ] time 4400
[15:45:35.613] [INFO   ] time 4400
[15:45:35.624] [INFO   ] time 4400
[15:45:35.635] [INFO   ] time 4300
[15:45:35.646] [INFO   ] time 4300
[15:45:35.657] [INFO   ] time 4300
[15:45:35.668] [INFO   ] time 4300
[15:45:35.679] [INFO   ] time 4300
[15:45:35.689] [INFO   ] time 4300
[15:45:35.700] [INFO   ] time 4300
[15:45:35.711] [INFO   ] time 4300
[15:45:35.722] [INFO   ] time 4300
[15:45:35.732] [INFO   ] time 4300
[15:45:35.743] [INFO   ] time 4200
[15:45:35.754] [INFO   ] time 4200
[15:45:35.764] [INFO   ] time 4200
[15:45:35.775] [INFO   ] time 4200
[15:45:35.785] [INFO   ] time 4200
[15:45:35.796] [INFO   ] time 4200
[15:45:35.806] [INFO   ] time 4200
[15:45:35.817] [INFO   ] time 4200
[15:45:35.827] [INFO   ] time 4200
[15:45:35.838] [INFO   ] time 4100
[15:45:35.849] [INFO   ] time 4100
[15:45:35.859] [INFO   ] time 4100
[15:45:35.870] [INFO   ] time 4100
[15:45:35.881] [INFO   ] time 4100
[15:45:35.891] [INFO   ] time 4100
[15:45:35.902] [INFO   ] time 4100
[15:45:35.912] [INFO   ] time 4100
[15:45:35.923] [INFO   ] time 4100
[15:45:35.933] [INFO   ] time 4100
[15:45:35.944] [INFO   ] time 4000
[15:45:35.944] [SEVERE ] updating countdown to 4000
[15:45:35.955] [INFO   ] time 4000
[15:45:35.955] [SEVERE ] updating countdown to 4000
[15:45:35.966] [INFO   ] time 4000
[15:45:35.966] [SEVERE ] updating countdown to 4000
[15:45:35.976] [INFO   ] time 4000
[15:45:35.977] [SEVERE ] updating countdown to 4000
[15:45:35.987] [INFO   ] time 4000
[15:45:35.987] [SEVERE ] updating countdown to 4000
[15:45:35.998] [INFO   ] time 4000
[15:45:35.998] [SEVERE ] updating countdown to 4000
[15:45:36.001] [SEVERE ] setting player 4 freeze to 1000
[15:45:36.009] [INFO   ] time 4000
[15:45:36.010] [SEVERE ] updating countdown to 4000
[15:45:36.021] [INFO   ] time 4000
[15:45:36.021] [SEVERE ] updating countdown to 4000
[15:45:36.032] [INFO   ] time 4000
[15:45:36.033] [SEVERE ] updating countdown to 4000
[15:45:36.043] [INFO   ] time 3900
[15:45:36.055] [INFO   ] time 3900
[15:45:36.066] [INFO   ] time 3900
[15:45:36.076] [INFO   ] time 3900
[15:45:36.087] [INFO   ] time 3900
[15:45:36.098] [INFO   ] time 3900
[15:45:36.108] [INFO   ] time 3900
[15:45:36.119] [INFO   ] time 3900
[15:45:36.130] [INFO   ] time 3900
[15:45:36.141] [INFO   ] time 3800
[15:45:36.151] [INFO   ] time 3800
[15:45:36.162] [INFO   ] time 3800
[15:45:36.173] [INFO   ] time 3800
[15:45:36.183] [INFO   ] time 3800
[15:45:36.194] [INFO   ] time 3800
[15:45:36.205] [INFO   ] time 3800
[15:45:36.215] [INFO   ] time 3800
[15:45:36.226] [INFO   ] time 3800
[15:45:36.237] [INFO   ] time 3700
[15:45:36.248] [INFO   ] time 3700
[15:45:36.259] [INFO   ] time 3700
[15:45:36.270] [INFO   ] time 3700
[15:45:36.280] [INFO   ] time 3700
[15:45:36.291] [INFO   ] time 3700
[15:45:36.302] [INFO   ] time 3700
[15:45:36.313] [INFO   ] time 3700
[15:45:36.324] [INFO   ] time 3700
[15:45:36.334] [INFO   ] time 3600
[15:45:36.345] [INFO   ] time 3600
[15:45:36.356] [INFO   ] time 3600
[15:45:36.367] [INFO   ] time 3600
[15:45:36.378] [INFO   ] time 3600
[15:45:36.389] [INFO   ] time 3600
[15:45:36.399] [INFO   ] time 3600
[15:45:36.414] [INFO   ] time 3600
[15:45:36.424] [INFO   ] time 3600
[15:45:36.435] [INFO   ] time 3500
[15:45:36.446] [INFO   ] time 3500
[15:45:36.457] [INFO   ] time 3500
[15:45:36.469] [INFO   ] time 3500
[15:45:36.480] [INFO   ] time 3500
[15:45:36.490] [INFO   ] time 3500
[15:45:36.501] [INFO   ] time 3500
[15:45:36.512] [INFO   ] time 3500
[15:45:36.523] [INFO   ] time 3500
[15:45:36.534] [INFO   ] time 3400
[15:45:36.545] [INFO   ] time 3400
[15:45:36.556] [INFO   ] time 3400
[15:45:36.567] [INFO   ] time 3400
[15:45:36.578] [INFO   ] time 3400
[15:45:36.589] [INFO   ] time 3400
[15:45:36.600] [INFO   ] time 3400
[15:45:36.611] [INFO   ] time 3400
[15:45:36.622] [INFO   ] time 3400
[15:45:36.633] [INFO   ] time 3400
[15:45:36.644] [INFO   ] time 3300
[15:45:36.655] [INFO   ] time 3300
[15:45:36.665] [INFO   ] time 3300
[15:45:36.676] [INFO   ] time 3300
[15:45:36.688] [INFO   ] time 3300
[15:45:36.698] [INFO   ] time 3300
[15:45:36.709] [INFO   ] time 3300
[15:45:36.720] [INFO   ] time 3300
[15:45:36.730] [INFO   ] time 3300
[15:45:36.741] [INFO   ] time 3200
[15:45:36.752] [INFO   ] time 3200
[15:45:36.762] [INFO   ] time 3200
[15:45:36.773] [INFO   ] time 3200
[15:45:36.783] [INFO   ] time 3200
[15:45:36.794] [INFO   ] time 3200
[15:45:36.804] [INFO   ] time 3200
[15:45:36.815] [INFO   ] time 3200
[15:45:36.826] [INFO   ] time 3200
[15:45:36.836] [INFO   ] time 3100
[15:45:36.847] [INFO   ] time 3100
[15:45:36.858] [INFO   ] time 3100
[15:45:36.868] [INFO   ] time 3100
[15:45:36.879] [INFO   ] time 3100
[15:45:36.889] [INFO   ] time 3100
[15:45:36.900] [INFO   ] time 3100
[15:45:36.911] [INFO   ] time 3100
[15:45:36.921] [INFO   ] time 3100
[15:45:36.932] [INFO   ] time 3100
[15:45:36.943] [INFO   ] time 3000
[15:45:36.943] [SEVERE ] updating countdown to 3000
[15:45:36.954] [INFO   ] time 3000
[15:45:36.954] [SEVERE ] updating countdown to 3000
[15:45:36.965] [INFO   ] time 3000
[15:45:36.965] [SEVERE ] updating countdown to 3000
[15:45:36.976] [INFO   ] time 3000
[15:45:36.976] [SEVERE ] updating countdown to 3000
[15:45:36.987] [INFO   ] time 3000
[15:45:36.987] [SEVERE ] updating countdown to 3000
[15:45:36.996] [SEVERE ] removing player 3 token from slot 2
[15:45:36.997] [INFO   ] time 3000
[15:45:36.998] [SEVERE ] updating countdown to 3000
[15:45:37.002] [SEVERE ] setting player 4 freeze to 0
[15:45:37.008] [INFO   ] time 3000
[15:45:37.009] [SEVERE ] updating countdown to 3000
[15:45:37.020] [INFO   ] time 3000
[15:45:37.020] [SEVERE ] updating countdown to 3000
[15:45:37.031] [INFO   ] time 3000
[15:45:37.031] [SEVERE ] updating countdown to 3000
[15:45:37.042] [INFO   ] time 2900
[15:45:37.054] [INFO   ] time 2900
[15:45:37.065] [INFO   ] time 2900
[15:45:37.076] [INFO   ] time 2900
[15:45:37.087] [INFO   ] time 2900
[15:45:37.097] [INFO   ] time 2900
[15:45:37.108] [INFO   ] time 2900
[15:45:37.119] [INFO   ] time 2900
[15:45:37.130] [INFO   ] time 2900
[15:45:37.141] [INFO   ] time 2800
[15:45:37.152] [INFO   ] time 2800
[15:45:37.163] [INFO   ] time 2800
[15:45:37.174] [INFO   ] time 2800
[15:45:37.184] [INFO   ] time 2800
[15:45:37.195] [INFO   ] time 2800
[15:45:37.206] [INFO   ] time 2800
[15:45:37.217] [INFO   ] time 2800
[15:45:37.228] [INFO   ] time 2800
[15:45:37.238] [INFO   ] time 2700
[15:45:37.250] [INFO   ] time 2700
[15:45:37.260] [INFO   ] time 2700
[15:45:37.271] [INFO   ] time 2700
[15:45:37.283] [INFO   ] time 2700
[15:45:37.294] [INFO   ] time 2700
[15:45:37.305] [INFO   ] time 2700
[15:45:37.316] [INFO   ] time 2700
[15:45:37.327] [INFO   ] time 2700
[15:45:37.338] [INFO   ] time 2600
[15:45:37.349] [INFO   ] time 2600
[15:45:37.360] [INFO   ] time 2600
[15:45:37.371] [INFO   ] time 2600
[15:45:37.382] [INFO   ] time 2600
[15:45:37.393] [INFO   ] time 2600
[15:45:37.405] [INFO   ] time 2600
[15:45:37.416] [INFO   ] time 2600
[15:45:37.428] [INFO   ] time 2600
[15:45:37.439] [INFO   ] time 2500
[15:45:37.450] [INFO   ] time 2500
[15:45:37.462] [INFO   ] time 2500
[15:45:37.473] [INFO   ] time 2500
[15:45:37.484] [INFO   ] time 2500
[15:45:37.495] [INFO   ] time 2500
[15:45:37.505] [INFO   ] time 2500
[15:45:37.516] [INFO   ] time 2500
[15:45:37.527] [INFO   ] time 2500
[15:45:37.538] [INFO   ] time 2400
[15:45:37.549] [INFO   ] time 2400
[15:45:37.559] [INFO   ] time 2400
[15:45:37.570] [INFO   ] time 2400
[15:45:37.581] [INFO   ] time 2400
[15:45:37.592] [INFO   ] time 2400
[15:45:37.602] [INFO   ] time 2400
[15:45:37.613] [INFO   ] time 2400
[15:45:37.624] [INFO   ] time 2400
[15:45:37.634] [INFO   ] time 2300
[15:45:37.645] [INFO   ] time 2300
[15:45:37.656] [INFO   ] time 2300
[15:45:37.668] [INFO   ] time 2300
[15:45:37.680] [INFO   ] time 2300
[15:45:37.691] [INFO   ] time 2300
[15:45:37.702] [INFO   ] time 2300
[15:45:37.714] [INFO   ] time 2300
[15:45:37.726] [INFO   ] time 2300
[15:45:37.737] [INFO   ] time 2200
[15:45:37.749] [INFO   ] time 2200
[15:45:37.760] [INFO   ] time 2200
[15:45:37.771] [INFO   ] time 2200
[15:45:37.783] [INFO   ] time 2200
[15:45:37.794] [INFO   ] time 2200
[15:45:37.805] [INFO   ] time 2200
[15:45:37.817] [INFO   ] time 2200
[15:45:37.828] [INFO   ] time 2200
[15:45:37.839] [INFO   ] time 2100
[15:45:37.851] [INFO   ] time 2100
[15:45:37.862] [INFO   ] time 2100
[15:45:37.873] [INFO   ] time 2100
[15:45:37.884] [INFO   ] time 2100
[15:45:37.895] [INFO   ] time 2100
[15:45:37.906] [INFO   ] time 2100
[15:45:37.918] [INFO   ] time 2100
[15:45:37.929] [INFO   ] time 2100
[15:45:37.940] [INFO   ] time 2000
[15:45:37.941] [SEVERE ] updating countdown to 2000
[15:45:37.952] [INFO   ] time 2000
[15:45:37.952] [SEVERE ] updating countdown to 2000
[15:45:37.963] [INFO   ] time 2000
[15:45:37.964] [SEVERE ] updating countdown to 2000
[15:45:37.975] [INFO   ] time 2000
[15:45:37.975] [SEVERE ] updating countdown to 2000
[15:45:37.986] [INFO   ] time 2000
[15:45:37.987] [SEVERE ] updating countdown to 2000
[15:45:37.997] [SEVERE ] player 3 placing token on slot 9
[15:45:37.998] [INFO   ] time 2000
[15:45:37.998] [SEVERE ] updating countdown to 2000
[15:45:37.999] [SEVERE ] setting player 3 freeze to 3000
[15:45:38.009] [INFO   ] time 2000
[15:45:38.010] [SEVERE ] updating countdown to 2000
[15:45:38.021] [INFO   ] time 2000
[15:45:38.022] [SEVERE ] updating countdown to 2000
[15:45:38.033] [INFO   ] time 2000
[15:45:38.033] [SEVERE ] updating countdown to 2000
[15:45:38.045] [INFO   ] time 1900
[15:45:38.056] [INFO   ] time 1900
[15:45:38.067] [INFO   ] time 1900
[15:45:38.078] [INFO   ] time 1900
[15:45:38.089] [INFO   ] time 1900
[15:45:38.100] [INFO   ] time 1900
[15:45:38.112] [INFO   ] time 1900
[15:45:38.123] [INFO   ] time 1900
[15:45:38.134] [INFO   ] time 1800
[15:45:38.145] [INFO   ] time 1800
[15:45:38.156] [INFO   ] time 1800
[15:45:38.166] [INFO   ] time 1800
[15:45:38.177] [INFO   ] time 1800
[15:45:38.188] [INFO   ] time 1800
[15:45:38.198] [INFO   ] time 1800
[15:45:38.209] [INFO   ] time 1800
[15:45:38.220] [INFO   ] time 1800
[15:45:38.230] [INFO   ] time 1800
[15:45:38.241] [INFO   ] time 1700
[15:45:38.252] [INFO   ] time 1700
[15:45:38.263] [INFO   ] time 1700
[15:45:38.274] [INFO   ] time 1700
[15:45:38.285] [INFO   ] time 1700
[15:45:38.295] [INFO   ] time 1700
[15:45:38.306] [INFO   ] time 1700
[15:45:38.317] [INFO   ] time 1700
[15:45:38.328] [INFO   ] time 1700
[15:45:38.339] [INFO   ] time 1600
[15:45:38.349] [INFO   ] time 1600
[15:45:38.360] [INFO   ] time 1600
[15:45:38.371] [INFO   ] time 1600
[15:45:38.382] [INFO   ] time 1600
[15:45:38.393] [INFO   ] time 1600
[15:45:38.404] [INFO   ] time 1600
[15:45:38.415] [INFO   ] time 1600
[15:45:38.426] [INFO   ] time 1600
[15:45:38.438] [INFO   ] time 1500
[15:45:38.449] [INFO   ] time 1500
[15:45:38.461] [INFO   ] time 1500
[15:45:38.472] [INFO   ] time 1500
[15:45:38.484] [INFO   ] time 1500
[15:45:38.495] [INFO   ] time 1500
[15:45:38.507] [INFO   ] time 1500
[15:45:38.518] [INFO   ] time 1500
[15:45:38.530] [INFO   ] time 1500
[15:45:38.541] [INFO   ] time 1400
[15:45:38.553] [INFO   ] time 1400
[15:45:38.564] [INFO   ] time 1400
[15:45:38.575] [INFO   ] time 1400
[15:45:38.586] [INFO   ] time 1400
[15:45:38.598] [INFO   ] time 1400
[15:45:38.609] [INFO   ] time 1400
[15:45:38.620] [INFO   ] time 1400
[15:45:38.632] [INFO   ] time 1400
[15:45:38.644] [INFO   ] time 1300
[15:45:38.655] [INFO   ] time 1300
[15:45:38.667] [INFO   ] time 1300
[15:45:38.678] [INFO   ] time 1300
[15:45:38.690] [INFO   ] time 1300
[15:45:38.702] [INFO   ] time 1300
[15:45:38.713] [INFO   ] time 1300
[15:45:38.724] [INFO   ] time 1300
[15:45:38.736] [INFO   ] time 1200
[15:45:38.747] [INFO   ] time 1200
[15:45:38.759] [INFO   ] time 1200
[15:45:38.770] [INFO   ] time 1200
[15:45:38.780] [INFO   ] time 1200
[15:45:38.791] [INFO   ] time 1200
[15:45:38.802] [INFO   ] time 1200
[15:45:38.814] [INFO   ] time 1200
[15:45:38.825] [INFO   ] time 1200
[15:45:38.837] [INFO   ] time 1100
[15:45:38.848] [INFO   ] time 1100
[15:45:38.860] [INFO   ] time 1100
[15:45:38.871] [INFO   ] time 1100
[15:45:38.883] [INFO   ] time 1100
[15:45:38.895] [INFO   ] time 1100
[15:45:38.906] [INFO   ] time 1100
[15:45:38.918] [INFO   ] time 1100
[15:45:38.929] [INFO   ] time 1100
[15:45:38.940] [INFO   ] time 1000
[15:45:38.941] [SEVERE ] updating countdown to 1000
[15:45:38.953] [INFO   ] time 1000
[15:45:38.954] [SEVERE ] updating countdown to 1000
[15:45:38.965] [INFO   ] time 1000
[15:45:38.966] [SEVERE ] updating countdown to 1000
[15:45:38.977] [INFO   ] time 1000
[15:45:38.978] [SEVERE ] updating countdown to 1000
[15:45:38.989] [INFO   ] time 1000
[15:45:38.990] [SEVERE ] updating countdown to 1000
[15:45:39.001] [SEVERE ] setting player 3 freeze to 2000
[15:45:39.001] [INFO   ] time 1000
[15:45:39.001] [SEVERE ] updating countdown to 1000
[15:45:39.012] [INFO   ] time 1000
[15:45:39.012] [SEVERE ] updating countdown to 1000
[15:45:39.023] [INFO   ] time 1000
[15:45:39.023] [SEVERE ] updating countdown to 1000
[15:45:39.034] [INFO   ] time 900
[15:45:39.045] [INFO   ] time 900
[15:45:39.055] [INFO   ] time 900
[15:45:39.066] [INFO   ] time 900
[15:45:39.077] [INFO   ] time 900
[15:45:39.088] [INFO   ] time 900
[15:45:39.099] [INFO   ] time 900
[15:45:39.110] [INFO   ] time 900
[15:45:39.121] [INFO   ] time 900
[15:45:39.132] [INFO   ] time 900
[15:45:39.142] [INFO   ] time 800
[15:45:39.153] [INFO   ] time 800
[15:45:39.165] [INFO   ] time 800
[15:45:39.176] [INFO   ] time 800
[15:45:39.187] [INFO   ] time 800
[15:45:39.198] [INFO   ] time 800
[15:45:39.209] [INFO   ] time 800
[15:45:39.220] [INFO   ] time 800
[15:45:39.231] [INFO   ] time 800
[15:45:39.242] [INFO   ] time 700
[15:45:39.253] [INFO   ] time 700
[15:45:39.264] [INFO   ] time 700
[15:45:39.275] [INFO   ] time 700
[15:45:39.286] [INFO   ] time 700
[15:45:39.297] [INFO   ] time 700
[15:45:39.308] [INFO   ] time 700
[15:45:39.319] [INFO   ] time 700
[15:45:39.330] [INFO   ] time 700
[15:45:39.340] [INFO   ] time 600
[15:45:39.352] [INFO   ] time 600
[15:45:39.363] [INFO   ] time 600
[15:45:39.373] [INFO   ] time 600
[15:45:39.384] [INFO   ] time 600
[15:45:39.395] [INFO   ] time 600
[15:45:39.405] [INFO   ] time 600
[15:45:39.416] [INFO   ] time 600
[15:45:39.427] [INFO   ] time 600
[15:45:39.438] [INFO   ] time 500
[15:45:39.449] [INFO   ] time 500
[15:45:39.459] [INFO   ] time 500
[15:45:39.470] [INFO   ] time 500
[15:45:39.481] [INFO   ] time 500
[15:45:39.492] [INFO   ] time 500
[15:45:39.502] [INFO   ] time 500
[15:45:39.513] [INFO   ] time 500
[15:45:39.524] [INFO   ] time 500
[15:45:39.534] [INFO   ] time 400
[15:45:39.546] [INFO   ] time 400
[15:45:39.556] [INFO   ] time 400
[15:45:39.567] [INFO   ] time 400
[15:45:39.578] [INFO   ] time 400
[15:45:39.588] [INFO   ] time 400
[15:45:39.599] [INFO   ] time 400
[15:45:39.610] [INFO   ] time 400
[15:45:39.621] [INFO   ] time 400
[15:45:39.632] [INFO   ] time 400
[15:45:39.643] [INFO   ] time 300
[15:45:39.654] [INFO   ] time 300
[15:45:39.665] [INFO   ] time 300
[15:45:39.676] [INFO   ] time 300
[15:45:39.687] [INFO   ] time 300
[15:45:39.698] [INFO   ] time 300
[15:45:39.709] [INFO   ] time 300
[15:45:39.720] [INFO   ] time 300
[15:45:39.732] [INFO   ] time 300
[15:45:39.742] [INFO   ] time 200
[15:45:39.753] [INFO   ] time 200
[15:45:39.765] [INFO   ] time 200
[15:45:39.776] [INFO   ] time 200
[15:45:39.787] [INFO   ] time 200
[15:45:39.798] [INFO   ] time 200
[15:45:39.809] [INFO   ] time 200
[15:45:39.819] [INFO   ] time 200
[15:45:39.830] [INFO   ] time 200
[15:45:39.841] [INFO   ] time 100
[15:45:39.852] [INFO   ] time 100
[15:45:39.862] [INFO   ] time 100
[15:45:39.873] [INFO   ] time 100
[15:45:39.884] [INFO   ] time 100
[15:45:39.894] [INFO   ] time 100
[15:45:39.905] [INFO   ] time 100
[15:45:39.915] [INFO   ] time 100
[15:45:39.926] [INFO   ] time 100
[15:45:39.937] [INFO   ] time 0
[15:45:39.937] [SEVERE ] updating countdown to 0
[15:45:39.948] [INFO   ] time 0
[15:45:39.948] [SEVERE ] updating countdown to 0
[15:45:39.959] [INFO   ] time 0
[15:45:39.960] [SEVERE ] updating countdown to 0
[15:45:39.970] [INFO   ] time 0
[15:45:39.971] [SEVERE ] updating countdown to 0
[15:45:39.982] [INFO   ] time 0
[15:45:39.982] [SEVERE ] updating countdown to 0
[15:45:40.002] [SEVERE ] setting player 3 freeze to 1000
[15:45:40.083] [SEVERE ] removing card from slot 0
[15:45:40.083] [SEVERE ] removing tokens from slot 0
[15:45:40.184] [SEVERE ] removing card from slot 1
[15:45:40.185] [SEVERE ] removing tokens from slot 1
[15:45:40.286] [SEVERE ] removing card from slot 2
[15:45:40.287] [SEVERE ] removing tokens from slot 2
[15:45:40.388] [SEVERE ] removing card from slot 3
[15:45:40.388] [SEVERE ] removing tokens from slot 3
[15:45:40.489] [SEVERE ] removing card from slot 4
[15:45:40.490] [SEVERE ] removing tokens from slot 4
[15:45:40.590] [SEVERE ] removing card from slot 5
[15:45:40.591] [SEVERE ] removing tokens from slot 5
[15:45:40.692] [SEVERE ] removing card from slot 6
[15:45:40.692] [SEVERE ] removing tokens from slot 6
[15:45:40.793] [SEVERE ] removing card from slot 7
[15:45:40.793] [SEVERE ] removing tokens from slot 7
[15:45:40.894] [SEVERE ] removing card from slot 8
[15:45:40.895] [SEVERE ] removing tokens from slot 8
[15:45:40.995] [SEVERE ] removing card from slot 9
[15:45:40.996] [SEVERE ] removing tokens from slot 9
[15:45:41.003] [SEVERE ] setting player 3 freeze to 0
[15:45:41.097] [SEVERE ] removing card from slot 10
[15:45:41.097] [SEVERE ] removing tokens from slot 10
[15:45:41.198] [SEVERE ] removing card from slot 11
[15:45:41.198] [SEVERE ] removing tokens from slot 11
[15:45:41.299] [SEVERE ] placing card 74 in slot 0
[15:45:41.400] [SEVERE ] placing card 3 in slot 1
[15:45:41.500] [SEVERE ] placing card 11 in slot 2
[15:45:41.601] [SEVERE ] placing card 40 in slot 3
[15:45:41.702] [SEVERE ] placing card 55 in slot 4
[15:45:41.803] [SEVERE ] placing card 46 in slot 5
[15:45:41.903] [SEVERE ] placing card 6 in slot 6
[15:45:42.004] [SEVERE ] placing card 54 in slot 7
[15:45:42.105] [SEVERE ] placing card 65 in slot 8
[15:45:42.206] [SEVERE ] placing card 47 in slot 9
[15:45:42.307] [SEVERE ] placing card 70 in slot 10
[15:45:42.407] [SEVERE ] placing card 24 in slot 11
[15:45:42.408] [SEVERE ] player 4 placing token on slot 8
[15:45:42.412] [SEVERE ] player 3 placing token on slot 8
[15:45:42.412] [SEVERE ] updating countdown to 19999
[15:45:43.409] [SEVERE ] player 4 placing token on slot 10
[15:45:43.409] [SEVERE ] player 3 placing token on slot 11
[15:45:43.419] [INFO   ] time 19000
[15:45:43.420] [SEVERE ] updating countdown to 19000
[15:45:44.409] [SEVERE ] removing player 4 token from slot 8
[15:45:44.409] [SEVERE ] player 3 placing token on slot 10
[15:45:44.411] [INFO   ] time 18000
[15:45:44.411] [SEVERE ] updating countdown to 18000
[15:45:44.412] [SEVERE ] setting player 3 freeze to 3000
[15:45:45.410] [SEVERE ] player 4 placing token on slot 1
[15:45:45.412] [INFO   ] time 17000
[15:45:45.413] [SEVERE ] updating countdown to 17000
[15:45:45.413] [SEVERE ] setting player 3 freeze to 2000
[15:45:46.410] [SEVERE ] player 4 placing token on slot 2
[15:45:46.411] [INFO   ] time 16000
[15:45:46.411] [SEVERE ] updating countdown to 16000
[15:45:46.411] [SEVERE ] setting player 4 freeze to 3000
[15:45:46.414] [SEVERE ] setting player 3 freeze to 1000
[15:45:47.412] [INFO   ] time 15000
[15:45:47.412] [SEVERE ] updating countdown to 15000
[15:45:47.412] [SEVERE ] setting player 4 freeze to 2000
[15:45:47.415] [SEVERE ] setting player 3 freeze to 0
[15:45:48.413] [INFO   ] time 14000
[15:45:48.413] [SEVERE ] updating countdown to 14000
[15:45:48.413] [SEVERE ] setting player 4 freeze to 1000
[15:45:49.414] [INFO   ] time 13000
[15:45:49.414] [SEVERE ] setting player 4 freeze to 0
[15:45:49.414] [SEVERE ] updating countdown to 13000
[15:45:50.417] [INFO   ] time 12000
[15:45:50.417] [SEVERE ] updating countdown to 12000
[15:45:51.417] [SEVERE ] removing player 4 token from slot 10
[15:45:51.418] [INFO   ] time 11000
[15:45:51.419] [SEVERE ] updating countdown to 11000
[15:45:52.417] [SEVERE ] player 4 placing token on slot 11
[15:45:52.418] [INFO   ] time 10000
[15:45:52.418] [SEVERE ] updating countdown to 10000
[15:45:52.418] [SEVERE ] setting player 4 freeze to 3000
[15:45:53.418] [INFO   ] time 9000
[15:45:53.419] [SEVERE ] updating countdown to 9000
[15:45:53.419] [SEVERE ] setting player 4 freeze to 2000
[15:45:54.420] [INFO   ] time 8000
[15:45:54.420] [SEVERE ] setting player 4 freeze to 1000
[15:45:54.420] [SEVERE ] updating countdown to 8000
[15:45:55.421] [SEVERE ] setting player 4 freeze to 0
[15:45:55.421] [INFO   ] time 7000
[15:45:55.422] [SEVERE ] updating countdown to 7000
[15:45:55.422] [SEVERE ] removing player 4 token from slot 11
[15:45:56.422] [SEVERE ] player 4 placing token on slot 0
[15:45:56.422] [INFO   ] time 6000
[15:45:56.423] [SEVERE ] updating countdown to 6000
[15:45:56.423] [SEVERE ] setting player 4 freeze to 3000
[15:45:57.423] [INFO   ] time 5000
[15:45:57.424] [SEVERE ] setting player 4 freeze to 2000
[15:45:57.424] [SEVERE ] updating countdown to 5000
[15:45:57.435] [INFO   ] time 5000
[15:45:57.436] [SEVERE ] updating countdown to 5000
[15:45:57.447] [INFO   ] time 5000
[15:45:57.447] [SEVERE ] updating countdown to 5000
[15:45:57.458] [INFO   ] time 5000
[15:45:57.459] [SEVERE ] updating countdown to 5000
[15:45:57.469] [INFO   ] time 4900
[15:45:57.480] [INFO   ] time 4900
[15:45:57.491] [INFO   ] time 4900
[15:45:57.502] [INFO   ] time 4900
[15:45:57.512] [INFO   ] time 4900
[15:45:57.523] [INFO   ] time 4900
[15:45:57.533] [INFO   ] time 4900
[15:45:57.544] [INFO   ] time 4900
[15:45:57.554] [INFO   ] time 4900
[15:45:57.565] [INFO   ] time 4900
[15:45:57.576] [INFO   ] time 4800
[15:45:57.587] [INFO   ] time 4800
[15:45:57.598] [INFO   ] time 4800
[15:45:57.609] [INFO   ] time 4800
[15:45:57.620] [INFO   ] time 4800
[15:45:57.631] [INFO   ] time 4800
[15:45:57.641] [INFO   ] time 4800
[15:45:57.652] [INFO   ] time 4800
[15:45:57.663] [INFO   ] time 4800
[15:45:57.674] [INFO   ] time 4700
[15:45:57.684] [INFO   ] time 4700
[15:45:57.695] [INFO   ] time 4700
[15:45:57.706] [INFO   ] time 4700
[15:45:57.717] [INFO   ] time 4700
[15:45:57.727] [INFO   ] time 4700
[15:45:57.738] [INFO   ] time 4700
[15:45:57.748] [INFO   ] time 4700
[15:45:57.759] [INFO   ] time 4700
[15:45:57.769] [INFO   ] time 4600
[15:45:57.780] [INFO   ] time 4600
[15:45:57.790] [INFO   ] time 4600
[15:45:57.801] [INFO   ] time 4600
[15:45:57.811] [INFO   ] time 4600
[15:45:57.821] [INFO   ] time 4600
[15:45:57.832] [INFO   ] time 4600
[15:45:57.842] [INFO   ] time 4600
[15:45:57.853] [INFO   ] time 4600
[15:45:57.863] [INFO   ] time 4600
[15:45:57.874] [INFO   ] time 4500
[15:45:57.885] [INFO   ] time 4500
[15:45:57.895] [INFO   ] time 4500
[15:45:57.905] [INFO   ] time 4500
[15:45:57.916] [INFO   ] time 4500
[15:45:57.926] [INFO   ] time 4500
[15:45:57.936] [INFO   ] time 4500
[15:45:57.947] [INFO   ] time 4500
[15:45:57.957] [INFO   ] time 4500
[15:45:57.968] [INFO   ] time 4500
[15:45:57.979] [INFO   ] time 4400
[15:45:57.989] [INFO   ] time 4400
[15:45:58.000] [INFO   ] time 4400
[15:45:58.010] [INFO   ] time 4400
[15:45:58.021] [INFO   ] time 4400
[15:45:58.031] [INFO   ] time 4400
[15:45:58.042] [INFO   ] time 4400
[15:45:58.052] [INFO   ] time 4400
[15:45:58.063] [INFO   ] time 4400
[15:45:58.074] [INFO   ] time 4300
[15:45:58.084] [INFO   ] time 4300
[15:45:58.095] [INFO   ] time 4300
[15:45:58.105] [INFO   ] time 4300
[15:45:58.116] [INFO   ] time 4300
[15:45:58.126] [INFO   ] time 4300
[15:45:58.137] [INFO   ] time 4300
[15:45:58.147] [INFO   ] time 4300
[15:45:58.158] [INFO   ] time 4300
[15:45:58.169] [INFO   ] time 4200
[15:45:58.180] [INFO   ] time 4200
[15:45:58.190] [INFO   ] time 4200
[15:45:58.201] [INFO   ] time 4200
[15:45:58.212] [INFO   ] time 4200
[15:45:58.223] [INFO   ] time 4200
[15:45:58.233] [INFO   ] time 4200
[15:45:58.244] [INFO   ] time 4200
[15:45:58.255] [INFO   ] time 4200
[15:45:58.265] [INFO   ] time 4200
[15:45:58.276] [INFO   ] time 4100
[15:45:58.287] [INFO   ] time 4100
[15:45:58.297] [INFO   ] time 4100
[15:45:58.308] [INFO   ] time 4100
[15:45:58.319] [INFO   ] time 4100
[15:45:58.329] [INFO   ] time 4100
[15:45:58.340] [INFO   ] time 4100
[15:45:58.350] [INFO   ] time 4100
[15:45:58.361] [INFO   ] time 4100
[15:45:58.371] [INFO   ] time 4000
[15:45:58.372] [SEVERE ] updating countdown to 4000
[15:45:58.382] [INFO   ] time 4000
[15:45:58.383] [SEVERE ] updating countdown to 4000
[15:45:58.393] [INFO   ] time 4000
[15:45:58.394] [SEVERE ] updating countdown to 4000
[15:45:58.404] [INFO   ] time 4000
[15:45:58.405] [SEVERE ] updating countdown to 4000
[15:45:58.415] [INFO   ] time 4000
[15:45:58.416] [SEVERE ] updating countdown to 4000
[15:45:58.418] [SEVERE ] removing player 3 token from slot 10
[15:45:58.424] [SEVERE ] setting player 4 freeze to 1000
[15:45:58.426] [INFO   ] time 4000
[15:45:58.427] [SEVERE ] updating countdown to 4000
[15:45:58.437] [INFO   ] time 4000
[15:45:58.438] [SEVERE ] updating countdown to 4000
[15:45:58.449] [INFO   ] time 4000
[15:45:58.449] [SEVERE ] updating countdown to 4000
[15:45:58.459] [INFO   ] time 4000
[15:45:58.460] [SEVERE ] updating countdown to 4000
[15:45:58.470] [INFO   ] time 3900
[15:45:58.481] [INFO   ] time 3900
[15:45:58.491] [INFO   ] time 3900
[15:45:58.502] [INFO   ] time 3900
[15:45:58.512] [INFO   ] time 3900
[15:45:58.523] [INFO   ] time 3900
[15:45:58.533] [INFO   ] time 3900
[15:45:58.544] [INFO   ] time 3900
[15:45:58.554] [INFO   ] time 3900
[15:45:58.565] [INFO   ] time 3900
[15:45:58.576] [INFO   ] time 3800
[15:45:58.586] [INFO   ] time 3800
[15:45:58.597] [INFO   ] time 3800
[15:45:58.608] [INFO   ] time 3800
[15:45:58.618] [INFO   ] time 3800
[15:45:58.629] [INFO   ] time 3800
[15:45:58.639] [INFO   ] time 3800
[15:45:58.650] [INFO   ] time 3800
[15:45:58.660] [INFO   ] time 3800
[15:45:58.670] [INFO   ] time 3700
[15:45:58.681] [INFO   ] time 3700
[15:45:58.691] [INFO   ] time 3700
[15:45:58.702] [INFO   ] time 3700
[15:45:58.712] [INFO   ] time 3700
[15:45:58.723] [INFO   ] time 3700
[15:45:58.733] [INFO   ] time 3700
[15:45:58.744] [INFO   ] time 3700
[15:45:58.754] [INFO   ] time 3700
[15:45:58.764] [INFO   ] time 3700
[15:45:58.775] [INFO   ] time 3600
[15:45:58.786] [INFO   ] time 3600
[15:45:58.797] [INFO   ] time 3600
[15:45:58.807] [INFO   ] time 3600
[15:45:58.818] [INFO   ] time 3600
[15:45:58.828] [INFO   ] time 3600
[15:45:58.838] [INFO   ] time 3600
[15:45:58.849] [INFO   ] time 3600
[15:45:58.860] [INFO   ] time 3600
[15:45:58.870] [INFO   ] time 3500
[15:45:58.881] [INFO   ] time 3500
[15:45:58.891] [INFO   ] time 3500
[15:45:58.902] [INFO   ] time 3500
[15:45:58.913] [INFO   ] time 3500
[15:45:58.923] [INFO   ] time 3500
[15:45:58.934] [INFO   ] time 3500
[15:45:58.945] [INFO   ] time 3500
[15:45:58.956] [INFO   ] time 3500
[15:45:58.966] [INFO   ] time 3500
[15:45:58.977] [INFO   ] time 3400
[15:45:58.987] [INFO   ] time 3400
[15:45:58.998] [INFO   ] time 3400
[15:45:59.008] [INFO   ] time 3400
[15:45:59.019] [INFO   ] time 3400
[15:45:59.030] [INFO   ] time 3400
[15:45:59.040] [INFO   ] time 3400
[15:45:59.051] [INFO   ] time 3400
[15:45:59.061] [INFO   ] time 3400
[15:45:59.072] [INFO   ] time 3300
[15:45:59.082] [INFO   ] time 3300
[15:45:59.093] [INFO   ] time 3300
[15:45:59.103] [INFO   ] time 3300
[15:45:59.114] [INFO   ] time 3300
[15:45:59.125] [INFO   ] time 3300
[15:45:59.135] [INFO   ] time 3300
[15:45:59.146] [INFO   ] time 3300
[15:45:59.157] [INFO   ] time 3300
[15:45:59.168] [INFO   ] time 3300
[15:45:59.178] [INFO   ] time 3200
[15:45:59.189] [INFO   ] time 3200
[15:45:59.200] [INFO   ] time 3200
[15:45:59.211] [INFO   ] time 3200
[15:45:59.222] [INFO   ] time 3200
[15:45:59.232] [INFO   ] time 3200
[15:45:59.243] [INFO   ] time 3200
[15:45:59.253] [INFO   ] time 3200
[15:45:59.264] [INFO   ] time 3200
[15:45:59.275] [INFO   ] time 3100
[15:45:59.286] [INFO   ] time 3100
[15:45:59.296] [INFO   ] time 3100
[15:45:59.307] [INFO   ] time 3100
[15:45:59.318] [INFO   ] time 3100
[15:45:59.329] [INFO   ] time 3100
[15:45:59.339] [INFO   ] time 3100
[15:45:59.350] [INFO   ] time 3100
[15:45:59.361] [INFO   ] time 3100
[15:45:59.371] [INFO   ] time 3000
[15:45:59.372] [SEVERE ] updating countdown to 3000
[15:45:59.383] [INFO   ] time 3000
[15:45:59.383] [SEVERE ] updating countdown to 3000
[15:45:59.394] [INFO   ] time 3000
[15:45:59.394] [SEVERE ] updating countdown to 3000
[15:45:59.404] [INFO   ] time 3000
[15:45:59.405] [SEVERE ] updating countdown to 3000
[15:45:59.415] [INFO   ] time 3000
[15:45:59.416] [SEVERE ] updating countdown to 3000
[15:45:59.419] [SEVERE ] player 3 placing token on slot 4
[15:45:59.419] [INFO   ] time 3000
[15:45:59.419] [SEVERE ] updating countdown to 3000
[15:45:59.420] [SEVERE ] setting player 3 freeze to 3000
[15:45:59.425] [SEVERE ] setting player 4 freeze to 0
[15:45:59.430] [INFO   ] time 3000
[15:45:59.430] [SEVERE ] updating countdown to 3000
[15:45:59.441] [INFO   ] time 3000
[15:45:59.442] [SEVERE ] updating countdown to 3000
[15:45:59.452] [INFO   ] time 3000
[15:45:59.452] [SEVERE ] updating countdown to 3000
[15:45:59.463] [INFO   ] time 3000
[15:45:59.463] [SEVERE ] updating countdown to 3000
[15:45:59.474] [INFO   ] time 2900
[15:45:59.485] [INFO   ] time 2900
[15:45:59.496] [INFO   ] time 2900
[15:45:59.506] [INFO   ] time 2900
[15:45:59.517] [INFO   ] time 2900
[15:45:59.528] [INFO   ] time 2900
[15:45:59.539] [INFO   ] time 2900
[15:45:59.550] [INFO   ] time 2900
[15:45:59.561] [INFO   ] time 2900
[15:45:59.572] [INFO   ] time 2800
[15:45:59.583] [INFO   ] time 2800
[15:45:59.595] [INFO   ] time 2800
[15:45:59.606] [INFO   ] time 2800
[15:45:59.617] [INFO   ] time 2800
[15:45:59.628] [INFO   ] time 2800
[15:45:59.639] [INFO   ] time 2800
[15:45:59.650] [INFO   ] time 2800
[15:45:59.661] [INFO   ] time 2800
[15:45:59.672] [INFO   ] time 2700
[15:45:59.683] [INFO   ] time 2700
[15:45:59.694] [INFO   ] time 2700
[15:45:59.706] [INFO   ] time 2700
[15:45:59.717] [INFO   ] time 2700
[15:45:59.728] [INFO   ] time 2700
[15:45:59.739] [INFO   ] time 2700
[15:45:59.751] [INFO   ] time 2700
[15:45:59.762] [INFO   ] time 2700
[15:45:59.774] [INFO   ] time 2600
[15:45:59.785] [INFO   ] time 2600
[15:45:59.796] [INFO   ] time 2600
[15:45:59.807] [INFO   ] time 2600
[15:45:59.819] [INFO   ] time 2600
[15:45:59.830] [INFO   ] time 2600
[15:45:59.841] [INFO   ] time 2600
[15:45:59.853] [INFO   ] time 2600
[15:45:59.864] [INFO   ] time 2600
[15:45:59.875] [INFO   ] time 2500
[15:45:59.887] [INFO   ] time 2500
[15:45:59.898] [INFO   ] time 2500
[15:45:59.909] [INFO   ] time 2500
[15:45:59.920] [INFO   ] time 2500
[15:45:59.931] [INFO   ] time 2500
[15:45:59.942] [INFO   ] time 2500
[15:45:59.953] [INFO   ] time 2500
[15:45:59.965] [INFO   ] time 2500
[15:45:59.976] [INFO   ] time 2400
[15:45:59.987] [INFO   ] time 2400
[15:45:59.998] [INFO   ] time 2400
[15:46:00.008] [INFO   ] time 2400
[15:46:00.019] [INFO   ] time 2400
[15:46:00.031] [INFO   ] time 2400
[15:46:00.042] [INFO   ] time 2400
[15:46:00.053] [INFO   ] time 2400
[15:46:00.064] [INFO   ] time 2400
[15:46:00.075] [INFO   ] time 2300
[15:46:00.085] [INFO   ] time 2300
[15:46:00.096] [INFO   ] time 2300
[15:46:00.107] [INFO   ] time 2300
[15:46:00.118] [INFO   ] time 2300
[15:46:00.129] [INFO   ] time 2300
[15:46:00.140] [INFO   ] time 2300
[15:46:00.151] [INFO   ] time 2300
[15:46:00.161] [INFO   ] time 2300
[15:46:00.172] [INFO   ] time 2200
[15:46:00.184] [INFO   ] time 2200
[15:46:00.195] [INFO   ] time 2200
[15:46:00.206] [INFO   ] time 2200
[15:46:00.217] [INFO   ] time 2200
[15:46:00.227] [INFO   ] time 2200
[15:46:00.238] [INFO   ] time 2200
[15:46:00.249] [INFO   ] time 2200
[15:46:00.260] [INFO   ] time 2200
[15:46:00.271] [INFO   ] time 2100
[15:46:00.282] [INFO   ] time 2100
[15:46:00.293] [INFO   ] time 2100
[15:46:00.304] [INFO   ] time 2100
[15:46:00.315] [INFO   ] time 2100
[15:46:00.326] [INFO   ] time 2100
[15:46:00.337] [INFO   ] time 2100
[15:46:00.348] [INFO   ] time 2100
[15:46:00.359] [INFO   ] time 2100
[15:46:00.370] [INFO   ] time 2000
[15:46:00.370] [SEVERE ] updating countdown to 2000
[15:46:00.381] [INFO   ] time 2000
[15:46:00.382] [SEVERE ] updating countdown to 2000
[15:46:00.392] [INFO   ] time 2000
[15:46:00.393] [SEVERE ] updating countdown to 2000
[15:46:00.403] [INFO   ] time 2000
[15:46:00.404] [SEVERE ] updating countdown to 2000
[15:46:00.414] [INFO   ] time 2000
[15:46:00.415] [SEVERE ] updating countdown to 2000
[15:46:00.421] [SEVERE ] setting player 3 freeze to 2000
[15:46:00.425] [INFO   ] time 2000
[15:46:00.425] [SEVERE ] updating countdown to 2000
[15:46:00.436] [INFO   ] time 2000
[15:46:00.436] [SEVERE ] updating countdown to 2000
[15:46:00.447] [INFO   ] time 2000
[15:46:00.447] [SEVERE ] updating countdown to 2000
[15:46:00.458] [INFO   ] time 2000
[15:46:00.458] [SEVERE ] updating countdown to 2000
[15:46:00.469] [INFO   ] time 1900
[15:46:00.479] [INFO   ] time 1900
[15:46:00.490] [INFO   ] time 1900
[15:46:00.500] [INFO   ] time 1900
[15:46:00.511] [INFO   ] time 1900
[15:46:00.521] [INFO   ] time 1900
[15:46:00.532] [INFO   ] time 1900
[15:46:00.542] [INFO   ] time 1900
[15:46:00.553] [INFO   ] time 1900
[15:46:00.564] [INFO   ] time 1900
[15:46:00.574] [INFO   ] time 1800
[15:46:00.585] [INFO   ] time 1800
[15:46:00.596] [INFO   ] time 1800
[15:46:00.606] [INFO   ] time 1800
[15:46:00.617] [INFO   ] time 1800
[15:46:00.628] [INFO   ] time 1800
[15:46:00.638] [INFO   ] time 1800
[15:46:00.649] [INFO   ] time 1800
[15:46:00.660] [INFO   ] time 1800
[15:46:00.671] [INFO   ] time 1700
[15:46:00.682] [INFO   ] time 1700
[15:46:00.692] [INFO   ] time 1700
[15:46:00.703] [INFO   ] time 1700
[15:46:00.714] [INFO   ] time 1700
[15:46:00.724] [INFO   ] time 1700
[15:46:00.735] [INFO   ] time 1700
[15:46:00.745] [INFO   ] time 1700
[15:46:00.756] [INFO   ] time 1700
[15:46:00.767] [INFO   ] time 1700
[15:46:00.777] [INFO   ] time 1600
[15:46:00.788] [INFO   ] time 1600
[15:46:00.798] [INFO   ] time 1600
[15:46:00.809] [INFO   ] time 1600
[15:46:00.820] [INFO   ] time 1600
[15:46:00.830] [INFO   ] time 1600
[15:46:00.841] [INFO   ] time 1600
[15:46:00.852] [INFO   ] time 1600
[15:46:00.862] [INFO   ] time 1600
[15:46:00.877] [INFO   ] time 1500
[15:46:00.888] [INFO   ] time 1500
[15:46:00.899] [INFO   ] time 1500
[15:46:00.910] [INFO   ] time 1500
[15:46:00.920] [INFO   ] time 1500
[15:46:00.931] [INFO   ] time 1500
[15:46:00.941] [INFO   ] time 1500
[15:46:00.952] [INFO   ] time 1500
[15:46:00.962] [INFO   ] time 1500
[15:46:00.973] [INFO   ] time 1400
[15:46:00.983] [INFO   ] time 1400
[15:46:00.994] [INFO   ] time 1400
[15:46:01.004] [INFO   ] time 1400
[15:46:01.014] [INFO   ] time 1400
[15:46:01.025] [INFO   ] time 1400
[15:46:01.035] [INFO   ] time 1400
[15:46:01.046] [INFO   ] time 1400
[15:46:01.056] [INFO   ] time 1400
[15:46:01.067] [INFO   ] time 1400
[15:46:01.077] [INFO   ] time 1300
[15:46:01.088] [INFO   ] time 1300
[15:46:01.098] [INFO   ] time 1300
[15:46:01.109] [INFO   ] time 1300
[15:46:01.119] [INFO   ] time 1300
[15:46:01.130] [INFO   ] time 1300
[15:46:01.140] [INFO   ] time 1300
[15:46:01.151] [INFO   ] time 1300
[15:46:01.162] [INFO   ] time 1300
[15:46:01.172] [INFO   ] time 1200
[15:46:01.183] [INFO   ] time 1200
[15:46:01.193] [INFO   ] time 1200
[15:46:01.204] [INFO   ] time 1200
[15:46:01.214] [INFO   ] time 1200
[15:46:01.224] [INFO   ] time 1200
[15:46:01.235] [INFO   ] time 1200
[15:46:01.245] [INFO   ] time 1200
[15:46:01.256] [INFO   ] time 1200
[15:46:01.267] [INFO   ] time 1200
[15:46:01.278] [INFO   ] time 1100
[15:46:01.288] [INFO   ] time 1100
[15:46:01.299] [INFO   ] time 1100
[15:46:01.309] [INFO   ] time 1100
[15:46:01.320] [INFO   ] time 1100
[15:46:01.330] [INFO   ] time 1100
[15:46:01.340] [INFO   ] time 1100
[15:46:01.351] [INFO   ] time 1100
[15:46:01.362] [INFO   ] time 1100
[15:46:01.373] [INFO   ] time 1000
[15:46:01.374] [SEVERE ] updating countdown to 1000
[15:46:01.384] [INFO   ] time 1000
[15:46:01.385] [SEVERE ] updating countdown to 1000
[15:46:01.395] [INFO   ] time 1000
[15:46:01.395] [SEVERE ] updating countdown to 1000
[15:46:01.406] [INFO   ] time 1000
[15:46:01.406] [SEVERE ] updating countdown to 1000
[15:46:01.417] [INFO   ] time 1000
[15:46:01.417] [SEVERE ] updating countdown to 1000
[15:46:01.421] [SEVERE ] setting player 3 freeze to 1000
[15:46:01.426] [SEVERE ] removing player 4 token from slot 0
[15:46:01.428] [INFO   ] time 1000
[15:46:01.429] [SEVERE ] updating countdown to 1000
[15:46:01.440] [INFO   ] time 1000
[15:46:01.441] [SEVERE ] updating countdown to 1000
[15:46:01.451] [INFO   ] time 1000
[15:46:01.453] [SEVERE ] updating countdown to 1000
[15:46:01.464] [INFO   ] time 1000
[15:46:01.464] [SEVERE ] updating countdown to 1000
[15:46:01.475] [INFO   ] time 900
[15:46:01.486] [INFO   ] time 900
[15:46:01.498] [INFO   ] time 900
[15:46:01.509] [INFO   ] time 900
[15:46:01.519] [INFO   ] time 900
[15:46:01.530] [INFO   ] time 900
[15:46:01.541] [INFO   ] time 900
[15:46:01.552] [INFO   ] time 900
[15:46:01.563] [INFO   ] time 900
[15:46:01.574] [INFO   ] time 800
[15:46:01.584] [INFO   ] time 800
[15:46:01.595] [INFO   ] time 800
[15:46:01.606] [INFO   ] time 800
[15:46:01.617] [INFO   ] time 800
[15:46:01.628] [INFO   ] time 800
[15:46:01.639] [INFO   ] time 800
[15:46:01.649] [INFO   ] time 800
[15:46:01.660] [INFO   ] time 800
[15:46:01.671] [INFO   ] time 700
[15:46:01.682] [INFO   ] time 700
[15:46:01.693] [INFO   ] time 700
[15:46:01.704] [INFO   ] time 700
[15:46:01.715] [INFO   ] time 700
[15:46:01.726] [INFO   ] time 700
[15:46:01.736] [INFO   ] time 700
[15:46:01.747] [INFO   ] time 700
[15:46:01.759] [INFO   ] time 700
[15:46:01.769] [INFO   ] time 600
[15:46:01.780] [INFO   ] time 600
[15:46:01.791] [INFO   ] time 600
[15:46:01.801] [INFO   ] time 600
[15:46:01.813] [INFO   ] time 600
[15:46:01.823] [INFO   ] time 600
[15:46:01.834] [INFO   ] time 600
[15:46:01.845] [INFO   ] time 600
[15:46:01.856] [INFO   ] time 600
[15:46:01.867] [INFO   ] time 600
[15:46:01.878] [INFO   ] time 500
[15:46:01.889] [INFO   ] time 500
[15:46:01.899] [INFO   ] time 500
[15:46:01.910] [INFO   ] time 500
[15:46:01.921] [INFO   ] time 500
[15:46:01.932] [INFO   ] time 500
[15:46:01.943] [INFO   ] time 500
[15:46:01.953] [INFO   ] time 500
[15:46:01.964] [INFO   ] time 500
[15:46:01.975] [INFO   ] time 400
[15:46:01.986] [INFO   ] time 400
[15:46:01.996] [INFO   ] time 400
[15:46:02.007] [INFO   ] time 400
[15:46:02.018] [INFO   ] time 400
[15:46:02.029] [INFO   ] time 400
[15:46:02.040] [INFO   ] time 400
[15:46:02.051] [INFO   ] time 400
[15:46:02.062] [INFO   ] time 400
[15:46:02.073] [INFO   ] time 300
[15:46:02.083] [INFO   ] time 300
[15:46:02.094] [INFO   ] time 300
[15:46:02.105] [INFO   ] time 300
[15:46:02.116] [INFO   ] time 300
[15:46:02.127] [INFO   ] time 300
[15:46:02.138] [INFO   ] time 300
[15:46:02.149] [INFO   ] time 300
[15:46:02.160] [INFO   ] time 300
[15:46:02.171] [INFO   ] time 200
[15:46:02.181] [INFO   ] time 200
[15:46:02.193] [INFO   ] time 200
[15:46:02.203] [INFO   ] time 200
[15:46:02.214] [INFO   ] time 200
[15:46:02.225] [INFO   ] time 200
[15:46:02.236] [INFO   ] time 200
[15:46:02.247] [INFO   ] time 200
[15:46:02.258] [INFO   ] time 200
[15:46:02.269] [INFO   ] time 100
[15:46:02.280] [INFO   ] time 100
[15:46:02.290] [INFO   ] time 100
[15:46:02.301] [INFO   ] time 100
[15:46:02.312] [INFO   ] time 100
[15:46:02.322] [INFO   ] time 100
[15:46:02.333] [INFO   ] time 100
[15:46:02.344] [INFO   ] time 100
[15:46:02.355] [INFO   ] time 100
[15:46:02.366] [INFO   ] time 100
[15:46:02.376] [INFO   ] time 0
[15:46:02.377] [SEVERE ] updating countdown to 0
[15:46:02.388] [INFO   ] time 0
[15:46:02.388] [SEVERE ] updating countdown to 0
[15:46:02.399] [INFO   ] time 0
[15:46:02.399] [SEVERE ] updating countdown to 0
[15:46:02.409] [INFO   ] time 0
[15:46:02.410] [SEVERE ] updating countdown to 0
[15:46:02.421] [INFO   ] time 0
[15:46:02.421] [SEVERE ] updating countdown to 0
[15:46:02.422] [SEVERE ] setting player 3 freeze to 0
[15:46:02.522] [SEVERE ] removing card from slot 0
[15:46:02.523] [SEVERE ] removing tokens from slot 0
[15:46:02.623] [SEVERE ] removing card from slot 1
[15:46:02.624] [SEVERE ] removing tokens from slot 1
[15:46:02.724] [SEVERE ] removing card from slot 2
[15:46:02.725] [SEVERE ] removing tokens from slot 2
[15:46:02.732] [SEVERE ] exit button pressed
[15:46:02.733] [SEVERE ] removing card from slot 3
[15:46:02.733] [SEVERE ] removing tokens from slot 3
[15:46:02.834] [SEVERE ] removing card from slot 4
[15:46:02.835] [SEVERE ] removing tokens from slot 4
[15:46:02.936] [SEVERE ] removing card from slot 5
[15:46:02.937] [SEVERE ] removing tokens from slot 5
[15:46:03.038] [SEVERE ] removing card from slot 6
[15:46:03.039] [SEVERE ] removing tokens from slot 6
[15:46:03.141] [SEVERE ] removing card from slot 7
[15:46:03.141] [SEVERE ] removing tokens from slot 7
[15:46:03.241] [SEVERE ] removing card from slot 8
[15:46:03.242] [SEVERE ] removing tokens from slot 8
[15:46:03.343] [SEVERE ] removing card from slot 9
[15:46:03.343] [SEVERE ] removing tokens from slot 9
[15:46:03.443] [SEVERE ] removing card from slot 10
[15:46:03.444] [SEVERE ] removing tokens from slot 10
[15:46:03.545] [SEVERE ] removing card from slot 11
[15:46:03.545] [SEVERE ] removing tokens from slot 11
[15:46:03.547] [SEVERE ] announcing winner(s): player 1, player 2, player 3, player 4
[15:46:03.550] [INFO   ] thread computer-3 terminated.
[15:46:03.550] [INFO   ] thread Thread-4 terminated.
[15:46:03.551] [INFO   ] thread computer-2 terminated.
[15:46:03.552] [INFO   ] thread Thread-3 terminated.
[15:46:03.553] [INFO   ] thread Thread-2 terminated.
[15:46:03.553] [INFO   ] thread Thread-1 terminated.
[15:46:03.554] [INFO   ] thread dealer terminated.
[15:46:03.554] [INFO   ] thread dealer terminated.
[15:46:03.554] [SEVERE ] thanks for playing... it was fun!
[15:46:03.555] [INFO   ] thread bguspl.set.Main.main() terminated.
