[14:13:25.287] [INFO   ] thread bguspl.set.Main.main() starting.
[14:13:25.302] [SEVERE ] cannot read configuration file config.properties trying from resources.
[14:13:25.310] [SEVERE ] configuration file was loaded from resources directory.
[14:13:26.945] [INFO   ] thread dealer starting.
[14:13:26.946] [INFO   ] thread dealer starting.
[14:13:26.948] [INFO   ] thread Thread-1 starting.
[14:13:26.948] [INFO   ] thread Thread-4 starting.
[14:13:26.948] [INFO   ] thread Thread-3 starting.
[14:13:26.948] [INFO   ] thread Thread-2 starting.
[14:13:26.952] [INFO   ] im player 2 entering return
[14:13:26.951] [INFO   ] thread computer-2 starting.
[14:13:26.951] [INFO   ] im player 3 entering return
[14:13:26.950] [INFO   ] thread computer-3 starting.
[14:13:26.950] [INFO   ] im player 4 entering return
[14:13:26.949] [INFO   ] im player 1 entering return
[14:13:26.952] [INFO   ] im player 2 waiting for dealer true
[14:13:26.956] [INFO   ] im player 1 waiting for dealer true
[14:13:26.957] [INFO   ] im player 4 waiting for dealer true
[14:13:26.958] [INFO   ] im player 3 waiting for dealer true
[14:13:27.060] [SEVERE ] placing card 52 in slot 0
[14:13:27.161] [SEVERE ] placing card 1 in slot 1
[14:13:27.262] [SEVERE ] placing card 38 in slot 2
[14:13:27.363] [SEVERE ] placing card 33 in slot 3
[14:13:27.464] [SEVERE ] placing card 51 in slot 4
[14:13:27.566] [SEVERE ] placing card 64 in slot 5
[14:13:27.667] [SEVERE ] placing card 58 in slot 6
[14:13:27.769] [SEVERE ] placing card 3 in slot 7
[14:13:27.870] [SEVERE ] placing card 56 in slot 8
[14:13:27.971] [SEVERE ] placing card 32 in slot 9
[14:13:28.072] [SEVERE ] placing card 20 in slot 10
[14:13:28.173] [SEVERE ] placing card 45 in slot 11
[14:13:28.186] [INFO   ] im player 2 exit return
[14:13:28.186] [SEVERE ] updating countdown to 19999
[14:13:28.186] [INFO   ] im player 3 exit return
[14:13:28.188] [INFO   ] player 3 waiting for queue 1
[14:13:28.186] [INFO   ] im player 1 exit return
[14:13:28.189] [INFO   ] player 1 waiting for queue 0
[14:13:28.186] [INFO   ] im player 4 exit return
[14:13:28.188] [INFO   ] player 3 out queue 0
[14:13:28.188] [SEVERE ] updating countdown to 19999
[14:13:28.191] [INFO   ] dealer have table
[14:13:28.186] [INFO   ] player 2 waiting for queue 0
[14:13:28.191] [SEVERE ] player 3 placing token on slot 4
[14:13:28.190] [INFO   ] player 4 waiting for queue 1
[14:13:28.193] [INFO   ] im player 3 entering return
[14:13:28.193] [INFO   ] player 4 out queue 0
[14:13:28.194] [INFO   ] im player 3 exit return
[14:13:28.195] [SEVERE ] player 4 placing token on slot 7
[14:13:28.196] [INFO   ] player 3 waiting for queue 0
[14:13:28.197] [INFO   ] im player 4 entering return
[14:13:28.199] [INFO   ] im player 4 exit return
[14:13:28.202] [INFO   ] player 4 waiting for queue 0
[14:13:29.175] [INFO   ] player 3 out queue 0
[14:13:29.175] [INFO   ] player 4 out queue 0
[14:13:29.175] [SEVERE ] player 3 placing token on slot 7
[14:13:29.177] [INFO   ] im player 3 entering return
[14:13:29.177] [SEVERE ] removing player 4 token from slot 7
[14:13:29.177] [INFO   ] im player 3 exit return
[14:13:29.178] [INFO   ] im player 4 entering return
[14:13:29.178] [INFO   ] player 3 waiting for queue 0
[14:13:29.178] [INFO   ] im player 4 exit return
[14:13:29.179] [INFO   ] player 4 waiting for queue 0
[14:13:29.192] [SEVERE ] updating countdown to 18995
[14:13:29.193] [INFO   ] im dealer i'm checking for sets now and queue size is 0
[14:13:29.193] [INFO   ] dealer have table
[14:13:29.193] [INFO   ] dealer realese table
[14:13:29.194] [SEVERE ] updating countdown to 18993
[14:13:29.195] [INFO   ] dealer have table
[14:13:30.175] [INFO   ] player 4 out queue 0
[14:13:30.175] [INFO   ] player 3 out queue 0
[14:13:30.176] [SEVERE ] player 3 placing token on slot 5
[14:13:30.176] [SEVERE ] player 4 placing token on slot 9
[14:13:30.177] [INFO   ] player 3 in claims 1
[14:13:30.177] [INFO   ] im player 4 entering return
[14:13:30.178] [INFO   ] player 3 has table
[14:13:30.178] [INFO   ] im player 4 exit return
[14:13:30.178] [SEVERE ] updating countdown to 18009
[14:13:30.179] [INFO   ] im dealer i'm checking for sets now and queue size is 1
[14:13:30.179] [INFO   ] player 4 waiting for queue 0
[14:13:30.180] [INFO   ] dealer have table
[14:13:30.180] [INFO   ] took 3out of claims for a check
[14:13:30.181] [INFO   ] dealer realese table
[14:13:30.181] [SEVERE ] updating countdown to 18006
[14:13:30.181] [INFO   ] player 3 wait table
[14:13:30.182] [INFO   ] player 3 realese table
[14:13:30.182] [INFO   ] dealer have table
[14:13:30.182] [SEVERE ] setting player 3 freeze to 3000
[14:13:31.175] [INFO   ] player 4 out queue 0
[14:13:31.176] [SEVERE ] player 4 placing token on slot 5
[14:13:31.177] [INFO   ] im player 4 entering return
[14:13:31.177] [INFO   ] im player 4 exit return
[14:13:31.178] [INFO   ] player 4 waiting for queue 0
[14:13:31.184] [SEVERE ] updating countdown to 17003
[14:13:31.185] [SEVERE ] setting player 3 freeze to 2000
[14:13:31.185] [INFO   ] im dealer i'm checking for sets now and queue size is 0
[14:13:31.186] [INFO   ] dealer have table
[14:13:31.186] [INFO   ] dealer realese table
[14:13:31.186] [SEVERE ] updating countdown to 17001
[14:13:31.187] [INFO   ] dealer have table
[14:13:32.175] [INFO   ] player 4 out queue 0
[14:13:32.176] [SEVERE ] player 4 placing token on slot 4
[14:13:32.177] [INFO   ] player 4 in claims 1
[14:13:32.177] [INFO   ] player 4 has table
[14:13:32.178] [SEVERE ] updating countdown to 16009
[14:13:32.178] [INFO   ] im dealer i'm checking for sets now and queue size is 1
[14:13:32.179] [INFO   ] dealer have table
[14:13:32.179] [INFO   ] took 4out of claims for a check
[14:13:32.180] [INFO   ] dealer realese table
[14:13:32.180] [SEVERE ] updating countdown to 16007
[14:13:32.180] [INFO   ] player 4 wait table
[14:13:32.181] [INFO   ] player 4 realese table
[14:13:32.182] [SEVERE ] setting player 4 freeze to 3000
[14:13:32.182] [INFO   ] dealer have table
[14:13:32.185] [SEVERE ] setting player 3 freeze to 1000
[14:13:33.183] [SEVERE ] setting player 4 freeze to 2000
[14:13:33.183] [SEVERE ] updating countdown to 15004
[14:13:33.184] [INFO   ] im dealer i'm checking for sets now and queue size is 0
[14:13:33.184] [INFO   ] dealer have table
[14:13:33.186] [INFO   ] dealer realese table
[14:13:33.186] [SEVERE ] updating countdown to 15001
[14:13:33.186] [SEVERE ] setting player 3 freeze to 0
[14:13:33.187] [INFO   ] dealer have table
[14:13:33.187] [INFO   ] im player 3 im exiting my loop and mu check is false
[14:13:33.188] [INFO   ] im player 3 entering return
[14:13:33.188] [INFO   ] im player 3 exit return
[14:13:33.188] [INFO   ] player 3 waiting for queue 1
[14:13:33.189] [INFO   ] player 3 out queue 0
[14:13:33.189] [INFO   ] im player 3 entering return
[14:13:33.190] [INFO   ] im player 3 exit return
[14:13:33.190] [INFO   ] player 3 waiting for queue 0
[14:13:34.184] [SEVERE ] setting player 4 freeze to 1000
[14:13:34.187] [INFO   ] player 3 out queue 0
[14:13:34.188] [INFO   ] im player 3 entering return
[14:13:34.187] [SEVERE ] updating countdown to 14000
[14:13:34.189] [INFO   ] im player 3 exit return
[14:13:34.189] [INFO   ] im dealer i'm checking for sets now and queue size is 0
[14:13:34.189] [INFO   ] player 3 waiting for queue 0
[14:13:34.190] [INFO   ] dealer have table
[14:13:34.190] [INFO   ] dealer realese table
[14:13:34.191] [SEVERE ] updating countdown to 13996
[14:13:34.191] [INFO   ] dealer have table
[14:13:35.185] [SEVERE ] setting player 4 freeze to 0
[14:13:35.186] [INFO   ] im player 4 im exiting my loop and mu check is false
[14:13:35.186] [INFO   ] im player 4 entering return
[14:13:35.187] [INFO   ] im player 4 exit return
[14:13:35.187] [INFO   ] player 4 waiting for queue 1
[14:13:35.187] [INFO   ] player 4 out queue 0
[14:13:35.187] [INFO   ] im player 4 entering return
[14:13:35.188] [INFO   ] im player 4 exit return
[14:13:35.188] [INFO   ] player 4 waiting for queue 0
[14:13:35.187] [INFO   ] player 3 out queue 0
[14:13:35.189] [INFO   ] im player 3 entering return
[14:13:35.189] [INFO   ] im player 3 exit return
[14:13:35.189] [INFO   ] player 3 waiting for queue 0
[14:13:35.192] [SEVERE ] updating countdown to 12995
[14:13:35.192] [INFO   ] im dealer i'm checking for sets now and queue size is 0
[14:13:35.192] [INFO   ] dealer have table
[14:13:35.193] [INFO   ] dealer realese table
[14:13:35.193] [SEVERE ] updating countdown to 12994
[14:13:35.193] [INFO   ] dealer have table
[14:13:36.186] [INFO   ] player 4 out queue 0
[14:13:36.187] [SEVERE ] removing player 4 token from slot 9
[14:13:36.187] [INFO   ] im player 4 entering return
[14:13:36.188] [INFO   ] player 3 out queue 0
[14:13:36.188] [INFO   ] im player 4 exit return
[14:13:36.189] [INFO   ] player 4 waiting for queue 0
[14:13:36.188] [INFO   ] im player 3 entering return
[14:13:36.190] [INFO   ] im player 3 exit return
[14:13:36.190] [INFO   ] player 3 waiting for queue 0
[14:13:36.194] [SEVERE ] updating countdown to 11993
[14:13:36.195] [INFO   ] im dealer i'm checking for sets now and queue size is 0
[14:13:36.195] [INFO   ] dealer have table
[14:13:36.195] [INFO   ] dealer realese table
[14:13:36.196] [SEVERE ] updating countdown to 11991
[14:13:36.196] [INFO   ] dealer have table
[14:13:37.187] [INFO   ] player 4 out queue 0
[14:13:37.187] [SEVERE ] player 4 placing token on slot 9
[14:13:37.188] [INFO   ] player 3 out queue 0
[14:13:37.188] [INFO   ] player 4 in claims 1
[14:13:37.189] [INFO   ] im player 3 entering return
[14:13:37.189] [INFO   ] im player 3 exit return
[14:13:37.189] [INFO   ] player 4 has table
[14:13:37.190] [INFO   ] player 3 waiting for queue 0
[14:13:37.190] [SEVERE ] updating countdown to 10997
[14:13:37.191] [INFO   ] im dealer i'm checking for sets now and queue size is 1
[14:13:37.191] [INFO   ] dealer have table
[14:13:37.191] [INFO   ] took 4out of claims for a check
[14:13:37.192] [INFO   ] dealer realese table
[14:13:37.192] [SEVERE ] updating countdown to 10995
[14:13:37.192] [INFO   ] player 4 wait table
[14:13:37.193] [INFO   ] player 4 realese table
[14:13:37.193] [SEVERE ] setting player 4 freeze to 3000
[14:13:37.193] [INFO   ] dealer have table
[14:13:38.188] [INFO   ] player 3 out queue 0
[14:13:38.189] [INFO   ] im player 3 entering return
[14:13:38.190] [INFO   ] im player 3 exit return
[14:13:38.190] [INFO   ] player 3 waiting for queue 0
[14:13:38.194] [SEVERE ] setting player 4 freeze to 2000
[14:13:38.194] [SEVERE ] updating countdown to 9993
[14:13:38.195] [INFO   ] im dealer i'm checking for sets now and queue size is 0
[14:13:38.196] [INFO   ] dealer have table
[14:13:38.196] [INFO   ] dealer realese table
[14:13:38.196] [SEVERE ] updating countdown to 9991
[14:13:38.197] [INFO   ] dealer have table
[14:13:39.188] [INFO   ] player 3 out queue 0
[14:13:39.189] [INFO   ] im player 3 entering return
[14:13:39.190] [INFO   ] im player 3 exit return
[14:13:39.190] [INFO   ] player 3 waiting for queue 0
[14:13:39.195] [SEVERE ] setting player 4 freeze to 1000
[14:13:39.197] [SEVERE ] updating countdown to 8990
[14:13:39.198] [INFO   ] im dealer i'm checking for sets now and queue size is 0
[14:13:39.198] [INFO   ] dealer have table
[14:13:39.198] [INFO   ] dealer realese table
[14:13:39.199] [SEVERE ] updating countdown to 8988
[14:13:39.199] [INFO   ] dealer have table
[14:13:40.189] [INFO   ] player 3 out queue 0
[14:13:40.189] [INFO   ] im player 3 entering return
[14:13:40.190] [INFO   ] im player 3 exit return
[14:13:40.190] [INFO   ] player 3 waiting for queue 0
[14:13:40.196] [SEVERE ] setting player 4 freeze to 0
[14:13:40.197] [INFO   ] im player 4 im exiting my loop and mu check is false
[14:13:40.197] [INFO   ] im player 4 entering return
[14:13:40.198] [INFO   ] im player 4 exit return
[14:13:40.198] [INFO   ] player 4 waiting for queue 1
[14:13:40.198] [INFO   ] player 4 out queue 0
[14:13:40.198] [SEVERE ] removing player 4 token from slot 9
[14:13:40.199] [INFO   ] im player 4 entering return
[14:13:40.199] [INFO   ] im player 4 exit return
[14:13:40.199] [INFO   ] player 4 waiting for queue 0
[14:13:40.199] [SEVERE ] updating countdown to 7988
[14:13:40.200] [INFO   ] im dealer i'm checking for sets now and queue size is 0
[14:13:40.201] [INFO   ] dealer have table
[14:13:40.201] [INFO   ] dealer realese table
[14:13:40.201] [SEVERE ] updating countdown to 7986
[14:13:40.202] [INFO   ] dealer have table
[14:13:40.878] [SEVERE ] exit button pressed
[14:13:41.189] [INFO   ] player 3 out queue 0
[14:13:41.189] [SEVERE ] removing player 3 token from slot 5
[14:13:41.190] [INFO   ] im player 3 entering return
[14:13:41.190] [INFO   ] im player 3 exit return
[14:13:41.191] [INFO   ] player 3 waiting for queue 0
[14:13:41.197] [INFO   ] player 4 out queue 0
[14:13:41.198] [SEVERE ] player 4 placing token on slot 11
[14:13:41.198] [INFO   ] player 4 in claims 1
[14:13:41.199] [INFO   ] player 4 has table
[14:13:41.199] [SEVERE ] updating countdown to 6988
[14:13:41.200] [INFO   ] im dealer i'm checking for sets now and queue size is 1
[14:13:41.200] [INFO   ] dealer have table
[14:13:41.200] [INFO   ] took 4out of claims for a check
[14:13:41.201] [INFO   ] dealer realese table
[14:13:41.201] [INFO   ] player 4 wait table
[14:13:41.202] [INFO   ] player 4 realese table
[14:13:41.202] [SEVERE ] setting player 4 freeze to 3000
[14:13:41.302] [SEVERE ] removing card from slot 0
[14:13:41.302] [SEVERE ] removing tokens from slot 0
[14:13:41.403] [SEVERE ] removing card from slot 1
[14:13:41.404] [SEVERE ] removing tokens from slot 1
[14:13:41.505] [SEVERE ] removing card from slot 2
[14:13:41.505] [SEVERE ] removing tokens from slot 2
[14:13:41.606] [SEVERE ] removing card from slot 3
[14:13:41.607] [SEVERE ] removing tokens from slot 3
[14:13:41.707] [SEVERE ] removing card from slot 4
[14:13:41.708] [SEVERE ] removing tokens from slot 4
[14:13:41.809] [SEVERE ] removing card from slot 5
[14:13:41.809] [SEVERE ] removing tokens from slot 5
[14:13:41.910] [SEVERE ] removing card from slot 6
[14:13:41.911] [SEVERE ] removing tokens from slot 6
[14:13:42.012] [SEVERE ] removing card from slot 7
[14:13:42.013] [SEVERE ] removing tokens from slot 7
[14:13:42.114] [SEVERE ] removing card from slot 8
[14:13:42.115] [SEVERE ] removing tokens from slot 8
[14:13:42.202] [SEVERE ] setting player 4 freeze to 2000
[14:13:42.215] [SEVERE ] removing card from slot 9
[14:13:42.216] [SEVERE ] removing tokens from slot 9
[14:13:42.317] [SEVERE ] removing card from slot 10
[14:13:42.317] [SEVERE ] removing tokens from slot 10
[14:13:42.418] [SEVERE ] removing card from slot 11
[14:13:42.418] [SEVERE ] removing tokens from slot 11
[14:13:42.419] [INFO   ] player 3 out queue 0
[14:13:42.419] [INFO   ] im player 3 entering return
[14:13:42.419] [INFO   ] im player 3 exit return
[14:13:42.420] [INFO   ] player 3 waiting for queue 0
[14:13:42.419] [SEVERE ] announcing winner(s): player 1, player 2, player 3, player 4
[14:13:42.422] [INFO   ] player 4 is terminate by dealer
[14:13:42.423] [INFO   ] player 4 is interrup bt dealer
[14:13:42.422] [INFO   ] thread computer-3 terminated.
[14:13:42.423] [INFO   ] player 4interrupted while waiting for delaer check
[14:13:42.426] [SEVERE ] setting player 4 freeze to 0
[14:13:42.427] [INFO   ] im player 4 im exiting my loop and mu check is false
[14:13:42.428] [INFO   ] player 4isInterrupted: false
[14:13:42.428] [INFO   ] thread Thread-4 terminated.
[14:13:42.428] [INFO   ] player 3 is terminate by dealer
[14:13:42.429] [INFO   ] player 3 is interrup bt dealer
[14:13:42.429] [INFO   ] player3interrupted while waiting for a key
[14:13:42.430] [INFO   ] player 3isInterrupted: false
[14:13:42.430] [INFO   ] thread computer-2 terminated.
[14:13:42.431] [INFO   ] thread Thread-3 terminated.
[14:13:42.431] [INFO   ] player 2 is terminate by dealer
[14:13:42.432] [INFO   ] player 2 is interrup bt dealer
[14:13:42.432] [INFO   ] player2interrupted while waiting for a key
[14:13:42.432] [INFO   ] player 2isInterrupted: false
[14:13:42.433] [INFO   ] thread Thread-2 terminated.
[14:13:42.433] [INFO   ] player 1 is terminate by dealer
[14:13:42.433] [INFO   ] player 1 is interrup bt dealer
[14:13:42.433] [INFO   ] player1interrupted while waiting for a key
[14:13:42.434] [INFO   ] player 1isInterrupted: false
[14:13:42.434] [INFO   ] thread Thread-1 terminated.
[14:13:42.434] [INFO   ] thread dealer terminated.
[14:13:42.435] [INFO   ] thread dealer terminated.
[14:13:42.435] [SEVERE ] thanks for playing... it was fun!
[14:13:42.435] [INFO   ] thread bguspl.set.Main.main() terminated.
