[15:40:31.200] [INFO   ] thread bguspl.set.Main.main() starting.
[15:40:31.211] [SEVERE ] cannot read configuration file config.properties trying from resources.
[15:40:31.218] [SEVERE ] configuration file was loaded from resources directory.
[15:40:32.831] [INFO   ] thread dealer starting.
[15:40:32.832] [INFO   ] thread dealer starting.
[15:40:32.835] [INFO   ] thread computer-2 starting.
[15:40:32.835] [INFO   ] thread computer-3 starting.
[15:40:32.939] [SEVERE ] placing card 8 in slot 0
[15:40:33.046] [SEVERE ] placing card 64 in slot 1
[15:40:33.147] [SEVERE ] placing card 0 in slot 2
[15:40:33.248] [SEVERE ] placing card 49 in slot 3
[15:40:33.350] [SEVERE ] placing card 37 in slot 4
[15:40:33.451] [SEVERE ] placing card 19 in slot 5
[15:40:33.552] [SEVERE ] placing card 71 in slot 6
[15:40:33.653] [SEVERE ] placing card 77 in slot 7
[15:40:33.754] [SEVERE ] placing card 52 in slot 8
[15:40:33.855] [SEVERE ] placing card 36 in slot 9
[15:40:33.957] [SEVERE ] placing card 34 in slot 10
[15:40:34.058] [SEVERE ] placing card 12 in slot 11
[15:40:34.066] [SEVERE ] updating countdown to 19999
[15:40:34.066] [SEVERE ] player 3 placing token on slot 4
[15:40:34.066] [SEVERE ] player 4 placing token on slot 11
[15:40:35.060] [SEVERE ] player 4 placing token on slot 0
[15:40:35.060] [SEVERE ] player 3 placing token on slot 10
[15:40:35.068] [INFO   ] time 18999
[15:40:35.069] [SEVERE ] updating countdown to 18999
[15:40:36.061] [SEVERE ] player 3 placing token on slot 8
[15:40:36.061] [SEVERE ] removing player 4 token from slot 11
[15:40:36.062] [SEVERE ] setting player 3 freeze to 3000
[15:40:36.062] [INFO   ] time 18005
[15:40:36.064] [SEVERE ] updating countdown to 18005
[15:40:37.061] [SEVERE ] player 4 placing token on slot 6
[15:40:37.064] [SEVERE ] setting player 3 freeze to 2000
[15:40:37.065] [INFO   ] time 17002
[15:40:37.067] [SEVERE ] updating countdown to 17002
[15:40:38.061] [SEVERE ] player 4 placing token on slot 10
[15:40:38.062] [SEVERE ] setting player 4 freeze to 3000
[15:40:38.062] [INFO   ] time 16005
[15:40:38.063] [SEVERE ] updating countdown to 16005
[15:40:38.065] [SEVERE ] setting player 3 freeze to 1000
[15:40:39.063] [SEVERE ] setting player 4 freeze to 2000
[15:40:39.064] [INFO   ] time 15003
[15:40:39.064] [SEVERE ] updating countdown to 15003
[15:40:39.066] [SEVERE ] setting player 3 freeze to 0
[15:40:40.064] [SEVERE ] setting player 4 freeze to 1000
[15:40:40.065] [INFO   ] time 14002
[15:40:40.065] [SEVERE ] updating countdown to 14002
[15:40:41.065] [SEVERE ] setting player 4 freeze to 0
[15:40:41.066] [INFO   ] time 13001
[15:40:41.067] [SEVERE ] updating countdown to 13001
[15:40:41.067] [SEVERE ] removing player 3 token from slot 10
[15:40:42.066] [SEVERE ] removing player 4 token from slot 0
[15:40:42.067] [SEVERE ] player 3 placing token on slot 0
[15:40:42.067] [INFO   ] time 12000
[15:40:42.068] [SEVERE ] updating countdown to 12000
[15:40:42.070] [INFO   ] time 11997
[15:40:42.070] [SEVERE ] setting player 3 freeze to 3000
[15:40:42.071] [SEVERE ] updating countdown to 11997
[15:40:43.066] [SEVERE ] player 4 placing token on slot 8
[15:40:43.067] [INFO   ] time 11000
[15:40:43.068] [SEVERE ] updating countdown to 11000
[15:40:43.067] [SEVERE ] setting player 4 freeze to 3000
[15:40:43.072] [SEVERE ] setting player 3 freeze to 2000
[15:40:43.755] [SEVERE ] exit button pressed
[15:40:43.756] [INFO   ] time 10311
[15:40:43.756] [SEVERE ] updating countdown to 10311
[15:40:43.857] [SEVERE ] removing card from slot 0
[15:40:43.858] [SEVERE ] removing tokens from slot 0
[15:40:43.959] [SEVERE ] removing card from slot 1
[15:40:43.960] [SEVERE ] removing tokens from slot 1
[15:40:44.061] [SEVERE ] removing card from slot 2
[15:40:44.061] [SEVERE ] removing tokens from slot 2
[15:40:44.069] [SEVERE ] setting player 4 freeze to 2000
[15:40:44.072] [SEVERE ] setting player 3 freeze to 1000
[15:40:44.162] [SEVERE ] removing card from slot 3
[15:40:44.163] [SEVERE ] removing tokens from slot 3
[15:40:44.263] [SEVERE ] removing card from slot 4
[15:40:44.264] [SEVERE ] removing tokens from slot 4
[15:40:44.365] [SEVERE ] removing card from slot 5
[15:40:44.365] [SEVERE ] removing tokens from slot 5
[15:40:44.465] [SEVERE ] removing card from slot 6
[15:40:44.466] [SEVERE ] removing tokens from slot 6
[15:40:44.567] [SEVERE ] removing card from slot 7
[15:40:44.567] [SEVERE ] removing tokens from slot 7
[15:40:44.668] [SEVERE ] removing card from slot 8
[15:40:44.669] [SEVERE ] removing tokens from slot 8
[15:40:44.769] [SEVERE ] removing card from slot 9
[15:40:44.770] [SEVERE ] removing tokens from slot 9
[15:40:44.871] [SEVERE ] removing card from slot 10
[15:40:44.871] [SEVERE ] removing tokens from slot 10
[15:40:44.972] [SEVERE ] removing card from slot 11
[15:40:44.973] [SEVERE ] removing tokens from slot 11
[15:40:44.974] [SEVERE ] announcing winner(s): player 1, player 2, player 3, player 4
[15:40:44.975] [INFO   ] thread computer-3 terminated.
[15:40:44.975] [SEVERE ] setting player 4 freeze to 0
[15:40:44.976] [INFO   ] thread Thread-4 terminated.
[15:40:44.977] [INFO   ] thread computer-2 terminated.
[15:40:44.977] [SEVERE ] setting player 3 freeze to 0
[15:40:44.978] [INFO   ] thread Thread-3 terminated.
[15:40:44.979] [INFO   ] thread Thread-2 terminated.
[15:40:44.981] [INFO   ] thread Thread-1 terminated.
[15:40:44.981] [INFO   ] thread dealer terminated.
[15:40:44.982] [INFO   ] thread dealer terminated.
[15:40:44.983] [SEVERE ] thanks for playing... it was fun!
[15:40:44.984] [INFO   ] thread bguspl.set.Main.main() terminated.
