[16:50:10.162] [INFO   ] thread bguspl.set.Main.main() starting.
[16:50:10.178] [SEVERE ] cannot read configuration file config.properties trying from resources.
[16:50:10.188] [SEVERE ] configuration file was loaded from resources directory.
[16:50:11.567] [INFO   ] thread dealer starting.
[16:50:11.568] [INFO   ] thread dealer starting.
[16:50:11.570] [INFO   ] thread computer-2 starting.
[16:50:11.570] [INFO   ] thread computer-3 starting.
[16:50:11.673] [SEVERE ] placing card 7 in slot 0
[16:50:11.802] [SEVERE ] placing card 5 in slot 1
[16:50:11.904] [SEVERE ] placing card 45 in slot 2
[16:50:12.006] [SEVERE ] placing card 0 in slot 3
[16:50:12.107] [SEVERE ] placing card 75 in slot 4
[16:50:12.208] [SEVERE ] placing card 65 in slot 5
[16:50:12.309] [SEVERE ] placing card 20 in slot 6
[16:50:12.410] [SEVERE ] placing card 21 in slot 7
[16:50:12.511] [SEVERE ] placing card 43 in slot 8
[16:50:12.612] [SEVERE ] placing card 67 in slot 9
[16:50:12.712] [SEVERE ] placing card 1 in slot 10
[16:50:12.814] [SEVERE ] placing card 49 in slot 11
[16:50:12.821] [SEVERE ] player 3 placing token on slot 2
[16:50:12.821] [SEVERE ] player 4 placing token on slot 7
[16:50:12.821] [SEVERE ] updating countdown to 19999
[16:50:13.816] [SEVERE ] player 3 placing token on slot 10
[16:50:13.816] [SEVERE ] player 4 placing token on slot 8
[16:50:13.826] [INFO   ] time 18999
[16:50:13.827] [SEVERE ] updating countdown to 18999
[16:50:14.816] [SEVERE ] player 4 placing token on slot 11
[16:50:14.816] [SEVERE ] player 3 placing token on slot 1
[16:50:14.817] [INFO   ] time 18008
[16:50:14.818] [SEVERE ] updating countdown to 18008
[16:50:14.819] [INFO   ] time 18006
[16:50:14.819] [SEVERE ] updating countdown to 18006
[16:50:14.819] [SEVERE ] setting player 4 freeze to 3000
[16:50:14.820] [SEVERE ] setting player 3 freeze to 3000
[16:50:15.820] [INFO   ] time 17005
[16:50:15.821] [SEVERE ] setting player 3 freeze to 2000
[16:50:15.821] [SEVERE ] setting player 4 freeze to 2000
[16:50:15.823] [SEVERE ] updating countdown to 17005
[16:50:16.824] [SEVERE ] setting player 3 freeze to 1000
[16:50:16.824] [SEVERE ] setting player 4 freeze to 1000
[16:50:16.825] [INFO   ] time 16000
[16:50:16.825] [SEVERE ] updating countdown to 16000
[16:50:17.825] [SEVERE ] setting player 3 freeze to 0
[16:50:17.825] [SEVERE ] setting player 4 freeze to 0
[16:50:17.826] [INFO   ] time 14999
[16:50:17.827] [SEVERE ] updating countdown to 14999
[16:50:18.827] [INFO   ] time 13998
[16:50:18.828] [SEVERE ] updating countdown to 13998
[16:50:19.827] [SEVERE ] removing player 4 token from slot 7
[16:50:19.829] [INFO   ] time 12996
[16:50:19.830] [SEVERE ] updating countdown to 12996
[16:50:20.324] [SEVERE ] exit button pressed
[16:50:20.324] [INFO   ] time 12501
[16:50:20.325] [SEVERE ] updating countdown to 12501
[16:50:20.425] [SEVERE ] removing card from slot 0
[16:50:20.426] [SEVERE ] removing tokens from slot 0
[16:50:20.527] [SEVERE ] removing card from slot 1
[16:50:20.528] [SEVERE ] removing tokens from slot 1
[16:50:20.629] [SEVERE ] removing card from slot 2
[16:50:20.629] [SEVERE ] removing tokens from slot 2
[16:50:20.730] [SEVERE ] removing card from slot 3
[16:50:20.731] [SEVERE ] removing tokens from slot 3
[16:50:20.832] [SEVERE ] removing card from slot 4
[16:50:20.832] [SEVERE ] removing tokens from slot 4
[16:50:20.932] [SEVERE ] removing card from slot 5
[16:50:20.933] [SEVERE ] removing tokens from slot 5
[16:50:21.034] [SEVERE ] removing card from slot 6
[16:50:21.034] [SEVERE ] removing tokens from slot 6
[16:50:21.135] [SEVERE ] removing card from slot 7
[16:50:21.136] [SEVERE ] removing tokens from slot 7
[16:50:21.237] [SEVERE ] removing card from slot 8
[16:50:21.238] [SEVERE ] removing tokens from slot 8
[16:50:21.338] [SEVERE ] removing card from slot 9
[16:50:21.339] [SEVERE ] removing tokens from slot 9
[16:50:21.440] [SEVERE ] removing card from slot 10
[16:50:21.441] [SEVERE ] removing tokens from slot 10
[16:50:21.541] [SEVERE ] removing card from slot 11
[16:50:21.543] [SEVERE ] removing tokens from slot 11
[16:50:21.544] [SEVERE ] announcing winner(s): player 1, player 2, player 3, player 4
[16:50:21.546] [INFO   ] thread computer-3 terminated.
[16:50:21.547] [INFO   ] thread Thread-4 terminated.
[16:50:21.548] [INFO   ] thread computer-2 terminated.
[16:50:21.548] [INFO   ] thread Thread-3 terminated.
[16:50:21.549] [INFO   ] thread Thread-2 terminated.
[16:50:21.549] [INFO   ] thread Thread-1 terminated.
[16:50:21.550] [INFO   ] thread dealer terminated.
[16:50:21.550] [INFO   ] thread dealer terminated.
[16:50:21.551] [SEVERE ] thanks for playing... it was fun!
[16:50:21.551] [INFO   ] thread bguspl.set.Main.main() terminated.
