[13:59:20.388] [INFO   ] thread bguspl.set.Main.main() starting.
[13:59:20.403] [SEVERE ] cannot read configuration file config.properties trying from resources.
[13:59:20.414] [SEVERE ] configuration file was loaded from resources directory.
[13:59:22.252] [INFO   ] thread dealer starting.
[13:59:22.253] [INFO   ] thread dealer starting.
[13:59:22.254] [INFO   ] thread Thread-1 starting.
[13:59:22.255] [INFO   ] thread Thread-4 starting.
[13:59:22.255] [INFO   ] thread Thread-3 starting.
[13:59:22.261] [INFO   ] im player 4 entering return
[13:59:22.263] [INFO   ] im player 4 waiting for dealer true
[13:59:22.255] [INFO   ] thread Thread-2 starting.
[13:59:22.265] [INFO   ] im player 2 entering return
[13:59:22.266] [INFO   ] im player 2 waiting for dealer true
[13:59:22.265] [INFO   ] thread computer-2 starting.
[13:59:22.264] [INFO   ] im player 3 entering return
[13:59:22.263] [INFO   ] thread computer-3 starting.
[13:59:22.256] [INFO   ] im player 1 entering return
[13:59:22.370] [SEVERE ] placing card 69 in slot 0
[13:59:22.474] [SEVERE ] placing card 10 in slot 1
[13:59:22.579] [SEVERE ] placing card 53 in slot 2
[13:59:22.681] [SEVERE ] placing card 48 in slot 3
[13:59:22.784] [SEVERE ] placing card 33 in slot 4
[13:59:22.885] [SEVERE ] placing card 24 in slot 5
[13:59:22.986] [SEVERE ] placing card 39 in slot 6
[13:59:23.088] [SEVERE ] placing card 80 in slot 7
[13:59:23.189] [SEVERE ] placing card 37 in slot 8
[13:59:23.290] [SEVERE ] placing card 7 in slot 9
[13:59:23.391] [SEVERE ] placing card 29 in slot 10
[13:59:23.492] [SEVERE ] placing card 60 in slot 11
[13:59:23.502] [INFO   ] im player 4 exit return
[13:59:23.502] [INFO   ] im player 2 exit return
[13:59:23.502] [SEVERE ] updating countdown to 19999
[13:59:23.502] [INFO   ] im player 3 exit return
[13:59:23.502] [INFO   ] im player 1 exit return
[13:59:23.506] [INFO   ] dealer have table
[13:59:23.505] [INFO   ] player 3 waiting for queue 1
[13:59:23.508] [INFO   ] player 3 out queue 0
[13:59:23.504] [INFO   ] player 2 waiting for queue 0
[13:59:23.503] [INFO   ] player 4 waiting for queue 1
[13:59:23.510] [INFO   ] player 4 out queue 0
[13:59:23.508] [SEVERE ] player 3 placing token on slot 5
[13:59:23.506] [INFO   ] player 1 waiting for queue 0
[13:59:23.512] [INFO   ] im player 3 entering return
[13:59:23.514] [INFO   ] im player 3 exit return
[13:59:23.515] [INFO   ] player 3 waiting for queue 0
[13:59:23.511] [SEVERE ] player 4 placing token on slot 1
[13:59:23.517] [INFO   ] im player 4 entering return
[13:59:23.518] [INFO   ] im player 4 exit return
[13:59:23.519] [INFO   ] player 4 waiting for queue 0
[13:59:24.494] [INFO   ] player 4 out queue 0
[13:59:24.495] [SEVERE ] player 4 placing token on slot 3
[13:59:24.494] [INFO   ] player 3 out queue 0
[13:59:24.495] [INFO   ] im player 4 entering return
[13:59:24.496] [INFO   ] im player 4 exit return
[13:59:24.496] [SEVERE ] removing player 3 token from slot 5
[13:59:24.497] [INFO   ] player 4 waiting for queue 0
[13:59:24.497] [INFO   ] im player 3 entering return
[13:59:24.498] [INFO   ] im player 3 exit return
[13:59:24.498] [INFO   ] player 3 waiting for queue 0
[13:59:24.507] [SEVERE ] updating countdown to 18998
[13:59:24.509] [INFO   ] im dealer i'm checking for sets now and queue size is 0
[13:59:24.510] [INFO   ] dealer have table
[13:59:24.510] [INFO   ] dealer realese table
[13:59:24.511] [INFO   ] dealer have table
[13:59:25.494] [INFO   ] player 3 out queue 0
[13:59:25.494] [INFO   ] player 4 out queue 0
[13:59:25.495] [SEVERE ] player 3 placing token on slot 10
[13:59:25.495] [SEVERE ] player 4 placing token on slot 2
[13:59:25.495] [INFO   ] im player 3 entering return
[13:59:25.497] [INFO   ] im player 3 exit return
[13:59:25.496] [INFO   ] player 4 in claims 1
[13:59:25.498] [INFO   ] player 3 waiting for queue 0
[13:59:25.498] [INFO   ] player 4 has table
[13:59:25.499] [SEVERE ] updating countdown to 18006
[13:59:25.499] [INFO   ] im dealer i'm checking for sets now and queue size is 1
[13:59:25.500] [INFO   ] dealer have table
[13:59:25.500] [INFO   ] took 4out of claims for a check
[13:59:25.500] [INFO   ] dealer realese table
[13:59:25.500] [INFO   ] player 4 wait table
[13:59:25.501] [INFO   ] player 4 realese table
[13:59:25.501] [INFO   ] dealer have table
[13:59:25.501] [SEVERE ] setting player 4 freeze to 3000
[13:59:26.494] [INFO   ] player 3 out queue 0
[13:59:26.495] [SEVERE ] removing player 3 token from slot 10
[13:59:26.495] [INFO   ] im player 3 entering return
[13:59:26.497] [INFO   ] im player 3 exit return
[13:59:26.498] [INFO   ] player 3 waiting for queue 0
[13:59:26.502] [SEVERE ] updating countdown to 17003
[13:59:26.502] [SEVERE ] setting player 4 freeze to 2000
[13:59:26.503] [INFO   ] im dealer i'm checking for sets now and queue size is 0
[13:59:26.505] [INFO   ] dealer have table
[13:59:26.505] [INFO   ] dealer realese table
[13:59:26.506] [INFO   ] dealer have table
[13:59:27.494] [INFO   ] player 3 out queue 0
[13:59:27.495] [SEVERE ] player 3 placing token on slot 9
[13:59:27.496] [INFO   ] im player 3 entering return
[13:59:27.496] [INFO   ] im player 3 exit return
[13:59:27.497] [INFO   ] player 3 waiting for queue 0
[13:59:27.504] [SEVERE ] setting player 4 freeze to 1000
[13:59:27.507] [SEVERE ] updating countdown to 15998
[13:59:27.508] [INFO   ] im dealer i'm checking for sets now and queue size is 0
[13:59:27.508] [INFO   ] dealer have table
[13:59:27.509] [INFO   ] dealer realese table
[13:59:27.509] [INFO   ] dealer have table
[13:59:28.495] [INFO   ] player 3 out queue 0
[13:59:28.495] [SEVERE ] player 3 placing token on slot 3
[13:59:28.496] [INFO   ] im player 3 entering return
[13:59:28.497] [INFO   ] im player 3 exit return
[13:59:28.497] [INFO   ] player 3 waiting for queue 0
[13:59:28.505] [SEVERE ] setting player 4 freeze to 0
[13:59:28.506] [INFO   ] im player 4 im exiting my loop and mu check is false
[13:59:28.507] [INFO   ] im player 4 entering return
[13:59:28.507] [INFO   ] im player 4 exit return
[13:59:28.508] [INFO   ] player 4 waiting for queue 1
[13:59:28.508] [INFO   ] player 4 out queue 0
[13:59:28.509] [SEVERE ] removing player 4 token from slot 2
[13:59:28.509] [SEVERE ] updating countdown to 14996
[13:59:28.510] [INFO   ] im player 4 entering return
[13:59:28.510] [INFO   ] im player 4 exit return
[13:59:28.510] [INFO   ] im dealer i'm checking for sets now and queue size is 0
[13:59:28.511] [INFO   ] dealer have table
[13:59:28.512] [INFO   ] dealer realese table
[13:59:28.512] [INFO   ] dealer have table
[13:59:28.511] [INFO   ] player 4 waiting for queue 0
[13:59:29.495] [INFO   ] player 3 out queue 0
[13:59:29.496] [SEVERE ] player 3 placing token on slot 7
[13:59:29.496] [INFO   ] player 3 in claims 1
[13:59:29.497] [INFO   ] player 3 has table
[13:59:29.497] [SEVERE ] updating countdown to 14008
[13:59:29.498] [INFO   ] im dealer i'm checking for sets now and queue size is 1
[13:59:29.498] [INFO   ] dealer have table
[13:59:29.499] [INFO   ] took 3out of claims for a check
[13:59:29.499] [INFO   ] dealer realese table
[13:59:29.499] [INFO   ] player 3 wait table
[13:59:29.500] [INFO   ] player 3 realese table
[13:59:29.500] [SEVERE ] setting player 3 freeze to 3000
[13:59:29.500] [INFO   ] dealer have table
[13:59:29.507] [INFO   ] player 4 out queue 0
[13:59:29.507] [SEVERE ] player 4 placing token on slot 9
[13:59:29.508] [INFO   ] player 4 in claims 1
[13:59:29.509] [INFO   ] player 4 has table
[13:59:29.509] [SEVERE ] updating countdown to 13996
[13:59:29.510] [INFO   ] im dealer i'm checking for sets now and queue size is 1
[13:59:29.510] [INFO   ] dealer have table
[13:59:29.510] [INFO   ] took 4out of claims for a check
[13:59:29.511] [INFO   ] dealer realese table
[13:59:29.511] [INFO   ] player 4 wait table
[13:59:29.512] [INFO   ] player 4 realese table
[13:59:29.512] [SEVERE ] setting player 4 freeze to 3000
[13:59:29.512] [INFO   ] dealer have table
[13:59:30.501] [SEVERE ] setting player 3 freeze to 2000
[13:59:30.513] [SEVERE ] setting player 4 freeze to 2000
[13:59:30.513] [SEVERE ] updating countdown to 12992
[13:59:30.514] [INFO   ] im dealer i'm checking for sets now and queue size is 0
[13:59:30.516] [INFO   ] dealer have table
[13:59:30.517] [INFO   ] dealer realese table
[13:59:30.517] [INFO   ] dealer have table
[13:59:31.502] [SEVERE ] setting player 3 freeze to 1000
[13:59:31.514] [SEVERE ] setting player 4 freeze to 1000
[13:59:31.518] [SEVERE ] updating countdown to 11987
[13:59:31.519] [INFO   ] im dealer i'm checking for sets now and queue size is 0
[13:59:31.519] [INFO   ] dealer have table
[13:59:31.520] [INFO   ] dealer realese table
[13:59:31.520] [INFO   ] dealer have table
[13:59:32.503] [SEVERE ] setting player 3 freeze to 0
[13:59:32.504] [INFO   ] im player 3 im exiting my loop and mu check is false
[13:59:32.505] [INFO   ] im player 3 entering return
[13:59:32.505] [INFO   ] im player 3 exit return
[13:59:32.506] [INFO   ] player 3 waiting for queue 1
[13:59:32.507] [INFO   ] player 3 out queue 0
[13:59:32.507] [INFO   ] im player 3 entering return
[13:59:32.508] [INFO   ] im player 3 exit return
[13:59:32.508] [INFO   ] player 3 waiting for queue 0
[13:59:32.515] [SEVERE ] setting player 4 freeze to 0
[13:59:32.516] [INFO   ] im player 4 im exiting my loop and mu check is false
[13:59:32.516] [INFO   ] im player 4 entering return
[13:59:32.517] [INFO   ] im player 4 exit return
[13:59:32.518] [INFO   ] player 4 waiting for queue 1
[13:59:32.518] [INFO   ] player 4 out queue 0
[13:59:32.519] [SEVERE ] removing player 4 token from slot 1
[13:59:32.519] [INFO   ] im player 4 entering return
[13:59:32.520] [INFO   ] im player 4 exit return
[13:59:32.520] [INFO   ] player 4 waiting for queue 0
[13:59:32.521] [SEVERE ] updating countdown to 10984
[13:59:32.521] [INFO   ] im dealer i'm checking for sets now and queue size is 0
[13:59:32.521] [INFO   ] dealer have table
[13:59:32.522] [INFO   ] dealer realese table
[13:59:32.522] [INFO   ] dealer have table
[13:59:33.505] [INFO   ] player 3 out queue 0
[13:59:33.505] [INFO   ] im player 3 entering return
[13:59:33.505] [INFO   ] im player 3 exit return
[13:59:33.506] [INFO   ] player 3 waiting for queue 0
[13:59:33.516] [INFO   ] player 4 out queue 0
[13:59:33.517] [SEVERE ] player 4 placing token on slot 8
[13:59:33.517] [INFO   ] player 4 in claims 1
[13:59:33.518] [INFO   ] player 4 has table
[13:59:33.518] [SEVERE ] updating countdown to 9987
[13:59:33.519] [INFO   ] im dealer i'm checking for sets now and queue size is 1
[13:59:33.519] [INFO   ] dealer have table
[13:59:33.519] [INFO   ] took 4out of claims for a check
[13:59:33.520] [INFO   ] dealer realese table
[13:59:33.520] [INFO   ] player 4 wait table
[13:59:33.520] [INFO   ] player 4 realese table
[13:59:33.520] [SEVERE ] setting player 4 freeze to 3000
[13:59:33.520] [INFO   ] dealer have table
[13:59:34.325] [SEVERE ] exit button pressed
[13:59:34.505] [INFO   ] player 3 out queue 0
[13:59:34.506] [INFO   ] im player 3 entering return
[13:59:34.506] [INFO   ] im player 3 exit return
[13:59:34.506] [INFO   ] player 3 waiting for queue 0
[13:59:34.521] [SEVERE ] setting player 4 freeze to 2000
[13:59:34.521] [SEVERE ] updating countdown to 8984
[13:59:34.522] [INFO   ] im dealer i'm checking for sets now and queue size is 0
[13:59:34.523] [INFO   ] dealer have table
[13:59:34.523] [INFO   ] dealer realese table
[13:59:34.624] [SEVERE ] removing card from slot 0
[13:59:34.625] [SEVERE ] removing tokens from slot 0
[13:59:34.726] [SEVERE ] removing card from slot 1
[13:59:34.726] [SEVERE ] removing tokens from slot 1
[13:59:34.827] [SEVERE ] removing card from slot 2
[13:59:34.828] [SEVERE ] removing tokens from slot 2
[13:59:34.928] [SEVERE ] removing card from slot 3
[13:59:34.929] [SEVERE ] removing tokens from slot 3
[13:59:35.030] [SEVERE ] removing card from slot 4
[13:59:35.030] [SEVERE ] removing tokens from slot 4
[13:59:35.131] [SEVERE ] removing card from slot 5
[13:59:35.132] [SEVERE ] removing tokens from slot 5
[13:59:35.233] [SEVERE ] removing card from slot 6
[13:59:35.233] [SEVERE ] removing tokens from slot 6
[13:59:35.334] [SEVERE ] removing card from slot 7
[13:59:35.335] [SEVERE ] removing tokens from slot 7
[13:59:35.436] [SEVERE ] removing card from slot 8
[13:59:35.437] [SEVERE ] removing tokens from slot 8
[13:59:35.522] [SEVERE ] setting player 4 freeze to 1000
[13:59:35.537] [SEVERE ] removing card from slot 9
[13:59:35.538] [SEVERE ] removing tokens from slot 9
[13:59:35.639] [SEVERE ] removing card from slot 10
[13:59:35.639] [SEVERE ] removing tokens from slot 10
[13:59:35.740] [SEVERE ] removing card from slot 11
[13:59:35.741] [SEVERE ] removing tokens from slot 11
[13:59:35.742] [INFO   ] player 3 out queue 0
[13:59:35.742] [INFO   ] im player 3 entering return
[13:59:35.742] [INFO   ] im player 3 exit return
[13:59:35.743] [INFO   ] player 3 waiting for queue 0
[13:59:35.742] [SEVERE ] announcing winner(s): player 1, player 2, player 3, player 4
[13:59:35.745] [INFO   ] player 4 is terminate by dealer
[13:59:35.745] [INFO   ] thread computer-3 terminated.
[13:59:35.746] [INFO   ] player 4interrupted while waiting for delaer check
[13:59:35.746] [INFO   ] player 4 is interrup bt dealer
[13:59:35.747] [SEVERE ] setting player 4 freeze to 0
[13:59:35.748] [INFO   ] im player 4 im exiting my loop and mu check is false
[13:59:35.750] [INFO   ] player 4isInterrupted: false
[13:59:35.750] [INFO   ] thread Thread-4 terminated.
[13:59:35.751] [INFO   ] player 3 is terminate by dealer
[13:59:35.751] [INFO   ] player 3 is interrup bt dealer
[13:59:35.752] [INFO   ] player3interrupted while waiting for a key
[13:59:35.753] [INFO   ] player 3isInterrupted: false
