[13:39:25.581] [INFO   ] thread bguspl.set.Main.main() starting.
[13:39:25.590] [SEVERE ] cannot read configuration file config.properties trying from resources.
[13:39:25.598] [SEVERE ] configuration file was loaded from resources directory.
[13:39:27.546] [INFO   ] thread dealer starting.
[13:39:27.548] [INFO   ] thread dealer starting.
[13:39:27.550] [INFO   ] thread Thread-1 starting.
[13:39:27.552] [INFO   ] thread Thread-4 starting.
[13:39:27.551] [INFO   ] thread Thread-3 starting.
[13:39:27.550] [INFO   ] thread Thread-2 starting.
[13:39:27.562] [INFO   ] im player 2 entering return
[13:39:27.563] [INFO   ] im player 2 waiting for dealer true
[13:39:27.557] [INFO   ] thread computer-3 starting.
[13:39:27.557] [INFO   ] im player 4 entering return
[13:39:27.554] [INFO   ] im player 1 entering return
[13:39:27.565] [INFO   ] thread computer-2 starting.
[13:39:27.563] [INFO   ] im player 3 entering return
[13:39:27.665] [SEVERE ] placing card 0 in slot 0
[13:39:27.771] [SEVERE ] placing card 14 in slot 1
[13:39:27.945] [SEVERE ] placing card 10 in slot 2
[13:39:28.048] [SEVERE ] placing card 25 in slot 3
[13:39:28.150] [SEVERE ] placing card 51 in slot 4
[13:39:28.252] [SEVERE ] placing card 37 in slot 5
[13:39:28.353] [SEVERE ] placing card 60 in slot 6
[13:39:28.454] [SEVERE ] placing card 80 in slot 7
[13:39:28.555] [SEVERE ] placing card 7 in slot 8
[13:39:28.657] [SEVERE ] placing card 20 in slot 9
[13:39:28.759] [SEVERE ] placing card 68 in slot 10
[13:39:28.860] [SEVERE ] placing card 12 in slot 11
[13:39:28.870] [SEVERE ] updating countdown to 19999
[13:39:28.870] [INFO   ] im player 4 exit return
[13:39:28.870] [INFO   ] im player 1 exit return
[13:39:28.870] [INFO   ] im player 3 exit return
[13:39:28.870] [INFO   ] im player 2 exit return
[13:39:28.872] [INFO   ] player 3 waiting for queue 1
[13:39:28.871] [INFO   ] player 1 waiting for queue 0
[13:39:28.871] [INFO   ] dealer have table
[13:39:28.871] [INFO   ] player 4 waiting for queue 1
[13:39:28.874] [INFO   ] player 3 out queue 0
[13:39:28.873] [INFO   ] player 2 waiting for queue 0
[13:39:28.878] [SEVERE ] player 3 placing token on slot 4
[13:39:28.876] [INFO   ] player 4 out queue 0
[13:39:28.881] [INFO   ] im player 3 entering return
[13:39:28.881] [SEVERE ] player 4 placing token on slot 9
[13:39:28.882] [INFO   ] im player 3 exit return
[13:39:28.883] [INFO   ] player 3 waiting for queue 0
[13:39:28.883] [INFO   ] im player 4 entering return
[13:39:28.884] [INFO   ] im player 4 exit return
[13:39:28.885] [INFO   ] player 4 waiting for queue 0
[13:39:29.861] [INFO   ] player 4 out queue 0
[13:39:29.862] [SEVERE ] player 4 placing token on slot 1
[13:39:29.861] [INFO   ] player 3 out queue 0
[13:39:29.863] [INFO   ] im player 4 entering return
[13:39:29.863] [SEVERE ] player 3 placing token on slot 8
[13:39:29.864] [INFO   ] im player 4 exit return
[13:39:29.864] [INFO   ] im player 3 entering return
[13:39:29.865] [INFO   ] player 4 waiting for queue 0
[13:39:29.865] [INFO   ] im player 3 exit return
[13:39:29.866] [INFO   ] player 3 waiting for queue 0
[13:39:29.876] [SEVERE ] updating countdown to 18994
[13:39:29.877] [INFO   ] im dealer i'm checking for sets now and queue size is 0
[13:39:29.878] [INFO   ] dealer have table
[13:39:29.879] [INFO   ] dealer realese table
[13:39:29.880] [INFO   ] dealer have table
[13:39:30.862] [INFO   ] player 4 out queue 0
[13:39:30.862] [SEVERE ] player 4 placing token on slot 5
[13:39:30.862] [INFO   ] player 3 out queue 0
[13:39:30.863] [INFO   ] player 4 in claims 1
[13:39:30.864] [SEVERE ] player 3 placing token on slot 1
[13:39:30.864] [INFO   ] player 4 has table
[13:39:30.864] [INFO   ] player 3 in claims 2
[13:39:30.865] [SEVERE ] updating countdown to 18005
[13:39:30.866] [INFO   ] player 3 has table
[13:39:30.866] [INFO   ] im dealer i'm checking for sets now and queue size is 2
[13:39:30.867] [INFO   ] player 4 wait table
[13:39:30.867] [INFO   ] dealer have table
[13:39:30.868] [INFO   ] took 4out of claims for a check
[13:39:30.868] [INFO   ] dealer realese table
[13:39:30.868] [INFO   ] player 3 wait table
[13:39:30.869] [INFO   ] dealer have table
[13:39:30.870] [SEVERE ] updating countdown to 18000
[13:39:30.870] [INFO   ] player 4 wait table
[13:39:30.871] [INFO   ] im dealer i'm checking for sets now and queue size is 1
[13:39:30.872] [INFO   ] dealer have table
[13:39:30.871] [INFO   ] player 4 realese table
[13:39:30.874] [SEVERE ] setting player 4 freeze to 3000
[13:39:30.874] [INFO   ] took 3out of claims for a check
[13:39:30.876] [INFO   ] dealer realese table
[13:39:30.876] [INFO   ] player 3 wait table
[13:39:30.879] [INFO   ] player 3 realese table
[13:39:30.879] [SEVERE ] setting player 3 freeze to 3000
[13:39:30.879] [INFO   ] dealer have table
[13:39:31.875] [SEVERE ] setting player 4 freeze to 2000
[13:39:31.880] [SEVERE ] setting player 3 freeze to 2000
[13:39:31.880] [SEVERE ] updating countdown to 16990
[13:39:31.882] [INFO   ] im dealer i'm checking for sets now and queue size is 0
[13:39:31.882] [INFO   ] dealer have table
[13:39:31.883] [INFO   ] dealer realese table
[13:39:31.884] [INFO   ] dealer have table
[13:39:32.876] [SEVERE ] setting player 4 freeze to 1000
[13:39:32.881] [SEVERE ] setting player 3 freeze to 1000
[13:39:32.884] [SEVERE ] updating countdown to 15986
[13:39:32.885] [INFO   ] im dealer i'm checking for sets now and queue size is 0
[13:39:32.886] [INFO   ] dealer have table
[13:39:32.887] [INFO   ] dealer realese table
[13:39:32.888] [INFO   ] dealer have table
[13:39:33.877] [SEVERE ] setting player 4 freeze to 0
[13:39:33.878] [INFO   ] im player 4 im exiting my loop and mu check is false
[13:39:33.879] [INFO   ] im player 4 entering return
[13:39:33.880] [INFO   ] im player 4 exit return
[13:39:33.881] [INFO   ] player 4 waiting for queue 1
[13:39:33.881] [INFO   ] player 4 out queue 0
[13:39:33.882] [INFO   ] im player 4 entering return
[13:39:33.882] [INFO   ] im player 4 exit return
[13:39:33.883] [INFO   ] player 4 waiting for queue 0
[13:39:33.882] [SEVERE ] setting player 3 freeze to 0
[13:39:33.884] [INFO   ] im player 3 im exiting my loop and mu check is false
[13:39:33.884] [INFO   ] im player 3 entering return
[13:39:33.885] [INFO   ] im player 3 exit return
[13:39:33.885] [INFO   ] player 3 waiting for queue 1
[13:39:33.886] [INFO   ] player 3 out queue 0
[13:39:33.886] [INFO   ] im player 3 entering return
[13:39:33.886] [INFO   ] im player 3 exit return
[13:39:33.887] [INFO   ] player 3 waiting for queue 0
[13:39:33.889] [SEVERE ] updating countdown to 14981
[13:39:33.890] [INFO   ] im dealer i'm checking for sets now and queue size is 0
[13:39:33.890] [INFO   ] dealer have table
[13:39:33.891] [INFO   ] dealer realese table
[13:39:33.891] [INFO   ] dealer have table
[13:39:34.878] [INFO   ] player 4 out queue 0
[13:39:34.879] [INFO   ] im player 4 entering return
[13:39:34.880] [INFO   ] im player 4 exit return
[13:39:34.880] [INFO   ] player 4 waiting for queue 0
[13:39:34.884] [INFO   ] player 3 out queue 0
[13:39:34.885] [SEVERE ] removing player 3 token from slot 8
[13:39:34.886] [INFO   ] im player 3 entering return
[13:39:34.886] [INFO   ] im player 3 exit return
[13:39:34.886] [INFO   ] player 3 waiting for queue 0
[13:39:34.892] [SEVERE ] updating countdown to 13978
[13:39:34.893] [INFO   ] im dealer i'm checking for sets now and queue size is 0
[13:39:34.894] [INFO   ] dealer have table
[13:39:34.894] [INFO   ] dealer realese table
[13:39:34.895] [INFO   ] dealer have table
[13:39:35.878] [INFO   ] player 4 out queue 0
[13:39:35.879] [SEVERE ] removing player 4 token from slot 9
[13:39:35.880] [INFO   ] im player 4 entering return
[13:39:35.881] [INFO   ] im player 4 exit return
[13:39:35.882] [INFO   ] player 4 waiting for queue 0
[13:39:35.884] [INFO   ] player 3 out queue 0
[13:39:35.885] [SEVERE ] player 3 placing token on slot 0
[13:39:35.885] [INFO   ] player 3 in claims 1
[13:39:35.886] [INFO   ] player 3 has table
[13:39:35.886] [SEVERE ] updating countdown to 12984
[13:39:35.887] [INFO   ] im dealer i'm checking for sets now and queue size is 1
[13:39:35.887] [INFO   ] dealer have table
[13:39:35.888] [INFO   ] took 3out of claims for a check
[13:39:35.888] [INFO   ] dealer realese table
[13:39:35.888] [INFO   ] player 3 wait table
[13:39:35.889] [INFO   ] player 3 realese table
[13:39:35.889] [SEVERE ] setting player 3 freeze to 3000
[13:39:35.889] [INFO   ] dealer have table
[13:39:36.878] [INFO   ] player 4 out queue 0
[13:39:36.879] [SEVERE ] player 4 placing token on slot 9
[13:39:36.880] [INFO   ] player 4 in claims 1
[13:39:36.881] [INFO   ] player 4 has table
[13:39:36.882] [SEVERE ] updating countdown to 11988
[13:39:36.883] [INFO   ] im dealer i'm checking for sets now and queue size is 1
[13:39:36.883] [INFO   ] dealer have table
[13:39:36.883] [INFO   ] took 4out of claims for a check
[13:39:36.887] [INFO   ] dealer realese table
[13:39:36.887] [INFO   ] player 4 wait table
[13:39:36.889] [INFO   ] player 4 realese table
[13:39:36.889] [SEVERE ] setting player 4 freeze to 3000
[13:39:36.889] [INFO   ] dealer have table
[13:39:36.890] [SEVERE ] setting player 3 freeze to 2000
[13:39:37.890] [SEVERE ] setting player 4 freeze to 2000
[13:39:37.890] [SEVERE ] updating countdown to 10980
[13:39:37.891] [INFO   ] im dealer i'm checking for sets now and queue size is 0
[13:39:37.892] [SEVERE ] setting player 3 freeze to 1000
[13:39:37.892] [INFO   ] dealer have table
[13:39:37.892] [INFO   ] dealer realese table
[13:39:37.893] [INFO   ] dealer have table
[13:39:38.125] [SEVERE ] exit button pressed
[13:39:38.891] [SEVERE ] setting player 4 freeze to 1000
[13:39:38.892] [SEVERE ] setting player 3 freeze to 0
[13:39:38.893] [INFO   ] im player 3 im exiting my loop and mu check is false
[13:39:38.893] [INFO   ] im player 3 entering return
[13:39:38.893] [SEVERE ] updating countdown to 9977
[13:39:38.893] [INFO   ] im player 3 exit return
[13:39:38.894] [INFO   ] im dealer i'm checking for sets now and queue size is 0
[13:39:38.895] [INFO   ] dealer have table
[13:39:38.894] [INFO   ] player 3 waiting for queue 1
[13:39:38.895] [INFO   ] dealer realese table
[13:39:38.895] [INFO   ] player 3 out queue 0
[13:39:38.896] [INFO   ] im player 3 entering return
[13:39:38.996] [SEVERE ] removing card from slot 0
[13:39:38.997] [SEVERE ] removing tokens from slot 0
[13:39:39.097] [SEVERE ] removing card from slot 1
[13:39:39.098] [SEVERE ] removing tokens from slot 1
[13:39:39.199] [SEVERE ] removing card from slot 2
[13:39:39.200] [SEVERE ] removing tokens from slot 2
[13:39:39.300] [SEVERE ] removing card from slot 3
[13:39:39.301] [SEVERE ] removing tokens from slot 3
[13:39:39.402] [SEVERE ] removing card from slot 4
[13:39:39.402] [SEVERE ] removing tokens from slot 4
[13:39:39.503] [SEVERE ] removing card from slot 5
[13:39:39.504] [SEVERE ] removing tokens from slot 5
[13:39:39.605] [SEVERE ] removing card from slot 6
[13:39:39.605] [SEVERE ] removing tokens from slot 6
[13:39:39.706] [SEVERE ] removing card from slot 7
[13:39:39.707] [SEVERE ] removing tokens from slot 7
[13:39:39.807] [SEVERE ] removing card from slot 8
[13:39:39.808] [SEVERE ] removing tokens from slot 8
[13:39:39.892] [SEVERE ] setting player 4 freeze to 0
[13:39:39.893] [INFO   ] im player 4 im exiting my loop and mu check is false
[13:39:39.894] [INFO   ] im player 4 entering return
[13:39:39.909] [SEVERE ] removing card from slot 9
[13:39:39.909] [SEVERE ] removing tokens from slot 9
[13:39:40.010] [SEVERE ] removing card from slot 10
[13:39:40.011] [SEVERE ] removing tokens from slot 10
[13:39:40.112] [SEVERE ] removing card from slot 11
[13:39:40.112] [SEVERE ] removing tokens from slot 11
[13:39:40.113] [INFO   ] im player 4 exit return
[13:39:40.113] [INFO   ] player 4 waiting for queue 1
[13:39:40.114] [INFO   ] player 4 out queue 0
[13:39:40.114] [INFO   ] im player 4 entering return
[13:39:40.115] [INFO   ] im player 4 exit return
[13:39:40.115] [INFO   ] player 4 waiting for queue 0
[13:39:40.113] [INFO   ] im player 3 exit return
[13:39:40.116] [INFO   ] player 3 waiting for queue 1
[13:39:40.117] [INFO   ] player 3 out queue 0
[13:39:40.117] [INFO   ] im player 3 entering return
[13:39:40.117] [INFO   ] im player 3 exit return
[13:39:40.118] [INFO   ] player 3 waiting for queue 0
[13:39:40.113] [SEVERE ] announcing winner(s): player 1, player 2, player 3, player 4
[13:39:40.119] [INFO   ] player4interrupted while waiting for a key
[13:39:40.120] [INFO   ] player 4isInterrupted: false
[13:39:41.113] [INFO   ] player 3 out queue 0
[13:39:41.114] [INFO   ] im player 3 entering return
[13:39:41.114] [INFO   ] im player 3 exit return
[13:39:41.115] [INFO   ] player 3 waiting for queue 0
[13:39:42.113] [INFO   ] player 3 out queue 0
[13:39:42.114] [INFO   ] im player 3 entering return
[13:39:42.115] [INFO   ] im player 3 exit return
[13:39:42.115] [INFO   ] player 3 waiting for queue 0
[13:39:43.114] [INFO   ] player 3 out queue 0
[13:39:43.114] [INFO   ] im player 3 entering return
[13:39:43.115] [INFO   ] im player 3 exit return
[13:39:43.116] [INFO   ] player 3 waiting for queue 0
