[16:41:01.715] [INFO   ] thread bguspl.set.Main.main() starting.
[16:41:01.727] [SEVERE ] cannot read configuration file config.properties trying from resources.
[16:41:01.735] [SEVERE ] configuration file was loaded from resources directory.
[16:41:03.098] [INFO   ] thread dealer starting.
[16:41:03.099] [INFO   ] thread dealer starting.
[16:41:03.101] [INFO   ] thread computer-2 starting.
[16:41:03.101] [INFO   ] thread computer-3 starting.
[16:41:03.206] [SEVERE ] placing card 43 in slot 0
[16:41:03.310] [SEVERE ] placing card 56 in slot 1
[16:41:03.411] [SEVERE ] placing card 46 in slot 2
[16:41:03.513] [SEVERE ] placing card 78 in slot 3
[16:41:03.614] [SEVERE ] placing card 12 in slot 4
[16:41:03.716] [SEVERE ] placing card 23 in slot 5
[16:41:03.817] [SEVERE ] placing card 55 in slot 6
[16:41:03.918] [SEVERE ] placing card 80 in slot 7
[16:41:04.019] [SEVERE ] placing card 53 in slot 8
[16:41:04.120] [SEVERE ] placing card 21 in slot 9
[16:41:04.221] [SEVERE ] placing card 52 in slot 10
[16:41:04.322] [SEVERE ] placing card 77 in slot 11
[16:41:04.328] [SEVERE ] updating countdown to 19999
[16:41:04.329] [SEVERE ] player 4 placing token on slot 9
[16:41:04.329] [SEVERE ] player 3 placing token on slot 6
[16:41:05.323] [SEVERE ] player 3 placing token on slot 4
[16:41:05.324] [SEVERE ] player 4 placing token on slot 8
[16:41:05.330] [INFO   ] time 18999
[16:41:05.331] [SEVERE ] updating countdown to 18999
[16:41:06.324] [SEVERE ] player 3 placing token on slot 11
[16:41:06.324] [SEVERE ] player 4 placing token on slot 2
[16:41:06.325] [INFO   ] time 18004
[16:41:06.326] [SEVERE ] updating countdown to 18004
[16:41:06.327] [INFO   ] time 18002
[16:41:06.327] [SEVERE ] setting player 3 freeze to 3000
[16:41:06.328] [SEVERE ] updating countdown to 18002
[16:41:06.329] [SEVERE ] setting player 4 freeze to 3000
[16:41:07.328] [SEVERE ] setting player 3 freeze to 2000
[16:41:07.329] [INFO   ] time 17000
[16:41:07.330] [SEVERE ] setting player 4 freeze to 2000
[16:41:07.331] [SEVERE ] updating countdown to 17000
[16:41:08.330] [SEVERE ] setting player 3 freeze to 1000
[16:41:08.332] [SEVERE ] setting player 4 freeze to 1000
[16:41:08.333] [INFO   ] time 15996
[16:41:08.334] [SEVERE ] updating countdown to 15996
[16:41:09.330] [SEVERE ] setting player 3 freeze to 0
[16:41:09.332] [SEVERE ] removing player 3 token from slot 11
[16:41:09.334] [SEVERE ] setting player 4 freeze to 0
[16:41:09.334] [INFO   ] time 14995
[16:41:09.335] [SEVERE ] updating countdown to 14995
[16:41:10.115] [SEVERE ] exit button pressed
[16:41:10.116] [INFO   ] time 14213
[16:41:10.117] [SEVERE ] updating countdown to 14213
[16:41:10.217] [SEVERE ] removing card from slot 0
[16:41:10.218] [SEVERE ] removing tokens from slot 0
[16:41:10.319] [SEVERE ] removing card from slot 1
[16:41:10.320] [SEVERE ] removing tokens from slot 1
[16:41:10.420] [SEVERE ] removing card from slot 2
[16:41:10.421] [SEVERE ] removing tokens from slot 2
[16:41:10.522] [SEVERE ] removing card from slot 3
[16:41:10.522] [SEVERE ] removing tokens from slot 3
[16:41:10.623] [SEVERE ] removing card from slot 4
[16:41:10.624] [SEVERE ] removing tokens from slot 4
[16:41:10.724] [SEVERE ] removing card from slot 5
[16:41:10.725] [SEVERE ] removing tokens from slot 5
[16:41:10.826] [SEVERE ] removing card from slot 6
[16:41:10.826] [SEVERE ] removing tokens from slot 6
[16:41:10.927] [SEVERE ] removing card from slot 7
[16:41:10.928] [SEVERE ] removing tokens from slot 7
[16:41:11.028] [SEVERE ] removing card from slot 8
[16:41:11.029] [SEVERE ] removing tokens from slot 8
[16:41:11.130] [SEVERE ] removing card from slot 9
[16:41:11.130] [SEVERE ] removing tokens from slot 9
[16:41:11.231] [SEVERE ] removing card from slot 10
[16:41:11.231] [SEVERE ] removing tokens from slot 10
[16:41:11.332] [SEVERE ] removing card from slot 11
[16:41:11.333] [SEVERE ] removing tokens from slot 11
[16:41:11.333] [SEVERE ] announcing winner(s): player 1, player 2, player 3, player 4
[16:41:11.335] [INFO   ] thread computer-3 terminated.
[16:41:11.336] [INFO   ] thread Thread-4 terminated.
[16:41:11.336] [INFO   ] thread computer-2 terminated.
[16:41:11.337] [INFO   ] thread Thread-3 terminated.
[16:41:11.337] [INFO   ] thread Thread-2 terminated.
[16:41:11.338] [INFO   ] thread Thread-1 terminated.
[16:41:11.338] [INFO   ] thread dealer terminated.
[16:41:11.339] [INFO   ] thread dealer terminated.
[16:41:11.339] [SEVERE ] thanks for playing... it was fun!
[16:41:11.340] [INFO   ] thread bguspl.set.Main.main() terminated.
