[16:39:08.874] [INFO   ] thread bguspl.set.Main.main() starting.
[16:39:08.888] [SEVERE ] cannot read configuration file config.properties trying from resources.
[16:39:08.898] [SEVERE ] configuration file was loaded from resources directory.
[16:39:10.638] [INFO   ] thread dealer starting.
[16:39:10.639] [INFO   ] thread dealer starting.
[16:39:10.642] [INFO   ] thread computer-2 starting.
[16:39:10.643] [INFO   ] thread computer-3 starting.
[16:39:10.748] [SEVERE ] placing card 35 in slot 0
[16:39:10.853] [SEVERE ] placing card 38 in slot 1
[16:39:10.963] [SEVERE ] placing card 43 in slot 2
[16:39:11.080] [SEVERE ] placing card 60 in slot 3
[16:39:11.181] [SEVERE ] placing card 76 in slot 4
[16:39:11.283] [SEVERE ] placing card 15 in slot 5
[16:39:11.385] [SEVERE ] placing card 68 in slot 6
[16:39:11.486] [SEVERE ] placing card 47 in slot 7
[16:39:11.588] [SEVERE ] placing card 40 in slot 8
[16:39:11.689] [SEVERE ] placing card 2 in slot 9
[16:39:11.790] [SEVERE ] placing card 42 in slot 10
[16:39:11.891] [SEVERE ] placing card 72 in slot 11
[16:39:11.901] [SEVERE ] updating countdown to 19999
[16:39:11.901] [SEVERE ] player 3 placing token on slot 0
[16:39:11.901] [SEVERE ] player 4 placing token on slot 3
[16:39:12.893] [SEVERE ] removing player 3 token from slot 0
[16:39:12.893] [SEVERE ] player 4 placing token on slot 5
[16:39:12.903] [INFO   ] time 18998
[16:39:12.904] [SEVERE ] updating countdown to 18998
[16:39:13.894] [SEVERE ] player 3 placing token on slot 11
[16:39:13.894] [SEVERE ] player 4 placing token on slot 1
[16:39:13.897] [INFO   ] time 18004
[16:39:13.898] [SEVERE ] updating countdown to 18004
[16:39:13.900] [SEVERE ] setting player 4 freeze to 3000
[16:39:14.894] [SEVERE ] player 3 placing token on slot 5
[16:39:14.900] [INFO   ] time 17001
[16:39:14.901] [SEVERE ] updating countdown to 17001
[16:39:14.901] [SEVERE ] setting player 4 freeze to 2000
[16:39:15.894] [SEVERE ] player 3 placing token on slot 8
[16:39:15.895] [INFO   ] time 16006
[16:39:15.896] [SEVERE ] updating countdown to 16006
[16:39:15.896] [SEVERE ] setting player 3 freeze to 3000
[16:39:15.902] [SEVERE ] setting player 4 freeze to 1000
[16:39:16.897] [INFO   ] time 15004
[16:39:16.897] [SEVERE ] updating countdown to 15004
[16:39:16.897] [SEVERE ] setting player 3 freeze to 2000
[16:39:16.903] [SEVERE ] setting player 4 freeze to 0
[16:39:16.903] [SEVERE ] removing player 4 token from slot 5
[16:39:17.898] [INFO   ] time 14003
[16:39:17.899] [SEVERE ] updating countdown to 14003
[16:39:17.899] [SEVERE ] setting player 3 freeze to 1000
[16:39:17.904] [SEVERE ] player 4 placing token on slot 8
[16:39:17.904] [INFO   ] time 13997
[16:39:17.905] [SEVERE ] updating countdown to 13997
[16:39:17.905] [SEVERE ] setting player 4 freeze to 3000
[16:39:18.900] [SEVERE ] setting player 3 freeze to 0
[16:39:18.906] [INFO   ] time 12995
[16:39:18.906] [SEVERE ] updating countdown to 12995
[16:39:18.906] [SEVERE ] setting player 4 freeze to 2000
[16:39:19.907] [INFO   ] time 11994
[16:39:19.908] [SEVERE ] setting player 4 freeze to 1000
[16:39:19.908] [SEVERE ] updating countdown to 11994
[16:39:20.909] [SEVERE ] setting player 4 freeze to 0
[16:39:20.909] [INFO   ] time 10992
[16:39:20.910] [SEVERE ] updating countdown to 10992
[16:39:20.910] [SEVERE ] removing player 4 token from slot 1
[16:39:21.748] [SEVERE ] exit button pressed
[16:39:21.749] [INFO   ] time 10152
[16:39:21.750] [SEVERE ] updating countdown to 10152
[16:39:21.850] [SEVERE ] removing card from slot 0
[16:39:21.851] [SEVERE ] removing tokens from slot 0
[16:39:21.952] [SEVERE ] removing card from slot 1
[16:39:21.952] [SEVERE ] removing tokens from slot 1
[16:39:22.053] [SEVERE ] removing card from slot 2
[16:39:22.054] [SEVERE ] removing tokens from slot 2
[16:39:22.154] [SEVERE ] removing card from slot 3
[16:39:22.155] [SEVERE ] removing tokens from slot 3
[16:39:22.256] [SEVERE ] removing card from slot 4
[16:39:22.256] [SEVERE ] removing tokens from slot 4
[16:39:22.357] [SEVERE ] removing card from slot 5
[16:39:22.357] [SEVERE ] removing tokens from slot 5
[16:39:22.458] [SEVERE ] removing card from slot 6
[16:39:22.460] [SEVERE ] removing tokens from slot 6
[16:39:22.560] [SEVERE ] removing card from slot 7
[16:39:22.561] [SEVERE ] removing tokens from slot 7
[16:39:22.662] [SEVERE ] removing card from slot 8
[16:39:22.662] [SEVERE ] removing tokens from slot 8
[16:39:22.763] [SEVERE ] removing card from slot 9
[16:39:22.763] [SEVERE ] removing tokens from slot 9
[16:39:22.864] [SEVERE ] removing card from slot 10
[16:39:22.865] [SEVERE ] removing tokens from slot 10
[16:39:22.965] [SEVERE ] removing card from slot 11
[16:39:22.966] [SEVERE ] removing tokens from slot 11
[16:39:22.967] [SEVERE ] announcing winner(s): player 1, player 2, player 3, player 4
[16:39:22.968] [INFO   ] thread computer-3 terminated.
[16:39:22.969] [INFO   ] thread Thread-4 terminated.
[16:39:22.970] [INFO   ] thread computer-2 terminated.
[16:39:22.970] [INFO   ] thread Thread-3 terminated.
[16:39:22.971] [INFO   ] thread Thread-2 terminated.
[16:39:22.972] [INFO   ] thread Thread-1 terminated.
[16:39:22.972] [INFO   ] thread dealer terminated.
[16:39:22.973] [INFO   ] thread dealer terminated.
[16:39:22.973] [SEVERE ] thanks for playing... it was fun!
[16:39:22.974] [INFO   ] thread bguspl.set.Main.main() terminated.
