[15:09:59.866] [INFO   ] thread bguspl.set.Main.main() starting.
[15:09:59.878] [SEVERE ] cannot read configuration file config.properties trying from resources.
[15:09:59.886] [SEVERE ] configuration file was loaded from resources directory.
[15:10:01.349] [INFO   ] thread dealer starting.
[15:10:01.350] [INFO   ] thread dealer starting.
[15:10:01.352] [INFO   ] thread computer-2 starting.
[15:10:01.352] [INFO   ] thread computer-3 starting.
[15:10:01.457] [SEVERE ] placing card 57 in slot 0
[15:10:01.561] [SEVERE ] placing card 11 in slot 1
[15:10:01.662] [SEVERE ] placing card 33 in slot 2
[15:10:01.763] [SEVERE ] placing card 69 in slot 3
[15:10:01.864] [SEVERE ] placing card 2 in slot 4
[15:10:01.965] [SEVERE ] placing card 27 in slot 5
[15:10:02.066] [SEVERE ] placing card 7 in slot 6
[15:10:02.167] [SEVERE ] placing card 49 in slot 7
[15:10:02.268] [SEVERE ] placing card 73 in slot 8
[15:10:02.368] [SEVERE ] placing card 66 in slot 9
[15:10:02.470] [SEVERE ] placing card 67 in slot 10
[15:10:02.571] [SEVERE ] placing card 14 in slot 11
[15:10:02.579] [SEVERE ] player 4 placing token on slot 0
[15:10:02.580] [SEVERE ] updating countdown to 19999
[15:10:02.583] [SEVERE ] player 3 placing token on slot 2
[15:10:03.573] [SEVERE ] removing player 3 token from slot 2
[15:10:03.573] [SEVERE ] player 4 placing token on slot 7
[15:10:03.585] [SEVERE ] updating countdown to 18998
[15:10:04.573] [SEVERE ] player 3 placing token on slot 6
[15:10:04.573] [SEVERE ] player 4 placing token on slot 10
[15:10:04.574] [SEVERE ] updating countdown to 18009
[15:10:04.574] [SEVERE ] setting player 4 freeze to 3000
[15:10:05.573] [SEVERE ] player 3 placing token on slot 7
[15:10:05.575] [SEVERE ] updating countdown to 17008
[15:10:05.577] [SEVERE ] setting player 4 freeze to 2000
[15:10:06.573] [SEVERE ] player 3 placing token on slot 9
[15:10:06.574] [SEVERE ] updating countdown to 16009
[15:10:06.575] [SEVERE ] setting player 3 freeze to 3000
[15:10:06.579] [SEVERE ] setting player 4 freeze to 1000
[15:10:07.575] [SEVERE ] updating countdown to 15008
[15:10:07.575] [SEVERE ] setting player 3 freeze to 2000
[15:10:07.580] [SEVERE ] setting player 4 freeze to 0
[15:10:08.576] [SEVERE ] updating countdown to 14007
[15:10:08.576] [SEVERE ] setting player 3 freeze to 1000
[15:10:09.577] [SEVERE ] updating countdown to 13006
[15:10:09.578] [SEVERE ] setting player 3 freeze to 0
[15:10:09.581] [SEVERE ] removing player 4 token from slot 7
[15:10:10.578] [SEVERE ] updating countdown to 12005
[15:10:10.582] [SEVERE ] removing player 4 token from slot 0
[15:10:11.579] [SEVERE ] updating countdown to 11004
[15:10:11.582] [SEVERE ] player 4 placing token on slot 3
[15:10:12.581] [SEVERE ] updating countdown to 10002
[15:10:12.582] [SEVERE ] player 4 placing token on slot 11
[15:10:12.583] [SEVERE ] updating countdown to 10000
[15:10:12.585] [SEVERE ] setting player 4 freeze to 3000
[15:10:13.580] [SEVERE ] removing player 3 token from slot 9
[15:10:13.585] [SEVERE ] updating countdown to 8998
[15:10:13.585] [SEVERE ] setting player 4 freeze to 2000
[15:10:14.580] [SEVERE ] player 3 placing token on slot 1
[15:10:14.581] [SEVERE ] updating countdown to 8002
[15:10:14.582] [SEVERE ] setting player 3 freeze to 3000
[15:10:14.586] [SEVERE ] setting player 4 freeze to 1000
[15:10:15.582] [SEVERE ] updating countdown to 7001
[15:10:15.583] [SEVERE ] setting player 3 freeze to 2000
[15:10:15.587] [SEVERE ] setting player 4 freeze to 0
[15:10:15.588] [SEVERE ] removing player 4 token from slot 10
[15:10:16.584] [SEVERE ] updating countdown to 5999
[15:10:16.584] [SEVERE ] setting player 3 freeze to 1000
[15:10:16.588] [SEVERE ] removing player 4 token from slot 11
[15:10:17.585] [SEVERE ] setting player 3 freeze to 0
[15:10:17.589] [SEVERE ] player 4 placing token on slot 10
[15:10:18.589] [SEVERE ] player 4 placing token on slot 0
[15:10:18.591] [SEVERE ] setting player 4 freeze to 3000
[15:10:19.591] [SEVERE ] setting player 4 freeze to 2000
[15:10:20.592] [SEVERE ] setting player 4 freeze to 1000
[15:10:20.730] [SEVERE ] exit button pressed
[15:10:20.832] [SEVERE ] removing card from slot 0
[15:10:20.833] [SEVERE ] removing tokens from slot 0
[15:10:20.934] [SEVERE ] removing card from slot 1
[15:10:20.934] [SEVERE ] removing tokens from slot 1
[15:10:21.035] [SEVERE ] removing card from slot 2
[15:10:21.035] [SEVERE ] removing tokens from slot 2
[15:10:21.136] [SEVERE ] removing card from slot 3
[15:10:21.137] [SEVERE ] removing tokens from slot 3
[15:10:21.237] [SEVERE ] removing card from slot 4
[15:10:21.238] [SEVERE ] removing tokens from slot 4
[15:10:21.339] [SEVERE ] removing card from slot 5
[15:10:21.339] [SEVERE ] removing tokens from slot 5
[15:10:21.440] [SEVERE ] removing card from slot 6
[15:10:21.440] [SEVERE ] removing tokens from slot 6
[15:10:21.541] [SEVERE ] removing card from slot 7
[15:10:21.542] [SEVERE ] removing tokens from slot 7
[15:10:21.593] [SEVERE ] setting player 4 freeze to 0
[15:10:21.643] [SEVERE ] removing card from slot 8
[15:10:21.644] [SEVERE ] removing tokens from slot 8
[15:10:21.744] [SEVERE ] removing card from slot 9
[15:10:21.745] [SEVERE ] removing tokens from slot 9
[15:10:21.845] [SEVERE ] removing card from slot 10
[15:10:21.846] [SEVERE ] removing tokens from slot 10
[15:10:21.947] [SEVERE ] removing card from slot 11
[15:10:21.947] [SEVERE ] removing tokens from slot 11
[15:10:21.948] [SEVERE ] announcing winner(s): player 1, player 2, player 3, player 4
[15:10:21.950] [INFO   ] thread computer-3 terminated.
[15:10:21.950] [INFO   ] thread Thread-4 terminated.
[15:10:21.951] [INFO   ] thread computer-2 terminated.
[15:10:21.951] [INFO   ] thread Thread-3 terminated.
[15:10:21.952] [INFO   ] thread Thread-2 terminated.
[15:10:21.952] [INFO   ] thread Thread-1 terminated.
[15:10:21.953] [INFO   ] thread dealer terminated.
[15:10:21.953] [INFO   ] thread dealer terminated.
[15:10:21.953] [SEVERE ] thanks for playing... it was fun!
[15:10:21.953] [INFO   ] thread bguspl.set.Main.main() terminated.
