[16:51:40.220] [INFO   ] thread bguspl.set.Main.main() starting.
[16:51:40.230] [SEVERE ] cannot read configuration file config.properties trying from resources.
[16:51:40.240] [SEVERE ] configuration file was loaded from resources directory.
[16:51:41.550] [INFO   ] thread dealer starting.
[16:51:41.551] [INFO   ] thread dealer starting.
[16:51:41.553] [INFO   ] thread computer-3 starting.
[16:51:41.553] [INFO   ] thread computer-2 starting.
[16:51:41.657] [SEVERE ] placing card 13 in slot 0
[16:51:41.758] [SEVERE ] placing card 8 in slot 1
[16:51:41.859] [SEVERE ] placing card 72 in slot 2
[16:51:41.960] [SEVERE ] placing card 75 in slot 3
[16:51:42.061] [SEVERE ] placing card 28 in slot 4
[16:51:42.162] [SEVERE ] placing card 64 in slot 5
[16:51:42.263] [SEVERE ] placing card 10 in slot 6
[16:51:42.364] [SEVERE ] placing card 34 in slot 7
[16:51:42.465] [SEVERE ] placing card 51 in slot 8
[16:51:42.567] [SEVERE ] placing card 25 in slot 9
[16:51:42.667] [SEVERE ] placing card 0 in slot 10
[16:51:42.768] [SEVERE ] placing card 62 in slot 11
[16:51:42.775] [SEVERE ] updating countdown to 19999
[16:51:42.775] [SEVERE ] player 3 placing token on slot 9
[16:51:42.775] [SEVERE ] player 4 placing token on slot 3
[16:51:43.770] [SEVERE ] player 4 placing token on slot 10
[16:51:43.770] [SEVERE ] player 3 placing token on slot 2
[16:51:43.776] [INFO   ] time 18999
[16:51:43.777] [SEVERE ] updating countdown to 18999
[16:51:44.770] [SEVERE ] player 3 placing token on slot 7
[16:51:44.770] [SEVERE ] player 4 placing token on slot 1
[16:51:44.772] [INFO   ] time 18003
[16:51:44.773] [SEVERE ] updating countdown to 18003
[16:51:44.774] [INFO   ] time 18001
[16:51:44.774] [SEVERE ] updating countdown to 18001
[16:51:44.774] [SEVERE ] setting player 3 freeze to 3000
[16:51:44.775] [SEVERE ] setting player 4 freeze to 3000
[16:51:45.775] [INFO   ] time 17000
[16:51:45.776] [SEVERE ] setting player 3 freeze to 2000
[16:51:45.777] [SEVERE ] setting player 4 freeze to 2000
[16:51:45.776] [SEVERE ] updating countdown to 17000
[16:51:46.777] [SEVERE ] setting player 3 freeze to 1000
[16:51:46.779] [SEVERE ] setting player 4 freeze to 1000
[16:51:46.781] [INFO   ] time 15994
[16:51:46.782] [SEVERE ] updating countdown to 15994
[16:51:47.778] [SEVERE ] setting player 3 freeze to 0
[16:51:47.780] [SEVERE ] setting player 4 freeze to 0
[16:51:47.780] [SEVERE ] removing player 4 token from slot 10
[16:51:47.782] [INFO   ] time 14993
[16:51:47.783] [SEVERE ] updating countdown to 14993
[16:51:48.781] [SEVERE ] player 4 placing token on slot 4
[16:51:48.782] [INFO   ] time 13993
[16:51:48.783] [SEVERE ] updating countdown to 13993
[16:51:48.784] [SEVERE ] setting player 4 freeze to 3000
[16:51:49.780] [SEVERE ] removing player 3 token from slot 7
[16:51:49.784] [INFO   ] time 12991
[16:51:49.785] [SEVERE ] setting player 4 freeze to 2000
[16:51:49.785] [SEVERE ] updating countdown to 12991
[16:51:50.780] [SEVERE ] removing player 3 token from slot 9
[16:51:50.786] [SEVERE ] setting player 4 freeze to 1000
[16:51:50.786] [INFO   ] time 11989
[16:51:50.787] [SEVERE ] updating countdown to 11989
[16:51:51.781] [SEVERE ] player 3 placing token on slot 11
[16:51:51.787] [SEVERE ] setting player 4 freeze to 0
[16:51:51.787] [INFO   ] time 10988
[16:51:51.788] [SEVERE ] updating countdown to 10988
[16:51:52.781] [SEVERE ] player 3 placing token on slot 8
[16:51:52.782] [INFO   ] time 9993
[16:51:52.784] [SEVERE ] updating countdown to 9993
[16:51:52.785] [SEVERE ] setting player 3 freeze to 3000
[16:51:53.785] [INFO   ] time 8990
[16:51:53.785] [SEVERE ] updating countdown to 8990
[16:51:53.786] [SEVERE ] setting player 3 freeze to 2000
[16:51:54.786] [INFO   ] time 7989
[16:51:54.787] [SEVERE ] updating countdown to 7989
[16:51:54.789] [SEVERE ] setting player 3 freeze to 1000
[16:51:55.788] [INFO   ] time 6988
[16:51:55.788] [SEVERE ] updating countdown to 6988
[16:51:55.790] [SEVERE ] setting player 3 freeze to 0
[16:51:56.789] [INFO   ] time 5986
[16:51:56.790] [SEVERE ] updating countdown to 5986
[16:51:57.789] [SEVERE ] removing player 4 token from slot 4
[16:51:57.790] [INFO   ] time 4985
[16:51:57.802] [INFO   ] time 4973
[16:51:57.813] [INFO   ] time 4962
[16:51:57.824] [INFO   ] time 4951
[16:51:57.835] [INFO   ] time 4940
[16:51:57.846] [INFO   ] time 4929
[16:51:57.857] [INFO   ] time 4918
[16:51:57.868] [INFO   ] time 4907
[16:51:57.879] [INFO   ] time 4896
[16:51:57.891] [INFO   ] time 4885
[16:51:57.902] [INFO   ] time 4873
[16:51:57.913] [INFO   ] time 4862
[16:51:57.924] [INFO   ] time 4851
[16:51:57.936] [INFO   ] time 4840
[16:51:57.947] [INFO   ] time 4829
[16:51:57.957] [INFO   ] time 4818
[16:51:57.969] [INFO   ] time 4806
[16:51:57.980] [INFO   ] time 4795
[16:51:57.991] [INFO   ] time 4784
[16:51:58.002] [INFO   ] time 4773
[16:51:58.014] [INFO   ] time 4761
[16:51:58.025] [INFO   ] time 4750
[16:51:58.036] [INFO   ] time 4739
[16:51:58.047] [INFO   ] time 4728
[16:51:58.058] [INFO   ] time 4717
[16:51:58.069] [INFO   ] time 4706
[16:51:58.080] [INFO   ] time 4695
[16:51:58.091] [INFO   ] time 4684
[16:51:58.103] [INFO   ] time 4672
[16:51:58.114] [INFO   ] time 4661
[16:51:58.125] [INFO   ] time 4650
[16:51:58.136] [INFO   ] time 4639
[16:51:58.147] [INFO   ] time 4628
[16:51:58.158] [INFO   ] time 4617
[16:51:58.169] [INFO   ] time 4606
[16:51:58.180] [INFO   ] time 4595
[16:51:58.192] [INFO   ] time 4583
[16:51:58.203] [INFO   ] time 4572
[16:51:58.215] [INFO   ] time 4560
[16:51:58.226] [INFO   ] time 4549
[16:51:58.238] [INFO   ] time 4537
[16:51:58.249] [INFO   ] time 4526
[16:51:58.261] [INFO   ] time 4515
[16:51:58.272] [INFO   ] time 4503
[16:51:58.283] [INFO   ] time 4492
[16:51:58.294] [INFO   ] time 4481
[16:51:58.306] [INFO   ] time 4469
[16:51:58.318] [INFO   ] time 4457
[16:51:58.329] [INFO   ] time 4446
[16:51:58.342] [INFO   ] time 4434
[16:51:58.355] [INFO   ] time 4420
[16:51:58.366] [INFO   ] time 4409
[16:51:58.378] [INFO   ] time 4397
[16:51:58.389] [INFO   ] time 4386
[16:51:58.400] [INFO   ] time 4375
[16:51:58.411] [INFO   ] time 4364
[16:51:58.422] [INFO   ] time 4353
[16:51:58.434] [INFO   ] time 4341
[16:51:58.445] [INFO   ] time 4330
[16:51:58.456] [INFO   ] time 4319
[16:51:58.467] [INFO   ] time 4308
[16:51:58.477] [INFO   ] time 4298
[16:51:58.488] [INFO   ] time 4287
[16:51:58.500] [INFO   ] time 4275
[16:51:58.511] [INFO   ] time 4264
[16:51:58.522] [INFO   ] time 4253
[16:51:58.533] [INFO   ] time 4242
[16:51:58.544] [INFO   ] time 4231
[16:51:58.555] [INFO   ] time 4220
[16:51:58.567] [INFO   ] time 4209
[16:51:58.578] [INFO   ] time 4197
[16:51:58.589] [INFO   ] time 4186
[16:51:58.600] [INFO   ] time 4175
[16:51:58.611] [INFO   ] time 4164
[16:51:58.622] [INFO   ] time 4153
[16:51:58.633] [INFO   ] time 4142
[16:51:58.644] [INFO   ] time 4131
[16:51:58.656] [INFO   ] time 4119
[16:51:58.667] [INFO   ] time 4108
[16:51:58.678] [INFO   ] time 4097
[16:51:58.690] [INFO   ] time 4085
[16:51:58.701] [INFO   ] time 4074
[16:51:58.712] [INFO   ] time 4063
[16:51:58.723] [INFO   ] time 4052
[16:51:58.734] [INFO   ] time 4041
[16:51:58.745] [INFO   ] time 4030
[16:51:58.756] [INFO   ] time 4019
[16:51:58.767] [INFO   ] time 4008
[16:51:58.778] [INFO   ] time 3997
[16:51:58.789] [INFO   ] time 3986
[16:51:58.789] [SEVERE ] player 4 placing token on slot 6
[16:51:58.790] [INFO   ] time 3985
[16:51:58.791] [SEVERE ] setting player 4 freeze to 3000
[16:51:58.801] [INFO   ] time 3974
[16:51:58.812] [INFO   ] time 3963
[16:51:58.823] [INFO   ] time 3952
[16:51:58.834] [INFO   ] time 3941
[16:51:58.845] [INFO   ] time 3930
[16:51:58.856] [INFO   ] time 3919
[16:51:58.867] [INFO   ] time 3908
[16:51:58.878] [INFO   ] time 3897
[16:51:58.889] [INFO   ] time 3886
[16:51:58.900] [INFO   ] time 3875
[16:51:58.911] [INFO   ] time 3864
[16:51:58.922] [INFO   ] time 3853
[16:51:58.933] [INFO   ] time 3842
[16:51:58.944] [INFO   ] time 3831
[16:51:58.955] [INFO   ] time 3820
[16:51:58.966] [INFO   ] time 3809
[16:51:58.977] [INFO   ] time 3798
[16:51:58.988] [INFO   ] time 3787
[16:51:58.999] [INFO   ] time 3776
[16:51:59.010] [INFO   ] time 3765
[16:51:59.021] [INFO   ] time 3754
[16:51:59.032] [INFO   ] time 3743
[16:51:59.043] [INFO   ] time 3732
[16:51:59.054] [INFO   ] time 3721
[16:51:59.065] [INFO   ] time 3710
[16:51:59.076] [INFO   ] time 3699
[16:51:59.087] [INFO   ] time 3689
[16:51:59.098] [INFO   ] time 3677
[16:51:59.109] [INFO   ] time 3666
[16:51:59.120] [INFO   ] time 3655
[16:51:59.131] [INFO   ] time 3644
[16:51:59.142] [INFO   ] time 3633
[16:51:59.153] [INFO   ] time 3622
[16:51:59.164] [INFO   ] time 3611
[16:51:59.175] [INFO   ] time 3600
[16:51:59.188] [INFO   ] time 3587
[16:51:59.199] [INFO   ] time 3576
[16:51:59.210] [INFO   ] time 3565
[16:51:59.222] [INFO   ] time 3554
[16:51:59.233] [INFO   ] time 3542
[16:51:59.244] [INFO   ] time 3531
[16:51:59.255] [INFO   ] time 3520
[16:51:59.266] [INFO   ] time 3509
[16:51:59.276] [INFO   ] time 3499
[16:51:59.287] [INFO   ] time 3488
[16:51:59.298] [INFO   ] time 3477
[16:51:59.309] [INFO   ] time 3466
[16:51:59.320] [INFO   ] time 3455
[16:51:59.331] [INFO   ] time 3444
[16:51:59.341] [INFO   ] time 3434
[16:51:59.352] [INFO   ] time 3423
[16:51:59.364] [INFO   ] time 3411
[16:51:59.374] [INFO   ] time 3401
[16:51:59.385] [INFO   ] time 3390
[16:51:59.396] [INFO   ] time 3379
[16:51:59.407] [INFO   ] time 3368
[16:51:59.418] [INFO   ] time 3357
[16:51:59.429] [INFO   ] time 3346
[16:51:59.440] [INFO   ] time 3335
[16:51:59.451] [INFO   ] time 3324
[16:51:59.462] [INFO   ] time 3313
[16:51:59.473] [INFO   ] time 3303
[16:51:59.484] [INFO   ] time 3291
[16:51:59.495] [INFO   ] time 3280
[16:51:59.506] [INFO   ] time 3269
[16:51:59.517] [INFO   ] time 3258
[16:51:59.527] [INFO   ] time 3248
[16:51:59.538] [INFO   ] time 3237
[16:51:59.550] [INFO   ] time 3225
[16:51:59.561] [INFO   ] time 3214
[16:51:59.572] [INFO   ] time 3203
[16:51:59.583] [INFO   ] time 3192
[16:51:59.594] [INFO   ] time 3181
[16:51:59.605] [INFO   ] time 3170
[16:51:59.616] [INFO   ] time 3159
[16:51:59.627] [INFO   ] time 3148
[16:51:59.638] [INFO   ] time 3137
[16:51:59.650] [INFO   ] time 3125
[16:51:59.661] [INFO   ] time 3114
[16:51:59.672] [INFO   ] time 3103
[16:51:59.683] [INFO   ] time 3092
[16:51:59.695] [INFO   ] time 3080
[16:51:59.707] [INFO   ] time 3068
[16:51:59.718] [INFO   ] time 3057
[16:51:59.730] [INFO   ] time 3046
[16:51:59.741] [INFO   ] time 3034
[16:51:59.753] [INFO   ] time 3022
[16:51:59.766] [INFO   ] time 3009
[16:51:59.779] [INFO   ] time 2996
[16:51:59.791] [SEVERE ] setting player 4 freeze to 2000
[16:51:59.793] [INFO   ] time 2982
[16:51:59.807] [INFO   ] time 2968
[16:51:59.821] [INFO   ] time 2955
[16:51:59.834] [INFO   ] time 2941
[16:51:59.845] [INFO   ] time 2930
[16:51:59.858] [INFO   ] time 2917
[16:51:59.869] [INFO   ] time 2906
[16:51:59.881] [INFO   ] time 2894
[16:51:59.892] [INFO   ] time 2883
[16:51:59.903] [INFO   ] time 2872
[16:51:59.915] [INFO   ] time 2860
[16:51:59.926] [INFO   ] time 2849
[16:51:59.937] [INFO   ] time 2838
[16:51:59.949] [INFO   ] time 2826
[16:51:59.960] [INFO   ] time 2815
[16:51:59.971] [INFO   ] time 2804
[16:51:59.982] [INFO   ] time 2793
[16:51:59.993] [INFO   ] time 2782
[16:52:00.005] [INFO   ] time 2770
[16:52:00.017] [INFO   ] time 2758
[16:52:00.040] [INFO   ] time 2735
[16:52:00.055] [INFO   ] time 2720
[16:52:00.067] [INFO   ] time 2708
[16:52:00.078] [INFO   ] time 2697
[16:52:00.090] [INFO   ] time 2685
[16:52:00.101] [INFO   ] time 2674
[16:52:00.112] [INFO   ] time 2663
[16:52:00.124] [INFO   ] time 2651
[16:52:00.135] [INFO   ] time 2640
[16:52:00.146] [INFO   ] time 2629
[16:52:00.157] [INFO   ] time 2618
[16:52:00.168] [INFO   ] time 2607
[16:52:00.179] [INFO   ] time 2596
[16:52:00.191] [INFO   ] time 2584
[16:52:00.202] [INFO   ] time 2573
[16:52:00.213] [INFO   ] time 2562
[16:52:00.224] [INFO   ] time 2551
[16:52:00.235] [INFO   ] time 2540
[16:52:00.247] [INFO   ] time 2528
[16:52:00.258] [INFO   ] time 2517
[16:52:00.272] [INFO   ] time 2503
[16:52:00.284] [INFO   ] time 2491
[16:52:00.297] [INFO   ] time 2478
[16:52:00.309] [INFO   ] time 2466
[16:52:00.320] [INFO   ] time 2455
[16:52:00.331] [INFO   ] time 2444
[16:52:00.342] [INFO   ] time 2433
[16:52:00.354] [INFO   ] time 2421
[16:52:00.365] [INFO   ] time 2410
[16:52:00.376] [INFO   ] time 2399
[16:52:00.387] [INFO   ] time 2388
[16:52:00.398] [INFO   ] time 2377
[16:52:00.409] [INFO   ] time 2366
[16:52:00.421] [INFO   ] time 2354
[16:52:00.432] [INFO   ] time 2343
[16:52:00.443] [INFO   ] time 2332
[16:52:00.454] [INFO   ] time 2321
[16:52:00.466] [INFO   ] time 2309
[16:52:00.477] [INFO   ] time 2298
[16:52:00.488] [INFO   ] time 2287
[16:52:00.499] [INFO   ] time 2276
[16:52:00.510] [INFO   ] time 2265
[16:52:00.521] [INFO   ] time 2254
[16:52:00.532] [INFO   ] time 2243
[16:52:00.543] [INFO   ] time 2232
[16:52:00.554] [INFO   ] time 2221
[16:52:00.565] [INFO   ] time 2210
[16:52:00.576] [INFO   ] time 2199
[16:52:00.587] [INFO   ] time 2188
[16:52:00.598] [INFO   ] time 2177
[16:52:00.609] [INFO   ] time 2166
[16:52:00.620] [INFO   ] time 2155
[16:52:00.631] [INFO   ] time 2144
[16:52:00.642] [INFO   ] time 2133
[16:52:00.654] [INFO   ] time 2121
[16:52:00.665] [INFO   ] time 2110
[16:52:00.676] [INFO   ] time 2099
[16:52:00.687] [INFO   ] time 2088
[16:52:00.698] [INFO   ] time 2077
[16:52:00.709] [INFO   ] time 2066
[16:52:00.720] [INFO   ] time 2055
[16:52:00.732] [INFO   ] time 2043
[16:52:00.743] [INFO   ] time 2032
[16:52:00.754] [INFO   ] time 2021
[16:52:00.765] [INFO   ] time 2010
[16:52:00.777] [INFO   ] time 1998
[16:52:00.788] [INFO   ] time 1987
[16:52:00.793] [SEVERE ] setting player 4 freeze to 1000
[16:52:00.800] [INFO   ] time 1975
[16:52:00.811] [INFO   ] time 1964
[16:52:00.822] [INFO   ] time 1953
[16:52:00.833] [INFO   ] time 1942
[16:52:00.844] [INFO   ] time 1931
[16:52:00.855] [INFO   ] time 1920
[16:52:00.867] [INFO   ] time 1908
[16:52:00.879] [INFO   ] time 1897
[16:52:00.890] [INFO   ] time 1885
[16:52:00.901] [INFO   ] time 1874
[16:52:00.912] [INFO   ] time 1863
[16:52:00.923] [INFO   ] time 1852
[16:52:00.934] [INFO   ] time 1841
[16:52:00.945] [INFO   ] time 1830
[16:52:00.956] [INFO   ] time 1819
[16:52:00.967] [INFO   ] time 1808
[16:52:00.978] [INFO   ] time 1797
[16:52:00.989] [INFO   ] time 1786
[16:52:01.000] [INFO   ] time 1775
[16:52:01.012] [INFO   ] time 1763
[16:52:01.022] [INFO   ] time 1753
[16:52:01.034] [INFO   ] time 1741
[16:52:01.045] [INFO   ] time 1730
[16:52:01.056] [INFO   ] time 1719
[16:52:01.067] [INFO   ] time 1708
[16:52:01.078] [INFO   ] time 1697
[16:52:01.089] [INFO   ] time 1686
[16:52:01.100] [INFO   ] time 1675
[16:52:01.111] [INFO   ] time 1664
[16:52:01.122] [INFO   ] time 1653
[16:52:01.133] [INFO   ] time 1642
[16:52:01.145] [INFO   ] time 1630
[16:52:01.156] [INFO   ] time 1619
[16:52:01.167] [INFO   ] time 1608
[16:52:01.178] [INFO   ] time 1597
[16:52:01.189] [INFO   ] time 1586
[16:52:01.200] [INFO   ] time 1575
[16:52:01.211] [INFO   ] time 1564
[16:52:01.222] [INFO   ] time 1553
[16:52:01.233] [INFO   ] time 1542
[16:52:01.244] [INFO   ] time 1531
[16:52:01.255] [INFO   ] time 1520
[16:52:01.267] [INFO   ] time 1508
[16:52:01.277] [INFO   ] time 1498
[16:52:01.288] [INFO   ] time 1487
[16:52:01.299] [INFO   ] time 1476
[16:52:01.310] [INFO   ] time 1465
[16:52:01.321] [INFO   ] time 1454
[16:52:01.332] [INFO   ] time 1443
[16:52:01.343] [INFO   ] time 1432
[16:52:01.355] [INFO   ] time 1420
[16:52:01.366] [INFO   ] time 1409
[16:52:01.377] [INFO   ] time 1398
[16:52:01.388] [INFO   ] time 1387
[16:52:01.399] [INFO   ] time 1376
[16:52:01.410] [INFO   ] time 1365
[16:52:01.421] [INFO   ] time 1354
[16:52:01.432] [INFO   ] time 1343
[16:52:01.443] [INFO   ] time 1332
[16:52:01.454] [INFO   ] time 1321
[16:52:01.466] [INFO   ] time 1309
[16:52:01.477] [INFO   ] time 1298
[16:52:01.487] [INFO   ] time 1288
[16:52:01.499] [INFO   ] time 1276
[16:52:01.510] [INFO   ] time 1265
[16:52:01.521] [INFO   ] time 1254
[16:52:01.532] [INFO   ] time 1243
[16:52:01.543] [INFO   ] time 1232
[16:52:01.554] [INFO   ] time 1221
[16:52:01.565] [INFO   ] time 1210
[16:52:01.576] [INFO   ] time 1199
[16:52:01.587] [INFO   ] time 1188
[16:52:01.598] [INFO   ] time 1177
[16:52:01.608] [INFO   ] time 1167
[16:52:01.619] [INFO   ] time 1156
[16:52:01.630] [INFO   ] time 1145
[16:52:01.642] [INFO   ] time 1133
[16:52:01.653] [INFO   ] time 1122
[16:52:01.665] [INFO   ] time 1111
[16:52:01.676] [INFO   ] time 1099
[16:52:01.687] [INFO   ] time 1088
[16:52:01.698] [INFO   ] time 1077
[16:52:01.709] [INFO   ] time 1066
[16:52:01.720] [INFO   ] time 1055
[16:52:01.731] [INFO   ] time 1044
[16:52:01.742] [INFO   ] time 1033
[16:52:01.753] [INFO   ] time 1022
[16:52:01.764] [INFO   ] time 1011
[16:52:01.775] [INFO   ] time 1000
[16:52:01.775] [SEVERE ] updating countdown to 1000
[16:52:01.786] [INFO   ] time 989
[16:52:01.794] [SEVERE ] setting player 4 freeze to 0
[16:52:01.795] [SEVERE ] removing player 4 token from slot 6
[16:52:01.797] [INFO   ] time 978
[16:52:01.808] [INFO   ] time 967
[16:52:01.819] [INFO   ] time 956
[16:52:01.830] [INFO   ] time 945
[16:52:01.841] [INFO   ] time 934
[16:52:01.852] [INFO   ] time 923
[16:52:01.863] [INFO   ] time 912
[16:52:01.874] [INFO   ] time 901
[16:52:01.885] [INFO   ] time 890
[16:52:01.897] [INFO   ] time 879
[16:52:01.907] [INFO   ] time 868
[16:52:01.919] [INFO   ] time 857
[16:52:01.930] [INFO   ] time 845
[16:52:01.941] [INFO   ] time 834
[16:52:01.952] [INFO   ] time 823
[16:52:01.964] [INFO   ] time 811
[16:52:01.975] [INFO   ] time 800
[16:52:01.986] [INFO   ] time 789
[16:52:01.997] [INFO   ] time 778
[16:52:02.009] [INFO   ] time 766
[16:52:02.019] [INFO   ] time 756
[16:52:02.031] [INFO   ] time 744
[16:52:02.042] [INFO   ] time 733
[16:52:02.053] [INFO   ] time 722
[16:52:02.064] [INFO   ] time 711
[16:52:02.075] [INFO   ] time 700
[16:52:02.086] [INFO   ] time 689
[16:52:02.098] [INFO   ] time 677
[16:52:02.109] [INFO   ] time 666
[16:52:02.122] [INFO   ] time 653
[16:52:02.133] [INFO   ] time 642
[16:52:02.144] [INFO   ] time 631
[16:52:02.155] [INFO   ] time 620
[16:52:02.167] [INFO   ] time 608
[16:52:02.178] [INFO   ] time 597
[16:52:02.191] [INFO   ] time 584
[16:52:02.202] [INFO   ] time 573
[16:52:02.213] [INFO   ] time 562
[16:52:02.225] [INFO   ] time 550
[16:52:02.237] [INFO   ] time 538
[16:52:02.248] [INFO   ] time 527
[16:52:02.259] [INFO   ] time 516
[16:52:02.270] [INFO   ] time 505
[16:52:02.282] [INFO   ] time 493
[16:52:02.293] [INFO   ] time 482
[16:52:02.304] [INFO   ] time 471
[16:52:02.315] [INFO   ] time 460
[16:52:02.326] [INFO   ] time 449
[16:52:02.337] [INFO   ] time 438
[16:52:02.348] [INFO   ] time 427
[16:52:02.359] [INFO   ] time 416
[16:52:02.371] [INFO   ] time 404
[16:52:02.382] [INFO   ] time 393
[16:52:02.393] [INFO   ] time 382
[16:52:02.404] [INFO   ] time 371
[16:52:02.415] [INFO   ] time 360
[16:52:02.426] [INFO   ] time 349
[16:52:02.437] [INFO   ] time 338
[16:52:02.448] [INFO   ] time 327
[16:52:02.459] [INFO   ] time 316
[16:52:02.470] [INFO   ] time 305
[16:52:02.482] [INFO   ] time 293
[16:52:02.493] [INFO   ] time 282
[16:52:02.504] [INFO   ] time 271
[16:52:02.515] [INFO   ] time 260
[16:52:02.526] [INFO   ] time 249
[16:52:02.537] [INFO   ] time 238
[16:52:02.548] [INFO   ] time 227
[16:52:02.559] [INFO   ] time 216
[16:52:02.570] [INFO   ] time 205
[16:52:02.581] [INFO   ] time 194
[16:52:02.592] [INFO   ] time 183
[16:52:02.603] [INFO   ] time 172
[16:52:02.615] [INFO   ] time 160
[16:52:02.626] [INFO   ] time 149
[16:52:02.637] [INFO   ] time 138
[16:52:02.648] [INFO   ] time 127
[16:52:02.659] [INFO   ] time 116
[16:52:02.670] [INFO   ] time 105
[16:52:02.681] [INFO   ] time 94
[16:52:02.692] [INFO   ] time 83
[16:52:02.703] [INFO   ] time 72
[16:52:02.714] [INFO   ] time 61
[16:52:02.725] [INFO   ] time 50
[16:52:02.736] [INFO   ] time 39
[16:52:02.747] [INFO   ] time 28
[16:52:02.758] [INFO   ] time 17
[16:52:02.771] [INFO   ] time 4
[16:52:02.782] [INFO   ] time -7
[16:52:02.782] [SEVERE ] updating countdown to 0
[16:52:02.884] [SEVERE ] removing card from slot 0
[16:52:02.885] [SEVERE ] removing tokens from slot 0
[16:52:02.986] [SEVERE ] removing card from slot 1
[16:52:02.986] [SEVERE ] removing tokens from slot 1
[16:52:03.087] [SEVERE ] removing card from slot 2
[16:52:03.088] [SEVERE ] removing tokens from slot 2
[16:52:03.188] [SEVERE ] removing card from slot 3
[16:52:03.189] [SEVERE ] removing tokens from slot 3
[16:52:03.290] [SEVERE ] removing card from slot 4
[16:52:03.291] [SEVERE ] removing tokens from slot 4
[16:52:03.391] [SEVERE ] removing card from slot 5
[16:52:03.392] [SEVERE ] removing tokens from slot 5
[16:52:03.493] [SEVERE ] removing card from slot 6
[16:52:03.493] [SEVERE ] removing tokens from slot 6
[16:52:03.594] [SEVERE ] removing card from slot 7
[16:52:03.595] [SEVERE ] removing tokens from slot 7
[16:52:03.696] [SEVERE ] removing card from slot 8
[16:52:03.697] [SEVERE ] removing tokens from slot 8
[16:52:03.797] [SEVERE ] removing card from slot 9
[16:52:03.798] [SEVERE ] removing tokens from slot 9
[16:52:03.898] [SEVERE ] removing card from slot 10
[16:52:03.899] [SEVERE ] removing tokens from slot 10
[16:52:03.999] [SEVERE ] removing card from slot 11
[16:52:04.000] [SEVERE ] removing tokens from slot 11
[16:52:04.101] [SEVERE ] placing card 69 in slot 0
[16:52:04.202] [SEVERE ] placing card 71 in slot 1
[16:52:04.303] [SEVERE ] placing card 9 in slot 2
[16:52:04.403] [SEVERE ] placing card 4 in slot 3
[16:52:04.505] [SEVERE ] placing card 20 in slot 4
[16:52:04.606] [SEVERE ] placing card 12 in slot 5
[16:52:04.707] [SEVERE ] placing card 54 in slot 6
[16:52:04.807] [SEVERE ] placing card 59 in slot 7
[16:52:04.908] [SEVERE ] placing card 75 in slot 8
[16:52:05.009] [SEVERE ] placing card 30 in slot 9
[16:52:05.110] [SEVERE ] placing card 3 in slot 10
[16:52:05.211] [SEVERE ] placing card 31 in slot 11
[16:52:05.212] [SEVERE ] player 3 placing token on slot 10
[16:52:05.212] [SEVERE ] player 4 placing token on slot 5
[16:52:05.215] [SEVERE ] updating countdown to 19999
[16:52:06.212] [SEVERE ] player 3 placing token on slot 9
[16:52:06.212] [SEVERE ] player 4 placing token on slot 10
[16:52:06.218] [INFO   ] time 18998
[16:52:06.218] [SEVERE ] updating countdown to 18998
[16:52:07.212] [SEVERE ] removing player 4 token from slot 5
[16:52:07.212] [SEVERE ] player 3 placing token on slot 8
[16:52:07.213] [INFO   ] time 18003
[16:52:07.214] [SEVERE ] updating countdown to 18003
[16:52:07.215] [SEVERE ] setting player 3 freeze to 3000
[16:52:08.213] [SEVERE ] player 4 placing token on slot 7
[16:52:08.215] [INFO   ] time 17001
[16:52:08.216] [SEVERE ] updating countdown to 17001
[16:52:08.216] [SEVERE ] setting player 3 freeze to 2000
[16:52:09.213] [SEVERE ] player 4 placing token on slot 5
[16:52:09.214] [INFO   ] time 16002
[16:52:09.214] [SEVERE ] updating countdown to 16002
[16:52:09.215] [SEVERE ] setting player 4 freeze to 3000
[16:52:09.216] [SEVERE ] setting player 3 freeze to 1000
[16:52:10.215] [INFO   ] time 15001
[16:52:10.215] [SEVERE ] updating countdown to 15001
[16:52:10.216] [SEVERE ] setting player 4 freeze to 2000
[16:52:10.217] [SEVERE ] setting player 3 freeze to 0
[16:52:11.216] [INFO   ] time 14000
[16:52:11.216] [SEVERE ] updating countdown to 14000
[16:52:11.216] [SEVERE ] setting player 4 freeze to 1000
[16:52:12.217] [INFO   ] time 12999
[16:52:12.217] [SEVERE ] updating countdown to 12999
[16:52:12.217] [SEVERE ] setting player 4 freeze to 0
[16:52:13.218] [INFO   ] time 11998
[16:52:13.219] [SEVERE ] updating countdown to 11998
[16:52:13.531] [SEVERE ] exit button pressed
[16:52:14.219] [SEVERE ] removing player 4 token from slot 5
[16:52:14.219] [SEVERE ] removing player 3 token from slot 8
[16:52:14.531] [INFO   ] time 10685
[16:52:14.532] [SEVERE ] updating countdown to 10685
[16:52:14.632] [SEVERE ] removing card from slot 0
[16:52:14.633] [SEVERE ] removing tokens from slot 0
[16:52:14.733] [SEVERE ] removing card from slot 1
[16:52:14.734] [SEVERE ] removing tokens from slot 1
[16:52:14.834] [SEVERE ] removing card from slot 2
[16:52:14.835] [SEVERE ] removing tokens from slot 2
[16:52:14.935] [SEVERE ] removing card from slot 3
[16:52:14.936] [SEVERE ] removing tokens from slot 3
[16:52:15.037] [SEVERE ] removing card from slot 4
[16:52:15.038] [SEVERE ] removing tokens from slot 4
[16:52:15.138] [SEVERE ] removing card from slot 5
[16:52:15.139] [SEVERE ] removing tokens from slot 5
[16:52:15.239] [SEVERE ] removing card from slot 6
[16:52:15.240] [SEVERE ] removing tokens from slot 6
[16:52:15.340] [SEVERE ] removing card from slot 7
[16:52:15.341] [SEVERE ] removing tokens from slot 7
[16:52:15.441] [SEVERE ] removing card from slot 8
[16:52:15.441] [SEVERE ] removing tokens from slot 8
[16:52:15.542] [SEVERE ] removing card from slot 9
[16:52:15.543] [SEVERE ] removing tokens from slot 9
[16:52:15.643] [SEVERE ] removing card from slot 10
[16:52:15.644] [SEVERE ] removing tokens from slot 10
[16:52:15.744] [SEVERE ] removing card from slot 11
[16:52:15.745] [SEVERE ] removing tokens from slot 11
[16:52:15.746] [SEVERE ] announcing winner(s): player 1, player 2, player 3, player 4
[16:52:15.747] [INFO   ] thread computer-3 terminated.
[16:52:15.748] [INFO   ] thread Thread-4 terminated.
[16:52:15.748] [INFO   ] thread computer-2 terminated.
[16:52:15.748] [INFO   ] thread Thread-3 terminated.
[16:52:15.749] [INFO   ] thread Thread-2 terminated.
[16:52:15.749] [INFO   ] thread Thread-1 terminated.
[16:52:15.749] [INFO   ] thread dealer terminated.
[16:52:15.750] [INFO   ] thread dealer terminated.
[16:52:15.750] [SEVERE ] thanks for playing... it was fun!
[16:52:15.750] [INFO   ] thread bguspl.set.Main.main() terminated.
