[17:01:42.009] [INFO   ] thread bguspl.set.Main.main() starting.
[17:01:42.018] [SEVERE ] cannot read configuration file config.properties trying from resources.
[17:01:42.024] [SEVERE ] configuration file was loaded from resources directory.
[17:01:43.763] [INFO   ] thread dealer starting.
[17:01:43.764] [INFO   ] thread dealer starting.
[17:01:43.766] [INFO   ] thread computer-2 starting.
[17:01:43.766] [INFO   ] thread computer-3 starting.
[17:01:43.871] [SEVERE ] placing card 6 in slot 0
[17:01:43.972] [SEVERE ] placing card 69 in slot 1
[17:01:44.073] [SEVERE ] placing card 25 in slot 2
[17:01:44.177] [SEVERE ] placing card 1 in slot 3
[17:01:44.278] [SEVERE ] placing card 77 in slot 4
[17:01:44.379] [SEVERE ] placing card 72 in slot 5
[17:01:44.480] [SEVERE ] placing card 29 in slot 6
[17:01:44.581] [SEVERE ] placing card 71 in slot 7
[17:01:44.683] [SEVERE ] placing card 45 in slot 8
[17:01:44.784] [SEVERE ] placing card 46 in slot 9
[17:01:44.885] [SEVERE ] placing card 15 in slot 10
[17:01:44.986] [SEVERE ] placing card 28 in slot 11
[17:01:44.992] [SEVERE ] updating countdown to 19999
[17:01:44.992] [SEVERE ] player 3 placing token on slot 1
[17:01:44.992] [SEVERE ] player 4 placing token on slot 8
[17:01:45.988] [SEVERE ] player 3 placing token on slot 3
[17:01:45.988] [SEVERE ] player 4 placing token on slot 4
[17:01:45.996] [SEVERE ] updating countdown to 18999
[17:01:46.988] [SEVERE ] player 4 placing token on slot 11
[17:01:46.988] [SEVERE ] player 3 placing token on slot 4
[17:01:46.990] [SEVERE ] updating countdown to 18005
[17:01:46.992] [SEVERE ] updating countdown to 18003
[17:01:46.992] [SEVERE ] setting player 4 freeze to 3000
[17:01:46.993] [SEVERE ] setting player 3 freeze to 3000
[17:01:47.994] [SEVERE ] updating countdown to 17001
[17:01:47.995] [SEVERE ] setting player 4 freeze to 2000
[17:01:47.996] [SEVERE ] setting player 3 freeze to 2000
[17:01:48.995] [SEVERE ] updating countdown to 16000
[17:01:48.995] [SEVERE ] setting player 4 freeze to 1000
[17:01:48.997] [SEVERE ] setting player 3 freeze to 1000
[17:01:49.996] [SEVERE ] updating countdown to 14999
[17:01:49.996] [SEVERE ] setting player 4 freeze to 0
[17:01:49.997] [SEVERE ] setting player 3 freeze to 0
[17:01:49.998] [SEVERE ] removing player 4 token from slot 4
[17:01:50.997] [SEVERE ] updating countdown to 13998
[17:01:50.998] [SEVERE ] player 4 placing token on slot 10
[17:01:50.999] [SEVERE ] updating countdown to 13996
[17:01:51.000] [SEVERE ] setting player 4 freeze to 3000
[17:01:52.000] [SEVERE ] updating countdown to 12995
[17:01:52.000] [SEVERE ] setting player 4 freeze to 2000
[17:01:53.001] [SEVERE ] updating countdown to 11994
[17:01:53.002] [SEVERE ] setting player 4 freeze to 1000
[17:01:54.002] [SEVERE ] updating countdown to 10993
[17:01:54.003] [SEVERE ] setting player 4 freeze to 0
[17:01:55.004] [SEVERE ] updating countdown to 9992
[17:01:55.004] [SEVERE ] removing player 4 token from slot 11
[17:01:55.057] [SEVERE ] exit button pressed
[17:01:56.005] [SEVERE ] player 4 placing token on slot 7
[17:01:56.007] [SEVERE ] updating countdown to 8989
[17:01:56.008] [SEVERE ] setting player 4 freeze to 3000
[17:01:56.108] [SEVERE ] removing card from slot 0
[17:01:56.109] [SEVERE ] removing tokens from slot 0
[17:01:56.210] [SEVERE ] removing card from slot 1
[17:01:56.212] [SEVERE ] removing tokens from slot 1
[17:01:56.313] [SEVERE ] removing card from slot 2
[17:01:56.314] [SEVERE ] removing tokens from slot 2
[17:01:56.415] [SEVERE ] removing card from slot 3
[17:01:56.416] [SEVERE ] removing tokens from slot 3
[17:01:56.517] [SEVERE ] removing card from slot 4
[17:01:56.517] [SEVERE ] removing tokens from slot 4
[17:01:56.618] [SEVERE ] removing card from slot 5
[17:01:56.620] [SEVERE ] removing tokens from slot 5
[17:01:56.722] [SEVERE ] removing card from slot 6
[17:01:56.724] [SEVERE ] removing tokens from slot 6
[17:01:56.825] [SEVERE ] removing card from slot 7
[17:01:56.826] [SEVERE ] removing tokens from slot 7
[17:01:56.927] [SEVERE ] removing card from slot 8
[17:01:56.928] [SEVERE ] removing tokens from slot 8
[17:01:57.009] [SEVERE ] setting player 4 freeze to 2000
[17:01:57.028] [SEVERE ] removing card from slot 9
[17:01:57.032] [SEVERE ] removing tokens from slot 9
[17:01:57.133] [SEVERE ] removing card from slot 10
[17:01:57.134] [SEVERE ] removing tokens from slot 10
[17:01:57.235] [SEVERE ] removing card from slot 11
[17:01:57.236] [SEVERE ] removing tokens from slot 11
[17:01:57.237] [SEVERE ] announcing winner(s): player 1, player 2, player 3, player 4
[17:01:57.239] [INFO   ] thread computer-3 terminated.
[17:01:57.239] [SEVERE ] setting player 4 freeze to 0
[17:01:57.241] [INFO   ] thread Thread-4 terminated.
[17:01:57.242] [INFO   ] thread computer-2 terminated.
[17:01:57.242] [INFO   ] thread Thread-3 terminated.
[17:01:57.243] [INFO   ] thread Thread-2 terminated.
[17:01:57.244] [INFO   ] thread Thread-1 terminated.
[17:01:57.244] [INFO   ] thread dealer terminated.
[17:01:57.245] [INFO   ] thread dealer terminated.
[17:01:57.245] [SEVERE ] thanks for playing... it was fun!
[17:01:57.246] [INFO   ] thread bguspl.set.Main.main() terminated.
