[17:30:13.023] [INFO   ] thread bguspl.set.Main.main() starting.
[17:30:13.035] [SEVERE ] cannot read configuration file config.properties trying from resources.
[17:30:13.042] [SEVERE ] configuration file was loaded from resources directory.
[17:30:14.392] [INFO   ] thread dealer starting.
[17:30:14.393] [INFO   ] thread dealer starting.
[17:30:14.395] [INFO   ] thread computer-3 starting.
[17:30:14.395] [INFO   ] thread computer-2 starting.
[17:30:14.504] [SEVERE ] placing card 27 in slot 0
[17:30:14.631] [SEVERE ] placing card 7 in slot 1
[17:30:14.732] [SEVERE ] placing card 39 in slot 2
[17:30:14.833] [SEVERE ] placing card 70 in slot 3
[17:30:14.934] [SEVERE ] placing card 75 in slot 4
[17:30:15.035] [SEVERE ] placing card 55 in slot 5
[17:30:15.136] [SEVERE ] placing card 73 in slot 6
[17:30:15.237] [SEVERE ] placing card 68 in slot 7
[17:30:15.339] [SEVERE ] placing card 0 in slot 8
[17:30:15.440] [SEVERE ] placing card 63 in slot 9
[17:30:15.541] [SEVERE ] placing card 45 in slot 10
[17:30:15.642] [SEVERE ] placing card 8 in slot 11
[17:30:15.648] [SEVERE ] updating countdown to 19999
[17:30:15.648] [SEVERE ] player 4 placing token on slot 1
[17:30:15.650] [SEVERE ] updating countdown to 19999
[17:30:15.648] [SEVERE ] player 3 placing token on slot 7
[17:30:16.643] [SEVERE ] player 3 placing token on slot 9
[17:30:16.643] [SEVERE ] player 4 placing token on slot 8
[17:30:16.651] [SEVERE ] updating countdown to 18998
[17:30:16.652] [SEVERE ] updating countdown to 18997
[17:30:16.653] [SEVERE ] updating countdown to 18996
[17:30:17.643] [SEVERE ] player 4 placing token on slot 7
[17:30:17.643] [SEVERE ] player 3 placing token on slot 3
[17:30:17.644] [SEVERE ] updating countdown to 18005
[17:30:17.646] [SEVERE ] updating countdown to 18003
[17:30:17.647] [SEVERE ] updating countdown to 18002
[17:30:17.646] [SEVERE ] setting player 4 freeze to 3000
[17:30:17.647] [SEVERE ] updating countdown to 18002
[17:30:17.748] [SEVERE ] removing card from slot 3
[17:30:17.749] [SEVERE ] removing tokens from slot 3
[17:30:17.750] [SEVERE ] updating countdown to 19999
[17:30:17.851] [SEVERE ] removing card from slot 7
[17:30:17.852] [SEVERE ] removing tokens from slot 7
[17:30:17.852] [SEVERE ] updating countdown to 19999
[17:30:17.953] [SEVERE ] removing card from slot 9
[17:30:17.955] [SEVERE ] removing tokens from slot 9
[17:30:17.956] [SEVERE ] updating countdown to 19999
[17:30:17.958] [SEVERE ] setting player 3 score to 1
[17:30:17.959] [SEVERE ] updating countdown to 19998
[17:30:17.959] [SEVERE ] setting player 3 freeze to 1000
[17:30:18.060] [SEVERE ] placing card 40 in slot 3
[17:30:18.162] [SEVERE ] placing card 57 in slot 7
[17:30:18.263] [SEVERE ] placing card 66 in slot 9
[17:30:18.269] [SEVERE ] updating countdown to 19688
[17:30:18.648] [SEVERE ] setting player 4 freeze to 2000
[17:30:18.961] [SEVERE ] setting player 3 freeze to 0
[17:30:18.962] [SEVERE ] player 3 placing token on slot 8
[17:30:19.270] [SEVERE ] updating countdown to 18687
[17:30:19.271] [SEVERE ] updating countdown to 18686
[17:30:19.273] [SEVERE ] updating countdown to 18684
[17:30:19.649] [SEVERE ] setting player 4 freeze to 1000
[17:30:19.962] [SEVERE ] player 3 placing token on slot 6
[17:30:20.274] [SEVERE ] updating countdown to 17683
[17:30:20.276] [SEVERE ] updating countdown to 17681
[17:30:20.276] [SEVERE ] updating countdown to 17681
[17:30:20.650] [SEVERE ] setting player 4 freeze to 0
[17:30:20.651] [SEVERE ] player 4 placing token on slot 9
[17:30:20.962] [SEVERE ] player 3 placing token on slot 4
[17:30:20.964] [SEVERE ] updating countdown to 16993
[17:30:20.966] [SEVERE ] updating countdown to 16991
[17:30:20.966] [SEVERE ] setting player 3 freeze to 3000
[17:30:20.967] [SEVERE ] updating countdown to 16990
[17:30:21.969] [SEVERE ] setting player 3 freeze to 2000
[17:30:21.969] [SEVERE ] updating countdown to 15988
[17:30:21.970] [SEVERE ] updating countdown to 15987
[17:30:21.972] [SEVERE ] updating countdown to 15985
[17:30:22.970] [SEVERE ] setting player 3 freeze to 1000
[17:30:22.973] [SEVERE ] updating countdown to 14984
[17:30:22.974] [SEVERE ] updating countdown to 14983
[17:30:22.975] [SEVERE ] updating countdown to 14982
[17:30:23.971] [SEVERE ] setting player 3 freeze to 0
[17:30:23.976] [SEVERE ] updating countdown to 13981
[17:30:23.977] [SEVERE ] updating countdown to 13980
[17:30:23.977] [SEVERE ] updating countdown to 13980
[17:30:24.978] [SEVERE ] updating countdown to 12979
[17:30:24.981] [SEVERE ] updating countdown to 12976
[17:30:24.983] [SEVERE ] updating countdown to 12974
[17:30:25.984] [SEVERE ] updating countdown to 11973
[17:30:25.985] [SEVERE ] updating countdown to 11972
[17:30:25.987] [SEVERE ] updating countdown to 11970
[17:30:26.988] [SEVERE ] updating countdown to 10969
[17:30:26.989] [SEVERE ] updating countdown to 10968
[17:30:26.989] [SEVERE ] updating countdown to 10968
[17:30:27.990] [SEVERE ] updating countdown to 9967
[17:30:27.991] [SEVERE ] updating countdown to 9966
[17:30:27.993] [SEVERE ] updating countdown to 9964
[17:30:28.993] [SEVERE ] updating countdown to 8964
[17:30:28.994] [SEVERE ] updating countdown to 8963
[17:30:28.996] [SEVERE ] updating countdown to 8961
[17:30:29.997] [SEVERE ] updating countdown to 7960
[17:30:29.998] [SEVERE ] updating countdown to 7959
[17:30:29.998] [SEVERE ] updating countdown to 7959
[17:30:31.000] [SEVERE ] updating countdown to 6957
[17:30:31.002] [SEVERE ] updating countdown to 6955
[17:30:31.003] [SEVERE ] updating countdown to 6954
[17:30:32.004] [SEVERE ] updating countdown to 5953
[17:30:32.005] [SEVERE ] updating countdown to 5952
[17:30:32.007] [SEVERE ] updating countdown to 5950
[17:30:34.656] [SEVERE ] removing player 4 token from slot 1
[17:30:34.975] [SEVERE ] removing player 3 token from slot 6
[17:30:35.656] [SEVERE ] player 4 placing token on slot 10
[17:30:35.658] [SEVERE ] setting player 4 freeze to 3000
[17:30:35.976] [SEVERE ] player 3 placing token on slot 5
[17:30:35.977] [SEVERE ] setting player 3 freeze to 3000
[17:30:36.659] [SEVERE ] setting player 4 freeze to 2000
[17:30:36.978] [SEVERE ] setting player 3 freeze to 2000
[17:30:37.660] [SEVERE ] setting player 4 freeze to 1000
[17:30:37.967] [SEVERE ] updating countdown to 0
[17:30:37.967] [SEVERE ] updating countdown to 0
[17:30:37.979] [SEVERE ] setting player 3 freeze to 1000
[17:30:38.068] [SEVERE ] removing card from slot 0
[17:30:38.069] [SEVERE ] removing tokens from slot 0
[17:30:38.169] [SEVERE ] removing card from slot 1
[17:30:38.170] [SEVERE ] removing tokens from slot 1
[17:30:38.271] [SEVERE ] removing card from slot 2
[17:30:38.272] [SEVERE ] removing tokens from slot 2
[17:30:38.372] [SEVERE ] removing card from slot 3
[17:30:38.373] [SEVERE ] removing tokens from slot 3
[17:30:38.474] [SEVERE ] removing card from slot 4
[17:30:38.474] [SEVERE ] removing tokens from slot 4
[17:30:38.575] [SEVERE ] removing card from slot 5
[17:30:38.576] [SEVERE ] removing tokens from slot 5
[17:30:38.661] [SEVERE ] setting player 4 freeze to 0
[17:30:38.677] [SEVERE ] removing card from slot 6
[17:30:38.678] [SEVERE ] removing tokens from slot 6
[17:30:38.778] [SEVERE ] removing card from slot 7
[17:30:38.779] [SEVERE ] removing tokens from slot 7
[17:30:38.880] [SEVERE ] removing card from slot 8
[17:30:38.881] [SEVERE ] removing tokens from slot 8
[17:30:38.979] [SEVERE ] setting player 3 freeze to 0
[17:30:38.981] [SEVERE ] removing card from slot 9
[17:30:38.982] [SEVERE ] removing tokens from slot 9
[17:30:39.082] [SEVERE ] removing card from slot 10
[17:30:39.083] [SEVERE ] removing tokens from slot 10
[17:30:39.184] [SEVERE ] removing card from slot 11
[17:30:39.185] [SEVERE ] removing tokens from slot 11
[17:30:39.286] [SEVERE ] placing card 80 in slot 0
[17:30:39.387] [SEVERE ] placing card 44 in slot 1
[17:30:39.488] [SEVERE ] placing card 38 in slot 2
[17:30:39.589] [SEVERE ] placing card 25 in slot 3
[17:30:39.690] [SEVERE ] placing card 32 in slot 4
[17:30:39.792] [SEVERE ] placing card 52 in slot 5
[17:30:39.893] [SEVERE ] placing card 64 in slot 6
[17:30:39.994] [SEVERE ] placing card 40 in slot 7
[17:30:40.095] [SEVERE ] placing card 19 in slot 8
[17:30:40.195] [SEVERE ] placing card 56 in slot 9
[17:30:40.296] [SEVERE ] placing card 74 in slot 10
[17:30:40.397] [SEVERE ] placing card 34 in slot 11
[17:30:40.400] [SEVERE ] updating countdown to 19999
[17:30:40.400] [SEVERE ] player 4 placing token on slot 8
[17:30:40.400] [SEVERE ] player 3 placing token on slot 1
[17:30:40.401] [SEVERE ] updating countdown to 19999
[17:30:41.398] [SEVERE ] player 4 placing token on slot 10
[17:30:41.398] [SEVERE ] player 3 placing token on slot 2
[17:30:41.404] [SEVERE ] updating countdown to 18996
[17:30:41.405] [SEVERE ] updating countdown to 18995
[17:30:41.405] [SEVERE ] updating countdown to 18995
[17:30:42.398] [SEVERE ] removing player 4 token from slot 8
[17:30:42.398] [SEVERE ] player 3 placing token on slot 10
[17:30:42.400] [SEVERE ] updating countdown to 18000
[17:30:42.400] [SEVERE ] updating countdown to 18000
[17:30:42.400] [SEVERE ] setting player 3 freeze to 3000
[17:30:42.401] [SEVERE ] updating countdown to 17999
[17:30:43.399] [SEVERE ] removing player 4 token from slot 10
[17:30:43.402] [SEVERE ] setting player 3 freeze to 2000
[17:30:43.402] [SEVERE ] updating countdown to 16998
[17:30:43.402] [SEVERE ] updating countdown to 16998
[17:30:43.403] [SEVERE ] updating countdown to 16997
[17:30:44.399] [SEVERE ] player 4 placing token on slot 9
[17:30:44.402] [SEVERE ] setting player 3 freeze to 1000
[17:30:44.404] [SEVERE ] updating countdown to 15996
[17:30:44.404] [SEVERE ] updating countdown to 15996
[17:30:44.405] [SEVERE ] updating countdown to 15995
[17:30:45.399] [SEVERE ] player 4 placing token on slot 3
[17:30:45.403] [SEVERE ] setting player 3 freeze to 0
[17:30:45.405] [SEVERE ] updating countdown to 14995
[17:30:45.406] [SEVERE ] updating countdown to 14994
[17:30:45.406] [SEVERE ] updating countdown to 14994
[17:30:46.399] [SEVERE ] player 4 placing token on slot 7
[17:30:46.400] [SEVERE ] updating countdown to 14000
[17:30:46.401] [SEVERE ] updating countdown to 13999
[17:30:46.401] [SEVERE ] setting player 4 freeze to 3000
[17:30:46.402] [SEVERE ] updating countdown to 13998
[17:30:46.404] [SEVERE ] removing player 3 token from slot 1
[17:30:47.403] [SEVERE ] setting player 4 freeze to 2000
[17:30:47.404] [SEVERE ] updating countdown to 12996
[17:30:47.404] [SEVERE ] player 3 placing token on slot 8
[17:30:47.405] [SEVERE ] updating countdown to 12995
[17:30:47.407] [SEVERE ] updating countdown to 12993
[17:30:47.408] [SEVERE ] updating countdown to 12992
[17:30:47.409] [SEVERE ] updating countdown to 12991
[17:30:47.410] [SEVERE ] updating countdown to 12990
[17:30:47.409] [SEVERE ] setting player 3 freeze to 3000
[17:30:48.404] [SEVERE ] setting player 4 freeze to 1000
[17:30:48.411] [SEVERE ] updating countdown to 11989
[17:30:48.411] [SEVERE ] updating countdown to 11989
[17:30:48.412] [SEVERE ] updating countdown to 11988
[17:30:48.412] [SEVERE ] setting player 3 freeze to 2000
[17:30:49.405] [SEVERE ] setting player 4 freeze to 0
[17:30:49.406] [SEVERE ] removing player 4 token from slot 7
[17:30:49.413] [SEVERE ] updating countdown to 10988
[17:30:49.413] [SEVERE ] setting player 3 freeze to 1000
[17:30:49.413] [SEVERE ] updating countdown to 10987
[17:30:49.414] [SEVERE ] updating countdown to 10986
[17:30:49.949] [SEVERE ] key 65 was pressed by player 1
[17:30:49.949] [SEVERE ] player 1 placing token on slot 4
[17:30:50.031] [SEVERE ] key 83 was pressed by player 1
[17:30:50.031] [SEVERE ] player 1 placing token on slot 5
[17:30:50.071] [SEVERE ] key 68 was pressed by player 1
[17:30:50.071] [SEVERE ] player 1 placing token on slot 6
[17:30:50.072] [SEVERE ] updating countdown to 10328
[17:30:50.073] [SEVERE ] updating countdown to 10327
[17:30:50.073] [SEVERE ] setting player 1 freeze to 3000
[17:30:50.073] [SEVERE ] updating countdown to 10327
[17:30:50.161] [SEVERE ] key 65 was pressed by player 1
[17:30:50.240] [SEVERE ] key 83 was pressed by player 1
[17:30:50.263] [SEVERE ] key 68 was pressed by player 1
[17:30:50.361] [SEVERE ] key 65 was pressed by player 1
[17:30:50.406] [SEVERE ] player 4 placing token on slot 6
[17:30:50.406] [SEVERE ] updating countdown to 9994
[17:30:50.407] [SEVERE ] updating countdown to 9993
[17:30:50.407] [SEVERE ] setting player 4 freeze to 3000
[17:30:50.408] [SEVERE ] updating countdown to 9992
[17:30:50.414] [SEVERE ] setting player 3 freeze to 0
[17:30:50.415] [SEVERE ] removing player 3 token from slot 10
[17:30:50.637] [SEVERE ] key 68 was pressed by player 1
[17:30:50.662] [SEVERE ] key 83 was pressed by player 1
[17:30:51.074] [SEVERE ] setting player 1 freeze to 2000
[17:30:51.408] [SEVERE ] setting player 4 freeze to 2000
[17:30:51.409] [SEVERE ] updating countdown to 8991
[17:30:51.410] [SEVERE ] updating countdown to 8990
[17:30:51.411] [SEVERE ] updating countdown to 8989
[17:30:51.415] [SEVERE ] player 3 placing token on slot 10
[17:30:51.415] [SEVERE ] updating countdown to 8985
[17:30:51.416] [SEVERE ] updating countdown to 8984
[17:30:51.416] [SEVERE ] setting player 3 freeze to 3000
[17:30:51.416] [SEVERE ] updating countdown to 8984
[17:30:52.076] [SEVERE ] setting player 1 freeze to 1000
[17:30:52.409] [SEVERE ] setting player 4 freeze to 1000
[17:30:52.417] [SEVERE ] setting player 3 freeze to 2000
[17:30:52.418] [SEVERE ] updating countdown to 7982
[17:30:52.418] [SEVERE ] updating countdown to 7982
[17:30:52.419] [SEVERE ] updating countdown to 7981
[17:30:53.076] [SEVERE ] setting player 1 freeze to 0
[17:30:53.410] [SEVERE ] setting player 4 freeze to 0
[17:30:53.417] [SEVERE ] setting player 3 freeze to 1000
[17:30:53.420] [SEVERE ] updating countdown to 6980
[17:30:53.420] [SEVERE ] updating countdown to 6980
[17:30:53.421] [SEVERE ] updating countdown to 6979
[17:30:54.412] [SEVERE ] removing player 4 token from slot 6
[17:30:54.419] [SEVERE ] setting player 3 freeze to 0
[17:30:54.423] [SEVERE ] updating countdown to 5977
[17:30:54.424] [SEVERE ] updating countdown to 5976
[17:30:54.424] [SEVERE ] updating countdown to 5976
[17:30:55.412] [SEVERE ] player 4 placing token on slot 10
[17:30:55.413] [SEVERE ] setting player 4 freeze to 3000
[17:30:55.610] [SEVERE ] key 75 was pressed by player 2
[17:30:55.611] [SEVERE ] player 2 placing token on slot 5
[17:30:55.675] [SEVERE ] key 76 was pressed by player 2
[17:30:55.676] [SEVERE ] player 2 placing token on slot 6
[17:30:55.954] [SEVERE ] key 75 was pressed by player 2
[17:30:55.955] [SEVERE ] removing player 2 token from slot 5
[17:30:55.955] [SEVERE ] key 76 was pressed by player 2
[17:30:55.956] [SEVERE ] removing player 2 token from slot 6
[17:30:55.956] [SEVERE ] key 59 was pressed by player 2
[17:30:55.956] [SEVERE ] player 2 placing token on slot 7
[17:30:56.021] [SEVERE ] key 75 was pressed by player 2
[17:30:56.021] [SEVERE ] player 2 placing token on slot 5
[17:30:56.094] [SEVERE ] key 76 was pressed by player 2
[17:30:56.094] [SEVERE ] player 2 placing token on slot 6
[17:30:56.094] [SEVERE ] key 59 was pressed by player 2
[17:30:56.095] [SEVERE ] setting player 2 freeze to 3000
[17:30:56.179] [SEVERE ] key 75 was pressed by player 2
[17:30:56.218] [SEVERE ] key 59 was pressed by player 2
[17:30:56.264] [SEVERE ] key 76 was pressed by player 2
[17:30:56.416] [SEVERE ] setting player 4 freeze to 2000
[17:30:56.476] [SEVERE ] key 59 was pressed by player 2
[17:30:56.809] [SEVERE ] key 75 was pressed by player 2
[17:30:56.911] [SEVERE ] key 76 was pressed by player 2
[17:30:56.912] [SEVERE ] key 59 was pressed by player 2
[17:30:57.095] [SEVERE ] setting player 2 freeze to 2000
[17:30:57.417] [SEVERE ] setting player 4 freeze to 1000
[17:30:57.424] [SEVERE ] removing player 3 token from slot 10
[17:30:58.096] [SEVERE ] setting player 2 freeze to 1000
[17:30:58.400] [SEVERE ] updating countdown to 2000
[17:30:58.418] [SEVERE ] setting player 4 freeze to 0
[17:30:58.424] [SEVERE ] removing player 3 token from slot 2
[17:30:59.097] [SEVERE ] setting player 2 freeze to 0
[17:30:59.424] [SEVERE ] player 3 placing token on slot 2
[17:31:00.259] [SEVERE ] key 75 was pressed by player 2
[17:31:00.260] [SEVERE ] removing player 2 token from slot 5
[17:31:00.347] [SEVERE ] key 76 was pressed by player 2
[17:31:00.348] [SEVERE ] removing player 2 token from slot 6
[17:31:00.400] [SEVERE ] updating countdown to 0
[17:31:00.481] [SEVERE ] key 75 was pressed by player 2
[17:31:00.501] [SEVERE ] removing card from slot 0
[17:31:00.501] [SEVERE ] removing tokens from slot 0
[17:31:00.553] [SEVERE ] key 76 was pressed by player 2
[17:31:00.602] [SEVERE ] removing card from slot 1
[17:31:00.603] [SEVERE ] removing tokens from slot 1
[17:31:00.703] [SEVERE ] removing card from slot 2
[17:31:00.704] [SEVERE ] removing tokens from slot 2
[17:31:00.805] [SEVERE ] removing card from slot 3
[17:31:00.805] [SEVERE ] removing tokens from slot 3
[17:31:00.906] [SEVERE ] removing card from slot 4
[17:31:00.906] [SEVERE ] removing tokens from slot 4
[17:31:01.007] [SEVERE ] removing card from slot 5
[17:31:01.008] [SEVERE ] removing tokens from slot 5
[17:31:01.108] [SEVERE ] removing card from slot 6
[17:31:01.109] [SEVERE ] removing tokens from slot 6
[17:31:01.210] [SEVERE ] removing card from slot 7
[17:31:01.210] [SEVERE ] removing tokens from slot 7
[17:31:01.311] [SEVERE ] removing card from slot 8
[17:31:01.311] [SEVERE ] removing tokens from slot 8
[17:31:01.412] [SEVERE ] removing card from slot 9
[17:31:01.413] [SEVERE ] removing tokens from slot 9
[17:31:01.513] [SEVERE ] removing card from slot 10
[17:31:01.514] [SEVERE ] removing tokens from slot 10
[17:31:01.615] [SEVERE ] removing card from slot 11
[17:31:01.615] [SEVERE ] removing tokens from slot 11
[17:31:01.716] [SEVERE ] placing card 1 in slot 0
[17:31:01.817] [SEVERE ] placing card 16 in slot 1
[17:31:01.918] [SEVERE ] placing card 40 in slot 2
[17:31:02.019] [SEVERE ] placing card 19 in slot 3
[17:31:02.120] [SEVERE ] placing card 14 in slot 4
[17:31:02.221] [SEVERE ] placing card 30 in slot 5
[17:31:02.321] [SEVERE ] placing card 79 in slot 6
[17:31:02.422] [SEVERE ] placing card 7 in slot 7
[17:31:02.523] [SEVERE ] placing card 58 in slot 8
[17:31:02.607] [SEVERE ] key 75 was pressed by player 2
[17:31:02.623] [SEVERE ] placing card 4 in slot 9
[17:31:02.724] [SEVERE ] placing card 50 in slot 10
[17:31:02.772] [SEVERE ] key 76 was pressed by player 2
[17:31:02.825] [SEVERE ] placing card 24 in slot 11
[17:31:02.826] [SEVERE ] player 4 placing token on slot 7
[17:31:02.826] [SEVERE ] player 3 placing token on slot 10
[17:31:02.828] [SEVERE ] updating countdown to 19999
[17:31:02.829] [SEVERE ] updating countdown to 19999
[17:31:02.899] [SEVERE ] key 75 was pressed by player 2
[17:31:02.900] [SEVERE ] player 2 placing token on slot 5
[17:31:02.962] [SEVERE ] key 76 was pressed by player 2
[17:31:02.962] [SEVERE ] player 2 placing token on slot 6
[17:31:03.090] [SEVERE ] key 75 was pressed by player 2
[17:31:03.090] [SEVERE ] removing player 2 token from slot 5
[17:31:03.131] [SEVERE ] key 76 was pressed by player 2
[17:31:03.132] [SEVERE ] removing player 2 token from slot 6
[17:31:03.242] [SEVERE ] key 75 was pressed by player 2
[17:31:03.243] [SEVERE ] player 2 placing token on slot 5
[17:31:03.304] [SEVERE ] key 76 was pressed by player 2
[17:31:03.305] [SEVERE ] player 2 placing token on slot 6
[17:31:03.447] [SEVERE ] key 75 was pressed by player 2
[17:31:03.449] [SEVERE ] removing player 2 token from slot 5
[17:31:03.508] [SEVERE ] key 76 was pressed by player 2
[17:31:03.508] [SEVERE ] removing player 2 token from slot 6
[17:31:03.826] [SEVERE ] player 4 placing token on slot 2
[17:31:03.826] [SEVERE ] removing player 3 token from slot 10
[17:31:03.830] [SEVERE ] updating countdown to 18998
[17:31:03.831] [SEVERE ] updating countdown to 18997
[17:31:03.831] [SEVERE ] updating countdown to 18997
[17:31:03.932] [SEVERE ] key 75 was pressed by player 2
[17:31:03.932] [SEVERE ] player 2 placing token on slot 5
[17:31:03.933] [SEVERE ] key 76 was pressed by player 2
[17:31:03.933] [SEVERE ] player 2 placing token on slot 6
[17:31:03.933] [SEVERE ] key 59 was pressed by player 2
[17:31:03.934] [SEVERE ] player 2 placing token on slot 7
[17:31:03.934] [SEVERE ] key 75 was pressed by player 2
[17:31:03.934] [SEVERE ] updating countdown to 18894
[17:31:03.935] [SEVERE ] key 76 was pressed by player 2
[17:31:03.935] [SEVERE ] setting player 2 freeze to 3000
[17:31:03.935] [SEVERE ] updating countdown to 18893
[17:31:03.936] [SEVERE ] updating countdown to 18892
[17:31:04.220] [SEVERE ] key 76 was pressed by player 2
[17:31:04.241] [SEVERE ] key 59 was pressed by player 2
[17:31:04.332] [SEVERE ] key 75 was pressed by player 2
[17:31:04.474] [SEVERE ] key 76 was pressed by player 2
[17:31:04.728] [SEVERE ] key 76 was pressed by player 2
[17:31:04.757] [SEVERE ] key 46 was pressed by player 2
[17:31:04.777] [SEVERE ] key 44 was pressed by player 2
[17:31:04.826] [SEVERE ] removing player 4 token from slot 7
[17:31:04.826] [SEVERE ] player 3 placing token on slot 2
[17:31:04.936] [SEVERE ] setting player 2 freeze to 2000
[17:31:04.936] [SEVERE ] updating countdown to 17892
[17:31:04.937] [SEVERE ] updating countdown to 17891
[17:31:04.937] [SEVERE ] updating countdown to 17891
[17:31:05.008] [SEVERE ] key 46 was pressed by player 2
[17:31:05.032] [SEVERE ] key 44 was pressed by player 2
[17:31:05.101] [SEVERE ] key 77 was pressed by player 2
[17:31:05.191] [SEVERE ] key 44 was pressed by player 2
[17:31:05.253] [SEVERE ] key 77 was pressed by player 2
[17:31:05.340] [SEVERE ] key 44 was pressed by player 2
[17:31:05.459] [SEVERE ] key 77 was pressed by player 2
[17:31:05.515] [SEVERE ] key 44 was pressed by player 2
[17:31:05.616] [SEVERE ] key 77 was pressed by player 2
[17:31:05.710] [SEVERE ] key 44 was pressed by player 2
[17:31:05.811] [SEVERE ] key 77 was pressed by player 2
[17:31:05.827] [SEVERE ] player 3 placing token on slot 10
[17:31:05.827] [SEVERE ] player 4 placing token on slot 7
[17:31:05.881] [SEVERE ] key 44 was pressed by player 2
[17:31:05.937] [SEVERE ] setting player 2 freeze to 1000
[17:31:05.938] [SEVERE ] updating countdown to 16890
[17:31:05.939] [SEVERE ] updating countdown to 16889
[17:31:05.939] [SEVERE ] updating countdown to 16889
[17:31:06.003] [SEVERE ] key 77 was pressed by player 2
[17:31:06.282] [SEVERE ] key 44 was pressed by player 2
[17:31:06.302] [SEVERE ] key 77 was pressed by player 2
[17:31:06.324] [SEVERE ] key 44 was pressed by player 2
[17:31:06.386] [SEVERE ] key 77 was pressed by player 2
[17:31:06.469] [SEVERE ] key 44 was pressed by player 2
[17:31:06.827] [SEVERE ] player 4 placing token on slot 4
[17:31:06.827] [SEVERE ] player 3 placing token on slot 1
[17:31:06.828] [SEVERE ] updating countdown to 16000
[17:31:06.830] [SEVERE ] updating countdown to 15998
[17:31:06.830] [SEVERE ] setting player 4 freeze to 3000
[17:31:06.831] [SEVERE ] updating countdown to 15997
[17:31:06.831] [SEVERE ] updating countdown to 15997
[17:31:06.832] [SEVERE ] updating countdown to 15996
[17:31:06.832] [SEVERE ] setting player 3 freeze to 3000
[17:31:06.832] [SEVERE ] updating countdown to 15996
[17:31:06.863] [SEVERE ] key 68 was pressed by player 1
[17:31:06.864] [SEVERE ] player 1 placing token on slot 6
[17:31:06.905] [SEVERE ] key 70 was pressed by player 1
[17:31:06.906] [SEVERE ] player 1 placing token on slot 7
[17:31:06.938] [SEVERE ] setting player 2 freeze to 0
[17:31:06.939] [SEVERE ] removing player 2 token from slot 5
[17:31:06.962] [SEVERE ] key 83 was pressed by player 1
[17:31:06.963] [SEVERE ] player 1 placing token on slot 5
[17:31:06.964] [SEVERE ] updating countdown to 15864
[17:31:06.964] [SEVERE ] updating countdown to 15864
[17:31:06.964] [SEVERE ] setting player 1 freeze to 3000
[17:31:06.965] [SEVERE ] updating countdown to 15863
[17:31:07.082] [SEVERE ] key 70 was pressed by player 1
[17:31:07.114] [SEVERE ] key 68 was pressed by player 1
[17:31:07.153] [SEVERE ] key 83 was pressed by player 1
[17:31:07.257] [SEVERE ] key 70 was pressed by player 1
[17:31:07.293] [SEVERE ] key 68 was pressed by player 1
[17:31:07.450] [SEVERE ] key 67 was pressed by player 1
[17:31:07.793] [SEVERE ] key 88 was pressed by player 1
[17:31:07.831] [SEVERE ] setting player 4 freeze to 2000
[17:31:07.833] [SEVERE ] setting player 3 freeze to 2000
[17:31:07.908] [SEVERE ] key 67 was pressed by player 1
[17:31:07.966] [SEVERE ] setting player 1 freeze to 2000
[17:31:07.966] [SEVERE ] updating countdown to 14862
[17:31:07.967] [SEVERE ] updating countdown to 14861
[17:31:07.967] [SEVERE ] updating countdown to 14861
[17:31:08.832] [SEVERE ] setting player 4 freeze to 1000
[17:31:08.834] [SEVERE ] setting player 3 freeze to 1000
[17:31:08.967] [SEVERE ] setting player 1 freeze to 1000
[17:31:08.968] [SEVERE ] updating countdown to 13860
[17:31:08.968] [SEVERE ] updating countdown to 13860
[17:31:08.969] [SEVERE ] updating countdown to 13859
[17:31:09.833] [SEVERE ] setting player 4 freeze to 0
[17:31:09.834] [SEVERE ] setting player 3 freeze to 0
[17:31:09.968] [SEVERE ] setting player 1 freeze to 0
[17:31:09.969] [SEVERE ] updating countdown to 12859
[17:31:09.970] [SEVERE ] updating countdown to 12858
[17:31:09.970] [SEVERE ] updating countdown to 12858
[17:31:10.971] [SEVERE ] updating countdown to 11857
[17:31:10.971] [SEVERE ] updating countdown to 11857
[17:31:10.972] [SEVERE ] updating countdown to 11856
[17:31:11.972] [SEVERE ] updating countdown to 10856
[17:31:11.973] [SEVERE ] updating countdown to 10855
[17:31:11.973] [SEVERE ] updating countdown to 10855
[17:31:12.487] [SEVERE ] exit button pressed
[17:31:12.834] [SEVERE ] removing player 4 token from slot 7
[17:31:13.488] [SEVERE ] updating countdown to 9340
[17:31:13.489] [SEVERE ] updating countdown to 9339
[17:31:13.589] [SEVERE ] removing card from slot 0
[17:31:13.590] [SEVERE ] removing tokens from slot 0
[17:31:13.690] [SEVERE ] removing card from slot 1
[17:31:13.692] [SEVERE ] removing tokens from slot 1
[17:31:13.793] [SEVERE ] removing card from slot 2
[17:31:13.793] [SEVERE ] removing tokens from slot 2
[17:31:13.894] [SEVERE ] removing card from slot 3
[17:31:13.895] [SEVERE ] removing tokens from slot 3
[17:31:13.995] [SEVERE ] removing card from slot 4
[17:31:13.995] [SEVERE ] removing tokens from slot 4
[17:31:14.096] [SEVERE ] removing card from slot 5
[17:31:14.096] [SEVERE ] removing tokens from slot 5
[17:31:14.197] [SEVERE ] removing card from slot 6
[17:31:14.197] [SEVERE ] removing tokens from slot 6
[17:31:14.298] [SEVERE ] removing card from slot 7
[17:31:14.298] [SEVERE ] removing tokens from slot 7
[17:31:14.399] [SEVERE ] removing card from slot 8
[17:31:14.400] [SEVERE ] removing tokens from slot 8
[17:31:14.500] [SEVERE ] removing card from slot 9
[17:31:14.500] [SEVERE ] removing tokens from slot 9
[17:31:14.601] [SEVERE ] removing card from slot 10
[17:31:14.602] [SEVERE ] removing tokens from slot 10
[17:31:14.702] [SEVERE ] removing card from slot 11
[17:31:14.703] [SEVERE ] removing tokens from slot 11
[17:31:14.703] [SEVERE ] announcing winner(s): player 3
[17:31:14.705] [INFO   ] thread computer-3 terminated.
[17:31:14.705] [INFO   ] thread Thread-4 terminated.
[17:31:14.706] [INFO   ] thread computer-2 terminated.
[17:31:14.706] [INFO   ] thread Thread-3 terminated.
[17:31:14.707] [INFO   ] thread Thread-2 terminated.
[17:31:14.708] [INFO   ] thread Thread-1 terminated.
[17:31:14.708] [INFO   ] thread dealer terminated.
[17:31:14.709] [INFO   ] thread dealer terminated.
[17:31:14.709] [SEVERE ] thanks for playing... it was fun!
[17:31:14.709] [INFO   ] thread bguspl.set.Main.main() terminated.
