[10:31:56.919] [INFO   ] thread bguspl.set.Main.main() starting.
[10:31:56.951] [SEVERE ] cannot read configuration file config.properties trying from resources.
[10:31:56.976] [SEVERE ] configuration file was loaded from resources directory.
[10:31:59.640] [INFO   ] thread dealer starting.
[10:31:59.642] [INFO   ] thread dealer starting.
[10:31:59.646] [INFO   ] thread computer-2 starting.
[10:31:59.646] [INFO   ] thread computer-3 starting.
[10:31:59.751] [SEVERE ] placing card 38 in slot 0
[10:31:59.871] [SEVERE ] placing card 51 in slot 1
[10:32:00.011] [SEVERE ] placing card 44 in slot 2
[10:32:00.121] [SEVERE ] placing card 58 in slot 3
[10:32:00.223] [SEVERE ] placing card 33 in slot 4
[10:32:00.325] [SEVERE ] placing card 22 in slot 5
[10:32:00.426] [SEVERE ] placing card 39 in slot 6
[10:32:00.528] [SEVERE ] placing card 62 in slot 7
[10:32:00.629] [SEVERE ] placing card 29 in slot 8
[10:32:00.730] [SEVERE ] placing card 8 in slot 9
[10:32:00.832] [SEVERE ] placing card 70 in slot 10
[10:32:00.933] [SEVERE ] placing card 57 in slot 11
[10:32:00.951] [SEVERE ] player 4 placing token on slot 2
[10:32:00.952] [SEVERE ] updating countdown to 19999
[10:32:00.952] [SEVERE ] player 3 placing token on slot 10
[10:32:01.936] [SEVERE ] player 4 placing token on slot 9
[10:32:01.936] [SEVERE ] player 3 placing token on slot 11
[10:32:01.969] [SEVERE ] updating countdown to 18999
[10:32:01.971] [SEVERE ] updating countdown to 18997
[10:32:02.936] [SEVERE ] player 3 placing token on slot 7
[10:32:02.936] [SEVERE ] player 4 placing token on slot 11
[10:32:02.937] [SEVERE ] updating countdown to 18031
[10:32:02.939] [SEVERE ] updating countdown to 18029
[10:32:02.939] [SEVERE ] setting player 3 freeze to 3000
[10:32:02.939] [SEVERE ] updating countdown to 18029
[10:32:02.940] [SEVERE ] updating countdown to 18028
[10:32:02.940] [SEVERE ] setting player 4 freeze to 3000
[10:32:03.940] [SEVERE ] setting player 3 freeze to 2000
[10:32:03.941] [SEVERE ] updating countdown to 17027
[10:32:03.942] [SEVERE ] updating countdown to 17026
[10:32:03.942] [SEVERE ] setting player 4 freeze to 2000
[10:32:04.941] [SEVERE ] setting player 3 freeze to 1000
[10:32:04.942] [SEVERE ] updating countdown to 16026
[10:32:04.943] [SEVERE ] setting player 4 freeze to 1000
[10:32:04.943] [SEVERE ] updating countdown to 16025
[10:32:05.943] [SEVERE ] setting player 3 freeze to 0
[10:32:05.944] [SEVERE ] removing player 3 token from slot 7
[10:32:05.944] [SEVERE ] updating countdown to 15024
[10:32:05.944] [SEVERE ] setting player 4 freeze to 0
[10:32:05.945] [SEVERE ] updating countdown to 15023
[10:32:05.946] [SEVERE ] removing player 4 token from slot 11
[10:32:06.944] [SEVERE ] player 3 placing token on slot 2
[10:32:06.946] [SEVERE ] updating countdown to 14022
[10:32:06.946] [SEVERE ] player 4 placing token on slot 6
[10:32:06.948] [SEVERE ] updating countdown to 14020
[10:32:06.949] [SEVERE ] updating countdown to 14019
[10:32:06.948] [SEVERE ] setting player 3 freeze to 3000
[10:32:06.950] [SEVERE ] setting player 4 freeze to 3000
[10:32:06.950] [SEVERE ] updating countdown to 14018
[10:32:07.951] [SEVERE ] setting player 3 freeze to 2000
[10:32:07.952] [SEVERE ] setting player 4 freeze to 2000
[10:32:07.953] [SEVERE ] updating countdown to 13015
[10:32:07.954] [SEVERE ] updating countdown to 13014
[10:32:08.952] [SEVERE ] setting player 3 freeze to 1000
[10:32:08.953] [SEVERE ] setting player 4 freeze to 1000
[10:32:08.955] [SEVERE ] updating countdown to 12013
[10:32:08.956] [SEVERE ] updating countdown to 12012
[10:32:09.954] [SEVERE ] setting player 3 freeze to 0
[10:32:09.954] [SEVERE ] setting player 4 freeze to 0
[10:32:09.956] [SEVERE ] updating countdown to 11012
[10:32:09.957] [SEVERE ] updating countdown to 11011
[10:32:10.958] [SEVERE ] updating countdown to 10010
[10:32:10.959] [SEVERE ] updating countdown to 10009
[10:32:11.961] [SEVERE ] updating countdown to 9007
[10:32:11.963] [SEVERE ] updating countdown to 9005
[10:32:12.956] [SEVERE ] removing player 3 token from slot 11
[10:32:12.970] [SEVERE ] updating countdown to 7998
[10:32:12.971] [SEVERE ] updating countdown to 7997
[10:32:13.957] [SEVERE ] player 3 placing token on slot 4
[10:32:13.958] [SEVERE ] updating countdown to 7010
[10:32:13.959] [SEVERE ] updating countdown to 7009
[10:32:13.959] [SEVERE ] setting player 3 freeze to 3000
[10:32:14.957] [SEVERE ] removing player 4 token from slot 9
[10:32:14.960] [SEVERE ] updating countdown to 6009
[10:32:14.960] [SEVERE ] setting player 3 freeze to 2000
[10:32:14.961] [SEVERE ] updating countdown to 6007
[10:32:15.957] [SEVERE ] player 4 placing token on slot 4
[10:32:15.959] [SEVERE ] updating countdown to 5009
[10:32:15.959] [SEVERE ] updating countdown to 5009
[10:32:15.959] [SEVERE ] setting player 4 freeze to 3000
[10:32:15.962] [SEVERE ] setting player 3 freeze to 1000
[10:32:16.960] [SEVERE ] setting player 4 freeze to 2000
[10:32:16.963] [SEVERE ] setting player 3 freeze to 0
[10:32:17.961] [SEVERE ] setting player 4 freeze to 1000
[10:32:17.964] [SEVERE ] removing player 3 token from slot 10
[10:32:18.963] [SEVERE ] setting player 4 freeze to 0
[10:32:18.964] [SEVERE ] player 3 placing token on slot 10
[10:32:18.965] [SEVERE ] setting player 3 freeze to 3000
[10:32:19.966] [SEVERE ] setting player 3 freeze to 2000
[10:32:20.964] [SEVERE ] removing player 4 token from slot 2
[10:32:20.968] [SEVERE ] setting player 3 freeze to 1000
[10:32:20.968] [SEVERE ] updating countdown to 0
[10:32:21.069] [SEVERE ] removing card from slot 0
[10:32:21.070] [SEVERE ] removing tokens from slot 0
[10:32:21.171] [SEVERE ] removing card from slot 1
[10:32:21.173] [SEVERE ] removing tokens from slot 1
[10:32:21.276] [SEVERE ] removing card from slot 2
[10:32:21.277] [SEVERE ] removing tokens from slot 2
[10:32:21.378] [SEVERE ] removing card from slot 3
[10:32:21.379] [SEVERE ] removing tokens from slot 3
[10:32:21.479] [SEVERE ] removing card from slot 4
[10:32:21.481] [SEVERE ] removing tokens from slot 4
[10:32:21.582] [SEVERE ] removing card from slot 5
[10:32:21.583] [SEVERE ] removing tokens from slot 5
[10:32:21.686] [SEVERE ] removing card from slot 6
[10:32:21.687] [SEVERE ] removing tokens from slot 6
[10:32:21.788] [SEVERE ] removing card from slot 7
[10:32:21.789] [SEVERE ] removing tokens from slot 7
[10:32:21.890] [SEVERE ] removing card from slot 8
[10:32:21.890] [SEVERE ] removing tokens from slot 8
[10:32:21.969] [SEVERE ] setting player 3 freeze to 0
[10:32:21.991] [SEVERE ] removing card from slot 9
[10:32:21.992] [SEVERE ] removing tokens from slot 9
[10:32:22.093] [SEVERE ] removing card from slot 10
[10:32:22.093] [SEVERE ] removing tokens from slot 10
[10:32:22.194] [SEVERE ] removing card from slot 11
[10:32:22.195] [SEVERE ] removing tokens from slot 11
[10:32:22.296] [SEVERE ] placing card 79 in slot 0
[10:32:22.397] [SEVERE ] placing card 24 in slot 1
[10:32:22.499] [SEVERE ] placing card 75 in slot 2
[10:32:22.600] [SEVERE ] placing card 56 in slot 3
[10:32:22.701] [SEVERE ] placing card 32 in slot 4
[10:32:22.803] [SEVERE ] placing card 34 in slot 5
[10:32:22.904] [SEVERE ] placing card 0 in slot 6
[10:32:23.005] [SEVERE ] placing card 73 in slot 7
[10:32:23.106] [SEVERE ] placing card 25 in slot 8
[10:32:23.145] [SEVERE ] exit button pressed
[10:32:23.147] [SEVERE ] player 4 placing token on slot 6
[10:32:23.147] [SEVERE ] placing card 65 in slot 9
[10:32:23.249] [SEVERE ] placing card 52 in slot 10
[10:32:23.350] [SEVERE ] placing card 70 in slot 11
[10:32:23.356] [SEVERE ] updating countdown to 19999
[10:32:23.356] [SEVERE ] player 3 placing token on slot 6
[10:32:23.457] [SEVERE ] removing card from slot 0
[10:32:23.457] [SEVERE ] removing tokens from slot 0
[10:32:23.558] [SEVERE ] removing card from slot 1
[10:32:23.560] [SEVERE ] removing tokens from slot 1
[10:32:23.661] [SEVERE ] removing card from slot 2
[10:32:23.663] [SEVERE ] removing tokens from slot 2
[10:32:23.764] [SEVERE ] removing card from slot 3
[10:32:23.765] [SEVERE ] removing tokens from slot 3
[10:32:23.866] [SEVERE ] removing card from slot 4
[10:32:23.867] [SEVERE ] removing tokens from slot 4
[10:32:23.968] [SEVERE ] removing card from slot 5
[10:32:23.969] [SEVERE ] removing tokens from slot 5
[10:32:24.070] [SEVERE ] removing card from slot 6
[10:32:24.071] [SEVERE ] removing tokens from slot 6
[10:32:24.172] [SEVERE ] removing card from slot 7
[10:32:24.173] [SEVERE ] removing tokens from slot 7
[10:32:24.273] [SEVERE ] removing card from slot 8
[10:32:24.274] [SEVERE ] removing tokens from slot 8
[10:32:24.375] [SEVERE ] removing card from slot 9
[10:32:24.375] [SEVERE ] removing tokens from slot 9
[10:32:24.476] [SEVERE ] removing card from slot 10
[10:32:24.477] [SEVERE ] removing tokens from slot 10
[10:32:24.578] [SEVERE ] removing card from slot 11
[10:32:24.579] [SEVERE ] removing tokens from slot 11
[10:32:24.581] [SEVERE ] announcing winner(s): player 1, player 2, player 3, player 4
[10:32:24.583] [INFO   ] thread computer-3 terminated.
[10:32:24.584] [INFO   ] thread Thread-4 terminated.
[10:32:24.585] [INFO   ] thread computer-2 terminated.
[10:32:24.586] [INFO   ] thread Thread-3 terminated.
[10:32:24.587] [INFO   ] thread Thread-2 terminated.
[10:32:24.588] [INFO   ] thread Thread-1 terminated.
[10:32:24.588] [INFO   ] thread dealer terminated.
[10:32:24.589] [INFO   ] thread dealer terminated.
[10:32:24.589] [SEVERE ] thanks for playing... it was fun!
[10:32:24.590] [INFO   ] thread bguspl.set.Main.main() terminated.
