[10:38:15.173] [INFO   ] thread bguspl.set.Main.main() starting.
[10:38:15.195] [SEVERE ] cannot read configuration file config.properties trying from resources.
[10:38:15.216] [SEVERE ] configuration file was loaded from resources directory.
[10:38:17.410] [INFO   ] thread dealer starting.
[10:38:17.412] [INFO   ] thread dealer starting.
[10:38:17.417] [INFO   ] thread computer-2 starting.
[10:38:17.417] [INFO   ] thread computer-3 starting.
[10:38:17.522] [SEVERE ] placing card 40 in slot 0
[10:38:17.625] [SEVERE ] placing card 18 in slot 1
[10:38:17.727] [SEVERE ] placing card 19 in slot 2
[10:38:17.828] [SEVERE ] placing card 61 in slot 3
[10:38:17.929] [SEVERE ] placing card 80 in slot 4
[10:38:18.031] [SEVERE ] placing card 11 in slot 5
[10:38:18.132] [SEVERE ] placing card 74 in slot 6
[10:38:18.233] [SEVERE ] placing card 22 in slot 7
[10:38:18.335] [SEVERE ] placing card 34 in slot 8
[10:38:18.436] [SEVERE ] placing card 15 in slot 9
[10:38:18.538] [SEVERE ] placing card 67 in slot 10
[10:38:18.639] [SEVERE ] placing card 35 in slot 11
[10:38:18.648] [SEVERE ] updating countdown to 59999
[10:38:18.648] [SEVERE ] player 4 placing token on slot 10
[10:38:18.648] [SEVERE ] player 3 placing token on slot 2
[10:38:19.150] [SEVERE ] updating countdown to 59499
[10:38:19.152] [SEVERE ] updating countdown to 59497
[10:38:19.641] [SEVERE ] player 4 placing token on slot 9
[10:38:19.642] [SEVERE ] player 3 placing token on slot 9
[10:38:19.653] [SEVERE ] updating countdown to 58996
[10:38:19.654] [SEVERE ] updating countdown to 58995
[10:38:20.155] [SEVERE ] updating countdown to 58494
[10:38:20.156] [SEVERE ] updating countdown to 58493
[10:38:20.641] [SEVERE ] player 4 placing token on slot 1
[10:38:20.641] [SEVERE ] player 3 placing token on slot 10
[10:38:20.642] [SEVERE ] updating countdown to 58007
[10:38:20.643] [SEVERE ] updating countdown to 58006
[10:38:20.644] [SEVERE ] setting player 4 freeze to 3000
[10:38:20.645] [SEVERE ] updating countdown to 58004
[10:38:20.646] [SEVERE ] updating countdown to 58003
[10:38:20.646] [SEVERE ] setting player 3 freeze to 3000
[10:38:21.147] [SEVERE ] updating countdown to 57502
[10:38:21.148] [SEVERE ] updating countdown to 57501
[10:38:21.646] [SEVERE ] setting player 4 freeze to 2000
[10:38:21.647] [SEVERE ] setting player 3 freeze to 2000
[10:38:21.649] [SEVERE ] updating countdown to 57000
[10:38:21.650] [SEVERE ] updating countdown to 56999
[10:38:22.151] [SEVERE ] updating countdown to 56498
[10:38:22.151] [SEVERE ] updating countdown to 56498
[10:38:22.647] [SEVERE ] setting player 4 freeze to 1000
[10:38:22.649] [SEVERE ] setting player 3 freeze to 1000
[10:38:22.652] [SEVERE ] updating countdown to 55997
[10:38:22.653] [SEVERE ] updating countdown to 55996
[10:38:23.154] [SEVERE ] updating countdown to 55495
[10:38:23.154] [SEVERE ] updating countdown to 55495
[10:38:23.648] [SEVERE ] setting player 4 freeze to 0
[10:38:23.650] [SEVERE ] setting player 3 freeze to 0
[10:38:23.656] [SEVERE ] updating countdown to 54993
[10:38:23.657] [SEVERE ] updating countdown to 54992
[10:38:24.157] [SEVERE ] updating countdown to 54492
[10:38:24.159] [SEVERE ] updating countdown to 54490
[10:38:24.660] [SEVERE ] updating countdown to 53989
[10:38:24.661] [SEVERE ] updating countdown to 53988
[10:38:25.162] [SEVERE ] updating countdown to 53487
[10:38:25.163] [SEVERE ] updating countdown to 53486
[10:38:25.664] [SEVERE ] updating countdown to 52985
[10:38:25.666] [SEVERE ] updating countdown to 52983
[10:38:26.167] [SEVERE ] updating countdown to 52483
[10:38:26.167] [SEVERE ] updating countdown to 52482
[10:38:26.669] [SEVERE ] updating countdown to 51980
[10:38:26.671] [SEVERE ] updating countdown to 51978
[10:38:27.172] [SEVERE ] updating countdown to 51477
[10:38:27.173] [SEVERE ] updating countdown to 51476
[10:38:27.652] [SEVERE ] removing player 3 token from slot 9
[10:38:27.675] [SEVERE ] updating countdown to 50974
[10:38:27.676] [SEVERE ] updating countdown to 50973
[10:38:28.178] [SEVERE ] updating countdown to 50471
[10:38:28.180] [SEVERE ] updating countdown to 50469
[10:38:28.653] [SEVERE ] player 3 placing token on slot 8
[10:38:28.655] [SEVERE ] updating countdown to 49994
[10:38:28.756] [SEVERE ] removing card from slot 2
[10:38:28.758] [SEVERE ] removing tokens from slot 2
[10:38:28.758] [SEVERE ] updating countdown to 59999
[10:38:28.859] [SEVERE ] removing card from slot 8
[10:38:28.861] [SEVERE ] removing tokens from slot 8
[10:38:28.861] [SEVERE ] updating countdown to 59999
[10:38:28.962] [SEVERE ] removing card from slot 10
[10:38:28.964] [SEVERE ] removing tokens from slot 10
[10:38:28.965] [SEVERE ] updating countdown to 59999
[10:38:28.967] [SEVERE ] setting player 3 score to 1
[10:38:28.969] [SEVERE ] updating countdown to 59997
[10:38:28.969] [SEVERE ] setting player 3 freeze to 1000
[10:38:29.070] [SEVERE ] placing card 10 in slot 2
[10:38:29.171] [SEVERE ] placing card 49 in slot 8
[10:38:29.273] [SEVERE ] placing card 39 in slot 10
[10:38:29.651] [SEVERE ] player 4 placing token on slot 2
[10:38:29.785] [SEVERE ] updating countdown to 59181
[10:38:29.786] [SEVERE ] updating countdown to 59180
[10:38:29.971] [SEVERE ] setting player 3 freeze to 0
[10:38:29.972] [SEVERE ] player 3 placing token on slot 8
[10:38:30.289] [SEVERE ] updating countdown to 58677
[10:38:30.290] [SEVERE ] updating countdown to 58676
[10:38:30.792] [SEVERE ] updating countdown to 58174
[10:38:30.793] [SEVERE ] updating countdown to 58173
[10:38:30.972] [SEVERE ] player 3 placing token on slot 7
[10:38:31.295] [SEVERE ] updating countdown to 57671
[10:38:31.296] [SEVERE ] updating countdown to 57670
[10:38:31.652] [SEVERE ] removing player 4 token from slot 1
[10:38:31.797] [SEVERE ] updating countdown to 57169
[10:38:31.798] [SEVERE ] updating countdown to 57168
[10:38:31.973] [SEVERE ] player 3 placing token on slot 6
[10:38:31.974] [SEVERE ] updating countdown to 56992
[10:38:31.975] [SEVERE ] updating countdown to 56991
[10:38:31.975] [SEVERE ] setting player 3 freeze to 3000
[10:38:32.476] [SEVERE ] updating countdown to 56490
[10:38:32.477] [SEVERE ] updating countdown to 56489
[10:38:32.652] [SEVERE ] player 4 placing token on slot 10
[10:38:32.654] [SEVERE ] updating countdown to 56312
[10:38:32.655] [SEVERE ] updating countdown to 56311
[10:38:32.655] [SEVERE ] setting player 4 freeze to 3000
[10:38:32.977] [SEVERE ] setting player 3 freeze to 2000
[10:38:33.157] [SEVERE ] updating countdown to 55809
[10:38:33.158] [SEVERE ] updating countdown to 55808
[10:38:33.658] [SEVERE ] setting player 4 freeze to 2000
[10:38:33.659] [SEVERE ] updating countdown to 55307
[10:38:33.660] [SEVERE ] updating countdown to 55306
[10:38:33.978] [SEVERE ] setting player 3 freeze to 1000
[10:38:34.160] [SEVERE ] updating countdown to 54806
[10:38:34.161] [SEVERE ] updating countdown to 54805
[10:38:34.659] [SEVERE ] setting player 4 freeze to 1000
[10:38:34.662] [SEVERE ] updating countdown to 54304
[10:38:34.663] [SEVERE ] updating countdown to 54303
[10:38:34.979] [SEVERE ] setting player 3 freeze to 0
[10:38:35.164] [SEVERE ] updating countdown to 53802
[10:38:35.165] [SEVERE ] updating countdown to 53801
[10:38:35.660] [SEVERE ] setting player 4 freeze to 0
[10:38:35.666] [SEVERE ] updating countdown to 53300
[10:38:35.667] [SEVERE ] updating countdown to 53299
[10:38:36.168] [SEVERE ] updating countdown to 52798
[10:38:36.170] [SEVERE ] updating countdown to 52796
[10:38:36.671] [SEVERE ] updating countdown to 52295
[10:38:36.672] [SEVERE ] updating countdown to 52294
[10:38:36.981] [SEVERE ] removing player 3 token from slot 8
[10:38:37.173] [SEVERE ] updating countdown to 51793
[10:38:37.174] [SEVERE ] updating countdown to 51792
[10:38:37.675] [SEVERE ] updating countdown to 51291
[10:38:37.676] [SEVERE ] updating countdown to 51290
[10:38:37.982] [SEVERE ] player 3 placing token on slot 4
[10:38:37.983] [SEVERE ] updating countdown to 50983
[10:38:37.984] [SEVERE ] updating countdown to 50982
[10:38:37.984] [SEVERE ] setting player 3 freeze to 3000
[10:38:38.486] [SEVERE ] updating countdown to 50480
[10:38:38.487] [SEVERE ] updating countdown to 50479
[10:38:38.987] [SEVERE ] setting player 3 freeze to 2000
[10:38:38.988] [SEVERE ] updating countdown to 49978
[10:38:38.989] [SEVERE ] updating countdown to 49977
[10:38:39.489] [SEVERE ] updating countdown to 49477
[10:38:39.490] [SEVERE ] updating countdown to 49476
[10:38:39.662] [SEVERE ] removing player 4 token from slot 9
[10:38:39.988] [SEVERE ] setting player 3 freeze to 1000
[10:38:39.991] [SEVERE ] updating countdown to 48975
[10:38:39.992] [SEVERE ] updating countdown to 48974
[10:38:40.493] [SEVERE ] updating countdown to 48473
[10:38:40.494] [SEVERE ] updating countdown to 48472
[10:38:40.663] [SEVERE ] player 4 placing token on slot 1
[10:38:40.664] [SEVERE ] updating countdown to 48302
[10:38:40.665] [SEVERE ] updating countdown to 48301
[10:38:40.665] [SEVERE ] setting player 4 freeze to 3000
[10:38:40.989] [SEVERE ] setting player 3 freeze to 0
[10:38:41.166] [SEVERE ] updating countdown to 47800
[10:38:41.168] [SEVERE ] updating countdown to 47798
[10:38:41.667] [SEVERE ] setting player 4 freeze to 2000
[10:38:41.669] [SEVERE ] updating countdown to 47298
[10:38:41.669] [SEVERE ] updating countdown to 47297
[10:38:42.170] [SEVERE ] updating countdown to 46796
[10:38:42.171] [SEVERE ] updating countdown to 46795
[10:38:42.668] [SEVERE ] setting player 4 freeze to 1000
[10:38:42.672] [SEVERE ] updating countdown to 46294
[10:38:42.672] [SEVERE ] updating countdown to 46294
[10:38:43.173] [SEVERE ] updating countdown to 45793
[10:38:43.174] [SEVERE ] updating countdown to 45792
[10:38:43.669] [SEVERE ] setting player 4 freeze to 0
[10:38:43.675] [SEVERE ] updating countdown to 45291
[10:38:43.675] [SEVERE ] updating countdown to 45291
[10:38:43.992] [SEVERE ] removing player 3 token from slot 6
[10:38:44.176] [SEVERE ] updating countdown to 44790
[10:38:44.177] [SEVERE ] updating countdown to 44789
[10:38:44.671] [SEVERE ] removing player 4 token from slot 1
[10:38:44.678] [SEVERE ] updating countdown to 44288
[10:38:44.679] [SEVERE ] updating countdown to 44287
[10:38:44.992] [SEVERE ] player 3 placing token on slot 9
[10:38:44.994] [SEVERE ] updating countdown to 43972
[10:38:44.995] [SEVERE ] updating countdown to 43971
[10:38:44.995] [SEVERE ] setting player 3 freeze to 3000
[10:38:45.496] [SEVERE ] updating countdown to 43470
[10:38:45.497] [SEVERE ] updating countdown to 43469
[10:38:45.671] [SEVERE ] removing player 4 token from slot 2
[10:38:45.997] [SEVERE ] setting player 3 freeze to 2000
[10:38:45.999] [SEVERE ] updating countdown to 42967
[10:38:46.000] [SEVERE ] updating countdown to 42966
[10:38:46.502] [SEVERE ] updating countdown to 42464
[10:38:46.502] [SEVERE ] updating countdown to 42464
[10:38:46.671] [SEVERE ] player 4 placing token on slot 2
[10:38:46.998] [SEVERE ] setting player 3 freeze to 1000
[10:38:47.004] [SEVERE ] updating countdown to 41962
[10:38:47.006] [SEVERE ] updating countdown to 41960
[10:38:47.506] [SEVERE ] updating countdown to 41460
[10:38:47.507] [SEVERE ] updating countdown to 41459
[10:38:47.672] [SEVERE ] player 4 placing token on slot 7
[10:38:47.673] [SEVERE ] updating countdown to 41293
[10:38:47.673] [SEVERE ] updating countdown to 41293
[10:38:47.673] [SEVERE ] setting player 4 freeze to 3000
[10:38:48.000] [SEVERE ] setting player 3 freeze to 0
[10:38:48.001] [SEVERE ] removing player 3 token from slot 7
[10:38:48.174] [SEVERE ] updating countdown to 40792
[10:38:48.176] [SEVERE ] updating countdown to 40790
[10:38:48.675] [SEVERE ] setting player 4 freeze to 2000
[10:38:48.677] [SEVERE ] updating countdown to 40289
[10:38:48.678] [SEVERE ] updating countdown to 40288
[10:38:49.002] [SEVERE ] player 3 placing token on slot 0
[10:38:49.003] [SEVERE ] updating countdown to 39963
[10:38:49.004] [SEVERE ] updating countdown to 39962
[10:38:49.004] [SEVERE ] setting player 3 freeze to 3000
[10:38:49.505] [SEVERE ] updating countdown to 39461
[10:38:49.506] [SEVERE ] updating countdown to 39461
[10:38:49.677] [SEVERE ] setting player 4 freeze to 1000
[10:38:50.005] [SEVERE ] setting player 3 freeze to 2000
[10:38:50.006] [SEVERE ] updating countdown to 38960
[10:38:50.007] [SEVERE ] updating countdown to 38959
[10:38:50.507] [SEVERE ] updating countdown to 38459
[10:38:50.508] [SEVERE ] updating countdown to 38458
[10:38:50.678] [SEVERE ] setting player 4 freeze to 0
[10:38:51.006] [SEVERE ] setting player 3 freeze to 1000
[10:38:51.009] [SEVERE ] updating countdown to 37957
[10:38:51.010] [SEVERE ] updating countdown to 37956
[10:38:51.511] [SEVERE ] updating countdown to 37455
[10:38:51.511] [SEVERE ] updating countdown to 37455
[10:38:52.008] [SEVERE ] setting player 3 freeze to 0
[10:38:52.012] [SEVERE ] updating countdown to 36954
[10:38:52.013] [SEVERE ] updating countdown to 36953
[10:38:52.514] [SEVERE ] updating countdown to 36452
[10:38:52.515] [SEVERE ] updating countdown to 36451
[10:38:52.679] [SEVERE ] removing player 4 token from slot 7
[10:38:53.016] [SEVERE ] updating countdown to 35950
[10:38:53.017] [SEVERE ] updating countdown to 35949
[10:38:53.520] [SEVERE ] updating countdown to 35447
[10:38:53.520] [SEVERE ] updating countdown to 35446
[10:38:53.679] [SEVERE ] player 4 placing token on slot 6
[10:38:53.681] [SEVERE ] updating countdown to 35285
[10:38:53.681] [SEVERE ] updating countdown to 35285
[10:38:53.682] [SEVERE ] setting player 4 freeze to 3000
[10:38:54.010] [SEVERE ] removing player 3 token from slot 9
[10:38:54.182] [SEVERE ] updating countdown to 34784
[10:38:54.184] [SEVERE ] updating countdown to 34782
[10:38:54.683] [SEVERE ] setting player 4 freeze to 2000
[10:38:54.685] [SEVERE ] updating countdown to 34281
[10:38:54.686] [SEVERE ] updating countdown to 34280
[10:38:55.010] [SEVERE ] removing player 3 token from slot 0
[10:38:55.186] [SEVERE ] updating countdown to 33780
[10:38:55.187] [SEVERE ] updating countdown to 33779
[10:38:55.684] [SEVERE ] setting player 4 freeze to 1000
[10:38:55.688] [SEVERE ] updating countdown to 33278
[10:38:55.689] [SEVERE ] updating countdown to 33277
[10:38:56.010] [SEVERE ] player 3 placing token on slot 0
[10:38:56.190] [SEVERE ] updating countdown to 32776
[10:38:56.191] [SEVERE ] updating countdown to 32775
[10:38:56.685] [SEVERE ] setting player 4 freeze to 0
[10:38:56.692] [SEVERE ] updating countdown to 32274
[10:38:56.693] [SEVERE ] updating countdown to 32273
[10:38:57.010] [SEVERE ] player 3 placing token on slot 11
[10:38:57.011] [SEVERE ] updating countdown to 31955
[10:38:57.012] [SEVERE ] updating countdown to 31954
[10:38:57.012] [SEVERE ] setting player 3 freeze to 3000
[10:38:57.513] [SEVERE ] updating countdown to 31453
[10:38:57.514] [SEVERE ] updating countdown to 31452
[10:38:58.014] [SEVERE ] setting player 3 freeze to 2000
[10:38:58.015] [SEVERE ] updating countdown to 30951
[10:38:58.017] [SEVERE ] updating countdown to 30949
[10:38:58.518] [SEVERE ] updating countdown to 30448
[10:38:58.519] [SEVERE ] updating countdown to 30447
[10:38:59.016] [SEVERE ] setting player 3 freeze to 1000
[10:38:59.020] [SEVERE ] updating countdown to 29946
[10:38:59.021] [SEVERE ] updating countdown to 29945
[10:38:59.521] [SEVERE ] updating countdown to 29445
[10:38:59.522] [SEVERE ] updating countdown to 29444
[10:39:00.017] [SEVERE ] setting player 3 freeze to 0
[10:39:00.023] [SEVERE ] updating countdown to 28943
[10:39:00.025] [SEVERE ] updating countdown to 28941
[10:39:00.527] [SEVERE ] updating countdown to 28439
[10:39:00.528] [SEVERE ] updating countdown to 28438
[10:39:01.020] [SEVERE ] removing player 3 token from slot 0
[10:39:01.029] [SEVERE ] updating countdown to 27937
[10:39:01.030] [SEVERE ] updating countdown to 27936
[10:39:01.532] [SEVERE ] updating countdown to 27434
[10:39:01.533] [SEVERE ] updating countdown to 27433
[10:39:02.020] [SEVERE ] player 3 placing token on slot 9
[10:39:02.022] [SEVERE ] updating countdown to 26944
[10:39:02.023] [SEVERE ] updating countdown to 26943
[10:39:02.023] [SEVERE ] setting player 3 freeze to 3000
[10:39:02.524] [SEVERE ] updating countdown to 26442
[10:39:02.525] [SEVERE ] updating countdown to 26441
[10:39:03.025] [SEVERE ] setting player 3 freeze to 2000
[10:39:03.027] [SEVERE ] updating countdown to 25939
[10:39:03.029] [SEVERE ] updating countdown to 25937
[10:39:03.530] [SEVERE ] updating countdown to 25436
[10:39:03.531] [SEVERE ] updating countdown to 25435
[10:39:04.026] [SEVERE ] setting player 3 freeze to 1000
[10:39:04.032] [SEVERE ] updating countdown to 24934
[10:39:04.033] [SEVERE ] updating countdown to 24933
[10:39:04.534] [SEVERE ] updating countdown to 24432
[10:39:04.535] [SEVERE ] updating countdown to 24431
[10:39:05.027] [SEVERE ] setting player 3 freeze to 0
[10:39:05.036] [SEVERE ] updating countdown to 23930
[10:39:05.037] [SEVERE ] updating countdown to 23929
[10:39:05.538] [SEVERE ] updating countdown to 23428
[10:39:05.539] [SEVERE ] updating countdown to 23427
[10:39:06.040] [SEVERE ] updating countdown to 22926
[10:39:06.042] [SEVERE ] updating countdown to 22924
[10:39:06.543] [SEVERE ] updating countdown to 22423
[10:39:06.544] [SEVERE ] updating countdown to 22422
[10:39:07.030] [SEVERE ] removing player 3 token from slot 9
[10:39:07.045] [SEVERE ] updating countdown to 21921
[10:39:07.046] [SEVERE ] updating countdown to 21920
[10:39:07.547] [SEVERE ] updating countdown to 21419
[10:39:07.548] [SEVERE ] updating countdown to 21418
[10:39:07.690] [SEVERE ] removing player 4 token from slot 2
[10:39:08.030] [SEVERE ] player 3 placing token on slot 5
[10:39:08.031] [SEVERE ] updating countdown to 20935
[10:39:08.032] [SEVERE ] updating countdown to 20934
[10:39:08.032] [SEVERE ] setting player 3 freeze to 3000
[10:39:08.534] [SEVERE ] updating countdown to 20432
[10:39:08.535] [SEVERE ] updating countdown to 20431
[10:39:08.690] [SEVERE ] player 4 placing token on slot 1
[10:39:08.691] [SEVERE ] updating countdown to 20275
[10:39:08.692] [SEVERE ] updating countdown to 20274
[10:39:08.692] [SEVERE ] setting player 4 freeze to 3000
[10:39:09.035] [SEVERE ] setting player 3 freeze to 2000
[10:39:09.192] [SEVERE ] updating countdown to 19774
[10:39:09.193] [SEVERE ] updating countdown to 19773
[10:39:09.693] [SEVERE ] setting player 4 freeze to 2000
[10:39:09.695] [SEVERE ] updating countdown to 19271
[10:39:09.696] [SEVERE ] updating countdown to 19270
[10:39:10.037] [SEVERE ] setting player 3 freeze to 1000
[10:39:10.197] [SEVERE ] updating countdown to 18769
[10:39:10.197] [SEVERE ] updating countdown to 18769
[10:39:10.694] [SEVERE ] setting player 4 freeze to 1000
[10:39:10.698] [SEVERE ] updating countdown to 18268
[10:39:10.699] [SEVERE ] updating countdown to 18267
[10:39:11.038] [SEVERE ] setting player 3 freeze to 0
[10:39:11.199] [SEVERE ] updating countdown to 17767
[10:39:11.200] [SEVERE ] updating countdown to 17766
[10:39:11.695] [SEVERE ] setting player 4 freeze to 0
[10:39:11.701] [SEVERE ] updating countdown to 17265
[10:39:11.701] [SEVERE ] updating countdown to 17265
[10:39:12.202] [SEVERE ] updating countdown to 16764
[10:39:12.203] [SEVERE ] updating countdown to 16763
[10:39:12.704] [SEVERE ] updating countdown to 16262
[10:39:12.705] [SEVERE ] updating countdown to 16261
[10:39:13.206] [SEVERE ] updating countdown to 15760
[10:39:13.208] [SEVERE ] updating countdown to 15758
[10:39:13.709] [SEVERE ] updating countdown to 15257
[10:39:13.710] [SEVERE ] updating countdown to 15256
[10:39:14.211] [SEVERE ] updating countdown to 14755
[10:39:14.212] [SEVERE ] updating countdown to 14754
[10:39:14.714] [SEVERE ] updating countdown to 14252
[10:39:14.715] [SEVERE ] updating countdown to 14251
[10:39:15.215] [SEVERE ] updating countdown to 13751
[10:39:15.216] [SEVERE ] updating countdown to 13750
[10:39:15.717] [SEVERE ] updating countdown to 13249
[10:39:15.718] [SEVERE ] updating countdown to 13248
[10:39:16.219] [SEVERE ] updating countdown to 12747
[10:39:16.220] [SEVERE ] updating countdown to 12746
[10:39:16.698] [SEVERE ] removing player 4 token from slot 6
[10:39:16.721] [SEVERE ] updating countdown to 12245
[10:39:16.722] [SEVERE ] updating countdown to 12244
[10:39:17.223] [SEVERE ] updating countdown to 11743
[10:39:17.224] [SEVERE ] updating countdown to 11742
[10:39:17.698] [SEVERE ] player 4 placing token on slot 2
[10:39:17.699] [SEVERE ] updating countdown to 11267
[10:39:17.700] [SEVERE ] updating countdown to 11266
[10:39:17.700] [SEVERE ] setting player 4 freeze to 3000
[10:39:18.042] [SEVERE ] removing player 3 token from slot 4
[10:39:18.201] [SEVERE ] updating countdown to 10765
[10:39:18.202] [SEVERE ] updating countdown to 10764
[10:39:18.702] [SEVERE ] setting player 4 freeze to 2000
[10:39:18.703] [SEVERE ] updating countdown to 10263
[10:39:18.704] [SEVERE ] updating countdown to 10262
[10:39:19.042] [SEVERE ] player 3 placing token on slot 1
[10:39:19.043] [SEVERE ] updating countdown to 9923
[10:39:19.044] [SEVERE ] updating countdown to 9922
[10:39:19.044] [SEVERE ] setting player 3 freeze to 3000
[10:39:19.545] [SEVERE ] updating countdown to 9421
[10:39:19.546] [SEVERE ] updating countdown to 9420
[10:39:19.703] [SEVERE ] setting player 4 freeze to 1000
[10:39:20.046] [SEVERE ] setting player 3 freeze to 2000
[10:39:20.047] [SEVERE ] updating countdown to 8919
[10:39:20.048] [SEVERE ] updating countdown to 8918
[10:39:20.549] [SEVERE ] updating countdown to 8417
[10:39:20.549] [SEVERE ] updating countdown to 8417
[10:39:20.705] [SEVERE ] setting player 4 freeze to 0
[10:39:21.047] [SEVERE ] setting player 3 freeze to 1000
[10:39:21.050] [SEVERE ] updating countdown to 7916
[10:39:21.050] [SEVERE ] updating countdown to 7916
[10:39:21.551] [SEVERE ] updating countdown to 7415
[10:39:21.552] [SEVERE ] updating countdown to 7414
[10:39:22.048] [SEVERE ] setting player 3 freeze to 0
[10:39:22.049] [SEVERE ] removing player 3 token from slot 5
[10:39:22.053] [SEVERE ] updating countdown to 6914
[10:39:22.054] [SEVERE ] updating countdown to 6912
[10:39:22.555] [SEVERE ] updating countdown to 6411
[10:39:22.556] [SEVERE ] updating countdown to 6410
[10:39:23.049] [SEVERE ] player 3 placing token on slot 8
[10:39:23.050] [SEVERE ] updating countdown to 5916
[10:39:23.051] [SEVERE ] setting player 3 freeze to 3000
[10:39:23.051] [SEVERE ] updating countdown to 5915
[10:39:23.554] [SEVERE ] updating countdown to 5413
[10:39:23.555] [SEVERE ] updating countdown to 5411
[10:39:24.052] [SEVERE ] setting player 3 freeze to 2000
[10:39:25.055] [SEVERE ] setting player 3 freeze to 1000
[10:39:26.056] [SEVERE ] setting player 3 freeze to 0
[10:39:26.057] [SEVERE ] removing player 3 token from slot 11
[10:39:26.708] [SEVERE ] removing player 4 token from slot 2
[10:39:26.966] [SEVERE ] updating countdown to 2000
[10:39:27.057] [SEVERE ] removing player 3 token from slot 1
[10:39:27.708] [SEVERE ] player 4 placing token on slot 0
[10:39:27.709] [SEVERE ] setting player 4 freeze to 3000
[10:39:27.966] [SEVERE ] updating countdown to 1000
[10:39:28.058] [SEVERE ] player 3 placing token on slot 11
[10:39:28.710] [SEVERE ] setting player 4 freeze to 2000
[10:39:28.972] [SEVERE ] updating countdown to 0
[10:39:28.973] [SEVERE ] updating countdown to 0
[10:39:29.074] [SEVERE ] removing card from slot 0
[10:39:29.074] [SEVERE ] removing tokens from slot 0
[10:39:29.175] [SEVERE ] removing card from slot 1
[10:39:29.176] [SEVERE ] removing tokens from slot 1
[10:39:29.277] [SEVERE ] removing card from slot 2
[10:39:29.277] [SEVERE ] removing tokens from slot 2
[10:39:29.378] [SEVERE ] removing card from slot 3
[10:39:29.379] [SEVERE ] removing tokens from slot 3
[10:39:29.480] [SEVERE ] removing card from slot 4
[10:39:29.480] [SEVERE ] removing tokens from slot 4
[10:39:29.581] [SEVERE ] removing card from slot 5
[10:39:29.582] [SEVERE ] removing tokens from slot 5
[10:39:29.683] [SEVERE ] removing card from slot 6
[10:39:29.684] [SEVERE ] removing tokens from slot 6
[10:39:29.711] [SEVERE ] setting player 4 freeze to 1000
[10:39:29.785] [SEVERE ] removing card from slot 7
[10:39:29.785] [SEVERE ] removing tokens from slot 7
[10:39:29.886] [SEVERE ] removing card from slot 8
[10:39:29.887] [SEVERE ] removing tokens from slot 8
[10:39:29.987] [SEVERE ] removing card from slot 9
[10:39:29.988] [SEVERE ] removing tokens from slot 9
[10:39:30.089] [SEVERE ] removing card from slot 10
[10:39:30.089] [SEVERE ] removing tokens from slot 10
[10:39:30.190] [SEVERE ] removing card from slot 11
[10:39:30.191] [SEVERE ] removing tokens from slot 11
[10:39:30.294] [SEVERE ] placing card 4 in slot 0
[10:39:30.395] [SEVERE ] placing card 52 in slot 1
[10:39:30.496] [SEVERE ] placing card 20 in slot 2
[10:39:30.597] [SEVERE ] placing card 3 in slot 3
[10:39:30.698] [SEVERE ] placing card 31 in slot 4
[10:39:30.712] [SEVERE ] setting player 4 freeze to 0
[10:39:30.799] [SEVERE ] placing card 56 in slot 5
[10:39:30.899] [SEVERE ] placing card 64 in slot 6
[10:39:31.000] [SEVERE ] placing card 33 in slot 7
[10:39:31.101] [SEVERE ] placing card 23 in slot 8
[10:39:31.202] [SEVERE ] placing card 11 in slot 9
[10:39:31.303] [SEVERE ] placing card 72 in slot 10
[10:39:31.404] [SEVERE ] placing card 24 in slot 11
[10:39:31.405] [SEVERE ] player 3 placing token on slot 6
[10:39:31.410] [SEVERE ] updating countdown to 59999
[10:39:31.410] [SEVERE ] player 4 placing token on slot 3
[10:39:31.911] [SEVERE ] updating countdown to 59499
[10:39:31.912] [SEVERE ] updating countdown to 59498
[10:39:32.406] [SEVERE ] player 4 placing token on slot 7
[10:39:32.406] [SEVERE ] player 3 placing token on slot 5
[10:39:32.419] [SEVERE ] updating countdown to 58991
[10:39:32.420] [SEVERE ] updating countdown to 58990
[10:39:32.921] [SEVERE ] updating countdown to 58489
[10:39:32.922] [SEVERE ] updating countdown to 58488
[10:39:33.406] [SEVERE ] player 3 placing token on slot 10
[10:39:33.406] [SEVERE ] player 4 placing token on slot 5
[10:39:33.407] [SEVERE ] updating countdown to 58003
[10:39:33.508] [SEVERE ] removing card from slot 5
[10:39:33.509] [SEVERE ] removing tokens from slot 5
[10:39:33.510] [SEVERE ] updating countdown to 59999
[10:39:33.612] [SEVERE ] removing card from slot 6
[10:39:33.613] [SEVERE ] removing tokens from slot 6
[10:39:33.614] [SEVERE ] updating countdown to 59999
[10:39:33.716] [SEVERE ] removing card from slot 10
[10:39:33.717] [SEVERE ] removing tokens from slot 10
[10:39:33.717] [SEVERE ] updating countdown to 59999
[10:39:33.718] [SEVERE ] setting player 3 score to 2
[10:39:33.718] [SEVERE ] updating countdown to 59999
[10:39:33.718] [SEVERE ] setting player 3 freeze to 1000
[10:39:33.819] [SEVERE ] placing card 71 in slot 5
[10:39:33.920] [SEVERE ] placing card 76 in slot 6
[10:39:34.021] [SEVERE ] placing card 37 in slot 10
[10:39:34.024] [SEVERE ] updating countdown to 59693
[10:39:34.025] [SEVERE ] updating countdown to 59692
[10:39:34.406] [SEVERE ] player 4 placing token on slot 0
[10:39:34.407] [SEVERE ] updating countdown to 59310
[10:39:34.408] [SEVERE ] updating countdown to 59309
[10:39:34.719] [SEVERE ] setting player 3 freeze to 0
[10:39:34.720] [SEVERE ] player 3 placing token on slot 10
[10:39:34.910] [SEVERE ] updating countdown to 58807
[10:39:34.911] [SEVERE ] updating countdown to 58806
[10:39:35.412] [SEVERE ] updating countdown to 58305
[10:39:35.413] [SEVERE ] updating countdown to 58304
[10:39:35.720] [SEVERE ] player 3 placing token on slot 4
[10:39:35.913] [SEVERE ] updating countdown to 57804
[10:39:35.914] [SEVERE ] updating countdown to 57803
[10:39:36.415] [SEVERE ] updating countdown to 57302
[10:39:36.417] [SEVERE ] updating countdown to 57300
[10:39:36.721] [SEVERE ] player 3 placing token on slot 9
[10:39:36.722] [SEVERE ] updating countdown to 56995
[10:39:36.724] [SEVERE ] updating countdown to 56993
[10:39:36.724] [SEVERE ] setting player 3 freeze to 3000
[10:39:37.225] [SEVERE ] updating countdown to 56492
[10:39:37.225] [SEVERE ] updating countdown to 56492
[10:39:37.725] [SEVERE ] setting player 3 freeze to 2000
[10:39:37.727] [SEVERE ] updating countdown to 55990
[10:39:37.728] [SEVERE ] updating countdown to 55989
[10:39:38.228] [SEVERE ] updating countdown to 55489
[10:39:38.229] [SEVERE ] updating countdown to 55488
[10:39:38.727] [SEVERE ] setting player 3 freeze to 1000
[10:39:38.730] [SEVERE ] updating countdown to 54987
[10:39:38.730] [SEVERE ] updating countdown to 54987
[10:39:39.231] [SEVERE ] updating countdown to 54486
[10:39:39.232] [SEVERE ] updating countdown to 54485
[10:39:39.408] [SEVERE ] removing player 4 token from slot 3
[10:39:39.728] [SEVERE ] setting player 3 freeze to 0
[10:39:39.732] [SEVERE ] updating countdown to 53985
[10:39:39.733] [SEVERE ] updating countdown to 53984
[10:39:40.234] [SEVERE ] updating countdown to 53483
[10:39:40.234] [SEVERE ] updating countdown to 53483
[10:39:40.408] [SEVERE ] player 4 placing token on slot 8
[10:39:40.409] [SEVERE ] updating countdown to 53308
[10:39:40.410] [SEVERE ] updating countdown to 53307
[10:39:40.410] [SEVERE ] setting player 4 freeze to 3000
[10:39:40.911] [SEVERE ] updating countdown to 52806
[10:39:40.912] [SEVERE ] updating countdown to 52805
[10:39:41.411] [SEVERE ] setting player 4 freeze to 2000
[10:39:41.413] [SEVERE ] updating countdown to 52304
[10:39:41.414] [SEVERE ] updating countdown to 52303
[10:39:41.915] [SEVERE ] updating countdown to 51802
[10:39:41.916] [SEVERE ] updating countdown to 51801
[10:39:42.413] [SEVERE ] setting player 4 freeze to 1000
[10:39:42.416] [SEVERE ] updating countdown to 51301
[10:39:42.417] [SEVERE ] updating countdown to 51300
[10:39:42.729] [SEVERE ] removing player 3 token from slot 9
[10:39:42.918] [SEVERE ] updating countdown to 50799
[10:39:42.919] [SEVERE ] updating countdown to 50798
[10:39:43.414] [SEVERE ] setting player 4 freeze to 0
[10:39:43.420] [SEVERE ] updating countdown to 50297
[10:39:43.421] [SEVERE ] updating countdown to 50296
[10:39:43.730] [SEVERE ] player 3 placing token on slot 0
[10:39:43.732] [SEVERE ] updating countdown to 49986
[10:39:43.733] [SEVERE ] updating countdown to 49984
[10:39:43.733] [SEVERE ] setting player 3 freeze to 3000
[10:39:44.234] [SEVERE ] updating countdown to 49483
[10:39:44.234] [SEVERE ] updating countdown to 49483
[10:39:44.735] [SEVERE ] setting player 3 freeze to 2000
[10:39:44.735] [SEVERE ] updating countdown to 48982
[10:39:44.736] [SEVERE ] updating countdown to 48981
[10:39:45.237] [SEVERE ] updating countdown to 48480
[10:39:45.238] [SEVERE ] updating countdown to 48479
[10:39:45.416] [SEVERE ] removing player 4 token from slot 7
[10:39:45.736] [SEVERE ] setting player 3 freeze to 1000
[10:39:45.739] [SEVERE ] updating countdown to 47978
[10:39:45.739] [SEVERE ] updating countdown to 47978
[10:39:46.240] [SEVERE ] updating countdown to 47477
[10:39:46.241] [SEVERE ] updating countdown to 47476
[10:39:46.416] [SEVERE ] player 4 placing token on slot 4
[10:39:46.417] [SEVERE ] updating countdown to 47300
[10:39:46.418] [SEVERE ] updating countdown to 47299
[10:39:46.418] [SEVERE ] setting player 4 freeze to 3000
[10:39:46.737] [SEVERE ] setting player 3 freeze to 0
[10:39:46.738] [SEVERE ] removing player 3 token from slot 4
[10:39:46.919] [SEVERE ] updating countdown to 46798
[10:39:46.919] [SEVERE ] updating countdown to 46798
[10:39:47.419] [SEVERE ] setting player 4 freeze to 2000
[10:39:47.420] [SEVERE ] updating countdown to 46297
[10:39:47.420] [SEVERE ] updating countdown to 46297
[10:39:47.738] [SEVERE ] player 3 placing token on slot 6
[10:39:47.739] [SEVERE ] updating countdown to 45978
[10:39:47.740] [SEVERE ] updating countdown to 45977
[10:39:47.740] [SEVERE ] setting player 3 freeze to 3000
[10:39:48.241] [SEVERE ] updating countdown to 45476
[10:39:48.241] [SEVERE ] updating countdown to 45476
[10:39:48.420] [SEVERE ] setting player 4 freeze to 1000
[10:39:48.742] [SEVERE ] setting player 3 freeze to 2000
[10:39:48.742] [SEVERE ] updating countdown to 44975
[10:39:48.743] [SEVERE ] updating countdown to 44974
[10:39:49.244] [SEVERE ] updating countdown to 44473
[10:39:49.244] [SEVERE ] updating countdown to 44473
[10:39:49.421] [SEVERE ] setting player 4 freeze to 0
[10:39:49.422] [SEVERE ] removing player 4 token from slot 4
[10:39:49.743] [SEVERE ] setting player 3 freeze to 1000
[10:39:49.745] [SEVERE ] updating countdown to 43972
[10:39:49.745] [SEVERE ] updating countdown to 43972
[10:39:50.246] [SEVERE ] updating countdown to 43471
[10:39:50.247] [SEVERE ] updating countdown to 43470
[10:39:50.423] [SEVERE ] player 4 placing token on slot 2
[10:39:50.424] [SEVERE ] updating countdown to 43293
[10:39:50.425] [SEVERE ] updating countdown to 43292
[10:39:50.425] [SEVERE ] setting player 4 freeze to 3000
[10:39:50.743] [SEVERE ] setting player 3 freeze to 0
[10:39:50.926] [SEVERE ] updating countdown to 42791
[10:39:50.927] [SEVERE ] updating countdown to 42790
[10:39:51.426] [SEVERE ] setting player 4 freeze to 2000
[10:39:51.428] [SEVERE ] updating countdown to 42289
[10:39:51.428] [SEVERE ] updating countdown to 42289
[10:39:51.745] [SEVERE ] removing player 3 token from slot 6
[10:39:51.929] [SEVERE ] updating countdown to 41788
[10:39:51.930] [SEVERE ] updating countdown to 41787
[10:39:52.427] [SEVERE ] setting player 4 freeze to 1000
[10:39:52.430] [SEVERE ] updating countdown to 41287
[10:39:52.431] [SEVERE ] updating countdown to 41286
[10:39:52.745] [SEVERE ] player 3 placing token on slot 8
[10:39:52.746] [SEVERE ] updating countdown to 40971
[10:39:52.747] [SEVERE ] updating countdown to 40970
[10:39:52.747] [SEVERE ] setting player 3 freeze to 3000
[10:39:53.248] [SEVERE ] updating countdown to 40469
[10:39:53.248] [SEVERE ] updating countdown to 40469
[10:39:53.429] [SEVERE ] setting player 4 freeze to 0
[10:39:53.748] [SEVERE ] setting player 3 freeze to 2000
[10:39:53.749] [SEVERE ] updating countdown to 39968
[10:39:53.751] [SEVERE ] updating countdown to 39966
[10:39:54.252] [SEVERE ] updating countdown to 39465
[10:39:54.252] [SEVERE ] updating countdown to 39465
[10:39:54.749] [SEVERE ] setting player 3 freeze to 1000
[10:39:54.753] [SEVERE ] updating countdown to 38964
[10:39:54.753] [SEVERE ] updating countdown to 38964
[10:39:55.254] [SEVERE ] updating countdown to 38463
[10:39:55.254] [SEVERE ] updating countdown to 38463
[10:39:55.750] [SEVERE ] setting player 3 freeze to 0
[10:39:55.751] [SEVERE ] removing player 3 token from slot 10
[10:39:55.755] [SEVERE ] updating countdown to 37962
[10:39:55.756] [SEVERE ] updating countdown to 37961
[10:39:56.257] [SEVERE ] updating countdown to 37460
[10:39:56.258] [SEVERE ] updating countdown to 37459
[10:39:56.430] [SEVERE ] removing player 4 token from slot 0
[10:39:56.751] [SEVERE ] removing player 3 token from slot 0
[10:39:56.759] [SEVERE ] updating countdown to 36958
[10:39:56.760] [SEVERE ] updating countdown to 36957
[10:39:57.260] [SEVERE ] updating countdown to 36457
[10:39:57.261] [SEVERE ] updating countdown to 36456
[10:39:57.431] [SEVERE ] player 4 placing token on slot 1
[10:39:57.432] [SEVERE ] updating countdown to 36285
[10:39:57.432] [SEVERE ] updating countdown to 36285
[10:39:57.432] [SEVERE ] setting player 4 freeze to 3000
[10:39:57.752] [SEVERE ] player 3 placing token on slot 7
[10:39:57.933] [SEVERE ] updating countdown to 35784
[10:39:57.934] [SEVERE ] updating countdown to 35783
[10:39:58.434] [SEVERE ] setting player 4 freeze to 2000
[10:39:58.435] [SEVERE ] updating countdown to 35282
[10:39:58.435] [SEVERE ] updating countdown to 35282
[10:39:58.752] [SEVERE ] player 3 placing token on slot 6
[10:39:58.753] [SEVERE ] updating countdown to 34964
[10:39:58.753] [SEVERE ] updating countdown to 34964
[10:39:58.753] [SEVERE ] setting player 3 freeze to 3000
[10:39:59.254] [SEVERE ] updating countdown to 34463
[10:39:59.255] [SEVERE ] updating countdown to 34462
[10:39:59.435] [SEVERE ] setting player 4 freeze to 1000
[10:39:59.755] [SEVERE ] setting player 3 freeze to 2000
[10:39:59.756] [SEVERE ] updating countdown to 33961
[10:39:59.756] [SEVERE ] updating countdown to 33961
[10:40:00.257] [SEVERE ] updating countdown to 33460
[10:40:00.257] [SEVERE ] updating countdown to 33460
[10:40:00.436] [SEVERE ] setting player 4 freeze to 0
[10:40:00.755] [SEVERE ] setting player 3 freeze to 1000
[10:40:00.758] [SEVERE ] updating countdown to 32959
[10:40:00.759] [SEVERE ] updating countdown to 32958
[10:40:01.260] [SEVERE ] updating countdown to 32457
[10:40:01.260] [SEVERE ] updating countdown to 32457
[10:40:01.757] [SEVERE ] setting player 3 freeze to 0
[10:40:01.761] [SEVERE ] updating countdown to 31956
[10:40:01.762] [SEVERE ] updating countdown to 31955
[10:40:02.262] [SEVERE ] updating countdown to 31455
[10:40:02.263] [SEVERE ] updating countdown to 31454
[10:40:02.764] [SEVERE ] updating countdown to 30953
[10:40:02.765] [SEVERE ] updating countdown to 30952
[10:40:03.266] [SEVERE ] updating countdown to 30451
[10:40:03.266] [SEVERE ] updating countdown to 30451
[10:40:03.767] [SEVERE ] updating countdown to 29950
[10:40:03.768] [SEVERE ] updating countdown to 29949
[10:40:04.269] [SEVERE ] updating countdown to 29448
[10:40:04.269] [SEVERE ] updating countdown to 29448
[10:40:04.439] [SEVERE ] removing player 4 token from slot 1
[10:40:04.770] [SEVERE ] updating countdown to 28947
[10:40:04.771] [SEVERE ] updating countdown to 28946
[10:40:05.272] [SEVERE ] updating countdown to 28445
[10:40:05.272] [SEVERE ] updating countdown to 28445
[10:40:05.439] [SEVERE ] player 4 placing token on slot 5
[10:40:05.440] [SEVERE ] updating countdown to 28277
[10:40:05.441] [SEVERE ] updating countdown to 28276
[10:40:05.441] [SEVERE ] setting player 4 freeze to 3000
[10:40:05.942] [SEVERE ] updating countdown to 27775
[10:40:05.942] [SEVERE ] updating countdown to 27775
[10:40:06.442] [SEVERE ] setting player 4 freeze to 2000
[10:40:06.443] [SEVERE ] updating countdown to 27274
[10:40:06.443] [SEVERE ] updating countdown to 27274
[10:40:06.944] [SEVERE ] updating countdown to 26773
[10:40:06.946] [SEVERE ] updating countdown to 26771
[10:40:07.443] [SEVERE ] setting player 4 freeze to 1000
[10:40:07.447] [SEVERE ] updating countdown to 26270
[10:40:07.449] [SEVERE ] updating countdown to 26268
[10:40:07.759] [SEVERE ] removing player 3 token from slot 6
[10:40:07.950] [SEVERE ] updating countdown to 25767
[10:40:07.951] [SEVERE ] updating countdown to 25766
[10:40:08.447] [SEVERE ] setting player 4 freeze to 0
[10:40:08.448] [SEVERE ] removing player 4 token from slot 8
[10:40:08.452] [SEVERE ] updating countdown to 25265
[10:40:08.452] [SEVERE ] updating countdown to 25265
[10:40:08.759] [SEVERE ] player 3 placing token on slot 6
[10:40:08.760] [SEVERE ] updating countdown to 24957
[10:40:08.761] [SEVERE ] updating countdown to 24956
[10:40:08.761] [SEVERE ] setting player 3 freeze to 3000
[10:40:09.262] [SEVERE ] updating countdown to 24455
[10:40:09.263] [SEVERE ] updating countdown to 24454
[10:40:09.449] [SEVERE ] player 4 placing token on slot 3
[10:40:09.450] [SEVERE ] updating countdown to 24267
[10:40:09.450] [SEVERE ] updating countdown to 24267
[10:40:09.450] [SEVERE ] setting player 4 freeze to 3000
[10:40:09.763] [SEVERE ] setting player 3 freeze to 2000
[10:40:09.951] [SEVERE ] updating countdown to 23766
[10:40:09.952] [SEVERE ] updating countdown to 23765
[10:40:10.452] [SEVERE ] setting player 4 freeze to 2000
[10:40:10.453] [SEVERE ] updating countdown to 23264
[10:40:10.455] [SEVERE ] updating countdown to 23262
[10:40:10.764] [SEVERE ] setting player 3 freeze to 1000
[10:40:10.956] [SEVERE ] updating countdown to 22761
[10:40:10.957] [SEVERE ] updating countdown to 22760
[10:40:11.453] [SEVERE ] setting player 4 freeze to 1000
[10:40:11.458] [SEVERE ] updating countdown to 22259
[10:40:11.459] [SEVERE ] updating countdown to 22258
[10:40:11.765] [SEVERE ] setting player 3 freeze to 0
[10:40:11.964] [SEVERE ] updating countdown to 21753
[10:40:11.965] [SEVERE ] updating countdown to 21752
[10:40:12.454] [SEVERE ] setting player 4 freeze to 0
[10:40:12.466] [SEVERE ] updating countdown to 21251
[10:40:12.467] [SEVERE ] updating countdown to 21250
[10:40:12.767] [SEVERE ] removing player 3 token from slot 8
[10:40:12.968] [SEVERE ] updating countdown to 20749
[10:40:12.969] [SEVERE ] updating countdown to 20748
[10:40:13.469] [SEVERE ] updating countdown to 20248
[10:40:13.470] [SEVERE ] updating countdown to 20247
[10:40:13.767] [SEVERE ] player 3 placing token on slot 11
[10:40:13.768] [SEVERE ] updating countdown to 19949
[10:40:13.769] [SEVERE ] updating countdown to 19948
[10:40:13.769] [SEVERE ] setting player 3 freeze to 3000
[10:40:14.270] [SEVERE ] updating countdown to 19447
[10:40:14.270] [SEVERE ] updating countdown to 19447
[10:40:14.770] [SEVERE ] setting player 3 freeze to 2000
[10:40:14.772] [SEVERE ] updating countdown to 18945
[10:40:14.772] [SEVERE ] updating countdown to 18945
[10:40:15.274] [SEVERE ] updating countdown to 18443
[10:40:15.275] [SEVERE ] updating countdown to 18442
[10:40:15.456] [SEVERE ] removing player 4 token from slot 5
[10:40:15.771] [SEVERE ] setting player 3 freeze to 1000
[10:40:15.775] [SEVERE ] updating countdown to 17942
[10:40:15.776] [SEVERE ] updating countdown to 17941
[10:40:16.277] [SEVERE ] updating countdown to 17440
[10:40:16.278] [SEVERE ] updating countdown to 17439
[10:40:16.457] [SEVERE ] removing player 4 token from slot 3
[10:40:16.774] [SEVERE ] setting player 3 freeze to 0
[10:40:16.775] [SEVERE ] removing player 3 token from slot 11
[10:40:16.779] [SEVERE ] updating countdown to 16938
[10:40:16.780] [SEVERE ] updating countdown to 16937
[10:40:17.280] [SEVERE ] updating countdown to 16437
[10:40:17.281] [SEVERE ] updating countdown to 16436
[10:40:17.457] [SEVERE ] player 4 placing token on slot 1
[10:40:17.775] [SEVERE ] player 3 placing token on slot 11
[10:40:17.777] [SEVERE ] updating countdown to 15940
[10:40:17.778] [SEVERE ] updating countdown to 15939
[10:40:17.778] [SEVERE ] setting player 3 freeze to 3000
[10:40:18.279] [SEVERE ] updating countdown to 15438
[10:40:18.279] [SEVERE ] updating countdown to 15438
[10:40:18.457] [SEVERE ] removing player 4 token from slot 2
[10:40:18.780] [SEVERE ] updating countdown to 14937
[10:40:18.780] [SEVERE ] setting player 3 freeze to 2000
[10:40:18.781] [SEVERE ] updating countdown to 14936
[10:40:19.282] [SEVERE ] updating countdown to 14435
[10:40:19.283] [SEVERE ] updating countdown to 14434
[10:40:19.457] [SEVERE ] player 4 placing token on slot 5
[10:40:19.781] [SEVERE ] setting player 3 freeze to 1000
[10:40:19.783] [SEVERE ] updating countdown to 13934
[10:40:19.788] [SEVERE ] updating countdown to 13929
[10:40:20.289] [SEVERE ] updating countdown to 13428
[10:40:20.290] [SEVERE ] updating countdown to 13427
[10:40:20.458] [SEVERE ] player 4 placing token on slot 0
[10:40:20.459] [SEVERE ] updating countdown to 13258
[10:40:20.460] [SEVERE ] updating countdown to 13257
[10:40:20.460] [SEVERE ] setting player 4 freeze to 3000
[10:40:20.783] [SEVERE ] setting player 3 freeze to 0
[10:40:20.960] [SEVERE ] updating countdown to 12757
[10:40:20.961] [SEVERE ] updating countdown to 12756
[10:40:21.461] [SEVERE ] setting player 4 freeze to 2000
[10:40:21.462] [SEVERE ] updating countdown to 12255
[10:40:21.464] [SEVERE ] updating countdown to 12253
[10:40:21.965] [SEVERE ] updating countdown to 11752
[10:40:21.967] [SEVERE ] updating countdown to 11750
[10:40:22.463] [SEVERE ] setting player 4 freeze to 1000
[10:40:22.470] [SEVERE ] updating countdown to 11247
[10:40:22.471] [SEVERE ] updating countdown to 11246
[10:40:22.973] [SEVERE ] updating countdown to 10744
[10:40:22.974] [SEVERE ] updating countdown to 10743
[10:40:23.466] [SEVERE ] setting player 4 freeze to 0
[10:40:23.467] [SEVERE ] removing player 4 token from slot 0
[10:40:23.475] [SEVERE ] updating countdown to 10242
[10:40:23.475] [SEVERE ] updating countdown to 10242
[10:40:23.976] [SEVERE ] updating countdown to 9741
[10:40:23.978] [SEVERE ] updating countdown to 9739
[10:40:24.467] [SEVERE ] player 4 placing token on slot 0
[10:40:24.468] [SEVERE ] updating countdown to 9249
[10:40:24.469] [SEVERE ] updating countdown to 9248
[10:40:24.469] [SEVERE ] setting player 4 freeze to 3000
[10:40:24.785] [SEVERE ] removing player 3 token from slot 6
[10:40:24.970] [SEVERE ] updating countdown to 8747
[10:40:24.971] [SEVERE ] updating countdown to 8746
[10:40:25.471] [SEVERE ] setting player 4 freeze to 2000
[10:40:25.471] [SEVERE ] updating countdown to 8246
[10:40:25.473] [SEVERE ] updating countdown to 8244
[10:40:25.786] [SEVERE ] player 3 placing token on slot 2
[10:40:25.787] [SEVERE ] updating countdown to 7930
[10:40:25.787] [SEVERE ] updating countdown to 7930
[10:40:25.787] [SEVERE ] setting player 3 freeze to 3000
[10:40:26.288] [SEVERE ] updating countdown to 7429
[10:40:26.289] [SEVERE ] updating countdown to 7428
[10:40:26.472] [SEVERE ] setting player 4 freeze to 1000
[10:40:26.789] [SEVERE ] setting player 3 freeze to 2000
[10:40:26.789] [SEVERE ] updating countdown to 6928
[10:40:26.790] [SEVERE ] updating countdown to 6927
[10:40:27.290] [SEVERE ] updating countdown to 6427
[10:40:27.291] [SEVERE ] updating countdown to 6426
[10:40:27.473] [SEVERE ] setting player 4 freeze to 0
[10:40:27.789] [SEVERE ] setting player 3 freeze to 1000
[10:40:27.792] [SEVERE ] updating countdown to 5925
[10:40:27.792] [SEVERE ] updating countdown to 5925
[10:40:28.293] [SEVERE ] updating countdown to 5424
[10:40:28.293] [SEVERE ] updating countdown to 5424
[10:40:28.791] [SEVERE ] setting player 3 freeze to 0
[10:40:30.792] [SEVERE ] removing player 3 token from slot 7
[10:40:31.792] [SEVERE ] player 3 placing token on slot 6
[10:40:31.794] [SEVERE ] setting player 3 freeze to 3000
[10:40:32.717] [SEVERE ] updating countdown to 1000
[10:40:32.794] [SEVERE ] setting player 3 freeze to 2000
[10:40:33.477] [SEVERE ] removing player 4 token from slot 0
[10:40:33.720] [SEVERE ] updating countdown to 0
[10:40:33.721] [SEVERE ] updating countdown to 0
[10:40:33.796] [SEVERE ] setting player 3 freeze to 1000
[10:40:33.822] [SEVERE ] removing card from slot 0
[10:40:33.823] [SEVERE ] removing tokens from slot 0
[10:40:33.923] [SEVERE ] removing card from slot 1
[10:40:33.924] [SEVERE ] removing tokens from slot 1
[10:40:34.025] [SEVERE ] removing card from slot 2
[10:40:34.026] [SEVERE ] removing tokens from slot 2
[10:40:34.126] [SEVERE ] removing card from slot 3
[10:40:34.127] [SEVERE ] removing tokens from slot 3
[10:40:34.228] [SEVERE ] removing card from slot 4
[10:40:34.229] [SEVERE ] removing tokens from slot 4
[10:40:34.330] [SEVERE ] removing card from slot 5
[10:40:34.331] [SEVERE ] removing tokens from slot 5
[10:40:34.432] [SEVERE ] removing card from slot 6
[10:40:34.433] [SEVERE ] removing tokens from slot 6
[10:40:34.533] [SEVERE ] removing card from slot 7
[10:40:34.534] [SEVERE ] removing tokens from slot 7
[10:40:34.635] [SEVERE ] removing card from slot 8
[10:40:34.636] [SEVERE ] removing tokens from slot 8
[10:40:34.736] [SEVERE ] removing card from slot 9
[10:40:34.737] [SEVERE ] removing tokens from slot 9
[10:40:34.797] [SEVERE ] setting player 3 freeze to 0
[10:40:34.838] [SEVERE ] removing card from slot 10
[10:40:34.839] [SEVERE ] removing tokens from slot 10
[10:40:34.940] [SEVERE ] removing card from slot 11
[10:40:34.941] [SEVERE ] removing tokens from slot 11
[10:40:35.042] [SEVERE ] placing card 16 in slot 0
[10:40:35.143] [SEVERE ] placing card 24 in slot 1
[10:40:35.244] [SEVERE ] placing card 9 in slot 2
[10:40:35.345] [SEVERE ] placing card 23 in slot 3
[10:40:35.445] [SEVERE ] placing card 73 in slot 4
[10:40:35.546] [SEVERE ] placing card 3 in slot 5
[10:40:35.647] [SEVERE ] placing card 78 in slot 6
[10:40:35.748] [SEVERE ] placing card 40 in slot 7
[10:40:35.849] [SEVERE ] placing card 41 in slot 8
[10:40:35.949] [SEVERE ] placing card 66 in slot 9
[10:40:36.050] [SEVERE ] placing card 71 in slot 10
[10:40:36.151] [SEVERE ] placing card 10 in slot 11
[10:40:36.152] [SEVERE ] player 4 placing token on slot 7
[10:40:36.154] [SEVERE ] updating countdown to 59999
[10:40:36.154] [SEVERE ] player 3 placing token on slot 11
[10:40:36.655] [SEVERE ] updating countdown to 59499
[10:40:36.656] [SEVERE ] updating countdown to 59498
[10:40:37.152] [SEVERE ] player 4 placing token on slot 8
[10:40:37.152] [SEVERE ] player 3 placing token on slot 5
[10:40:37.157] [SEVERE ] updating countdown to 58997
[10:40:37.157] [SEVERE ] updating countdown to 58997
[10:40:37.659] [SEVERE ] updating countdown to 58495
[10:40:37.659] [SEVERE ] updating countdown to 58495
[10:40:38.153] [SEVERE ] player 4 placing token on slot 10
[10:40:38.153] [SEVERE ] removing player 3 token from slot 11
[10:40:38.154] [SEVERE ] updating countdown to 58000
[10:40:38.155] [SEVERE ] updating countdown to 57999
[10:40:38.155] [SEVERE ] setting player 4 freeze to 3000
[10:40:38.655] [SEVERE ] updating countdown to 57499
[10:40:38.656] [SEVERE ] updating countdown to 57498
[10:40:39.153] [SEVERE ] player 3 placing token on slot 1
[10:40:39.156] [SEVERE ] setting player 4 freeze to 2000
[10:40:39.157] [SEVERE ] updating countdown to 56997
[10:40:39.158] [SEVERE ] updating countdown to 56996
[10:40:39.660] [SEVERE ] updating countdown to 56494
[10:40:39.661] [SEVERE ] updating countdown to 56493
[10:40:40.153] [SEVERE ] player 3 placing token on slot 4
[10:40:40.154] [SEVERE ] updating countdown to 56000
[10:40:40.155] [SEVERE ] updating countdown to 55999
[10:40:40.155] [SEVERE ] setting player 3 freeze to 3000
[10:40:40.156] [SEVERE ] setting player 4 freeze to 1000
[10:40:40.655] [SEVERE ] updating countdown to 55499
[10:40:40.656] [SEVERE ] updating countdown to 55498
[10:40:41.156] [SEVERE ] setting player 3 freeze to 2000
[10:40:41.156] [SEVERE ] updating countdown to 54998
[10:40:41.157] [SEVERE ] updating countdown to 54997
[10:40:41.157] [SEVERE ] setting player 4 freeze to 0
[10:40:41.158] [SEVERE ] removing player 4 token from slot 8
[10:40:41.658] [SEVERE ] updating countdown to 54496
[10:40:41.658] [SEVERE ] updating countdown to 54496
[10:40:42.157] [SEVERE ] setting player 3 freeze to 1000
[10:40:42.158] [SEVERE ] player 4 placing token on slot 6
[10:40:42.159] [SEVERE ] updating countdown to 53995
[10:40:42.160] [SEVERE ] updating countdown to 53994
[10:40:42.160] [SEVERE ] setting player 4 freeze to 3000
[10:40:42.660] [SEVERE ] updating countdown to 53494
[10:40:42.661] [SEVERE ] updating countdown to 53493
[10:40:43.158] [SEVERE ] setting player 3 freeze to 0
[10:40:43.161] [SEVERE ] setting player 4 freeze to 2000
[10:40:43.162] [SEVERE ] updating countdown to 52992
[10:40:43.163] [SEVERE ] updating countdown to 52991
[10:40:43.663] [SEVERE ] updating countdown to 52491
[10:40:43.664] [SEVERE ] updating countdown to 52490
[10:40:44.162] [SEVERE ] setting player 4 freeze to 1000
[10:40:44.164] [SEVERE ] updating countdown to 51990
[10:40:44.165] [SEVERE ] updating countdown to 51989
[10:40:44.666] [SEVERE ] updating countdown to 51488
[10:40:44.667] [SEVERE ] updating countdown to 51487
[10:40:45.159] [SEVERE ] removing player 3 token from slot 5
[10:40:45.163] [SEVERE ] setting player 4 freeze to 0
[10:40:45.168] [SEVERE ] updating countdown to 50986
[10:40:45.169] [SEVERE ] updating countdown to 50985
[10:40:45.669] [SEVERE ] updating countdown to 50485
[10:40:45.670] [SEVERE ] updating countdown to 50484
[10:40:46.159] [SEVERE ] player 3 placing token on slot 8
[10:40:46.160] [SEVERE ] updating countdown to 49994
[10:40:46.162] [SEVERE ] updating countdown to 49992
[10:40:46.162] [SEVERE ] setting player 3 freeze to 3000
[10:40:46.664] [SEVERE ] updating countdown to 49490
[10:40:46.664] [SEVERE ] updating countdown to 49490
[10:40:47.165] [SEVERE ] setting player 3 freeze to 2000
[10:40:47.165] [SEVERE ] updating countdown to 48989
[10:40:47.167] [SEVERE ] updating countdown to 48987
[10:40:47.667] [SEVERE ] updating countdown to 48487
[10:40:47.668] [SEVERE ] updating countdown to 48486
[10:40:48.166] [SEVERE ] setting player 3 freeze to 1000
[10:40:48.169] [SEVERE ] updating countdown to 47985
[10:40:48.169] [SEVERE ] updating countdown to 47985
[10:40:48.670] [SEVERE ] updating countdown to 47484
[10:40:48.671] [SEVERE ] updating countdown to 47483
[10:40:49.165] [SEVERE ] removing player 4 token from slot 6
[10:40:49.167] [SEVERE ] setting player 3 freeze to 0
[10:40:49.171] [SEVERE ] updating countdown to 46983
[10:40:49.172] [SEVERE ] updating countdown to 46982
[10:40:49.673] [SEVERE ] updating countdown to 46481
[10:40:49.673] [SEVERE ] updating countdown to 46481
[10:40:50.165] [SEVERE ] removing player 4 token from slot 10
[10:40:50.174] [SEVERE ] updating countdown to 45980
[10:40:50.175] [SEVERE ] updating countdown to 45979
[10:40:50.676] [SEVERE ] updating countdown to 45478
[10:40:50.677] [SEVERE ] updating countdown to 45477
[10:40:51.165] [SEVERE ] player 4 placing token on slot 9
[10:40:51.178] [SEVERE ] updating countdown to 44976
[10:40:51.179] [SEVERE ] updating countdown to 44975
[10:40:51.680] [SEVERE ] updating countdown to 44474
[10:40:51.680] [SEVERE ] updating countdown to 44474
[10:40:52.166] [SEVERE ] player 4 placing token on slot 1
[10:40:52.168] [SEVERE ] updating countdown to 43986
[10:40:52.168] [SEVERE ] updating countdown to 43986
[10:40:52.169] [SEVERE ] removing player 3 token from slot 4
[10:40:52.169] [SEVERE ] setting player 4 freeze to 3000
[10:40:52.670] [SEVERE ] updating countdown to 43484
[10:40:52.671] [SEVERE ] updating countdown to 43483
[10:40:53.169] [SEVERE ] player 3 placing token on slot 6
[10:40:53.171] [SEVERE ] updating countdown to 42983
[10:40:53.171] [SEVERE ] setting player 4 freeze to 2000
[10:40:53.172] [SEVERE ] setting player 3 freeze to 3000
[10:40:53.172] [SEVERE ] updating countdown to 42982
[10:40:53.676] [SEVERE ] updating countdown to 42478
[10:40:53.676] [SEVERE ] updating countdown to 42478
[10:40:54.173] [SEVERE ] setting player 4 freeze to 1000
[10:40:54.174] [SEVERE ] setting player 3 freeze to 2000
[10:40:54.177] [SEVERE ] updating countdown to 41977
[10:40:54.178] [SEVERE ] updating countdown to 41976
[10:40:54.679] [SEVERE ] updating countdown to 41475
[10:40:54.680] [SEVERE ] updating countdown to 41474
[10:40:55.174] [SEVERE ] setting player 4 freeze to 0
[10:40:55.175] [SEVERE ] setting player 3 freeze to 1000
[10:40:55.180] [SEVERE ] updating countdown to 40974
[10:40:55.181] [SEVERE ] updating countdown to 40973
[10:40:55.682] [SEVERE ] updating countdown to 40472
[10:40:55.683] [SEVERE ] updating countdown to 40471
[10:40:56.176] [SEVERE ] setting player 3 freeze to 0
[10:40:56.177] [SEVERE ] removing player 3 token from slot 6
[10:40:56.184] [SEVERE ] updating countdown to 39970
[10:40:56.185] [SEVERE ] updating countdown to 39969
[10:40:56.686] [SEVERE ] updating countdown to 39468
[10:40:56.686] [SEVERE ] updating countdown to 39468
[10:40:57.177] [SEVERE ] player 3 placing token on slot 7
[10:40:57.178] [SEVERE ] updating countdown to 38976
[10:40:57.179] [SEVERE ] updating countdown to 38975
[10:40:57.179] [SEVERE ] setting player 3 freeze to 3000
[10:40:57.680] [SEVERE ] updating countdown to 38474
[10:40:57.681] [SEVERE ] updating countdown to 38473
[10:40:58.181] [SEVERE ] setting player 3 freeze to 2000
[10:40:58.182] [SEVERE ] updating countdown to 37972
[10:40:58.183] [SEVERE ] updating countdown to 37971
[10:40:58.685] [SEVERE ] updating countdown to 37469
[10:40:58.685] [SEVERE ] updating countdown to 37469
[10:40:59.182] [SEVERE ] setting player 3 freeze to 1000
[10:40:59.186] [SEVERE ] updating countdown to 36968
[10:40:59.187] [SEVERE ] updating countdown to 36967
[10:40:59.687] [SEVERE ] updating countdown to 36467
[10:40:59.688] [SEVERE ] updating countdown to 36466
[10:41:00.183] [SEVERE ] setting player 3 freeze to 0
[10:41:00.188] [SEVERE ] updating countdown to 35966
[10:41:00.189] [SEVERE ] updating countdown to 35965
[10:41:00.690] [SEVERE ] updating countdown to 35464
[10:41:00.690] [SEVERE ] updating countdown to 35464
[10:41:01.185] [SEVERE ] removing player 3 token from slot 7
[10:41:01.191] [SEVERE ] updating countdown to 34963
[10:41:01.191] [SEVERE ] updating countdown to 34963
[10:41:01.692] [SEVERE ] updating countdown to 34462
[10:41:01.693] [SEVERE ] updating countdown to 34461
[10:41:02.185] [SEVERE ] removing player 3 token from slot 8
[10:41:02.194] [SEVERE ] updating countdown to 33960
[10:41:02.195] [SEVERE ] updating countdown to 33959
[10:41:02.696] [SEVERE ] updating countdown to 33458
[10:41:02.696] [SEVERE ] updating countdown to 33458
[10:41:03.185] [SEVERE ] player 3 placing token on slot 8
[10:41:03.197] [SEVERE ] updating countdown to 32957
[10:41:03.198] [SEVERE ] updating countdown to 32956
[10:41:03.698] [SEVERE ] updating countdown to 32456
[10:41:03.699] [SEVERE ] updating countdown to 32455
[10:41:04.186] [SEVERE ] player 3 placing token on slot 3
[10:41:04.188] [SEVERE ] updating countdown to 31966
[10:41:04.189] [SEVERE ] updating countdown to 31965
[10:41:04.189] [SEVERE ] setting player 3 freeze to 3000
[10:41:04.690] [SEVERE ] updating countdown to 31464
[10:41:04.691] [SEVERE ] updating countdown to 31463
[10:41:05.178] [SEVERE ] removing player 4 token from slot 1
[10:41:05.191] [SEVERE ] setting player 3 freeze to 2000
[10:41:05.192] [SEVERE ] updating countdown to 30962
[10:41:05.193] [SEVERE ] updating countdown to 30961
[10:41:05.694] [SEVERE ] updating countdown to 30460
[10:41:05.695] [SEVERE ] updating countdown to 30459
[10:41:06.178] [SEVERE ] player 4 placing token on slot 0
[10:41:06.179] [SEVERE ] updating countdown to 29975
[10:41:06.180] [SEVERE ] updating countdown to 29974
[10:41:06.180] [SEVERE ] setting player 4 freeze to 3000
[10:41:06.192] [SEVERE ] setting player 3 freeze to 1000
[10:41:06.680] [SEVERE ] updating countdown to 29474
[10:41:06.681] [SEVERE ] updating countdown to 29473
[10:41:07.181] [SEVERE ] setting player 4 freeze to 2000
[10:41:07.181] [SEVERE ] updating countdown to 28973
[10:41:07.182] [SEVERE ] updating countdown to 28972
[10:41:07.193] [SEVERE ] setting player 3 freeze to 0
[10:41:07.682] [SEVERE ] updating countdown to 28472
[10:41:07.683] [SEVERE ] updating countdown to 28471
[10:41:08.182] [SEVERE ] setting player 4 freeze to 1000
[10:41:08.183] [SEVERE ] updating countdown to 27971
[10:41:08.184] [SEVERE ] updating countdown to 27970
[10:41:08.685] [SEVERE ] updating countdown to 27469
[10:41:08.686] [SEVERE ] updating countdown to 27468
[10:41:09.183] [SEVERE ] setting player 4 freeze to 0
[10:41:09.186] [SEVERE ] updating countdown to 26968
[10:41:09.187] [SEVERE ] updating countdown to 26967
[10:41:09.688] [SEVERE ] updating countdown to 26466
[10:41:09.688] [SEVERE ] updating countdown to 26466
[10:41:10.189] [SEVERE ] updating countdown to 25965
[10:41:10.190] [SEVERE ] updating countdown to 25964
[10:41:10.691] [SEVERE ] updating countdown to 25463
[10:41:10.692] [SEVERE ] updating countdown to 25462
[10:41:11.184] [SEVERE ] removing player 4 token from slot 7
[10:41:11.193] [SEVERE ] updating countdown to 24961
[10:41:11.194] [SEVERE ] updating countdown to 24960
[10:41:11.195] [SEVERE ] removing player 3 token from slot 1
[10:41:11.695] [SEVERE ] updating countdown to 24459
[10:41:11.695] [SEVERE ] updating countdown to 24459
[10:41:12.184] [SEVERE ] player 4 placing token on slot 2
[10:41:12.185] [SEVERE ] updating countdown to 23969
[10:41:12.186] [SEVERE ] updating countdown to 23968
[10:41:12.186] [SEVERE ] setting player 4 freeze to 3000
[10:41:12.195] [SEVERE ] removing player 3 token from slot 3
[10:41:12.687] [SEVERE ] updating countdown to 23467
[10:41:12.688] [SEVERE ] updating countdown to 23466
[10:41:13.188] [SEVERE ] setting player 4 freeze to 2000
[10:41:13.189] [SEVERE ] updating countdown to 22965
[10:41:13.190] [SEVERE ] updating countdown to 22964
[10:41:13.195] [SEVERE ] player 3 placing token on slot 5
[10:41:13.691] [SEVERE ] updating countdown to 22463
[10:41:13.691] [SEVERE ] updating countdown to 22463
[10:41:14.188] [SEVERE ] setting player 4 freeze to 1000
[10:41:14.192] [SEVERE ] updating countdown to 21962
[10:41:14.192] [SEVERE ] updating countdown to 21962
[10:41:14.195] [SEVERE ] player 3 placing token on slot 11
[10:41:14.196] [SEVERE ] updating countdown to 21958
[10:41:14.196] [SEVERE ] updating countdown to 21958
[10:41:14.196] [SEVERE ] setting player 3 freeze to 3000
[10:41:14.697] [SEVERE ] updating countdown to 21457
[10:41:14.697] [SEVERE ] updating countdown to 21457
[10:41:15.189] [SEVERE ] setting player 4 freeze to 0
[10:41:15.197] [SEVERE ] setting player 3 freeze to 2000
[10:41:15.198] [SEVERE ] updating countdown to 20956
[10:41:15.199] [SEVERE ] updating countdown to 20955
[10:41:15.700] [SEVERE ] updating countdown to 20455
[10:41:15.700] [SEVERE ] updating countdown to 20454
[10:41:16.198] [SEVERE ] setting player 3 freeze to 1000
[10:41:16.201] [SEVERE ] updating countdown to 19953
[10:41:16.202] [SEVERE ] updating countdown to 19952
[10:41:16.702] [SEVERE ] updating countdown to 19452
[10:41:16.703] [SEVERE ] updating countdown to 19451
[10:41:17.199] [SEVERE ] setting player 3 freeze to 0
[10:41:17.203] [SEVERE ] updating countdown to 18951
[10:41:17.204] [SEVERE ] updating countdown to 18950
[10:41:17.704] [SEVERE ] updating countdown to 18450
[10:41:17.705] [SEVERE ] updating countdown to 18449
[10:41:18.191] [SEVERE ] removing player 4 token from slot 9
[10:41:18.206] [SEVERE ] updating countdown to 17948
[10:41:18.207] [SEVERE ] updating countdown to 17947
[10:41:18.708] [SEVERE ] updating countdown to 17446
[10:41:18.709] [SEVERE ] updating countdown to 17445
[10:41:19.192] [SEVERE ] player 4 placing token on slot 1
[10:41:19.193] [SEVERE ] updating countdown to 16961
[10:41:19.193] [SEVERE ] updating countdown to 16961
[10:41:19.193] [SEVERE ] setting player 4 freeze to 3000
[10:41:19.694] [SEVERE ] updating countdown to 16460
[10:41:19.695] [SEVERE ] updating countdown to 16459
[10:41:20.195] [SEVERE ] setting player 4 freeze to 2000
[10:41:20.196] [SEVERE ] updating countdown to 15958
[10:41:20.197] [SEVERE ] updating countdown to 15957
[10:41:20.699] [SEVERE ] updating countdown to 15455
[10:41:20.699] [SEVERE ] updating countdown to 15455
[10:41:21.196] [SEVERE ] setting player 4 freeze to 1000
[10:41:21.200] [SEVERE ] updating countdown to 14954
[10:41:21.201] [SEVERE ] updating countdown to 14953
[10:41:21.701] [SEVERE ] updating countdown to 14453
[10:41:21.702] [SEVERE ] updating countdown to 14452
[10:41:22.197] [SEVERE ] setting player 4 freeze to 0
[10:41:22.202] [SEVERE ] removing player 3 token from slot 11
[10:41:22.202] [SEVERE ] updating countdown to 13952
[10:41:22.203] [SEVERE ] updating countdown to 13951
[10:41:22.704] [SEVERE ] updating countdown to 13450
[10:41:22.705] [SEVERE ] updating countdown to 13449
[10:41:23.199] [SEVERE ] removing player 4 token from slot 0
[10:41:23.202] [SEVERE ] player 3 placing token on slot 1
[10:41:23.202] [SEVERE ] updating countdown to 12952
[10:41:23.203] [SEVERE ] updating countdown to 12951
[10:41:23.203] [SEVERE ] setting player 3 freeze to 3000
[10:41:23.704] [SEVERE ] updating countdown to 12450
[10:41:23.704] [SEVERE ] updating countdown to 12450
[10:41:24.199] [SEVERE ] player 4 placing token on slot 9
[10:41:24.200] [SEVERE ] updating countdown to 11954
[10:41:24.201] [SEVERE ] updating countdown to 11953
[10:41:24.201] [SEVERE ] setting player 4 freeze to 3000
[10:41:24.204] [SEVERE ] setting player 3 freeze to 2000
[10:41:24.701] [SEVERE ] updating countdown to 11453
[10:41:24.702] [SEVERE ] updating countdown to 11452
[10:41:25.201] [SEVERE ] setting player 4 freeze to 2000
[10:41:25.203] [SEVERE ] updating countdown to 10951
[10:41:25.204] [SEVERE ] updating countdown to 10950
[10:41:25.205] [SEVERE ] setting player 3 freeze to 1000
[10:41:25.704] [SEVERE ] updating countdown to 10450
[10:41:25.705] [SEVERE ] updating countdown to 10449
[10:41:26.202] [SEVERE ] setting player 4 freeze to 1000
[10:41:26.205] [SEVERE ] setting player 3 freeze to 0
[10:41:26.206] [SEVERE ] updating countdown to 9948
[10:41:26.207] [SEVERE ] updating countdown to 9947
[10:41:26.207] [SEVERE ] removing player 3 token from slot 1
[10:41:26.709] [SEVERE ] updating countdown to 9445
[10:41:26.710] [SEVERE ] updating countdown to 9444
[10:41:27.203] [SEVERE ] setting player 4 freeze to 0
[10:41:27.207] [SEVERE ] player 3 placing token on slot 2
[10:41:27.208] [SEVERE ] updating countdown to 8946
[10:41:27.208] [SEVERE ] updating countdown to 8946
[10:41:27.208] [SEVERE ] setting player 3 freeze to 3000
[10:41:27.709] [SEVERE ] updating countdown to 8445
[10:41:27.710] [SEVERE ] updating countdown to 8444
[10:41:28.205] [SEVERE ] removing player 4 token from slot 9
[10:41:28.210] [SEVERE ] setting player 3 freeze to 2000
[10:41:28.211] [SEVERE ] updating countdown to 7944
[10:41:28.211] [SEVERE ] updating countdown to 7943
[10:41:28.712] [SEVERE ] updating countdown to 7442
[10:41:28.713] [SEVERE ] updating countdown to 7441
[10:41:29.205] [SEVERE ] player 4 placing token on slot 8
[10:41:29.205] [SEVERE ] updating countdown to 6949
[10:41:29.206] [SEVERE ] updating countdown to 6948
[10:41:29.206] [SEVERE ] setting player 4 freeze to 3000
[10:41:29.211] [SEVERE ] setting player 3 freeze to 1000
[10:41:29.707] [SEVERE ] updating countdown to 6447
[10:41:29.708] [SEVERE ] updating countdown to 6446
[10:41:30.207] [SEVERE ] setting player 4 freeze to 2000
[10:41:30.209] [SEVERE ] updating countdown to 5945
[10:41:30.209] [SEVERE ] updating countdown to 5945
[10:41:30.212] [SEVERE ] setting player 3 freeze to 0
[10:41:30.710] [SEVERE ] updating countdown to 5444
[10:41:30.711] [SEVERE ] updating countdown to 5443
[10:41:31.209] [SEVERE ] setting player 4 freeze to 1000
[10:41:32.210] [SEVERE ] setting player 4 freeze to 0
[10:41:35.211] [SEVERE ] removing player 4 token from slot 8
[10:41:36.156] [SEVERE ] updating countdown to 0
[10:41:36.157] [SEVERE ] updating countdown to 0
[10:41:36.258] [SEVERE ] removing card from slot 0
[10:41:36.258] [SEVERE ] removing tokens from slot 0
[10:41:36.359] [SEVERE ] removing card from slot 1
[10:41:36.360] [SEVERE ] removing tokens from slot 1
[10:41:36.460] [SEVERE ] removing card from slot 2
[10:41:36.461] [SEVERE ] removing tokens from slot 2
[10:41:36.561] [SEVERE ] removing card from slot 3
[10:41:36.562] [SEVERE ] removing tokens from slot 3
[10:41:36.663] [SEVERE ] removing card from slot 4
[10:41:36.663] [SEVERE ] removing tokens from slot 4
[10:41:36.764] [SEVERE ] removing card from slot 5
[10:41:36.765] [SEVERE ] removing tokens from slot 5
[10:41:36.865] [SEVERE ] removing card from slot 6
[10:41:36.866] [SEVERE ] removing tokens from slot 6
[10:41:36.967] [SEVERE ] removing card from slot 7
[10:41:36.967] [SEVERE ] removing tokens from slot 7
[10:41:37.068] [SEVERE ] removing card from slot 8
[10:41:37.069] [SEVERE ] removing tokens from slot 8
[10:41:37.170] [SEVERE ] removing card from slot 9
[10:41:37.171] [SEVERE ] removing tokens from slot 9
[10:41:37.271] [SEVERE ] removing card from slot 10
[10:41:37.272] [SEVERE ] removing tokens from slot 10
[10:41:37.373] [SEVERE ] removing card from slot 11
[10:41:37.374] [SEVERE ] removing tokens from slot 11
[10:41:37.475] [SEVERE ] placing card 6 in slot 0
[10:41:37.575] [SEVERE ] placing card 33 in slot 1
[10:41:37.676] [SEVERE ] placing card 52 in slot 2
[10:41:37.777] [SEVERE ] placing card 35 in slot 3
[10:41:37.878] [SEVERE ] placing card 29 in slot 4
[10:41:37.979] [SEVERE ] placing card 58 in slot 5
[10:41:38.080] [SEVERE ] placing card 44 in slot 6
[10:41:38.180] [SEVERE ] placing card 39 in slot 7
[10:41:38.281] [SEVERE ] placing card 7 in slot 8
[10:41:38.382] [SEVERE ] placing card 40 in slot 9
[10:41:38.483] [SEVERE ] placing card 70 in slot 10
[10:41:38.584] [SEVERE ] placing card 22 in slot 11
[10:41:38.585] [SEVERE ] player 4 placing token on slot 9
[10:41:38.585] [SEVERE ] player 3 placing token on slot 0
[10:41:38.587] [SEVERE ] updating countdown to 59999
[10:41:39.087] [SEVERE ] updating countdown to 59499
[10:41:39.088] [SEVERE ] updating countdown to 59498
[10:41:39.585] [SEVERE ] player 4 placing token on slot 11
[10:41:39.585] [SEVERE ] player 3 placing token on slot 4
[10:41:39.589] [SEVERE ] updating countdown to 58997
[10:41:39.590] [SEVERE ] updating countdown to 58996
[10:41:40.091] [SEVERE ] updating countdown to 58495
[10:41:40.092] [SEVERE ] updating countdown to 58494
[10:41:40.585] [SEVERE ] player 4 placing token on slot 1
[10:41:40.586] [SEVERE ] player 3 placing token on slot 1
[10:41:40.586] [SEVERE ] updating countdown to 58000
[10:41:40.587] [SEVERE ] updating countdown to 57999
[10:41:40.587] [SEVERE ] setting player 4 freeze to 3000
[10:41:40.588] [SEVERE ] updating countdown to 57998
[10:41:40.589] [SEVERE ] updating countdown to 57997
[10:41:40.589] [SEVERE ] setting player 3 freeze to 3000
[10:41:41.090] [SEVERE ] updating countdown to 57496
[10:41:41.091] [SEVERE ] updating countdown to 57495
[10:41:41.589] [SEVERE ] setting player 4 freeze to 2000
[10:41:41.591] [SEVERE ] setting player 3 freeze to 2000
[10:41:41.591] [SEVERE ] updating countdown to 56995
[10:41:41.593] [SEVERE ] updating countdown to 56993
[10:41:42.094] [SEVERE ] updating countdown to 56492
[10:41:42.095] [SEVERE ] updating countdown to 56491
[10:41:42.590] [SEVERE ] setting player 4 freeze to 1000
[10:41:42.592] [SEVERE ] setting player 3 freeze to 1000
[10:41:42.595] [SEVERE ] updating countdown to 55991
[10:41:42.596] [SEVERE ] updating countdown to 55990
[10:41:43.096] [SEVERE ] updating countdown to 55490
[10:41:43.097] [SEVERE ] updating countdown to 55489
[10:41:43.591] [SEVERE ] setting player 4 freeze to 0
[10:41:43.592] [SEVERE ] removing player 4 token from slot 11
[10:41:43.593] [SEVERE ] setting player 3 freeze to 0
[10:41:43.594] [SEVERE ] removing player 3 token from slot 1
[10:41:43.598] [SEVERE ] updating countdown to 54988
[10:41:43.599] [SEVERE ] updating countdown to 54987
[10:41:43.904] [SEVERE ] exit button pressed
[10:41:44.412] [SEVERE ] updating countdown to 54174
[10:41:44.413] [SEVERE ] updating countdown to 54173
[10:41:44.513] [SEVERE ] removing card from slot 0
[10:41:44.514] [SEVERE ] removing tokens from slot 0
[10:41:44.615] [SEVERE ] removing card from slot 1
[10:41:44.615] [SEVERE ] removing tokens from slot 1
[10:41:44.716] [SEVERE ] removing card from slot 2
[10:41:44.717] [SEVERE ] removing tokens from slot 2
[10:41:44.817] [SEVERE ] removing card from slot 3
[10:41:44.818] [SEVERE ] removing tokens from slot 3
[10:41:44.918] [SEVERE ] removing card from slot 4
[10:41:44.919] [SEVERE ] removing tokens from slot 4
[10:41:45.020] [SEVERE ] removing card from slot 5
[10:41:45.020] [SEVERE ] removing tokens from slot 5
[10:41:45.121] [SEVERE ] removing card from slot 6
[10:41:45.122] [SEVERE ] removing tokens from slot 6
[10:41:45.223] [SEVERE ] removing card from slot 7
[10:41:45.224] [SEVERE ] removing tokens from slot 7
[10:41:45.324] [SEVERE ] removing card from slot 8
[10:41:45.325] [SEVERE ] removing tokens from slot 8
[10:41:45.426] [SEVERE ] removing card from slot 9
[10:41:45.427] [SEVERE ] removing tokens from slot 9
[10:41:45.527] [SEVERE ] removing card from slot 10
[10:41:45.528] [SEVERE ] removing tokens from slot 10
[10:41:45.628] [SEVERE ] removing card from slot 11
[10:41:45.630] [SEVERE ] removing tokens from slot 11
[10:41:45.632] [SEVERE ] announcing winner(s): player 3
[10:41:45.634] [INFO   ] thread computer-3 terminated.
[10:41:45.635] [INFO   ] thread Thread-4 terminated.
[10:41:45.635] [INFO   ] thread computer-2 terminated.
[10:41:45.636] [INFO   ] thread Thread-3 terminated.
[10:41:45.636] [INFO   ] thread Thread-2 terminated.
[10:41:45.637] [INFO   ] thread Thread-1 terminated.
[10:41:45.638] [INFO   ] thread dealer terminated.
[10:41:45.638] [INFO   ] thread dealer terminated.
[10:41:45.639] [SEVERE ] thanks for playing... it was fun!
[10:41:45.639] [INFO   ] thread bguspl.set.Main.main() terminated.
