[10:31:31.834] [INFO   ] thread bguspl.set.Main.main() starting.
[10:31:31.851] [SEVERE ] cannot read configuration file config.properties trying from resources.
[10:31:31.866] [SEVERE ] configuration file was loaded from resources directory.
[10:31:31.871] [SEVERE ] warning: player 1 keys (12) mismatch table size (16).
[10:31:31.872] [SEVERE ] warning: player 2 keys (12) mismatch table size (16).
[10:31:35.208] [INFO   ] thread dealer starting.
[10:31:35.209] [INFO   ] thread dealer starting.
[10:31:35.320] [SEVERE ] placing card 15 in slot 0
[10:31:35.422] [SEVERE ] placing card 62 in slot 1
[10:31:35.523] [SEVERE ] placing card 10 in slot 2
[10:31:35.624] [SEVERE ] placing card 24 in slot 3
[10:31:35.726] [SEVERE ] placing card 40 in slot 4
[10:31:35.828] [SEVERE ] placing card 25 in slot 5
[10:31:35.929] [SEVERE ] placing card 66 in slot 6
[10:31:36.030] [SEVERE ] placing card 23 in slot 7
[10:31:36.132] [SEVERE ] placing card 38 in slot 8
[10:31:36.234] [SEVERE ] placing card 43 in slot 9
[10:31:36.336] [SEVERE ] placing card 71 in slot 10
[10:31:36.438] [SEVERE ] placing card 14 in slot 11
[10:31:36.539] [SEVERE ] placing card 26 in slot 12
[10:31:36.640] [SEVERE ] placing card 36 in slot 13
[10:31:36.742] [SEVERE ] placing card 11 in slot 14
[10:31:36.843] [SEVERE ] placing card 39 in slot 15
[10:31:36.862] [SEVERE ] updating countdown to 59999
[10:31:37.365] [SEVERE ] updating countdown to 59499
[10:31:37.366] [SEVERE ] updating countdown to 59498
[10:31:37.867] [SEVERE ] updating countdown to 58998
[10:31:37.869] [SEVERE ] updating countdown to 58995
[10:31:38.370] [SEVERE ] updating countdown to 58494
[10:31:38.371] [SEVERE ] updating countdown to 58493
[10:31:38.760] [SEVERE ] exit button pressed
[10:31:39.262] [SEVERE ] updating countdown to 57602
[10:31:39.263] [SEVERE ] updating countdown to 57601
[10:31:39.364] [SEVERE ] removing card from slot 0
[10:31:39.365] [SEVERE ] removing tokens from slot 0
[10:31:39.466] [SEVERE ] removing card from slot 1
[10:31:39.467] [SEVERE ] removing tokens from slot 1
[10:31:39.568] [SEVERE ] removing card from slot 2
[10:31:39.569] [SEVERE ] removing tokens from slot 2
[10:31:39.670] [SEVERE ] removing card from slot 3
[10:31:39.672] [SEVERE ] removing tokens from slot 3
[10:31:39.773] [SEVERE ] removing card from slot 4
[10:31:39.774] [SEVERE ] removing tokens from slot 4
[10:31:39.875] [SEVERE ] removing card from slot 5
[10:31:39.876] [SEVERE ] removing tokens from slot 5
[10:31:39.977] [SEVERE ] removing card from slot 6
[10:31:39.978] [SEVERE ] removing tokens from slot 6
[10:31:40.079] [SEVERE ] removing card from slot 7
[10:31:40.080] [SEVERE ] removing tokens from slot 7
[10:31:40.181] [SEVERE ] removing card from slot 8
[10:31:40.181] [SEVERE ] removing tokens from slot 8
[10:31:40.282] [SEVERE ] removing card from slot 9
[10:31:40.283] [SEVERE ] removing tokens from slot 9
[10:31:40.384] [SEVERE ] removing card from slot 10
[10:31:40.386] [SEVERE ] removing tokens from slot 10
[10:31:40.487] [SEVERE ] removing card from slot 11
[10:31:40.488] [SEVERE ] removing tokens from slot 11
[10:31:40.588] [SEVERE ] removing card from slot 12
[10:31:40.589] [SEVERE ] removing tokens from slot 12
[10:31:40.690] [SEVERE ] removing card from slot 13
[10:31:40.691] [SEVERE ] removing tokens from slot 13
[10:31:40.792] [SEVERE ] removing card from slot 14
[10:31:40.793] [SEVERE ] removing tokens from slot 14
[10:31:40.894] [SEVERE ] removing card from slot 15
[10:31:40.894] [SEVERE ] removing tokens from slot 15
[10:31:40.896] [SEVERE ] announcing winner(s): player 1, player 2
[10:31:40.898] [INFO   ] thread Thread-2 terminated.
[10:31:40.898] [INFO   ] thread Thread-1 terminated.
[10:31:40.899] [INFO   ] thread dealer terminated.
[10:31:40.900] [INFO   ] thread dealer terminated.
[10:31:40.900] [SEVERE ] thanks for playing... it was fun!
[10:31:40.901] [INFO   ] thread bguspl.set.Main.main() terminated.
